2025-07-23 00:16:20,916 - INFO - 🚀 Starting Full SF Parking Citation Analysis Pipeline
2025-07-23 00:16:20,916 - INFO - ================================================================================
2025-07-23 00:16:20,916 - INFO -    Processing 365 days of data with 30 workers
2025-07-23 00:16:20,916 - INFO -    Output directory: ../output/pipeline_results/20250723_001620
2025-07-23 00:16:20,916 - INFO - ================================================================================
2025-07-23 00:16:20,916 - INFO - 📅 Step 1: Fetching street sweeping schedule data from SF Open Data API
2025-07-23 00:16:20,916 - INFO -    Fetching schedule batch at offset 0...
2025-07-23 00:16:22,545 - INFO -    Fetched 37878 schedules (total: 37878)
2025-07-23 00:16:22,545 - INFO - ✅ Fetched 37878 schedule records from API
2025-07-23 00:16:22,749 - INFO - 💾 Saved raw schedule data to ../output/pipeline_results/20250723_001620/schedule_raw_20250723_001620.csv
2025-07-23 00:16:22,753 - INFO - 🧹 Step 2: Cleaning and consolidating schedule data
2025-07-23 00:16:26,773 - INFO - ✅ Schedule cleaning completed successfully
2025-07-23 00:16:26,819 - INFO - 📊 Cleaned schedule: 37,878 → 34,306 records
2025-07-23 00:16:26,819 - INFO - 🚗 Step 3: Fetching 365 days of street sweeping citations
2025-07-23 00:16:26,819 - INFO -    Date range: 2024-07-23 to 2025-07-23
2025-07-23 00:16:26,819 - INFO -    Fetching citation batch at offset 0...
2025-07-23 00:16:31,679 - INFO -    Fetched 50000 citations (total: 50000)
2025-07-23 00:16:33,184 - INFO -    Fetching citation batch at offset 50000...
2025-07-23 00:16:37,836 - INFO -    Fetched 50000 citations (total: 100000)
2025-07-23 00:16:39,342 - INFO -    Fetching citation batch at offset 100000...
2025-07-23 00:16:58,314 - INFO -    Fetched 50000 citations (total: 150000)
2025-07-23 00:16:59,819 - INFO -    Fetching citation batch at offset 150000...
2025-07-23 00:17:08,887 - INFO -    Fetched 50000 citations (total: 200000)
2025-07-23 00:17:10,392 - INFO -    Fetching citation batch at offset 200000...
2025-07-23 00:17:19,731 - INFO -    Fetched 50000 citations (total: 250000)
2025-07-23 00:17:21,237 - INFO -    Fetching citation batch at offset 250000...
2025-07-23 00:17:23,476 - INFO -    Fetched 50000 citations (total: 300000)
2025-07-23 00:17:24,982 - INFO -    Fetching citation batch at offset 300000...
2025-07-23 00:17:27,235 - INFO -    Fetched 50000 citations (total: 350000)
2025-07-23 00:17:28,740 - INFO -    Fetching citation batch at offset 350000...
2025-07-23 00:17:31,226 - INFO -    Fetched 50000 citations (total: 400000)
2025-07-23 00:17:32,731 - INFO -    Fetching citation batch at offset 400000...
2025-07-23 00:17:34,884 - INFO -    Fetched 50000 citations (total: 450000)
2025-07-23 00:17:36,390 - INFO -    Fetching citation batch at offset 450000...
2025-07-23 00:17:38,494 - INFO -    Fetched 43064 citations (total: 493064)
2025-07-23 00:17:38,494 - INFO - ✅ Fetched 493064 street sweeping citations from API
2025-07-23 00:17:39,638 - INFO - 💾 Saved raw citation data to ../output/pipeline_results/20250723_001620/citations_raw_20250723_001620.csv
2025-07-23 00:17:39,655 - INFO - 📍 Step 4: Geocoding all citations with parallel processing
2025-07-23 00:17:39,989 - INFO -    Running: /Applications/Xcode.app/Contents/Developer/usr/bin/python3 production_citation_processor.py --input-file temp_citations_for_geocoding.csv --workers 30 --batch-size 300 --rate-limit 0.05 --min-confidence MEDIUM --output ../output/pipeline_results/20250723_001620/citations_geocoded_20250723_001620.csv --output-dir ../output/pipeline_results/20250723_001620 --no-resume
