2025-07-22 23:30:23,360 - INFO - 🚗 Starting Production Citation GPS Processing
2025-07-22 23:30:23,360 - INFO - ============================================================
2025-07-22 23:30:23,360 - INFO - Loading citations from file: temp_citations_for_geocoding.csv
2025-07-22 23:30:33,095 - INFO - ✅ Loaded 495020 citations from file
2025-07-22 23:30:33,097 - INFO - Processing 495020 citations in batches of 200
2025-07-22 23:30:33,097 - INFO - Processing batch 1: citations 1-200 of 495020
2025-07-22 23:30:34,142 - INFO - Processed 10 citations. Success rate: 90.0% (H:9, M:0, F:1)
2025-07-22 23:30:34,920 - INFO - Processed 20 citations. Success rate: 95.0% (H:19, M:0, F:1)
2025-07-22 23:30:35,576 - INFO - Processed 30 citations. Success rate: 96.7% (H:29, M:0, F:1)
2025-07-22 23:30:36,362 - INFO - Processed 40 citations. Success rate: 97.5% (H:39, M:0, F:1)
2025-07-22 23:30:37,129 - INFO - Processed 50 citations. Success rate: 98.0% (H:48, M:1, F:1)
2025-07-22 23:30:37,809 - INFO - Processed 60 citations. Success rate: 98.3% (H:58, M:1, F:1)
2025-07-22 23:30:38,523 - INFO - Processed 70 citations. Success rate: 97.1% (H:67, M:1, F:2)
2025-07-22 23:30:39,231 - INFO - Processed 80 citations. Success rate: 97.5% (H:77, M:1, F:2)
2025-07-22 23:30:40,090 - INFO - Processed 90 citations. Success rate: 97.8% (H:86, M:2, F:2)
2025-07-22 23:30:41,463 - INFO - Processed 100 citations. Success rate: 98.0% (H:96, M:2, F:2)
2025-07-22 23:30:42,094 - INFO - Processed 110 citations. Success rate: 98.2% (H:106, M:2, F:2)
2025-07-22 23:30:42,878 - INFO - Processed 120 citations. Success rate: 98.3% (H:116, M:2, F:2)
2025-07-22 23:30:43,581 - INFO - Processed 130 citations. Success rate: 98.5% (H:126, M:2, F:2)
2025-07-22 23:30:44,280 - INFO - Processed 140 citations. Success rate: 98.6% (H:136, M:2, F:2)
2025-07-22 23:30:45,184 - INFO - Processed 150 citations. Success rate: 98.7% (H:146, M:2, F:2)
2025-07-22 23:30:45,912 - INFO - Processed 160 citations. Success rate: 98.8% (H:156, M:2, F:2)
2025-07-22 23:30:46,558 - INFO - Processed 170 citations. Success rate: 98.8% (H:166, M:2, F:2)
2025-07-22 23:30:47,381 - INFO - Processed 180 citations. Success rate: 98.9% (H:176, M:2, F:2)
2025-07-22 23:30:48,094 - INFO - Processed 190 citations. Success rate: 98.4% (H:185, M:2, F:3)
2025-07-22 23:30:48,803 - INFO - Processed 200 citations. Success rate: 97.5% (H:193, M:2, F:5)
2025-07-22 23:30:48,803 - INFO - Batch completed: 195/200 success (97.5%)
2025-07-22 23:30:48,803 - INFO - Processing batch 2: citations 201-400 of 495020
2025-07-22 23:30:49,803 - INFO - Processed 210 citations. Success rate: 97.6% (H:202, M:3, F:5)
2025-07-22 23:30:50,597 - INFO - Processed 220 citations. Success rate: 96.8% (H:210, M:3, F:7)
2025-07-22 23:30:51,253 - INFO - Processed 230 citations. Success rate: 96.5% (H:219, M:3, F:8)
2025-07-22 23:30:52,035 - INFO - Processed 240 citations. Success rate: 94.6% (H:224, M:3, F:13)
2025-07-22 23:30:52,666 - INFO - Processed 250 citations. Success rate: 94.8% (H:234, M:3, F:13)
2025-07-22 23:30:53,523 - INFO - Processed 260 citations. Success rate: 95.0% (H:244, M:3, F:13)
2025-07-22 23:30:54,247 - INFO - Processed 270 citations. Success rate: 95.2% (H:254, M:3, F:13)
2025-07-22 23:30:54,999 - INFO - Processed 280 citations. Success rate: 95.4% (H:264, M:3, F:13)
2025-07-22 23:30:55,753 - INFO - Processed 290 citations. Success rate: 95.5% (H:274, M:3, F:13)
2025-07-22 23:30:56,470 - INFO - Processed 300 citations. Success rate: 95.7% (H:284, M:3, F:13)
2025-07-22 23:30:57,136 - INFO - Processed 310 citations. Success rate: 95.8% (H:294, M:3, F:13)
2025-07-22 23:30:57,905 - INFO - Processed 320 citations. Success rate: 95.6% (H:303, M:3, F:14)
2025-07-22 23:30:58,596 - INFO - Processed 330 citations. Success rate: 95.8% (H:313, M:3, F:14)
2025-07-22 23:30:59,276 - INFO - Processed 340 citations. Success rate: 95.9% (H:323, M:3, F:14)
2025-07-22 23:30:59,979 - INFO - Processed 350 citations. Success rate: 96.0% (H:333, M:3, F:14)
2025-07-22 23:31:00,696 - INFO - Processed 360 citations. Success rate: 96.1% (H:343, M:3, F:14)
2025-07-22 23:31:01,507 - INFO - Processed 370 citations. Success rate: 96.2% (H:351, M:5, F:14)
2025-07-22 23:31:02,282 - INFO - Processed 380 citations. Success rate: 96.3% (H:358, M:8, F:14)
2025-07-22 23:31:02,954 - INFO - Processed 390 citations. Success rate: 96.4% (H:368, M:8, F:14)
2025-07-22 23:31:03,653 - INFO - Processed 400 citations. Success rate: 96.5% (H:378, M:8, F:14)
2025-07-22 23:31:03,654 - INFO - Batch completed: 191/200 success (95.5%)
2025-07-22 23:31:03,654 - INFO - Processing batch 3: citations 401-600 of 495020
2025-07-22 23:31:04,701 - INFO - Processed 410 citations. Success rate: 96.6% (H:388, M:8, F:14)
2025-07-22 23:31:05,431 - INFO - Processed 420 citations. Success rate: 96.4% (H:397, M:8, F:15)
2025-07-22 23:31:06,115 - INFO - Processed 430 citations. Success rate: 96.5% (H:407, M:8, F:15)
2025-07-22 23:31:06,819 - INFO - Processed 440 citations. Success rate: 96.4% (H:416, M:8, F:16)
2025-07-22 23:31:07,513 - INFO - Processed 450 citations. Success rate: 96.4% (H:426, M:8, F:16)
2025-07-22 23:31:08,270 - INFO - Processed 460 citations. Success rate: 96.1% (H:434, M:8, F:18)
2025-07-22 23:31:08,916 - INFO - Processed 470 citations. Success rate: 96.0% (H:443, M:8, F:19)
2025-07-22 23:31:09,677 - INFO - Processed 480 citations. Success rate: 95.6% (H:451, M:8, F:21)
2025-07-22 23:31:10,355 - INFO - Processed 490 citations. Success rate: 95.7% (H:461, M:8, F:21)
2025-07-22 23:31:11,052 - INFO - Processed 500 citations. Success rate: 95.8% (H:471, M:8, F:21)
2025-07-22 23:31:11,848 - INFO - Processed 510 citations. Success rate: 95.9% (H:481, M:8, F:21)
2025-07-22 23:31:12,587 - INFO - Processed 520 citations. Success rate: 96.0% (H:491, M:8, F:21)
2025-07-22 23:31:13,293 - INFO - Processed 530 citations. Success rate: 96.0% (H:501, M:8, F:21)
2025-07-22 23:31:14,080 - INFO - Processed 540 citations. Success rate: 96.1% (H:511, M:8, F:21)
2025-07-22 23:31:14,803 - INFO - Processed 550 citations. Success rate: 96.2% (H:518, M:11, F:21)
2025-07-22 23:31:15,523 - INFO - Processed 560 citations. Success rate: 96.2% (H:527, M:12, F:21)
2025-07-22 23:31:16,264 - INFO - Processed 570 citations. Success rate: 96.1% (H:535, M:13, F:22)
2025-07-22 23:31:16,916 - INFO - Processed 580 citations. Success rate: 96.2% (H:545, M:13, F:22)
2025-07-22 23:31:17,689 - INFO - Processed 590 citations. Success rate: 96.1% (H:554, M:13, F:23)
2025-07-22 23:31:18,365 - INFO - Processed 600 citations. Success rate: 96.2% (H:564, M:13, F:23)
2025-07-22 23:31:18,365 - INFO - Batch completed: 191/200 success (95.5%)
2025-07-22 23:31:18,365 - INFO - Processing batch 4: citations 601-800 of 495020
2025-07-22 23:31:19,417 - INFO - Processed 610 citations. Success rate: 96.1% (H:573, M:13, F:24)
2025-07-22 23:31:20,144 - INFO - Processed 620 citations. Success rate: 96.1% (H:583, M:13, F:24)
2025-07-22 23:31:20,925 - INFO - Processed 630 citations. Success rate: 96.2% (H:593, M:13, F:24)
2025-07-22 23:31:21,597 - INFO - Processed 640 citations. Success rate: 96.2% (H:603, M:13, F:24)
2025-07-22 23:31:22,318 - INFO - Processed 650 citations. Success rate: 96.3% (H:612, M:14, F:24)
2025-07-22 23:31:23,056 - INFO - Processed 660 citations. Success rate: 96.4% (H:622, M:14, F:24)
2025-07-22 23:31:23,717 - INFO - Processed 670 citations. Success rate: 96.4% (H:632, M:14, F:24)
2025-07-22 23:31:24,434 - INFO - Processed 680 citations. Success rate: 96.5% (H:642, M:14, F:24)
2025-07-22 23:31:25,190 - INFO - Processed 690 citations. Success rate: 96.5% (H:652, M:14, F:24)
2025-07-22 23:31:25,968 - INFO - Processed 700 citations. Success rate: 96.6% (H:662, M:14, F:24)
2025-07-22 23:31:26,735 - INFO - Processed 710 citations. Success rate: 96.6% (H:672, M:14, F:24)
2025-07-22 23:31:27,390 - INFO - Processed 720 citations. Success rate: 96.7% (H:682, M:14, F:24)
2025-07-22 23:31:28,206 - INFO - Processed 730 citations. Success rate: 96.7% (H:692, M:14, F:24)
2025-07-22 23:31:28,893 - INFO - Processed 740 citations. Success rate: 96.8% (H:702, M:14, F:24)
2025-07-22 23:31:29,601 - INFO - Processed 750 citations. Success rate: 96.8% (H:712, M:14, F:24)
2025-07-22 23:31:30,329 - INFO - Processed 760 citations. Success rate: 96.8% (H:722, M:14, F:24)
2025-07-22 23:31:31,028 - INFO - Processed 770 citations. Success rate: 96.9% (H:732, M:14, F:24)
2025-07-22 23:31:31,734 - INFO - Processed 780 citations. Success rate: 96.9% (H:742, M:14, F:24)
2025-07-22 23:31:32,405 - INFO - Processed 790 citations. Success rate: 97.0% (H:752, M:14, F:24)
2025-07-22 23:31:33,153 - INFO - Processed 800 citations. Success rate: 97.0% (H:762, M:14, F:24)
2025-07-22 23:31:33,153 - INFO - Batch completed: 199/200 success (99.5%)
2025-07-22 23:31:33,153 - INFO - Processing batch 5: citations 801-1000 of 495020
2025-07-22 23:31:34,150 - INFO - Processed 810 citations. Success rate: 97.0% (H:771, M:15, F:24)
2025-07-22 23:31:34,903 - INFO - Processed 820 citations. Success rate: 97.1% (H:781, M:15, F:24)
2025-07-22 23:31:35,602 - INFO - Processed 830 citations. Success rate: 97.1% (H:791, M:15, F:24)
2025-07-22 23:31:36,332 - INFO - Processed 840 citations. Success rate: 97.1% (H:801, M:15, F:24)
2025-07-22 23:31:37,039 - INFO - Processed 850 citations. Success rate: 97.2% (H:811, M:15, F:24)
2025-07-22 23:31:37,761 - INFO - Processed 860 citations. Success rate: 97.2% (H:821, M:15, F:24)
2025-07-22 23:31:38,486 - INFO - Processed 870 citations. Success rate: 97.2% (H:831, M:15, F:24)
2025-07-22 23:31:39,257 - INFO - Processed 880 citations. Success rate: 97.3% (H:841, M:15, F:24)
2025-07-22 23:31:39,923 - INFO - Processed 890 citations. Success rate: 97.3% (H:851, M:15, F:24)
2025-07-22 23:31:40,665 - INFO - Processed 900 citations. Success rate: 97.3% (H:861, M:15, F:24)
2025-07-22 23:31:41,396 - INFO - Processed 910 citations. Success rate: 97.4% (H:871, M:15, F:24)
2025-07-22 23:31:42,077 - INFO - Processed 920 citations. Success rate: 97.4% (H:881, M:15, F:24)
2025-07-22 23:31:42,840 - INFO - Processed 930 citations. Success rate: 97.4% (H:891, M:15, F:24)
2025-07-22 23:31:43,569 - INFO - Processed 940 citations. Success rate: 97.4% (H:901, M:15, F:24)
2025-07-22 23:31:44,237 - INFO - Processed 950 citations. Success rate: 97.4% (H:910, M:15, F:25)
2025-07-22 23:31:44,968 - INFO - Processed 960 citations. Success rate: 97.4% (H:920, M:15, F:25)
2025-07-22 23:31:45,676 - INFO - Processed 970 citations. Success rate: 97.4% (H:930, M:15, F:25)
2025-07-22 23:31:46,407 - INFO - Processed 980 citations. Success rate: 97.4% (H:940, M:15, F:25)
2025-07-22 23:31:47,142 - INFO - Processed 990 citations. Success rate: 97.4% (H:949, M:15, F:26)
2025-07-22 23:31:47,775 - INFO - Processed 1000 citations. Success rate: 97.4% (H:958, M:16, F:26)
2025-07-22 23:31:47,776 - INFO - Batch completed: 198/200 success (99.0%)
2025-07-22 23:31:47,776 - INFO - Processing batch 6: citations 1001-1200 of 495020
2025-07-22 23:31:48,886 - INFO - Processed 1010 citations. Success rate: 96.9% (H:963, M:16, F:31)
2025-07-22 23:31:49,518 - INFO - Processed 1020 citations. Success rate: 96.8% (H:969, M:18, F:33)
2025-07-22 23:31:50,262 - INFO - Processed 1030 citations. Success rate: 96.5% (H:976, M:18, F:36)
2025-07-22 23:31:50,969 - INFO - Processed 1040 citations. Success rate: 96.2% (H:980, M:20, F:40)
2025-07-22 23:31:51,672 - INFO - Processed 1050 citations. Success rate: 96.0% (H:987, M:21, F:42)
2025-07-22 23:31:52,373 - INFO - Processed 1060 citations. Success rate: 96.0% (H:997, M:21, F:42)
2025-07-22 23:31:53,092 - INFO - Processed 1070 citations. Success rate: 96.0% (H:1005, M:22, F:43)
2025-07-22 23:31:53,865 - INFO - Processed 1080 citations. Success rate: 96.0% (H:1014, M:23, F:43)
2025-07-22 23:31:54,529 - INFO - Processed 1090 citations. Success rate: 96.1% (H:1023, M:24, F:43)
2025-07-22 23:31:55,256 - INFO - Processed 1100 citations. Success rate: 96.1% (H:1033, M:24, F:43)
2025-07-22 23:31:56,036 - INFO - Processed 1110 citations. Success rate: 96.1% (H:1043, M:24, F:43)
2025-07-22 23:31:56,679 - INFO - Processed 1120 citations. Success rate: 96.2% (H:1053, M:24, F:43)
2025-07-22 23:31:57,432 - INFO - Processed 1130 citations. Success rate: 96.2% (H:1063, M:24, F:43)
2025-07-22 23:31:58,189 - INFO - Processed 1140 citations. Success rate: 96.2% (H:1073, M:24, F:43)
2025-07-22 23:31:58,903 - INFO - Processed 1150 citations. Success rate: 96.3% (H:1083, M:24, F:43)
2025-07-22 23:31:59,710 - INFO - Processed 1160 citations. Success rate: 96.3% (H:1093, M:24, F:43)
2025-07-22 23:32:00,356 - INFO - Processed 1170 citations. Success rate: 96.3% (H:1103, M:24, F:43)
2025-07-22 23:32:01,092 - INFO - Processed 1180 citations. Success rate: 96.4% (H:1113, M:24, F:43)
2025-07-22 23:32:01,923 - INFO - Processed 1190 citations. Success rate: 96.4% (H:1123, M:24, F:43)
2025-07-22 23:32:02,564 - INFO - Processed 1200 citations. Success rate: 96.2% (H:1131, M:24, F:45)
2025-07-22 23:32:02,565 - INFO - Batch completed: 181/200 success (90.5%)
2025-07-22 23:32:02,565 - INFO - Processing batch 7: citations 1201-1400 of 495020
2025-07-22 23:32:03,638 - INFO - Processed 1210 citations. Success rate: 96.1% (H:1138, M:25, F:47)
2025-07-22 23:32:04,369 - INFO - Processed 1220 citations. Success rate: 96.1% (H:1144, M:29, F:47)
2025-07-22 23:32:05,117 - INFO - Processed 1230 citations. Success rate: 96.2% (H:1152, M:31, F:47)
2025-07-22 23:32:05,819 - INFO - Processed 1240 citations. Success rate: 96.2% (H:1161, M:32, F:47)
2025-07-22 23:32:06,628 - INFO - Processed 1250 citations. Success rate: 96.2% (H:1170, M:32, F:48)
2025-07-22 23:32:07,260 - INFO - Processed 1260 citations. Success rate: 96.2% (H:1180, M:32, F:48)
2025-07-22 23:32:08,034 - INFO - Processed 1270 citations. Success rate: 96.2% (H:1190, M:32, F:48)
2025-07-22 23:32:08,734 - INFO - Processed 1280 citations. Success rate: 96.2% (H:1200, M:32, F:48)
2025-07-22 23:32:09,447 - INFO - Processed 1290 citations. Success rate: 96.3% (H:1210, M:32, F:48)
2025-07-22 23:32:10,145 - INFO - Processed 1300 citations. Success rate: 96.3% (H:1220, M:32, F:48)
2025-07-22 23:32:10,960 - INFO - Processed 1310 citations. Success rate: 96.3% (H:1230, M:32, F:48)
2025-07-22 23:32:11,688 - INFO - Processed 1320 citations. Success rate: 96.4% (H:1240, M:32, F:48)
2025-07-22 23:32:12,378 - INFO - Processed 1330 citations. Success rate: 96.4% (H:1250, M:32, F:48)
2025-07-22 23:32:13,088 - INFO - Processed 1340 citations. Success rate: 96.4% (H:1260, M:32, F:48)
2025-07-22 23:32:13,822 - INFO - Processed 1350 citations. Success rate: 96.4% (H:1270, M:32, F:48)
2025-07-22 23:32:14,633 - INFO - Processed 1360 citations. Success rate: 96.5% (H:1280, M:32, F:48)
2025-07-22 23:32:15,278 - INFO - Processed 1370 citations. Success rate: 96.5% (H:1290, M:32, F:48)
2025-07-22 23:32:16,144 - INFO - Processed 1380 citations. Success rate: 96.5% (H:1300, M:32, F:48)
2025-07-22 23:32:16,820 - INFO - Processed 1390 citations. Success rate: 96.5% (H:1310, M:32, F:48)
2025-07-22 23:32:17,546 - INFO - Processed 1400 citations. Success rate: 96.6% (H:1320, M:32, F:48)
2025-07-22 23:32:17,547 - INFO - Batch completed: 197/200 success (98.5%)
2025-07-22 23:32:17,547 - INFO - Processing batch 8: citations 1401-1600 of 495020
2025-07-22 23:32:18,585 - INFO - Processed 1410 citations. Success rate: 96.6% (H:1330, M:32, F:48)
2025-07-22 23:32:19,352 - INFO - Processed 1420 citations. Success rate: 96.6% (H:1340, M:32, F:48)
2025-07-22 23:32:19,986 - INFO - Processed 1430 citations. Success rate: 96.6% (H:1350, M:32, F:48)
2025-07-22 23:32:20,766 - INFO - Processed 1440 citations. Success rate: 96.7% (H:1360, M:32, F:48)
2025-07-22 23:32:21,470 - INFO - Processed 1450 citations. Success rate: 96.7% (H:1370, M:32, F:48)
2025-07-22 23:32:22,192 - INFO - Processed 1460 citations. Success rate: 96.6% (H:1378, M:32, F:50)
2025-07-22 23:32:22,921 - INFO - Processed 1470 citations. Success rate: 96.6% (H:1388, M:32, F:50)
2025-07-22 23:32:23,602 - INFO - Processed 1480 citations. Success rate: 96.6% (H:1398, M:32, F:50)
2025-07-22 23:32:24,345 - INFO - Processed 1490 citations. Success rate: 96.6% (H:1408, M:32, F:50)
2025-07-22 23:32:25,037 - INFO - Processed 1500 citations. Success rate: 96.7% (H:1418, M:32, F:50)
2025-07-22 23:32:25,825 - INFO - Processed 1510 citations. Success rate: 96.7% (H:1428, M:32, F:50)
2025-07-22 23:32:26,569 - INFO - Processed 1520 citations. Success rate: 96.7% (H:1438, M:32, F:50)
2025-07-22 23:32:27,238 - INFO - Processed 1530 citations. Success rate: 96.7% (H:1447, M:32, F:51)
2025-07-22 23:32:27,963 - INFO - Processed 1540 citations. Success rate: 96.7% (H:1457, M:32, F:51)
2025-07-22 23:32:28,713 - INFO - Processed 1550 citations. Success rate: 96.7% (H:1467, M:32, F:51)
2025-07-22 23:32:29,560 - INFO - Processed 1560 citations. Success rate: 96.7% (H:1477, M:32, F:51)
2025-07-22 23:32:30,215 - INFO - Processed 1570 citations. Success rate: 96.8% (H:1487, M:32, F:51)
2025-07-22 23:32:30,949 - INFO - Processed 1580 citations. Success rate: 96.8% (H:1497, M:32, F:51)
2025-07-22 23:32:31,677 - INFO - Processed 1590 citations. Success rate: 96.7% (H:1506, M:32, F:52)
2025-07-22 23:32:32,336 - INFO - Processed 1600 citations. Success rate: 96.6% (H:1513, M:33, F:54)
2025-07-22 23:32:32,337 - INFO - Batch completed: 194/200 success (97.0%)
2025-07-22 23:32:32,337 - INFO - Processing batch 9: citations 1601-1800 of 495020
2025-07-22 23:32:33,326 - INFO - Processed 1610 citations. Success rate: 96.6% (H:1523, M:33, F:54)
2025-07-22 23:32:34,040 - INFO - Processed 1620 citations. Success rate: 96.7% (H:1533, M:33, F:54)
2025-07-22 23:32:34,670 - INFO - Processed 1630 citations. Success rate: 96.6% (H:1542, M:33, F:55)
2025-07-22 23:32:35,451 - INFO - Processed 1640 citations. Success rate: 96.6% (H:1552, M:33, F:55)
2025-07-22 23:32:36,167 - INFO - Processed 1650 citations. Success rate: 96.7% (H:1562, M:33, F:55)
2025-07-22 23:32:36,820 - INFO - Processed 1660 citations. Success rate: 96.7% (H:1572, M:33, F:55)
2025-07-22 23:32:37,590 - INFO - Processed 1670 citations. Success rate: 96.7% (H:1582, M:33, F:55)
2025-07-22 23:32:38,316 - INFO - Processed 1680 citations. Success rate: 96.7% (H:1591, M:33, F:56)
2025-07-22 23:32:39,058 - INFO - Processed 1690 citations. Success rate: 96.7% (H:1601, M:33, F:56)
2025-07-22 23:32:39,754 - INFO - Processed 1700 citations. Success rate: 96.7% (H:1611, M:33, F:56)
2025-07-22 23:32:40,438 - INFO - Processed 1710 citations. Success rate: 96.7% (H:1621, M:33, F:56)
2025-07-22 23:32:41,200 - INFO - Processed 1720 citations. Success rate: 96.7% (H:1629, M:35, F:56)
2025-07-22 23:32:41,833 - INFO - Processed 1730 citations. Success rate: 96.8% (H:1637, M:37, F:56)
2025-07-22 23:32:42,553 - INFO - Processed 1740 citations. Success rate: 96.8% (H:1647, M:37, F:56)
2025-07-22 23:32:43,260 - INFO - Processed 1750 citations. Success rate: 96.8% (H:1656, M:38, F:56)
2025-07-22 23:32:43,925 - INFO - Processed 1760 citations. Success rate: 96.8% (H:1666, M:38, F:56)
2025-07-22 23:32:44,666 - INFO - Processed 1770 citations. Success rate: 96.8% (H:1676, M:38, F:56)
2025-07-22 23:32:45,372 - INFO - Processed 1780 citations. Success rate: 96.9% (H:1683, M:41, F:56)
2025-07-22 23:32:46,051 - INFO - Processed 1790 citations. Success rate: 96.9% (H:1693, M:41, F:56)
2025-07-22 23:32:46,764 - INFO - Processed 1800 citations. Success rate: 96.9% (H:1703, M:41, F:56)
2025-07-22 23:32:46,765 - INFO - Batch completed: 198/200 success (99.0%)
2025-07-22 23:32:46,765 - INFO - Processing batch 10: citations 1801-2000 of 495020
2025-07-22 23:32:47,850 - INFO - Processed 1810 citations. Success rate: 96.9% (H:1713, M:41, F:56)
2025-07-22 23:32:48,587 - INFO - Processed 1820 citations. Success rate: 96.9% (H:1723, M:41, F:56)
2025-07-22 23:32:49,249 - INFO - Processed 1830 citations. Success rate: 96.9% (H:1733, M:41, F:56)
2025-07-22 23:32:49,941 - INFO - Processed 1840 citations. Success rate: 97.0% (H:1743, M:41, F:56)
2025-07-22 23:32:50,715 - INFO - Processed 1850 citations. Success rate: 97.0% (H:1753, M:41, F:56)
2025-07-22 23:32:51,455 - INFO - Processed 1860 citations. Success rate: 97.0% (H:1763, M:41, F:56)
2025-07-22 23:32:52,155 - INFO - Processed 1870 citations. Success rate: 97.0% (H:1773, M:41, F:56)
2025-07-22 23:32:52,883 - INFO - Processed 1880 citations. Success rate: 97.0% (H:1783, M:41, F:56)
2025-07-22 23:32:53,580 - INFO - Processed 1890 citations. Success rate: 97.0% (H:1793, M:41, F:56)
2025-07-22 23:32:54,273 - INFO - Processed 1900 citations. Success rate: 96.8% (H:1798, M:41, F:61)
2025-07-22 23:32:55,095 - INFO - Processed 1910 citations. Success rate: 96.6% (H:1804, M:41, F:65)
2025-07-22 23:32:55,849 - INFO - Processed 1920 citations. Success rate: 96.5% (H:1811, M:41, F:68)
2025-07-22 23:32:56,586 - INFO - Processed 1930 citations. Success rate: 96.3% (H:1817, M:41, F:72)
2025-07-22 23:32:57,284 - INFO - Processed 1940 citations. Success rate: 96.3% (H:1827, M:41, F:72)
2025-07-22 23:32:58,041 - INFO - Processed 1950 citations. Success rate: 96.3% (H:1836, M:41, F:73)
2025-07-22 23:32:58,749 - INFO - Processed 1960 citations. Success rate: 96.2% (H:1842, M:44, F:74)
2025-07-22 23:32:59,520 - INFO - Processed 1970 citations. Success rate: 96.1% (H:1850, M:44, F:76)
2025-07-22 23:33:00,194 - INFO - Processed 1980 citations. Success rate: 96.0% (H:1857, M:44, F:79)
2025-07-22 23:33:00,946 - INFO - Processed 1990 citations. Success rate: 96.0% (H:1867, M:44, F:79)
2025-07-22 23:33:01,613 - INFO - Processed 2000 citations. Success rate: 96.0% (H:1877, M:44, F:79)
2025-07-22 23:33:01,614 - INFO - Batch completed: 177/200 success (88.5%)
2025-07-22 23:33:01,614 - INFO - Processing batch 11: citations 2001-2200 of 495020
2025-07-22 23:33:02,656 - INFO - Processed 2010 citations. Success rate: 96.1% (H:1886, M:45, F:79)
2025-07-22 23:33:03,403 - INFO - Processed 2020 citations. Success rate: 96.1% (H:1896, M:45, F:79)
2025-07-22 23:33:04,103 - INFO - Processed 2030 citations. Success rate: 96.1% (H:1906, M:45, F:79)
2025-07-22 23:33:04,878 - INFO - Processed 2040 citations. Success rate: 96.1% (H:1916, M:45, F:79)
2025-07-22 23:33:05,590 - INFO - Processed 2050 citations. Success rate: 96.1% (H:1926, M:45, F:79)
2025-07-22 23:33:06,315 - INFO - Processed 2060 citations. Success rate: 96.1% (H:1934, M:46, F:80)
2025-07-22 23:33:07,069 - INFO - Processed 2070 citations. Success rate: 96.0% (H:1942, M:46, F:82)
2025-07-22 23:33:07,732 - INFO - Processed 2080 citations. Success rate: 96.0% (H:1950, M:46, F:84)
2025-07-22 23:33:08,453 - INFO - Processed 2090 citations. Success rate: 96.0% (H:1960, M:46, F:84)
2025-07-22 23:33:09,210 - INFO - Processed 2100 citations. Success rate: 96.0% (H:1970, M:46, F:84)
2025-07-22 23:33:09,863 - INFO - Processed 2110 citations. Success rate: 96.0% (H:1979, M:46, F:85)
2025-07-22 23:33:10,632 - INFO - Processed 2120 citations. Success rate: 96.0% (H:1989, M:46, F:85)
2025-07-22 23:33:11,382 - INFO - Processed 2130 citations. Success rate: 96.0% (H:1999, M:46, F:85)
2025-07-22 23:33:12,050 - INFO - Processed 2140 citations. Success rate: 96.0% (H:2009, M:46, F:85)
2025-07-22 23:33:12,799 - INFO - Processed 2150 citations. Success rate: 96.0% (H:2017, M:46, F:87)
2025-07-22 23:33:13,499 - INFO - Processed 2160 citations. Success rate: 96.0% (H:2027, M:46, F:87)
2025-07-22 23:33:14,181 - INFO - Processed 2170 citations. Success rate: 96.0% (H:2037, M:46, F:87)
2025-07-22 23:33:14,869 - INFO - Processed 2180 citations. Success rate: 95.8% (H:2043, M:46, F:91)
2025-07-22 23:33:15,586 - INFO - Processed 2190 citations. Success rate: 95.8% (H:2051, M:46, F:93)
2025-07-22 23:33:16,280 - INFO - Processed 2200 citations. Success rate: 95.7% (H:2059, M:47, F:94)
2025-07-22 23:33:16,281 - INFO - Batch completed: 185/200 success (92.5%)
2025-07-22 23:33:16,281 - INFO - Processing batch 12: citations 2201-2400 of 495020
2025-07-22 23:33:17,358 - INFO - Processed 2210 citations. Success rate: 95.7% (H:2069, M:47, F:94)
2025-07-22 23:33:18,034 - INFO - Processed 2220 citations. Success rate: 95.8% (H:2079, M:47, F:94)
2025-07-22 23:35:53,320 - INFO - 🚗 Starting Production Citation GPS Processing
2025-07-22 23:35:53,321 - INFO - ============================================================
2025-07-22 23:35:53,321 - INFO - Loading citations from file: temp_citations_for_geocoding.csv
2025-07-22 23:36:00,960 - INFO - ✅ Loaded 495020 citations from file
2025-07-22 23:36:00,963 - INFO - Processing 495020 citations in batches of 200
2025-07-22 23:36:00,963 - INFO - Processing batch 1: citations 1-200 of 495020
2025-07-22 23:36:01,963 - INFO - Processed 10 citations. Success rate: 90.0% (H:9, M:0, F:1)
2025-07-22 23:36:02,724 - INFO - Processed 20 citations. Success rate: 95.0% (H:19, M:0, F:1)
2025-07-22 23:36:03,445 - INFO - Processed 30 citations. Success rate: 96.7% (H:29, M:0, F:1)
2025-07-22 23:36:04,171 - INFO - Processed 40 citations. Success rate: 97.5% (H:39, M:0, F:1)
2025-07-22 23:36:04,901 - INFO - Processed 50 citations. Success rate: 98.0% (H:48, M:1, F:1)
2025-07-22 23:36:05,588 - INFO - Processed 60 citations. Success rate: 98.3% (H:58, M:1, F:1)
2025-07-22 23:36:06,305 - INFO - Processed 70 citations. Success rate: 97.1% (H:67, M:1, F:2)
2025-07-22 23:36:07,054 - INFO - Processed 80 citations. Success rate: 97.5% (H:77, M:1, F:2)
2025-07-22 23:36:07,744 - INFO - Processed 90 citations. Success rate: 97.8% (H:86, M:2, F:2)
2025-07-22 23:36:08,457 - INFO - Processed 100 citations. Success rate: 98.0% (H:96, M:2, F:2)
2025-07-22 23:36:09,234 - INFO - Processed 110 citations. Success rate: 98.2% (H:106, M:2, F:2)
2025-07-22 23:36:09,886 - INFO - Processed 120 citations. Success rate: 98.3% (H:116, M:2, F:2)
2025-07-22 23:36:10,613 - INFO - Processed 130 citations. Success rate: 98.5% (H:126, M:2, F:2)
2025-07-22 23:36:11,355 - INFO - Processed 140 citations. Success rate: 98.6% (H:136, M:2, F:2)
2025-07-22 23:36:12,050 - INFO - Processed 150 citations. Success rate: 98.7% (H:146, M:2, F:2)
2025-07-22 23:36:12,783 - INFO - Processed 160 citations. Success rate: 98.8% (H:156, M:2, F:2)
2025-07-22 23:36:13,543 - INFO - Processed 170 citations. Success rate: 98.8% (H:166, M:2, F:2)
2025-07-22 23:36:14,215 - INFO - Processed 180 citations. Success rate: 98.9% (H:176, M:2, F:2)
2025-07-22 23:36:14,965 - INFO - Processed 190 citations. Success rate: 98.4% (H:185, M:2, F:3)
2025-07-22 23:36:15,857 - INFO - Processed 200 citations. Success rate: 97.5% (H:193, M:2, F:5)
2025-07-22 23:36:15,858 - INFO - Batch completed: 195/200 success (97.5%)
2025-07-22 23:36:15,858 - INFO - Processing batch 2: citations 201-400 of 495020
2025-07-22 23:36:16,865 - INFO - Processed 210 citations. Success rate: 97.6% (H:202, M:3, F:5)
2025-07-22 23:36:17,690 - INFO - Processed 220 citations. Success rate: 96.8% (H:210, M:3, F:7)
2025-07-22 23:36:18,331 - INFO - Processed 230 citations. Success rate: 96.5% (H:219, M:3, F:8)
2025-07-22 23:36:19,115 - INFO - Processed 240 citations. Success rate: 94.6% (H:224, M:3, F:13)
2025-07-22 23:36:19,835 - INFO - Processed 250 citations. Success rate: 94.8% (H:234, M:3, F:13)
2025-07-22 23:36:20,479 - INFO - Processed 260 citations. Success rate: 95.0% (H:244, M:3, F:13)
2025-07-22 23:36:21,256 - INFO - Processed 270 citations. Success rate: 95.2% (H:254, M:3, F:13)
2025-07-22 23:36:21,932 - INFO - Processed 280 citations. Success rate: 95.4% (H:264, M:3, F:13)
2025-07-22 23:36:22,665 - INFO - Processed 290 citations. Success rate: 95.5% (H:274, M:3, F:13)
2025-07-22 23:36:23,381 - INFO - Processed 300 citations. Success rate: 95.7% (H:284, M:3, F:13)
2025-07-22 23:36:24,064 - INFO - Processed 310 citations. Success rate: 95.8% (H:294, M:3, F:13)
2025-07-22 23:36:24,794 - INFO - Processed 320 citations. Success rate: 95.6% (H:303, M:3, F:14)
2025-07-22 23:36:25,489 - INFO - Processed 330 citations. Success rate: 95.8% (H:313, M:3, F:14)
2025-07-22 23:36:26,191 - INFO - Processed 340 citations. Success rate: 95.9% (H:323, M:3, F:14)
2025-07-22 23:36:26,898 - INFO - Processed 350 citations. Success rate: 96.0% (H:333, M:3, F:14)
2025-07-22 23:36:27,629 - INFO - Processed 360 citations. Success rate: 96.1% (H:343, M:3, F:14)
2025-07-22 23:36:28,340 - INFO - Processed 370 citations. Success rate: 96.2% (H:350, M:6, F:14)
2025-07-22 23:36:29,015 - INFO - Processed 380 citations. Success rate: 96.3% (H:358, M:8, F:14)
2025-07-22 23:36:29,758 - INFO - Processed 390 citations. Success rate: 96.4% (H:368, M:8, F:14)
2025-07-22 23:36:30,456 - INFO - Processed 400 citations. Success rate: 96.5% (H:378, M:8, F:14)
2025-07-22 23:36:30,457 - INFO - Batch completed: 191/200 success (95.5%)
2025-07-22 23:36:30,457 - INFO - Processing batch 3: citations 401-600 of 495020
2025-07-22 23:36:31,484 - INFO - Processed 410 citations. Success rate: 96.6% (H:388, M:8, F:14)
2025-07-22 23:36:32,180 - INFO - Processed 420 citations. Success rate: 96.4% (H:397, M:8, F:15)
2025-07-22 23:36:32,906 - INFO - Processed 430 citations. Success rate: 96.5% (H:407, M:8, F:15)
2025-07-22 23:36:33,570 - INFO - Processed 440 citations. Success rate: 96.4% (H:416, M:8, F:16)
2025-07-22 23:36:34,305 - INFO - Processed 450 citations. Success rate: 96.4% (H:426, M:8, F:16)
2025-07-22 23:36:35,090 - INFO - Processed 460 citations. Success rate: 96.1% (H:434, M:8, F:18)
2025-07-22 23:36:35,819 - INFO - Processed 470 citations. Success rate: 96.0% (H:443, M:8, F:19)
2025-07-22 23:36:36,512 - INFO - Processed 480 citations. Success rate: 95.6% (H:451, M:8, F:21)
2025-07-22 23:36:37,257 - INFO - Processed 490 citations. Success rate: 95.7% (H:461, M:8, F:21)
2025-07-22 23:36:37,930 - INFO - Processed 500 citations. Success rate: 95.8% (H:471, M:8, F:21)
2025-07-22 23:36:38,681 - INFO - Processed 510 citations. Success rate: 95.9% (H:481, M:8, F:21)
2025-07-22 23:36:39,480 - INFO - Processed 520 citations. Success rate: 96.0% (H:491, M:8, F:21)
2025-07-22 23:36:40,209 - INFO - Processed 530 citations. Success rate: 96.0% (H:501, M:8, F:21)
2025-07-22 23:36:40,961 - INFO - Processed 540 citations. Success rate: 96.1% (H:511, M:8, F:21)
2025-07-22 23:36:41,892 - INFO - Processed 550 citations. Success rate: 96.2% (H:518, M:11, F:21)
2025-07-22 23:36:42,784 - INFO - Processed 560 citations. Success rate: 96.2% (H:527, M:12, F:21)
2025-07-22 23:36:43,642 - INFO - Processed 570 citations. Success rate: 96.1% (H:535, M:13, F:22)
2025-07-22 23:36:44,462 - INFO - Processed 580 citations. Success rate: 96.2% (H:545, M:13, F:22)
2025-07-22 23:36:45,092 - INFO - Processed 590 citations. Success rate: 96.1% (H:554, M:13, F:23)
2025-07-22 23:36:45,854 - INFO - Processed 600 citations. Success rate: 96.2% (H:564, M:13, F:23)
2025-07-22 23:36:45,854 - INFO - Batch completed: 191/200 success (95.5%)
2025-07-22 23:36:45,855 - INFO - Processing batch 4: citations 601-800 of 495020
2025-07-22 23:36:46,879 - INFO - Processed 610 citations. Success rate: 96.1% (H:573, M:13, F:24)
2025-07-22 23:36:47,672 - INFO - Processed 620 citations. Success rate: 96.1% (H:583, M:13, F:24)
2025-07-22 23:36:48,312 - INFO - Processed 630 citations. Success rate: 96.2% (H:593, M:13, F:24)
2025-07-22 23:36:49,081 - INFO - Processed 640 citations. Success rate: 96.2% (H:603, M:13, F:24)
2025-07-22 23:36:49,756 - INFO - Processed 650 citations. Success rate: 96.3% (H:612, M:14, F:24)
2025-07-22 23:36:50,476 - INFO - Processed 660 citations. Success rate: 96.4% (H:622, M:14, F:24)
2025-07-22 23:36:51,201 - INFO - Processed 670 citations. Success rate: 96.4% (H:632, M:14, F:24)
2025-07-22 23:36:51,912 - INFO - Processed 680 citations. Success rate: 96.5% (H:642, M:14, F:24)
2025-07-22 23:36:52,642 - INFO - Processed 690 citations. Success rate: 96.5% (H:652, M:14, F:24)
2025-07-22 23:36:53,301 - INFO - Processed 700 citations. Success rate: 96.6% (H:662, M:14, F:24)
2025-07-22 23:36:54,070 - INFO - Processed 710 citations. Success rate: 96.6% (H:672, M:14, F:24)
2025-07-22 23:36:54,796 - INFO - Processed 720 citations. Success rate: 96.7% (H:682, M:14, F:24)
2025-07-22 23:36:55,467 - INFO - Processed 730 citations. Success rate: 96.7% (H:692, M:14, F:24)
2025-07-22 23:36:56,216 - INFO - Processed 740 citations. Success rate: 96.8% (H:702, M:14, F:24)
2025-07-22 23:36:56,877 - INFO - Processed 750 citations. Success rate: 96.8% (H:712, M:14, F:24)
2025-07-22 23:36:57,587 - INFO - Processed 760 citations. Success rate: 96.8% (H:722, M:14, F:24)
2025-07-22 23:36:58,321 - INFO - Processed 770 citations. Success rate: 96.9% (H:732, M:14, F:24)
2025-07-22 23:36:59,102 - INFO - Processed 780 citations. Success rate: 96.9% (H:742, M:14, F:24)
2025-07-22 23:36:59,738 - INFO - Processed 790 citations. Success rate: 97.0% (H:752, M:14, F:24)
2025-07-22 23:37:00,512 - INFO - Processed 800 citations. Success rate: 97.0% (H:762, M:14, F:24)
2025-07-22 23:37:00,512 - INFO - Batch completed: 199/200 success (99.5%)
2025-07-22 23:37:00,513 - INFO - Processing batch 5: citations 801-1000 of 495020
2025-07-22 23:37:01,542 - INFO - Processed 810 citations. Success rate: 97.0% (H:771, M:15, F:24)
2025-07-22 23:37:02,264 - INFO - Processed 820 citations. Success rate: 97.1% (H:781, M:15, F:24)
2025-07-22 23:37:02,933 - INFO - Processed 830 citations. Success rate: 97.1% (H:791, M:15, F:24)
2025-07-22 23:37:03,671 - INFO - Processed 840 citations. Success rate: 97.1% (H:801, M:15, F:24)
2025-07-22 23:37:04,352 - INFO - Processed 850 citations. Success rate: 97.2% (H:811, M:15, F:24)
2025-07-22 23:37:05,080 - INFO - Processed 860 citations. Success rate: 97.2% (H:821, M:15, F:24)
2025-07-22 23:37:05,800 - INFO - Processed 870 citations. Success rate: 97.2% (H:831, M:15, F:24)
2025-07-22 23:37:06,609 - INFO - Processed 880 citations. Success rate: 97.3% (H:841, M:15, F:24)
2025-07-22 23:37:07,293 - INFO - Processed 890 citations. Success rate: 97.3% (H:851, M:15, F:24)
2025-07-22 23:37:08,061 - INFO - Processed 900 citations. Success rate: 97.3% (H:861, M:15, F:24)
2025-07-22 23:37:08,726 - INFO - Processed 910 citations. Success rate: 97.4% (H:871, M:15, F:24)
2025-07-22 23:37:09,402 - INFO - Processed 920 citations. Success rate: 97.4% (H:881, M:15, F:24)
2025-07-22 23:37:10,184 - INFO - Processed 930 citations. Success rate: 97.4% (H:891, M:15, F:24)
2025-07-22 23:37:10,824 - INFO - Processed 940 citations. Success rate: 97.4% (H:901, M:15, F:24)
2025-07-22 23:37:11,548 - INFO - Processed 950 citations. Success rate: 97.4% (H:910, M:15, F:25)
2025-07-22 23:37:12,224 - INFO - Processed 960 citations. Success rate: 97.4% (H:920, M:15, F:25)
2025-07-22 23:37:12,955 - INFO - Processed 970 citations. Success rate: 97.4% (H:930, M:15, F:25)
2025-07-22 23:37:13,670 - INFO - Processed 980 citations. Success rate: 97.4% (H:940, M:15, F:25)
2025-07-22 23:37:14,352 - INFO - Processed 990 citations. Success rate: 97.4% (H:949, M:15, F:26)
2025-07-22 23:37:15,068 - INFO - Processed 1000 citations. Success rate: 97.4% (H:958, M:16, F:26)
2025-07-22 23:37:15,069 - INFO - Batch completed: 198/200 success (99.0%)
2025-07-22 23:37:15,069 - INFO - Processing batch 6: citations 1001-1200 of 495020
2025-07-22 23:37:16,075 - INFO - Processed 1010 citations. Success rate: 96.9% (H:963, M:16, F:31)
2025-07-22 23:37:16,808 - INFO - Processed 1020 citations. Success rate: 96.8% (H:969, M:18, F:33)
2025-07-22 23:37:17,491 - INFO - Processed 1030 citations. Success rate: 96.5% (H:976, M:18, F:36)
2025-07-22 23:37:18,195 - INFO - Processed 1040 citations. Success rate: 96.2% (H:980, M:20, F:40)
2025-07-22 23:37:18,931 - INFO - Processed 1050 citations. Success rate: 96.0% (H:987, M:21, F:42)
2025-07-22 23:37:19,565 - INFO - Processed 1060 citations. Success rate: 96.0% (H:997, M:21, F:42)
2025-07-22 23:37:20,325 - INFO - Processed 1070 citations. Success rate: 96.0% (H:1005, M:22, F:43)
2025-07-22 23:37:21,040 - INFO - Processed 1080 citations. Success rate: 96.0% (H:1014, M:23, F:43)
2025-07-22 23:37:21,704 - INFO - Processed 1090 citations. Success rate: 96.1% (H:1023, M:24, F:43)
2025-07-22 23:37:22,416 - INFO - Processed 1100 citations. Success rate: 96.1% (H:1033, M:24, F:43)
2025-07-22 23:37:23,112 - INFO - Processed 1110 citations. Success rate: 96.1% (H:1043, M:24, F:43)
2025-07-22 23:37:23,908 - INFO - Processed 1120 citations. Success rate: 96.2% (H:1053, M:24, F:43)
2025-07-22 23:37:24,549 - INFO - Processed 1130 citations. Success rate: 96.2% (H:1063, M:24, F:43)
2025-07-22 23:37:25,259 - INFO - Processed 1140 citations. Success rate: 96.2% (H:1073, M:24, F:43)
2025-07-22 23:37:25,986 - INFO - Processed 1150 citations. Success rate: 96.3% (H:1083, M:24, F:43)
2025-07-22 23:37:26,672 - INFO - Processed 1160 citations. Success rate: 96.3% (H:1093, M:24, F:43)
2025-07-22 23:37:27,361 - INFO - Processed 1170 citations. Success rate: 96.3% (H:1103, M:24, F:43)
2025-07-22 23:37:28,128 - INFO - Processed 1180 citations. Success rate: 96.4% (H:1113, M:24, F:43)
2025-07-22 23:37:28,782 - INFO - Processed 1190 citations. Success rate: 96.4% (H:1123, M:24, F:43)
2025-07-22 23:37:29,504 - INFO - Processed 1200 citations. Success rate: 96.2% (H:1131, M:24, F:45)
2025-07-22 23:37:29,504 - INFO - Batch completed: 181/200 success (90.5%)
2025-07-22 23:37:29,504 - INFO - Processing batch 7: citations 1201-1400 of 495020
2025-07-22 23:37:30,535 - INFO - Processed 1210 citations. Success rate: 96.1% (H:1138, M:25, F:47)
2025-07-22 23:37:31,207 - INFO - Processed 1220 citations. Success rate: 96.1% (H:1144, M:29, F:47)
2025-07-22 23:37:31,893 - INFO - Processed 1230 citations. Success rate: 96.2% (H:1152, M:31, F:47)
2025-07-22 23:37:32,644 - INFO - Processed 1240 citations. Success rate: 96.2% (H:1161, M:32, F:47)
2025-07-22 23:37:33,384 - INFO - Processed 1250 citations. Success rate: 96.2% (H:1170, M:32, F:48)
2025-07-22 23:37:33,997 - INFO - Processed 1260 citations. Success rate: 96.2% (H:1180, M:32, F:48)
2025-07-22 23:37:34,759 - INFO - Processed 1270 citations. Success rate: 96.2% (H:1190, M:32, F:48)
2025-07-22 23:37:35,480 - INFO - Processed 1280 citations. Success rate: 96.2% (H:1200, M:32, F:48)
2025-07-22 23:37:36,119 - INFO - Processed 1290 citations. Success rate: 96.3% (H:1210, M:32, F:48)
2025-07-22 23:37:36,840 - INFO - Processed 1300 citations. Success rate: 96.3% (H:1220, M:32, F:48)
2025-07-22 23:37:37,610 - INFO - Processed 1310 citations. Success rate: 96.3% (H:1230, M:32, F:48)
2025-07-22 23:37:38,263 - INFO - Processed 1320 citations. Success rate: 96.4% (H:1240, M:32, F:48)
2025-07-22 23:37:38,996 - INFO - Processed 1330 citations. Success rate: 96.4% (H:1250, M:32, F:48)
2025-07-22 23:37:39,709 - INFO - Processed 1340 citations. Success rate: 96.4% (H:1260, M:32, F:48)
2025-07-22 23:37:40,351 - INFO - Processed 1350 citations. Success rate: 96.4% (H:1270, M:32, F:48)
2025-07-22 23:37:41,093 - INFO - Processed 1360 citations. Success rate: 96.5% (H:1280, M:32, F:48)
2025-07-22 23:37:41,917 - INFO - Processed 1370 citations. Success rate: 96.5% (H:1290, M:32, F:48)
2025-07-22 23:37:42,678 - INFO - Processed 1380 citations. Success rate: 96.5% (H:1300, M:32, F:48)
2025-07-22 23:37:43,304 - INFO - Processed 1390 citations. Success rate: 96.5% (H:1310, M:32, F:48)
2025-07-22 23:37:44,077 - INFO - Processed 1400 citations. Success rate: 96.6% (H:1320, M:32, F:48)
2025-07-22 23:37:44,078 - INFO - Batch completed: 197/200 success (98.5%)
2025-07-22 23:37:44,078 - INFO - Processing batch 8: citations 1401-1600 of 495020
2025-07-22 23:37:45,095 - INFO - Processed 1410 citations. Success rate: 96.6% (H:1330, M:32, F:48)
2025-07-22 23:37:45,811 - INFO - Processed 1420 citations. Success rate: 96.6% (H:1340, M:32, F:48)
2025-07-22 23:37:46,444 - INFO - Processed 1430 citations. Success rate: 96.6% (H:1350, M:32, F:48)
2025-07-22 23:37:47,190 - INFO - Processed 1440 citations. Success rate: 96.7% (H:1360, M:32, F:48)
2025-07-22 23:37:47,932 - INFO - Processed 1450 citations. Success rate: 96.7% (H:1370, M:32, F:48)
2025-07-22 23:37:48,631 - INFO - Processed 1460 citations. Success rate: 96.6% (H:1378, M:32, F:50)
2025-07-22 23:37:49,342 - INFO - Processed 1470 citations. Success rate: 96.6% (H:1388, M:32, F:50)
2025-07-22 23:37:50,092 - INFO - Processed 1480 citations. Success rate: 96.6% (H:1398, M:32, F:50)
2025-07-22 23:37:50,854 - INFO - Processed 1490 citations. Success rate: 96.6% (H:1408, M:32, F:50)
2025-07-22 23:37:51,706 - INFO - Processed 1500 citations. Success rate: 96.7% (H:1418, M:32, F:50)
2025-07-22 23:37:52,405 - INFO - Processed 1510 citations. Success rate: 96.7% (H:1428, M:32, F:50)
2025-07-22 23:37:53,101 - INFO - Processed 1520 citations. Success rate: 96.7% (H:1438, M:32, F:50)
2025-07-22 23:37:53,782 - INFO - Processed 1530 citations. Success rate: 96.7% (H:1447, M:32, F:51)
2025-07-22 23:37:54,535 - INFO - Processed 1540 citations. Success rate: 96.7% (H:1457, M:32, F:51)
2025-07-22 23:37:55,261 - INFO - Processed 1550 citations. Success rate: 96.7% (H:1467, M:32, F:51)
2025-07-22 23:37:55,950 - INFO - Processed 1560 citations. Success rate: 96.7% (H:1477, M:32, F:51)
2025-07-22 23:37:56,723 - INFO - Processed 1570 citations. Success rate: 96.8% (H:1487, M:32, F:51)
2025-07-22 23:37:57,458 - INFO - Processed 1580 citations. Success rate: 96.8% (H:1497, M:32, F:51)
2025-07-22 23:37:58,105 - INFO - Processed 1590 citations. Success rate: 96.7% (H:1506, M:32, F:52)
2025-07-22 23:37:58,847 - INFO - Processed 1600 citations. Success rate: 96.6% (H:1513, M:33, F:54)
2025-07-22 23:37:58,848 - INFO - Batch completed: 194/200 success (97.0%)
2025-07-22 23:37:58,848 - INFO - Processing batch 9: citations 1601-1800 of 495020
2025-07-22 23:37:59,856 - INFO - Processed 1610 citations. Success rate: 96.6% (H:1523, M:33, F:54)
2025-07-22 23:38:00,571 - INFO - Processed 1620 citations. Success rate: 96.7% (H:1533, M:33, F:54)
2025-07-22 23:38:01,227 - INFO - Processed 1630 citations. Success rate: 96.6% (H:1542, M:33, F:55)
2025-07-22 23:38:01,943 - INFO - Processed 1640 citations. Success rate: 96.6% (H:1552, M:33, F:55)
2025-07-22 23:38:02,712 - INFO - Processed 1650 citations. Success rate: 96.7% (H:1562, M:33, F:55)
2025-07-22 23:38:03,348 - INFO - Processed 1660 citations. Success rate: 96.7% (H:1572, M:33, F:55)
2025-07-22 23:38:04,080 - INFO - Processed 1670 citations. Success rate: 96.7% (H:1582, M:33, F:55)
2025-07-22 23:38:04,784 - INFO - Processed 1680 citations. Success rate: 96.7% (H:1591, M:33, F:56)
2025-07-22 23:38:05,621 - INFO - Processed 1690 citations. Success rate: 96.7% (H:1601, M:33, F:56)
2025-07-22 23:38:06,315 - INFO - Processed 1700 citations. Success rate: 96.7% (H:1611, M:33, F:56)
2025-07-22 23:38:07,013 - INFO - Processed 1710 citations. Success rate: 96.7% (H:1621, M:33, F:56)
2025-07-22 23:38:07,767 - INFO - Processed 1720 citations. Success rate: 96.7% (H:1629, M:35, F:56)
2025-07-22 23:38:08,451 - INFO - Processed 1730 citations. Success rate: 96.8% (H:1637, M:37, F:56)
2025-07-22 23:38:09,138 - INFO - Processed 1740 citations. Success rate: 96.8% (H:1647, M:37, F:56)
2025-07-22 23:38:09,961 - INFO - Processed 1750 citations. Success rate: 96.8% (H:1656, M:38, F:56)
2025-07-22 23:38:10,645 - INFO - Processed 1760 citations. Success rate: 96.8% (H:1666, M:38, F:56)
2025-07-22 23:38:11,410 - INFO - Processed 1770 citations. Success rate: 96.8% (H:1676, M:38, F:56)
2025-07-22 23:38:12,127 - INFO - Processed 1780 citations. Success rate: 96.9% (H:1683, M:41, F:56)
2025-07-22 23:38:12,788 - INFO - Processed 1790 citations. Success rate: 96.9% (H:1693, M:41, F:56)
2025-07-22 23:38:13,523 - INFO - Processed 1800 citations. Success rate: 96.9% (H:1703, M:41, F:56)
2025-07-22 23:38:13,524 - INFO - Batch completed: 198/200 success (99.0%)
2025-07-22 23:38:13,524 - INFO - Processing batch 10: citations 1801-2000 of 495020
2025-07-22 23:38:14,518 - INFO - Processed 1810 citations. Success rate: 96.9% (H:1713, M:41, F:56)
2025-07-22 23:38:15,282 - INFO - Processed 1820 citations. Success rate: 96.9% (H:1723, M:41, F:56)
2025-07-22 23:38:15,952 - INFO - Processed 1830 citations. Success rate: 96.9% (H:1733, M:41, F:56)
2025-07-22 23:38:16,679 - INFO - Processed 1840 citations. Success rate: 97.0% (H:1743, M:41, F:56)
2025-07-22 23:38:17,382 - INFO - Processed 1850 citations. Success rate: 97.0% (H:1753, M:41, F:56)
2025-07-22 23:38:18,067 - INFO - Processed 1860 citations. Success rate: 97.0% (H:1763, M:41, F:56)
2025-07-22 23:38:18,774 - INFO - Processed 1870 citations. Success rate: 97.0% (H:1773, M:41, F:56)
2025-07-22 23:38:19,468 - INFO - Processed 1880 citations. Success rate: 97.0% (H:1783, M:41, F:56)
2025-07-22 23:38:20,137 - INFO - Processed 1890 citations. Success rate: 97.0% (H:1793, M:41, F:56)
2025-07-22 23:38:20,954 - INFO - Processed 1900 citations. Success rate: 96.8% (H:1798, M:41, F:61)
2025-07-22 23:38:21,621 - INFO - Processed 1910 citations. Success rate: 96.6% (H:1804, M:41, F:65)
2025-07-22 23:38:22,381 - INFO - Processed 1920 citations. Success rate: 96.5% (H:1811, M:41, F:68)
2025-07-22 23:38:23,114 - INFO - Processed 1930 citations. Success rate: 96.3% (H:1817, M:41, F:72)
2025-07-22 23:38:23,761 - INFO - Processed 1940 citations. Success rate: 96.3% (H:1827, M:41, F:72)
2025-07-22 23:38:24,565 - INFO - Processed 1950 citations. Success rate: 96.2% (H:1835, M:41, F:74)
2025-07-22 23:38:25,289 - INFO - Processed 1960 citations. Success rate: 96.2% (H:1842, M:44, F:74)
2025-07-22 23:38:25,949 - INFO - Processed 1970 citations. Success rate: 96.1% (H:1850, M:44, F:76)
2025-07-22 23:38:26,662 - INFO - Processed 1980 citations. Success rate: 96.0% (H:1857, M:44, F:79)
2025-07-22 23:38:27,335 - INFO - Processed 1990 citations. Success rate: 96.0% (H:1867, M:44, F:79)
2025-07-22 23:38:28,082 - INFO - Processed 2000 citations. Success rate: 96.0% (H:1877, M:44, F:79)
2025-07-22 23:38:28,083 - INFO - Batch completed: 177/200 success (88.5%)
2025-07-22 23:38:28,084 - INFO - Processing batch 11: citations 2001-2200 of 495020
2025-07-22 23:38:29,074 - INFO - Processed 2010 citations. Success rate: 96.1% (H:1886, M:45, F:79)
2025-07-22 23:38:29,845 - INFO - Processed 2020 citations. Success rate: 96.1% (H:1896, M:45, F:79)
2025-07-22 23:38:30,508 - INFO - Processed 2030 citations. Success rate: 96.1% (H:1906, M:45, F:79)
2025-07-22 23:38:31,242 - INFO - Processed 2040 citations. Success rate: 96.1% (H:1916, M:45, F:79)
2025-07-22 23:38:32,001 - INFO - Processed 2050 citations. Success rate: 96.1% (H:1926, M:45, F:79)
2025-07-22 23:38:32,652 - INFO - Processed 2060 citations. Success rate: 96.1% (H:1934, M:46, F:80)
2025-07-22 23:38:33,440 - INFO - Processed 2070 citations. Success rate: 96.0% (H:1942, M:46, F:82)
2025-07-22 23:38:34,112 - INFO - Processed 2080 citations. Success rate: 96.0% (H:1950, M:46, F:84)
2025-07-22 23:38:34,856 - INFO - Processed 2090 citations. Success rate: 96.0% (H:1960, M:46, F:84)
2025-07-22 23:38:35,506 - INFO - Processed 2100 citations. Success rate: 96.0% (H:1970, M:46, F:84)
2025-07-22 23:38:36,251 - INFO - Processed 2110 citations. Success rate: 96.0% (H:1979, M:46, F:85)
2025-07-22 23:38:37,005 - INFO - Processed 2120 citations. Success rate: 96.0% (H:1989, M:46, F:85)
2025-07-22 23:38:37,696 - INFO - Processed 2130 citations. Success rate: 96.0% (H:1999, M:46, F:85)
2025-07-22 23:38:38,415 - INFO - Processed 2140 citations. Success rate: 96.0% (H:2009, M:46, F:85)
2025-07-22 23:38:39,137 - INFO - Processed 2150 citations. Success rate: 96.0% (H:2017, M:46, F:87)
2025-07-22 23:38:39,921 - INFO - Processed 2160 citations. Success rate: 96.0% (H:2027, M:46, F:87)
2025-07-22 23:38:40,567 - INFO - Processed 2170 citations. Success rate: 96.0% (H:2037, M:46, F:87)
2025-07-22 23:38:41,304 - INFO - Processed 2180 citations. Success rate: 95.8% (H:2043, M:46, F:91)
2025-07-22 23:38:42,027 - INFO - Processed 2190 citations. Success rate: 95.8% (H:2051, M:46, F:93)
2025-07-22 23:38:42,691 - INFO - Processed 2200 citations. Success rate: 95.7% (H:2059, M:47, F:94)
2025-07-22 23:38:42,692 - INFO - Batch completed: 185/200 success (92.5%)
2025-07-22 23:38:42,692 - INFO - Processing batch 12: citations 2201-2400 of 495020
2025-07-22 23:38:43,747 - INFO - Processed 2210 citations. Success rate: 95.7% (H:2069, M:47, F:94)
2025-07-22 23:38:44,480 - INFO - Processed 2220 citations. Success rate: 95.8% (H:2079, M:47, F:94)
2025-07-22 23:38:45,194 - INFO - Processed 2230 citations. Success rate: 95.7% (H:2087, M:47, F:96)
2025-07-22 23:38:45,915 - INFO - Processed 2240 citations. Success rate: 95.7% (H:2096, M:47, F:97)
2025-07-22 23:38:46,571 - INFO - Processed 2250 citations. Success rate: 95.7% (H:2106, M:47, F:97)
2025-07-22 23:38:47,307 - INFO - Processed 2260 citations. Success rate: 95.7% (H:2116, M:47, F:97)
2025-07-22 23:38:48,054 - INFO - Processed 2270 citations. Success rate: 95.7% (H:2126, M:47, F:97)
2025-07-22 23:38:48,788 - INFO - Processed 2280 citations. Success rate: 95.7% (H:2136, M:47, F:97)
2025-07-22 23:38:49,505 - INFO - Processed 2290 citations. Success rate: 95.8% (H:2146, M:47, F:97)
2025-07-22 23:38:50,254 - INFO - Processed 2300 citations. Success rate: 95.7% (H:2154, M:48, F:98)
2025-07-22 23:38:50,999 - INFO - Processed 2310 citations. Success rate: 95.8% (H:2164, M:48, F:98)
2025-07-22 23:38:51,632 - INFO - Processed 2320 citations. Success rate: 95.8% (H:2174, M:48, F:98)
2025-07-22 23:38:52,403 - INFO - Processed 2330 citations. Success rate: 95.8% (H:2184, M:48, F:98)
2025-07-22 23:38:53,165 - INFO - Processed 2340 citations. Success rate: 95.8% (H:2194, M:48, F:98)
2025-07-22 23:38:53,821 - INFO - Processed 2350 citations. Success rate: 95.8% (H:2204, M:48, F:98)
2025-07-22 23:38:54,549 - INFO - Processed 2360 citations. Success rate: 95.8% (H:2214, M:48, F:98)
2025-07-22 23:38:55,250 - INFO - Processed 2370 citations. Success rate: 95.9% (H:2224, M:48, F:98)
2025-07-22 23:38:55,935 - INFO - Processed 2380 citations. Success rate: 95.9% (H:2234, M:48, F:98)
2025-07-22 23:38:56,676 - INFO - Processed 2390 citations. Success rate: 95.9% (H:2243, M:48, F:99)
2025-07-22 23:38:57,305 - INFO - Processed 2400 citations. Success rate: 95.9% (H:2253, M:48, F:99)
2025-07-22 23:38:57,306 - INFO - Batch completed: 195/200 success (97.5%)
2025-07-22 23:38:57,306 - INFO - Processing batch 13: citations 2401-2600 of 495020
2025-07-22 23:38:58,322 - INFO - Processed 2410 citations. Success rate: 95.9% (H:2263, M:48, F:99)
2025-07-22 23:38:59,078 - INFO - Processed 2420 citations. Success rate: 95.9% (H:2273, M:48, F:99)
2025-07-22 23:38:59,759 - INFO - Processed 2430 citations. Success rate: 95.9% (H:2283, M:48, F:99)
2025-07-22 23:39:00,464 - INFO - Processed 2440 citations. Success rate: 95.9% (H:2292, M:48, F:100)
2025-07-22 23:39:01,146 - INFO - Processed 2450 citations. Success rate: 95.9% (H:2302, M:48, F:100)
2025-07-22 23:39:01,874 - INFO - Processed 2460 citations. Success rate: 95.9% (H:2311, M:48, F:101)
2025-07-22 23:39:02,688 - INFO - Processed 2470 citations. Success rate: 95.9% (H:2321, M:48, F:101)
2025-07-22 23:39:03,411 - INFO - Processed 2480 citations. Success rate: 95.8% (H:2329, M:48, F:103)
2025-07-22 23:39:04,077 - INFO - Processed 2490 citations. Success rate: 95.9% (H:2339, M:48, F:103)
2025-07-22 23:39:04,840 - INFO - Processed 2500 citations. Success rate: 95.8% (H:2348, M:48, F:104)
2025-07-22 23:39:05,514 - INFO - Processed 2510 citations. Success rate: 95.9% (H:2358, M:48, F:104)
2025-07-22 23:39:06,271 - INFO - Processed 2520 citations. Success rate: 95.9% (H:2368, M:48, F:104)
2025-07-22 23:39:06,939 - INFO - Processed 2530 citations. Success rate: 95.9% (H:2378, M:48, F:104)
2025-07-22 23:39:07,691 - INFO - Processed 2540 citations. Success rate: 95.9% (H:2387, M:48, F:105)
2025-07-22 23:39:08,465 - INFO - Processed 2550 citations. Success rate: 95.9% (H:2397, M:48, F:105)
2025-07-22 23:39:09,153 - INFO - Processed 2560 citations. Success rate: 95.9% (H:2407, M:48, F:105)
2025-07-22 23:39:09,837 - INFO - Processed 2570 citations. Success rate: 95.9% (H:2417, M:48, F:105)
2025-07-22 23:39:10,598 - INFO - Processed 2580 citations. Success rate: 95.9% (H:2427, M:48, F:105)
2025-07-22 23:39:11,225 - INFO - Processed 2590 citations. Success rate: 95.9% (H:2437, M:48, F:105)
2025-07-22 23:39:12,008 - INFO - Processed 2600 citations. Success rate: 96.0% (H:2447, M:48, F:105)
2025-07-22 23:39:12,008 - INFO - Batch completed: 194/200 success (97.0%)
2025-07-22 23:39:12,009 - INFO - Processing batch 14: citations 2601-2800 of 495020
2025-07-22 23:39:13,141 - INFO - Processed 2610 citations. Success rate: 96.0% (H:2457, M:48, F:105)
2025-07-22 23:39:13,860 - INFO - Processed 2620 citations. Success rate: 96.0% (H:2467, M:48, F:105)
2025-07-22 23:39:14,644 - INFO - Processed 2630 citations. Success rate: 96.0% (H:2477, M:48, F:105)
2025-07-22 23:39:15,275 - INFO - Processed 2640 citations. Success rate: 96.0% (H:2487, M:48, F:105)
2025-07-22 23:39:16,083 - INFO - Processed 2650 citations. Success rate: 95.9% (H:2493, M:48, F:109)
2025-07-22 23:39:16,795 - INFO - Processed 2660 citations. Success rate: 95.9% (H:2503, M:48, F:109)
2025-07-22 23:39:17,465 - INFO - Processed 2670 citations. Success rate: 95.9% (H:2513, M:48, F:109)
2025-07-22 23:39:18,193 - INFO - Processed 2680 citations. Success rate: 95.9% (H:2523, M:48, F:109)
2025-07-22 23:39:18,861 - INFO - Processed 2690 citations. Success rate: 95.9% (H:2533, M:48, F:109)
2025-07-22 23:39:19,591 - INFO - Processed 2700 citations. Success rate: 95.9% (H:2541, M:48, F:111)
2025-07-22 23:39:20,300 - INFO - Processed 2710 citations. Success rate: 95.9% (H:2551, M:48, F:111)
2025-07-22 23:39:20,973 - INFO - Processed 2720 citations. Success rate: 95.9% (H:2560, M:48, F:112)
2025-07-22 23:39:21,687 - INFO - Processed 2730 citations. Success rate: 95.9% (H:2570, M:48, F:112)
2025-07-22 23:39:22,445 - INFO - Processed 2740 citations. Success rate: 95.9% (H:2579, M:49, F:112)
2025-07-22 23:39:23,059 - INFO - Processed 2750 citations. Success rate: 95.9% (H:2588, M:50, F:112)
2025-07-22 23:39:23,810 - INFO - Processed 2760 citations. Success rate: 95.9% (H:2596, M:52, F:112)
2025-07-22 23:39:24,571 - INFO - Processed 2770 citations. Success rate: 96.0% (H:2603, M:55, F:112)
2025-07-22 23:39:25,284 - INFO - Processed 2780 citations. Success rate: 96.0% (H:2612, M:56, F:112)
2025-07-22 23:39:25,955 - INFO - Processed 2790 citations. Success rate: 95.9% (H:2620, M:56, F:114)
2025-07-22 23:39:26,698 - INFO - Processed 2800 citations. Success rate: 95.9% (H:2629, M:56, F:115)
2025-07-22 23:39:26,699 - INFO - Batch completed: 190/200 success (95.0%)
2025-07-22 23:39:26,699 - INFO - Processing batch 15: citations 2801-3000 of 495020
2025-07-22 23:39:27,719 - INFO - Processed 2810 citations. Success rate: 95.9% (H:2639, M:56, F:115)
2025-07-22 23:39:28,513 - INFO - Processed 2820 citations. Success rate: 95.9% (H:2648, M:56, F:116)
2025-07-22 23:39:29,149 - INFO - Processed 2830 citations. Success rate: 95.9% (H:2658, M:56, F:116)
2025-07-22 23:39:29,899 - INFO - Processed 2840 citations. Success rate: 95.9% (H:2668, M:56, F:116)
2025-07-22 23:39:30,626 - INFO - Processed 2850 citations. Success rate: 95.9% (H:2678, M:56, F:116)
2025-07-22 23:39:31,346 - INFO - Processed 2860 citations. Success rate: 95.9% (H:2688, M:56, F:116)
2025-07-22 23:39:32,032 - INFO - Processed 2870 citations. Success rate: 95.9% (H:2697, M:56, F:117)
2025-07-22 23:39:32,815 - INFO - Processed 2880 citations. Success rate: 95.9% (H:2706, M:56, F:118)
2025-07-22 23:39:33,475 - INFO - Processed 2890 citations. Success rate: 95.8% (H:2714, M:56, F:120)
2025-07-22 23:39:34,172 - INFO - Processed 2900 citations. Success rate: 95.8% (H:2722, M:56, F:122)
2025-07-22 23:39:34,912 - INFO - Processed 2910 citations. Success rate: 95.8% (H:2732, M:56, F:122)
2025-07-22 23:39:35,591 - INFO - Processed 2920 citations. Success rate: 95.8% (H:2740, M:57, F:123)
2025-07-22 23:39:36,265 - INFO - Processed 2930 citations. Success rate: 95.7% (H:2748, M:57, F:125)
2025-07-22 23:39:36,953 - INFO - Processed 2940 citations. Success rate: 95.6% (H:2754, M:57, F:129)
2025-07-22 23:39:37,706 - INFO - Processed 2950 citations. Success rate: 95.6% (H:2762, M:57, F:131)
2025-07-22 23:39:38,377 - INFO - Processed 2960 citations. Success rate: 95.5% (H:2771, M:57, F:132)
2025-07-22 23:39:39,110 - INFO - Processed 2970 citations. Success rate: 95.6% (H:2781, M:57, F:132)
2025-07-22 23:39:39,823 - INFO - Processed 2980 citations. Success rate: 95.6% (H:2791, M:57, F:132)
2025-07-22 23:39:40,491 - INFO - Processed 2990 citations. Success rate: 95.6% (H:2800, M:57, F:133)
2025-07-22 23:39:41,262 - INFO - Processed 3000 citations. Success rate: 95.5% (H:2809, M:57, F:134)
2025-07-22 23:39:41,263 - INFO - Batch completed: 181/200 success (90.5%)
2025-07-22 23:39:41,263 - INFO - Processing batch 16: citations 3001-3200 of 495020
2025-07-22 23:39:42,266 - INFO - Processed 3010 citations. Success rate: 95.5% (H:2817, M:57, F:136)
2025-07-22 23:39:42,999 - INFO - Processed 3020 citations. Success rate: 95.5% (H:2827, M:57, F:136)
2025-07-22 23:39:43,699 - INFO - Processed 3030 citations. Success rate: 95.4% (H:2835, M:57, F:138)
2025-07-22 23:39:44,446 - INFO - Processed 3040 citations. Success rate: 95.4% (H:2843, M:58, F:139)
2025-07-22 23:39:45,147 - INFO - Processed 3050 citations. Success rate: 95.4% (H:2851, M:60, F:139)
2025-07-22 23:39:45,873 - INFO - Processed 3060 citations. Success rate: 95.5% (H:2860, M:61, F:139)
2025-07-22 23:39:46,574 - INFO - Processed 3070 citations. Success rate: 95.5% (H:2869, M:62, F:139)
2025-07-22 23:39:47,364 - INFO - Processed 3080 citations. Success rate: 95.5% (H:2877, M:64, F:139)
2025-07-22 23:39:48,016 - INFO - Processed 3090 citations. Success rate: 95.5% (H:2884, M:67, F:139)
2025-07-22 23:39:48,722 - INFO - Processed 3100 citations. Success rate: 95.5% (H:2893, M:67, F:140)
2025-07-22 23:39:49,441 - INFO - Processed 3110 citations. Success rate: 95.5% (H:2903, M:67, F:140)
2025-07-22 23:39:50,135 - INFO - Processed 3120 citations. Success rate: 95.5% (H:2913, M:67, F:140)
2025-07-22 23:39:50,939 - INFO - Processed 3130 citations. Success rate: 95.5% (H:2923, M:67, F:140)
2025-07-22 23:39:51,623 - INFO - Processed 3140 citations. Success rate: 95.5% (H:2933, M:67, F:140)
2025-07-22 23:39:52,370 - INFO - Processed 3150 citations. Success rate: 95.6% (H:2943, M:67, F:140)
2025-07-22 23:39:53,064 - INFO - Processed 3160 citations. Success rate: 95.6% (H:2953, M:67, F:140)
2025-07-22 23:39:53,827 - INFO - Processed 3170 citations. Success rate: 95.6% (H:2963, M:67, F:140)
2025-07-22 23:39:54,553 - INFO - Processed 3180 citations. Success rate: 95.6% (H:2973, M:67, F:140)
2025-07-22 23:39:55,273 - INFO - Processed 3190 citations. Success rate: 95.6% (H:2983, M:67, F:140)
2025-07-22 23:39:56,008 - INFO - Processed 3200 citations. Success rate: 95.6% (H:2993, M:67, F:140)
2025-07-22 23:39:56,008 - INFO - Batch completed: 194/200 success (97.0%)
2025-07-22 23:39:56,008 - INFO - Processing batch 17: citations 3201-3400 of 495020
2025-07-22 23:39:57,028 - INFO - Processed 3210 citations. Success rate: 95.6% (H:3003, M:67, F:140)
2025-07-22 23:39:57,764 - INFO - Processed 3220 citations. Success rate: 95.7% (H:3013, M:67, F:140)
2025-07-22 23:39:58,464 - INFO - Processed 3230 citations. Success rate: 95.6% (H:3022, M:67, F:141)
2025-07-22 23:39:59,183 - INFO - Processed 3240 citations. Success rate: 95.6% (H:3032, M:67, F:141)
2025-07-22 23:39:59,866 - INFO - Processed 3250 citations. Success rate: 95.7% (H:3042, M:67, F:141)
2025-07-22 23:40:00,596 - INFO - Processed 3260 citations. Success rate: 95.7% (H:3052, M:67, F:141)
2025-07-22 23:40:01,352 - INFO - Processed 3270 citations. Success rate: 95.7% (H:3062, M:67, F:141)
2025-07-22 23:40:02,056 - INFO - Processed 3280 citations. Success rate: 95.7% (H:3071, M:67, F:142)
2025-07-22 23:40:02,814 - INFO - Processed 3290 citations. Success rate: 95.7% (H:3081, M:67, F:142)
2025-07-22 23:40:03,477 - INFO - Processed 3300 citations. Success rate: 95.7% (H:3091, M:67, F:142)
2025-07-22 23:40:04,342 - INFO - Processed 3310 citations. Success rate: 95.7% (H:3101, M:67, F:142)
2025-07-22 23:40:04,976 - INFO - Processed 3320 citations. Success rate: 95.7% (H:3111, M:67, F:142)
2025-07-22 23:40:05,760 - INFO - Processed 3330 citations. Success rate: 95.7% (H:3121, M:67, F:142)
2025-07-22 23:40:06,475 - INFO - Processed 3340 citations. Success rate: 95.7% (H:3131, M:67, F:142)
2025-07-22 23:40:07,187 - INFO - Processed 3350 citations. Success rate: 95.8% (H:3141, M:67, F:142)
2025-07-22 23:40:07,894 - INFO - Processed 3360 citations. Success rate: 95.8% (H:3151, M:67, F:142)
2025-07-22 23:40:08,621 - INFO - Processed 3370 citations. Success rate: 95.8% (H:3161, M:67, F:142)
2025-07-22 23:40:09,413 - INFO - Processed 3380 citations. Success rate: 95.8% (H:3171, M:67, F:142)
2025-07-22 23:40:10,091 - INFO - Processed 3390 citations. Success rate: 95.8% (H:3180, M:67, F:143)
2025-07-22 23:40:10,816 - INFO - Processed 3400 citations. Success rate: 95.8% (H:3189, M:67, F:144)
2025-07-22 23:40:10,816 - INFO - Batch completed: 196/200 success (98.0%)
2025-07-22 23:40:10,817 - INFO - Processing batch 18: citations 3401-3600 of 495020
2025-07-22 23:40:11,908 - INFO - Processed 3410 citations. Success rate: 95.7% (H:3198, M:67, F:145)
2025-07-22 23:40:12,702 - INFO - Processed 3420 citations. Success rate: 95.8% (H:3208, M:67, F:145)
2025-07-22 23:40:13,310 - INFO - Processed 3430 citations. Success rate: 95.7% (H:3216, M:67, F:147)
2025-07-22 23:40:14,104 - INFO - Processed 3440 citations. Success rate: 95.7% (H:3225, M:67, F:148)
2025-07-22 23:40:14,815 - INFO - Processed 3450 citations. Success rate: 95.7% (H:3233, M:67, F:150)
2025-07-22 23:40:15,473 - INFO - Processed 3460 citations. Success rate: 95.7% (H:3242, M:68, F:150)
2025-07-22 23:40:16,348 - INFO - Processed 3470 citations. Success rate: 95.7% (H:3252, M:68, F:150)
2025-07-22 23:40:17,101 - INFO - Processed 3480 citations. Success rate: 95.5% (H:3256, M:68, F:156)
2025-07-22 23:40:17,755 - INFO - Processed 3490 citations. Success rate: 95.5% (H:3266, M:68, F:156)
2025-07-22 23:40:18,477 - INFO - Processed 3500 citations. Success rate: 95.5% (H:3275, M:68, F:157)
2025-07-22 23:40:19,160 - INFO - Processed 3510 citations. Success rate: 95.5% (H:3284, M:69, F:157)
2025-07-22 23:40:19,965 - INFO - Processed 3520 citations. Success rate: 95.5% (H:3294, M:69, F:157)
2025-07-22 23:40:20,707 - INFO - Processed 3530 citations. Success rate: 95.6% (H:3304, M:69, F:157)
2025-07-22 23:40:21,366 - INFO - Processed 3540 citations. Success rate: 95.5% (H:3313, M:69, F:158)
2025-07-22 23:40:22,152 - INFO - Processed 3550 citations. Success rate: 95.5% (H:3323, M:69, F:158)
2025-07-22 23:40:22,820 - INFO - Processed 3560 citations. Success rate: 95.6% (H:3333, M:69, F:158)
2025-07-22 23:40:23,537 - INFO - Processed 3570 citations. Success rate: 95.5% (H:3340, M:69, F:161)
2025-07-22 23:40:24,247 - INFO - Processed 3580 citations. Success rate: 95.5% (H:3349, M:69, F:162)
2025-07-22 23:40:24,984 - INFO - Processed 3590 citations. Success rate: 95.5% (H:3358, M:69, F:163)
2025-07-22 23:40:25,642 - INFO - Processed 3600 citations. Success rate: 95.5% (H:3368, M:69, F:163)
2025-07-22 23:40:25,643 - INFO - Batch completed: 181/200 success (90.5%)
2025-07-22 23:40:25,643 - INFO - Processing batch 19: citations 3601-3800 of 495020
2025-07-22 23:40:26,641 - INFO - Processed 3610 citations. Success rate: 95.5% (H:3378, M:69, F:163)
2025-07-22 23:40:27,383 - INFO - Processed 3620 citations. Success rate: 95.5% (H:3387, M:70, F:163)
2025-07-22 23:40:28,062 - INFO - Processed 3630 citations. Success rate: 95.5% (H:3396, M:71, F:163)
2025-07-22 23:40:28,817 - INFO - Processed 3640 citations. Success rate: 95.5% (H:3406, M:71, F:163)
2025-07-22 23:40:29,548 - INFO - Processed 3650 citations. Success rate: 95.5% (H:3416, M:71, F:163)
2025-07-22 23:40:30,236 - INFO - Processed 3660 citations. Success rate: 95.5% (H:3425, M:72, F:163)
2025-07-22 23:40:30,936 - INFO - Processed 3670 citations. Success rate: 95.6% (H:3433, M:74, F:163)
2025-07-22 23:40:31,667 - INFO - Processed 3680 citations. Success rate: 95.6% (H:3443, M:74, F:163)
2025-07-22 23:40:32,402 - INFO - Processed 3690 citations. Success rate: 95.6% (H:3453, M:74, F:163)
2025-07-22 23:40:33,072 - INFO - Processed 3700 citations. Success rate: 95.6% (H:3463, M:74, F:163)
2025-07-22 23:40:33,798 - INFO - Processed 3710 citations. Success rate: 95.6% (H:3473, M:74, F:163)
2025-07-22 23:40:34,495 - INFO - Processed 3720 citations. Success rate: 95.6% (H:3483, M:74, F:163)
2025-07-22 23:40:35,235 - INFO - Processed 3730 citations. Success rate: 95.6% (H:3493, M:74, F:163)
2025-07-22 23:40:35,910 - INFO - Processed 3740 citations. Success rate: 95.6% (H:3503, M:74, F:163)
2025-07-22 23:40:36,641 - INFO - Processed 3750 citations. Success rate: 95.7% (H:3513, M:74, F:163)
2025-07-22 23:40:37,324 - INFO - Processed 3760 citations. Success rate: 95.7% (H:3523, M:74, F:163)
2025-07-22 23:40:37,978 - INFO - Processed 3770 citations. Success rate: 95.7% (H:3533, M:74, F:163)
2025-07-22 23:40:38,744 - INFO - Processed 3780 citations. Success rate: 95.7% (H:3543, M:74, F:163)
2025-07-22 23:40:39,382 - INFO - Processed 3790 citations. Success rate: 95.7% (H:3552, M:74, F:164)
2025-07-22 23:40:40,094 - INFO - Processed 3800 citations. Success rate: 95.7% (H:3562, M:74, F:164)
2025-07-22 23:40:40,095 - INFO - Batch completed: 199/200 success (99.5%)
2025-07-22 23:40:40,095 - INFO - Processing batch 20: citations 3801-4000 of 495020
2025-07-22 23:40:41,098 - INFO - Processed 3810 citations. Success rate: 95.7% (H:3572, M:74, F:164)
2025-07-22 23:40:41,848 - INFO - Processed 3820 citations. Success rate: 95.7% (H:3581, M:75, F:164)
2025-07-22 23:40:42,528 - INFO - Processed 3830 citations. Success rate: 95.7% (H:3591, M:75, F:164)
2025-07-22 23:40:43,250 - INFO - Processed 3840 citations. Success rate: 95.7% (H:3600, M:76, F:164)
2025-07-22 23:40:43,980 - INFO - Processed 3850 citations. Success rate: 95.6% (H:3605, M:76, F:169)
2025-07-22 23:40:44,647 - INFO - Processed 3860 citations. Success rate: 95.5% (H:3609, M:76, F:175)
2025-07-22 23:40:45,414 - INFO - Processed 3870 citations. Success rate: 95.3% (H:3613, M:76, F:181)
2025-07-22 23:40:46,193 - INFO - Processed 3880 citations. Success rate: 95.3% (H:3620, M:78, F:182)
2025-07-22 23:40:46,840 - INFO - Processed 3890 citations. Success rate: 95.3% (H:3628, M:80, F:182)
2025-07-22 23:40:47,594 - INFO - Processed 3900 citations. Success rate: 95.3% (H:3638, M:80, F:182)
2025-07-22 23:40:48,276 - INFO - Processed 3910 citations. Success rate: 95.3% (H:3648, M:80, F:182)
2025-07-22 23:40:48,960 - INFO - Processed 3920 citations. Success rate: 95.4% (H:3656, M:82, F:182)
2025-07-22 23:40:49,688 - INFO - Processed 3930 citations. Success rate: 95.4% (H:3666, M:82, F:182)
2025-07-22 23:40:50,398 - INFO - Processed 3940 citations. Success rate: 95.4% (H:3675, M:82, F:183)
2025-07-22 23:40:51,103 - INFO - Processed 3950 citations. Success rate: 95.4% (H:3685, M:82, F:183)
2025-07-22 23:40:51,797 - INFO - Processed 3960 citations. Success rate: 95.4% (H:3695, M:82, F:183)
2025-07-22 23:40:52,483 - INFO - Processed 3970 citations. Success rate: 95.4% (H:3705, M:82, F:183)
2025-07-22 23:40:53,178 - INFO - Processed 3980 citations. Success rate: 95.3% (H:3709, M:82, F:189)
2025-07-22 23:40:53,916 - INFO - Processed 3990 citations. Success rate: 95.3% (H:3719, M:82, F:189)
2025-07-22 23:40:54,626 - INFO - Processed 4000 citations. Success rate: 95.3% (H:3729, M:82, F:189)
2025-07-22 23:40:54,626 - INFO - Batch completed: 175/200 success (87.5%)
2025-07-22 23:40:54,627 - INFO - Processing batch 21: citations 4001-4200 of 495020
2025-07-22 23:40:55,626 - INFO - Processed 4010 citations. Success rate: 95.3% (H:3739, M:82, F:189)
2025-07-22 23:40:56,438 - INFO - Processed 4020 citations. Success rate: 95.3% (H:3749, M:82, F:189)
2025-07-22 23:40:57,087 - INFO - Processed 4030 citations. Success rate: 95.3% (H:3758, M:82, F:190)
2025-07-22 23:40:57,840 - INFO - Processed 4040 citations. Success rate: 95.2% (H:3763, M:83, F:194)
2025-07-22 23:40:58,629 - INFO - Processed 4050 citations. Success rate: 95.1% (H:3768, M:84, F:198)
2025-07-22 23:40:59,250 - INFO - Processed 4060 citations. Success rate: 95.1% (H:3776, M:84, F:200)
2025-07-22 23:41:00,040 - INFO - Processed 4070 citations. Success rate: 95.0% (H:3782, M:84, F:204)
2025-07-22 23:41:00,780 - INFO - Processed 4080 citations. Success rate: 94.9% (H:3788, M:84, F:208)
2025-07-22 23:41:01,474 - INFO - Processed 4090 citations. Success rate: 94.9% (H:3795, M:86, F:209)
2025-07-22 23:41:02,208 - INFO - Processed 4100 citations. Success rate: 94.9% (H:3805, M:86, F:209)
2025-07-22 23:41:02,849 - INFO - Processed 4110 citations. Success rate: 94.9% (H:3815, M:86, F:209)
2025-07-22 23:41:03,603 - INFO - Processed 4120 citations. Success rate: 94.9% (H:3825, M:86, F:209)
2025-07-22 23:41:04,316 - INFO - Processed 4130 citations. Success rate: 94.9% (H:3835, M:86, F:209)
2025-07-22 23:41:05,001 - INFO - Processed 4140 citations. Success rate: 95.0% (H:3845, M:86, F:209)
2025-07-22 23:41:05,816 - INFO - Processed 4150 citations. Success rate: 95.0% (H:3855, M:86, F:209)
2025-07-22 23:41:06,532 - INFO - Processed 4160 citations. Success rate: 95.0% (H:3864, M:87, F:209)
2025-07-22 23:41:07,272 - INFO - Processed 4170 citations. Success rate: 95.0% (H:3874, M:87, F:209)
2025-07-22 23:41:08,068 - INFO - Processed 4180 citations. Success rate: 95.0% (H:3884, M:87, F:209)
2025-07-22 23:41:08,726 - INFO - Processed 4190 citations. Success rate: 95.0% (H:3894, M:87, F:209)
2025-07-22 23:41:09,474 - INFO - Processed 4200 citations. Success rate: 95.0% (H:3904, M:87, F:209)
2025-07-22 23:41:09,475 - INFO - Batch completed: 180/200 success (90.0%)
2025-07-22 23:41:09,475 - INFO - Processing batch 22: citations 4201-4400 of 495020
2025-07-22 23:41:10,497 - INFO - Processed 4210 citations. Success rate: 95.0% (H:3914, M:87, F:209)
2025-07-22 23:41:11,206 - INFO - Processed 4220 citations. Success rate: 95.0% (H:3924, M:87, F:209)
2025-07-22 23:41:11,880 - INFO - Processed 4230 citations. Success rate: 95.1% (H:3934, M:87, F:209)
2025-07-22 23:41:12,637 - INFO - Processed 4240 citations. Success rate: 95.1% (H:3944, M:87, F:209)
2025-07-22 23:41:13,321 - INFO - Processed 4250 citations. Success rate: 95.1% (H:3954, M:87, F:209)
2025-07-22 23:41:14,025 - INFO - Processed 4260 citations. Success rate: 95.1% (H:3964, M:87, F:209)
2025-07-22 23:41:14,725 - INFO - Processed 4270 citations. Success rate: 95.1% (H:3974, M:87, F:209)
2025-07-22 23:41:15,411 - INFO - Processed 4280 citations. Success rate: 95.1% (H:3984, M:87, F:209)
2025-07-22 23:41:16,132 - INFO - Processed 4290 citations. Success rate: 95.1% (H:3994, M:87, F:209)
2025-07-22 23:41:16,981 - INFO - Processed 4300 citations. Success rate: 95.1% (H:4004, M:87, F:209)
2025-07-22 23:41:17,650 - INFO - Processed 4310 citations. Success rate: 95.2% (H:4014, M:87, F:209)
2025-07-22 23:41:18,394 - INFO - Processed 4320 citations. Success rate: 95.2% (H:4024, M:87, F:209)
2025-07-22 23:41:19,075 - INFO - Processed 4330 citations. Success rate: 95.2% (H:4034, M:87, F:209)
2025-07-22 23:41:19,807 - INFO - Processed 4340 citations. Success rate: 95.2% (H:4044, M:87, F:209)
2025-07-22 23:41:20,530 - INFO - Processed 4350 citations. Success rate: 95.2% (H:4054, M:87, F:209)
2025-07-22 23:41:21,283 - INFO - Processed 4360 citations. Success rate: 95.2% (H:4063, M:87, F:210)
2025-07-22 23:41:22,010 - INFO - Processed 4370 citations. Success rate: 95.2% (H:4073, M:87, F:210)
2025-07-22 23:41:22,700 - INFO - Processed 4380 citations. Success rate: 95.2% (H:4083, M:87, F:210)
2025-07-22 23:41:23,429 - INFO - Processed 4390 citations. Success rate: 95.2% (H:4093, M:87, F:210)
2025-07-22 23:41:24,135 - INFO - Processed 4400 citations. Success rate: 95.2% (H:4103, M:87, F:210)
2025-07-22 23:41:24,136 - INFO - Batch completed: 199/200 success (99.5%)
2025-07-22 23:41:24,136 - INFO - Processing batch 23: citations 4401-4600 of 495020
2025-07-22 23:41:25,181 - INFO - Processed 4410 citations. Success rate: 95.2% (H:4113, M:87, F:210)
2025-07-22 23:41:25,872 - INFO - Processed 4420 citations. Success rate: 95.2% (H:4122, M:88, F:210)
2025-07-22 23:41:26,573 - INFO - Processed 4430 citations. Success rate: 95.3% (H:4130, M:90, F:210)
2025-07-22 23:41:27,308 - INFO - Processed 4440 citations. Success rate: 95.3% (H:4140, M:90, F:210)
2025-07-22 23:41:27,995 - INFO - Processed 4450 citations. Success rate: 95.3% (H:4150, M:90, F:210)
2025-07-22 23:41:28,693 - INFO - Processed 4460 citations. Success rate: 95.3% (H:4160, M:90, F:210)
2025-07-22 23:41:29,481 - INFO - Processed 4470 citations. Success rate: 95.3% (H:4170, M:90, F:210)
2025-07-22 23:41:30,205 - INFO - Processed 4480 citations. Success rate: 95.3% (H:4180, M:90, F:210)
2025-07-22 23:41:30,940 - INFO - Processed 4490 citations. Success rate: 95.3% (H:4189, M:90, F:211)
2025-07-22 23:41:31,618 - INFO - Processed 4500 citations. Success rate: 95.3% (H:4199, M:90, F:211)
2025-07-22 23:41:32,338 - INFO - Processed 4510 citations. Success rate: 95.3% (H:4209, M:90, F:211)
2025-07-22 23:41:33,095 - INFO - Processed 4520 citations. Success rate: 95.3% (H:4219, M:90, F:211)
2025-07-22 23:41:33,774 - INFO - Processed 4530 citations. Success rate: 95.3% (H:4229, M:90, F:211)
2025-07-22 23:41:34,538 - INFO - Processed 4540 citations. Success rate: 95.4% (H:4239, M:90, F:211)
2025-07-22 23:41:35,207 - INFO - Processed 4550 citations. Success rate: 95.4% (H:4249, M:90, F:211)
2025-07-22 23:41:35,986 - INFO - Processed 4560 citations. Success rate: 95.4% (H:4259, M:90, F:211)
2025-07-22 23:41:36,640 - INFO - Processed 4570 citations. Success rate: 95.4% (H:4269, M:90, F:211)
2025-07-22 23:41:37,382 - INFO - Processed 4580 citations. Success rate: 95.4% (H:4279, M:90, F:211)
2025-07-22 23:41:38,089 - INFO - Processed 4590 citations. Success rate: 95.4% (H:4289, M:90, F:211)
2025-07-22 23:41:38,826 - INFO - Processed 4600 citations. Success rate: 95.4% (H:4299, M:90, F:211)
2025-07-22 23:41:38,826 - INFO - Batch completed: 199/200 success (99.5%)
2025-07-22 23:41:38,827 - INFO - Processing batch 24: citations 4601-4800 of 495020
2025-07-22 23:41:39,846 - INFO - Processed 4610 citations. Success rate: 95.4% (H:4309, M:90, F:211)
2025-07-22 23:41:40,542 - INFO - Processed 4620 citations. Success rate: 95.4% (H:4318, M:90, F:212)
2025-07-22 23:41:41,221 - INFO - Processed 4630 citations. Success rate: 95.4% (H:4327, M:90, F:213)
2025-07-22 23:41:41,996 - INFO - Processed 4640 citations. Success rate: 95.4% (H:4336, M:90, F:214)
2025-07-22 23:41:42,681 - INFO - Processed 4650 citations. Success rate: 95.4% (H:4346, M:90, F:214)
2025-07-22 23:41:43,399 - INFO - Processed 4660 citations. Success rate: 95.4% (H:4356, M:90, F:214)
2025-07-22 23:41:44,071 - INFO - Processed 4670 citations. Success rate: 95.4% (H:4366, M:90, F:214)
2025-07-22 23:41:44,784 - INFO - Processed 4680 citations. Success rate: 95.4% (H:4374, M:92, F:214)
2025-07-22 23:41:45,481 - INFO - Processed 4690 citations. Success rate: 95.4% (H:4384, M:92, F:214)
2025-07-22 23:41:46,196 - INFO - Processed 4700 citations. Success rate: 95.4% (H:4394, M:92, F:214)
2025-07-22 23:41:46,943 - INFO - Processed 4710 citations. Success rate: 95.4% (H:4403, M:92, F:215)
2025-07-22 23:41:47,649 - INFO - Processed 4720 citations. Success rate: 95.4% (H:4413, M:92, F:215)
2025-07-22 23:41:48,403 - INFO - Processed 4730 citations. Success rate: 95.5% (H:4423, M:92, F:215)
2025-07-22 23:41:49,097 - INFO - Processed 4740 citations. Success rate: 95.5% (H:4433, M:92, F:215)
2025-07-22 23:41:49,834 - INFO - Processed 4750 citations. Success rate: 95.5% (H:4443, M:92, F:215)
2025-07-22 23:41:50,560 - INFO - Processed 4760 citations. Success rate: 95.5% (H:4452, M:93, F:215)
2025-07-22 23:41:51,292 - INFO - Processed 4770 citations. Success rate: 95.5% (H:4461, M:94, F:215)
2025-07-22 23:41:52,099 - INFO - Processed 4780 citations. Success rate: 95.5% (H:4470, M:95, F:215)
2025-07-22 23:41:52,779 - INFO - Processed 4790 citations. Success rate: 95.5% (H:4477, M:98, F:215)
2025-07-22 23:41:53,476 - INFO - Processed 4800 citations. Success rate: 95.5% (H:4485, M:99, F:216)
2025-07-22 23:41:53,476 - INFO - Batch completed: 195/200 success (97.5%)
2025-07-22 23:41:53,476 - INFO - Processing batch 25: citations 4801-5000 of 495020
2025-07-22 23:41:54,489 - INFO - Processed 4810 citations. Success rate: 95.5% (H:4493, M:100, F:217)
2025-07-22 23:41:55,241 - INFO - Processed 4820 citations. Success rate: 95.5% (H:4502, M:100, F:218)
2025-07-22 23:41:55,911 - INFO - Processed 4830 citations. Success rate: 95.5% (H:4512, M:100, F:218)
2025-07-22 23:41:56,633 - INFO - Processed 4840 citations. Success rate: 95.4% (H:4519, M:100, F:221)
2025-07-22 23:41:57,317 - INFO - Processed 4850 citations. Success rate: 95.4% (H:4528, M:100, F:222)
2025-07-22 23:41:58,031 - INFO - Processed 4860 citations. Success rate: 95.4% (H:4537, M:100, F:223)
2025-07-22 23:41:58,802 - INFO - Processed 4870 citations. Success rate: 95.4% (H:4545, M:100, F:225)
2025-07-22 23:41:59,424 - INFO - Processed 4880 citations. Success rate: 95.3% (H:4550, M:100, F:230)
2025-07-22 23:42:00,245 - INFO - Processed 4890 citations. Success rate: 95.3% (H:4558, M:100, F:232)
2025-07-22 23:42:01,031 - INFO - Processed 4900 citations. Success rate: 95.2% (H:4566, M:100, F:234)
2025-07-22 23:42:01,671 - INFO - Processed 4910 citations. Success rate: 95.2% (H:4576, M:100, F:234)
2025-07-22 23:42:02,435 - INFO - Processed 4920 citations. Success rate: 95.2% (H:4586, M:100, F:234)
2025-07-22 23:42:03,122 - INFO - Processed 4930 citations. Success rate: 95.3% (H:4596, M:100, F:234)
2025-07-22 23:42:03,846 - INFO - Processed 4940 citations. Success rate: 95.3% (H:4606, M:100, F:234)
2025-07-22 23:42:04,536 - INFO - Processed 4950 citations. Success rate: 95.3% (H:4616, M:100, F:234)
2025-07-22 23:42:05,269 - INFO - Processed 4960 citations. Success rate: 95.3% (H:4626, M:100, F:234)
2025-07-22 23:42:05,953 - INFO - Processed 4970 citations. Success rate: 95.3% (H:4636, M:100, F:234)
2025-07-22 23:42:06,694 - INFO - Processed 4980 citations. Success rate: 95.3% (H:4646, M:100, F:234)
2025-07-22 23:42:07,405 - INFO - Processed 4990 citations. Success rate: 95.3% (H:4656, M:100, F:234)
2025-07-22 23:42:08,073 - INFO - Processed 5000 citations. Success rate: 95.3% (H:4666, M:100, F:234)
2025-07-22 23:42:08,074 - INFO - Batch completed: 182/200 success (91.0%)
2025-07-22 23:42:08,074 - INFO - Processing batch 26: citations 5001-5200 of 495020
2025-07-22 23:42:09,049 - INFO - Processed 5010 citations. Success rate: 95.3% (H:4676, M:100, F:234)
2025-07-22 23:42:09,884 - INFO - Processed 5020 citations. Success rate: 95.3% (H:4686, M:100, F:234)
2025-07-22 23:42:10,514 - INFO - Processed 5030 citations. Success rate: 95.3% (H:4695, M:101, F:234)
2025-07-22 23:42:11,234 - INFO - Processed 5040 citations. Success rate: 95.4% (H:4705, M:101, F:234)
2025-07-22 23:42:11,981 - INFO - Processed 5050 citations. Success rate: 95.4% (H:4715, M:101, F:234)
2025-07-22 23:42:12,681 - INFO - Processed 5060 citations. Success rate: 95.4% (H:4725, M:101, F:234)
2025-07-22 23:42:13,362 - INFO - Processed 5070 citations. Success rate: 95.4% (H:4735, M:101, F:234)
2025-07-22 23:42:14,050 - INFO - Processed 5080 citations. Success rate: 95.4% (H:4744, M:102, F:234)
2025-07-22 23:42:14,826 - INFO - Processed 5090 citations. Success rate: 95.4% (H:4754, M:102, F:234)
2025-07-22 23:42:15,482 - INFO - Processed 5100 citations. Success rate: 95.4% (H:4764, M:102, F:234)
2025-07-22 23:42:16,230 - INFO - Processed 5110 citations. Success rate: 95.4% (H:4774, M:102, F:234)
2025-07-22 23:42:16,970 - INFO - Processed 5120 citations. Success rate: 95.4% (H:4783, M:103, F:234)
2025-07-22 23:42:17,652 - INFO - Processed 5130 citations. Success rate: 95.4% (H:4792, M:104, F:234)
2025-07-22 23:42:18,351 - INFO - Processed 5140 citations. Success rate: 95.4% (H:4802, M:104, F:234)
2025-07-22 23:42:19,061 - INFO - Processed 5150 citations. Success rate: 95.5% (H:4812, M:104, F:234)
2025-07-22 23:42:19,791 - INFO - Processed 5160 citations. Success rate: 95.5% (H:4822, M:104, F:234)
2025-07-22 23:42:20,420 - INFO - Processed 5170 citations. Success rate: 95.5% (H:4831, M:104, F:235)
2025-07-22 23:42:21,171 - INFO - Processed 5180 citations. Success rate: 95.5% (H:4841, M:104, F:235)
2025-07-22 23:42:21,943 - INFO - Processed 5190 citations. Success rate: 95.5% (H:4850, M:104, F:236)
2025-07-22 23:42:22,622 - INFO - Processed 5200 citations. Success rate: 95.5% (H:4860, M:104, F:236)
2025-07-22 23:42:22,622 - INFO - Batch completed: 198/200 success (99.0%)
2025-07-22 23:42:22,623 - INFO - Processing batch 27: citations 5201-5400 of 495020
2025-07-22 23:42:23,642 - INFO - Processed 5210 citations. Success rate: 95.5% (H:4870, M:104, F:236)
2025-07-22 23:42:24,379 - INFO - Processed 5220 citations. Success rate: 95.5% (H:4880, M:104, F:236)
2025-07-22 23:42:25,133 - INFO - Processed 5230 citations. Success rate: 95.5% (H:4890, M:104, F:236)
2025-07-22 23:42:25,824 - INFO - Processed 5240 citations. Success rate: 95.5% (H:4900, M:104, F:236)
2025-07-22 23:42:26,541 - INFO - Processed 5250 citations. Success rate: 95.5% (H:4910, M:104, F:236)
2025-07-22 23:42:27,303 - INFO - Processed 5260 citations. Success rate: 95.5% (H:4920, M:104, F:236)
2025-07-22 23:42:27,963 - INFO - Processed 5270 citations. Success rate: 95.5% (H:4930, M:104, F:236)
2025-07-22 23:42:28,717 - INFO - Processed 5280 citations. Success rate: 95.5% (H:4940, M:104, F:236)
2025-07-22 23:42:29,460 - INFO - Processed 5290 citations. Success rate: 95.5% (H:4949, M:104, F:237)
2025-07-22 23:42:30,263 - INFO - Processed 5300 citations. Success rate: 95.5% (H:4958, M:104, F:238)
2025-07-22 23:42:30,975 - INFO - Processed 5310 citations. Success rate: 95.5% (H:4967, M:104, F:239)
2025-07-22 23:42:31,689 - INFO - Processed 5320 citations. Success rate: 95.5% (H:4977, M:104, F:239)
2025-07-22 23:42:32,469 - INFO - Processed 5330 citations. Success rate: 95.5% (H:4987, M:104, F:239)
2025-07-22 23:42:33,092 - INFO - Processed 5340 citations. Success rate: 95.5% (H:4997, M:104, F:239)
2025-07-22 23:42:33,883 - INFO - Processed 5350 citations. Success rate: 95.5% (H:5007, M:104, F:239)
2025-07-22 23:42:34,656 - INFO - Processed 5360 citations. Success rate: 95.5% (H:5017, M:104, F:239)
2025-07-22 23:42:35,321 - INFO - Processed 5370 citations. Success rate: 95.5% (H:5027, M:104, F:239)
2025-07-22 23:42:36,054 - INFO - Processed 5380 citations. Success rate: 95.6% (H:5037, M:104, F:239)
2025-07-22 23:42:36,766 - INFO - Processed 5390 citations. Success rate: 95.6% (H:5047, M:104, F:239)
2025-07-22 23:42:37,461 - INFO - Processed 5400 citations. Success rate: 95.6% (H:5057, M:104, F:239)
2025-07-22 23:42:37,462 - INFO - Batch completed: 197/200 success (98.5%)
2025-07-22 23:42:37,462 - INFO - Processing batch 28: citations 5401-5600 of 495020
2025-07-22 23:42:38,477 - INFO - Processed 5410 citations. Success rate: 95.6% (H:5066, M:105, F:239)
2025-07-22 23:42:39,191 - INFO - Processed 5420 citations. Success rate: 95.6% (H:5074, M:107, F:239)
2025-07-22 23:42:39,852 - INFO - Processed 5430 citations. Success rate: 95.6% (H:5081, M:109, F:240)
2025-07-22 23:42:40,596 - INFO - Processed 5440 citations. Success rate: 95.6% (H:5089, M:110, F:241)
2025-07-22 23:42:41,315 - INFO - Processed 5450 citations. Success rate: 95.6% (H:5099, M:110, F:241)
2025-07-22 23:42:42,006 - INFO - Processed 5460 citations. Success rate: 95.6% (H:5109, M:110, F:241)
2025-07-22 23:42:42,720 - INFO - Processed 5470 citations. Success rate: 95.6% (H:5119, M:110, F:241)
2025-07-22 23:42:43,385 - INFO - Processed 5480 citations. Success rate: 95.6% (H:5129, M:110, F:241)
2025-07-22 23:42:44,111 - INFO - Processed 5490 citations. Success rate: 95.6% (H:5137, M:112, F:241)
2025-07-22 23:42:44,845 - INFO - Processed 5500 citations. Success rate: 95.6% (H:5147, M:112, F:241)
2025-07-22 23:42:45,501 - INFO - Processed 5510 citations. Success rate: 95.6% (H:5156, M:113, F:241)
2025-07-22 23:42:46,235 - INFO - Processed 5520 citations. Success rate: 95.6% (H:5165, M:114, F:241)
2025-07-22 23:42:46,973 - INFO - Processed 5530 citations. Success rate: 95.6% (H:5175, M:114, F:241)
2025-07-22 23:42:47,735 - INFO - Processed 5540 citations. Success rate: 95.6% (H:5185, M:114, F:241)
2025-07-22 23:42:48,455 - INFO - Processed 5550 citations. Success rate: 95.7% (H:5195, M:114, F:241)
2025-07-22 23:42:49,166 - INFO - Processed 5560 citations. Success rate: 95.7% (H:5205, M:114, F:241)
2025-07-22 23:42:49,856 - INFO - Processed 5570 citations. Success rate: 95.7% (H:5215, M:114, F:241)
2025-07-22 23:42:50,546 - INFO - Processed 5580 citations. Success rate: 95.7% (H:5225, M:114, F:241)
2025-07-22 23:42:51,243 - INFO - Processed 5590 citations. Success rate: 95.7% (H:5234, M:115, F:241)
2025-07-22 23:42:51,951 - INFO - Processed 5600 citations. Success rate: 95.7% (H:5244, M:115, F:241)
2025-07-22 23:42:51,952 - INFO - Batch completed: 198/200 success (99.0%)
2025-07-22 23:42:51,952 - INFO - Processing batch 29: citations 5601-5800 of 495020
2025-07-22 23:42:53,015 - INFO - Processed 5610 citations. Success rate: 95.7% (H:5254, M:115, F:241)
2025-07-22 23:42:53,743 - INFO - Processed 5620 citations. Success rate: 95.7% (H:5264, M:115, F:241)
2025-07-22 23:42:54,515 - INFO - Processed 5630 citations. Success rate: 95.7% (H:5274, M:115, F:241)
2025-07-22 23:42:55,185 - INFO - Processed 5640 citations. Success rate: 95.7% (H:5284, M:115, F:241)
2025-07-22 23:42:55,925 - INFO - Processed 5650 citations. Success rate: 95.7% (H:5294, M:115, F:241)
2025-07-22 23:42:56,619 - INFO - Processed 5660 citations. Success rate: 95.7% (H:5304, M:115, F:241)
2025-07-22 23:42:57,306 - INFO - Processed 5670 citations. Success rate: 95.7% (H:5314, M:115, F:241)
2025-07-22 23:42:58,155 - INFO - Processed 5680 citations. Success rate: 95.8% (H:5324, M:115, F:241)
2025-07-22 23:42:58,849 - INFO - Processed 5690 citations. Success rate: 95.8% (H:5332, M:117, F:241)
2025-07-22 23:42:59,562 - INFO - Processed 5700 citations. Success rate: 95.8% (H:5338, M:121, F:241)
2025-07-22 23:43:00,273 - INFO - Processed 5710 citations. Success rate: 95.8% (H:5347, M:122, F:241)
2025-07-22 23:43:01,021 - INFO - Processed 5720 citations. Success rate: 95.8% (H:5357, M:122, F:241)
2025-07-22 23:43:01,753 - INFO - Processed 5730 citations. Success rate: 95.8% (H:5367, M:122, F:241)
2025-07-22 23:43:02,485 - INFO - Processed 5740 citations. Success rate: 95.8% (H:5377, M:122, F:241)
2025-07-22 23:43:03,177 - INFO - Processed 5750 citations. Success rate: 95.8% (H:5387, M:122, F:241)
2025-07-22 23:43:03,908 - INFO - Processed 5760 citations. Success rate: 95.8% (H:5396, M:123, F:241)
2025-07-22 23:43:04,640 - INFO - Processed 5770 citations. Success rate: 95.8% (H:5406, M:123, F:241)
2025-07-22 23:43:05,364 - INFO - Processed 5780 citations. Success rate: 95.8% (H:5415, M:124, F:241)
2025-07-22 23:43:06,065 - INFO - Processed 5790 citations. Success rate: 95.8% (H:5425, M:124, F:241)
2025-07-22 23:43:06,818 - INFO - Processed 5800 citations. Success rate: 95.8% (H:5435, M:124, F:241)
2025-07-22 23:43:06,818 - INFO - Batch completed: 200/200 success (100.0%)
2025-07-22 23:43:06,818 - INFO - Processing batch 30: citations 5801-6000 of 495020
2025-07-22 23:43:07,906 - INFO - Processed 5810 citations. Success rate: 95.9% (H:5445, M:124, F:241)
2025-07-22 23:43:08,633 - INFO - Processed 5820 citations. Success rate: 95.9% (H:5455, M:124, F:241)
2025-07-22 23:43:09,281 - INFO - Processed 5830 citations. Success rate: 95.8% (H:5464, M:124, F:242)
2025-07-22 23:43:09,998 - INFO - Processed 5840 citations. Success rate: 95.8% (H:5472, M:124, F:244)
2025-07-22 23:43:10,714 - INFO - Processed 5850 citations. Success rate: 95.8% (H:5482, M:124, F:244)
2025-07-22 23:43:11,483 - INFO - Processed 5860 citations. Success rate: 95.8% (H:5492, M:124, F:244)
2025-07-22 23:43:12,147 - INFO - Processed 5870 citations. Success rate: 95.8% (H:5502, M:124, F:244)
2025-07-22 23:43:12,884 - INFO - Processed 5880 citations. Success rate: 95.8% (H:5511, M:124, F:245)
2025-07-22 23:43:13,669 - INFO - Processed 5890 citations. Success rate: 95.8% (H:5521, M:124, F:245)
2025-07-22 23:43:14,337 - INFO - Processed 5900 citations. Success rate: 95.8% (H:5531, M:124, F:245)
2025-07-22 23:43:15,098 - INFO - Processed 5910 citations. Success rate: 95.8% (H:5539, M:124, F:247)
2025-07-22 23:43:15,787 - INFO - Processed 5920 citations. Success rate: 95.8% (H:5545, M:124, F:251)
2025-07-22 23:43:16,481 - INFO - Processed 5930 citations. Success rate: 95.7% (H:5552, M:125, F:253)
2025-07-22 23:43:17,170 - INFO - Processed 5940 citations. Success rate: 95.7% (H:5560, M:126, F:254)
2025-07-22 23:43:17,932 - INFO - Processed 5950 citations. Success rate: 95.7% (H:5568, M:127, F:255)
2025-07-22 23:43:18,620 - INFO - Processed 5960 citations. Success rate: 95.7% (H:5578, M:127, F:255)
2025-07-22 23:43:19,302 - INFO - Processed 5970 citations. Success rate: 95.7% (H:5588, M:127, F:255)
2025-07-22 23:43:20,079 - INFO - Processed 5980 citations. Success rate: 95.7% (H:5596, M:127, F:257)
2025-07-22 23:43:20,771 - INFO - Processed 5990 citations. Success rate: 95.7% (H:5606, M:127, F:257)
2025-07-22 23:43:21,455 - INFO - Processed 6000 citations. Success rate: 95.7% (H:5614, M:127, F:259)
2025-07-22 23:43:21,456 - INFO - Batch completed: 182/200 success (91.0%)
2025-07-22 23:43:21,456 - INFO - Processing batch 31: citations 6001-6200 of 495020
2025-07-22 23:43:22,518 - INFO - Processed 6010 citations. Success rate: 95.6% (H:5621, M:127, F:262)
2025-07-22 23:43:23,309 - INFO - Processed 6020 citations. Success rate: 95.6% (H:5630, M:127, F:263)
2025-07-22 23:43:23,965 - INFO - Processed 6030 citations. Success rate: 95.6% (H:5640, M:127, F:263)
2025-07-22 23:43:24,709 - INFO - Processed 6040 citations. Success rate: 95.6% (H:5650, M:127, F:263)
2025-07-22 23:43:25,430 - INFO - Processed 6050 citations. Success rate: 95.6% (H:5659, M:127, F:264)
2025-07-22 23:43:26,174 - INFO - Processed 6060 citations. Success rate: 95.6% (H:5667, M:127, F:266)
2025-07-22 23:43:26,898 - INFO - Processed 6070 citations. Success rate: 95.6% (H:5677, M:127, F:266)
2025-07-22 23:43:27,569 - INFO - Processed 6080 citations. Success rate: 95.6% (H:5687, M:127, F:266)
2025-07-22 23:43:28,289 - INFO - Processed 6090 citations. Success rate: 95.6% (H:5691, M:132, F:267)
2025-07-22 23:43:29,013 - INFO - Processed 6100 citations. Success rate: 95.6% (H:5699, M:134, F:267)
2025-07-22 23:43:29,728 - INFO - Processed 6110 citations. Success rate: 95.6% (H:5709, M:134, F:267)
2025-07-22 23:43:30,461 - INFO - Processed 6120 citations. Success rate: 95.6% (H:5719, M:134, F:267)
2025-07-22 23:43:31,204 - INFO - Processed 6130 citations. Success rate: 95.6% (H:5729, M:134, F:267)
2025-07-22 23:43:32,018 - INFO - Processed 6140 citations. Success rate: 95.7% (H:5739, M:134, F:267)
2025-07-22 23:43:32,669 - INFO - Processed 6150 citations. Success rate: 95.7% (H:5749, M:134, F:267)
2025-07-22 23:43:33,457 - INFO - Processed 6160 citations. Success rate: 95.7% (H:5759, M:134, F:267)
2025-07-22 23:43:34,083 - INFO - Processed 6170 citations. Success rate: 95.6% (H:5767, M:134, F:269)
2025-07-22 23:43:34,836 - INFO - Processed 6180 citations. Success rate: 95.6% (H:5777, M:134, F:269)
2025-07-22 23:43:35,611 - INFO - Processed 6190 citations. Success rate: 95.7% (H:5787, M:134, F:269)
2025-07-22 23:43:36,318 - INFO - Processed 6200 citations. Success rate: 95.6% (H:5795, M:134, F:271)
2025-07-22 23:43:36,319 - INFO - Batch completed: 188/200 success (94.0%)
2025-07-22 23:43:36,319 - INFO - Processing batch 32: citations 6201-6400 of 495020
2025-07-22 23:43:37,398 - INFO - Processed 6210 citations. Success rate: 95.6% (H:5805, M:134, F:271)
2025-07-22 23:43:38,123 - INFO - Processed 6220 citations. Success rate: 95.6% (H:5815, M:134, F:271)
2025-07-22 23:43:38,880 - INFO - Processed 6230 citations. Success rate: 95.7% (H:5825, M:134, F:271)
2025-07-22 23:43:39,529 - INFO - Processed 6240 citations. Success rate: 95.7% (H:5835, M:134, F:271)
2025-07-22 23:43:40,316 - INFO - Processed 6250 citations. Success rate: 95.7% (H:5845, M:134, F:271)
2025-07-22 23:43:41,012 - INFO - Processed 6260 citations. Success rate: 95.7% (H:5855, M:134, F:271)
2025-07-22 23:43:41,786 - INFO - Processed 6270 citations. Success rate: 95.7% (H:5865, M:134, F:271)
2025-07-22 23:43:42,488 - INFO - Processed 6280 citations. Success rate: 95.7% (H:5875, M:134, F:271)
2025-07-22 23:43:43,164 - INFO - Processed 6290 citations. Success rate: 95.7% (H:5885, M:134, F:271)
2025-07-22 23:43:43,957 - INFO - Processed 6300 citations. Success rate: 95.7% (H:5895, M:134, F:271)
2025-07-22 23:43:44,698 - INFO - Processed 6310 citations. Success rate: 95.7% (H:5905, M:134, F:271)
2025-07-22 23:43:45,403 - INFO - Processed 6320 citations. Success rate: 95.7% (H:5915, M:134, F:271)
2025-07-22 23:43:46,071 - INFO - Processed 6330 citations. Success rate: 95.7% (H:5925, M:134, F:271)
2025-07-22 23:43:46,819 - INFO - Processed 6340 citations. Success rate: 95.7% (H:5935, M:134, F:271)
2025-07-22 23:43:47,491 - INFO - Processed 6350 citations. Success rate: 95.7% (H:5945, M:134, F:271)
2025-07-22 23:43:48,208 - INFO - Processed 6360 citations. Success rate: 95.7% (H:5955, M:134, F:271)
2025-07-22 23:43:48,906 - INFO - Processed 6370 citations. Success rate: 95.7% (H:5964, M:134, F:272)
2025-07-22 23:43:49,634 - INFO - Processed 6380 citations. Success rate: 95.7% (H:5974, M:134, F:272)
2025-07-22 23:43:50,385 - INFO - Processed 6390 citations. Success rate: 95.7% (H:5984, M:134, F:272)
2025-07-22 23:43:51,077 - INFO - Processed 6400 citations. Success rate: 95.8% (H:5994, M:134, F:272)
2025-07-22 23:43:51,078 - INFO - Batch completed: 199/200 success (99.5%)
2025-07-22 23:43:51,078 - INFO - Processing batch 33: citations 6401-6600 of 495020
2025-07-22 23:43:52,135 - INFO - Processed 6410 citations. Success rate: 95.8% (H:6003, M:135, F:272)
2025-07-22 23:43:52,822 - INFO - Processed 6420 citations. Success rate: 95.8% (H:6013, M:135, F:272)
2025-07-22 23:43:53,527 - INFO - Processed 6430 citations. Success rate: 95.8% (H:6023, M:135, F:272)
2025-07-22 23:43:54,242 - INFO - Processed 6440 citations. Success rate: 95.8% (H:6033, M:135, F:272)
2025-07-22 23:43:54,958 - INFO - Processed 6450 citations. Success rate: 95.8% (H:6043, M:135, F:272)
2025-07-22 23:43:55,677 - INFO - Processed 6460 citations. Success rate: 95.8% (H:6053, M:135, F:272)
2025-07-22 23:43:56,423 - INFO - Processed 6470 citations. Success rate: 95.8% (H:6063, M:135, F:272)
2025-07-22 23:43:57,081 - INFO - Processed 6480 citations. Success rate: 95.8% (H:6073, M:135, F:272)
2025-07-22 23:43:57,790 - INFO - Processed 6490 citations. Success rate: 95.8% (H:6083, M:135, F:272)
2025-07-22 23:43:58,497 - INFO - Processed 6500 citations. Success rate: 95.8% (H:6093, M:135, F:272)
2025-07-22 23:43:59,175 - INFO - Processed 6510 citations. Success rate: 95.8% (H:6103, M:135, F:272)
2025-07-22 23:43:59,886 - INFO - Processed 6520 citations. Success rate: 95.8% (H:6113, M:135, F:272)
