2025-07-21 11:49:44,219 - INFO - 🚗 Starting Production Citation GPS Processing
2025-07-21 11:49:44,219 - INFO - ============================================================
2025-07-21 11:49:44,219 - INFO - Loading citations from file: temp_citations_for_geocoding.csv
2025-07-21 11:49:45,510 - INFO - ✅ Loaded 96401 citations from file
2025-07-21 11:49:45,511 - INFO - Processing 96401 citations in batches of 50
2025-07-21 11:49:45,511 - INFO - Processing batch 1: citations 1-50 of 96401
2025-07-21 11:49:57,279 - INFO - Processed 10 citations. Success rate: 80.0% (H:8, M:0, F:2)
2025-07-21 11:50:11,292 - INFO - Processed 20 citations. Success rate: 90.0% (H:18, M:0, F:2)
2025-07-21 11:50:26,530 - INFO - Processed 30 citations. Success rate: 90.0% (H:27, M:0, F:3)
2025-07-21 11:50:37,075 - INFO - Processed 40 citations. Success rate: 92.5% (H:37, M:0, F:3)
2025-07-21 11:50:47,220 - INFO - Processed 50 citations. Success rate: 94.0% (H:47, M:0, F:3)
2025-07-21 11:50:47,221 - INFO - Batch completed: 47/50 success (94.0%)
2025-07-21 11:50:47,221 - INFO - Processing batch 2: citations 51-100 of 96401
2025-07-21 11:51:02,774 - INFO - Processed 60 citations. Success rate: 91.7% (H:55, M:0, F:5)
2025-07-21 11:51:15,861 - INFO - Processed 70 citations. Success rate: 91.4% (H:64, M:0, F:6)
2025-07-21 11:51:25,828 - INFO - Processed 80 citations. Success rate: 92.5% (H:74, M:0, F:6)
2025-07-21 11:51:36,368 - INFO - Processed 90 citations. Success rate: 93.3% (H:84, M:0, F:6)
2025-07-21 11:51:49,864 - INFO - Processed 100 citations. Success rate: 94.0% (H:94, M:0, F:6)
2025-07-21 11:51:49,865 - INFO - Batch completed: 47/50 success (94.0%)
2025-07-21 11:51:49,865 - INFO - Processing batch 3: citations 101-150 of 96401
2025-07-21 11:51:59,697 - INFO - Processed 110 citations. Success rate: 94.5% (H:104, M:0, F:6)
2025-07-21 11:52:12,363 - INFO - Processed 120 citations. Success rate: 95.0% (H:114, M:0, F:6)
2025-07-21 11:52:23,292 - INFO - Processed 130 citations. Success rate: 95.4% (H:124, M:0, F:6)
2025-07-21 11:52:34,199 - INFO - Processed 140 citations. Success rate: 95.0% (H:133, M:0, F:7)
2025-07-21 11:52:46,686 - INFO - Processed 150 citations. Success rate: 95.3% (H:143, M:0, F:7)
2025-07-21 11:52:46,686 - INFO - Batch completed: 49/50 success (98.0%)
2025-07-21 11:52:46,686 - INFO - Processing batch 4: citations 151-200 of 96401
2025-07-21 11:52:58,804 - INFO - Processed 160 citations. Success rate: 95.6% (H:153, M:0, F:7)
2025-07-21 11:53:08,201 - INFO - Processed 170 citations. Success rate: 95.9% (H:163, M:0, F:7)
2025-07-21 11:53:24,117 - INFO - Processed 180 citations. Success rate: 96.1% (H:173, M:0, F:7)
2025-07-21 11:53:34,425 - WARNING - Retrying (Retry(total=1, connect=None, read=None, redirect=None, status=None)) after connection broken by 'ReadTimeoutError("HTTPSConnectionPool(host='nominatim.openstreetmap.org', port=443): Read timed out. (read timeout=10)")': /search?q=2635+23RD+ST%2C+San+Francisco%2C+CA&format=json&limit=1
2025-07-21 11:53:42,457 - INFO - Processed 190 citations. Success rate: 95.8% (H:182, M:0, F:8)
2025-07-21 11:53:52,871 - INFO - Processed 200 citations. Success rate: 96.0% (H:190, M:2, F:8)
2025-07-21 11:53:52,878 - INFO - Batch completed: 49/50 success (98.0%)
2025-07-21 11:53:52,878 - INFO - Processing batch 5: citations 201-250 of 96401
2025-07-21 11:54:05,950 - INFO - Processed 210 citations. Success rate: 96.2% (H:200, M:2, F:8)
2025-07-21 11:54:16,917 - INFO - Processed 220 citations. Success rate: 95.5% (H:208, M:2, F:10)
2025-07-21 11:54:27,935 - INFO - Processed 230 citations. Success rate: 94.8% (H:216, M:2, F:12)
2025-07-21 11:54:40,194 - INFO - Processed 240 citations. Success rate: 91.7% (H:218, M:2, F:20)
2025-07-21 11:54:50,636 - INFO - Processed 250 citations. Success rate: 92.0% (H:227, M:3, F:20)
2025-07-21 11:54:50,637 - INFO - Batch completed: 38/50 success (76.0%)
2025-07-21 11:54:50,637 - INFO - Processing batch 6: citations 251-300 of 96401
2025-07-21 11:55:01,451 - INFO - Processed 260 citations. Success rate: 91.9% (H:236, M:3, F:21)
2025-07-21 11:55:11,379 - INFO - Processed 270 citations. Success rate: 92.2% (H:246, M:3, F:21)
2025-07-21 11:55:23,334 - INFO - Processed 280 citations. Success rate: 92.5% (H:256, M:3, F:21)
2025-07-21 11:55:39,111 - INFO - Processed 290 citations. Success rate: 92.8% (H:266, M:3, F:21)
2025-07-21 11:55:49,264 - INFO - Processed 300 citations. Success rate: 93.0% (H:275, M:4, F:21)
2025-07-21 11:55:49,265 - INFO - Batch completed: 49/50 success (98.0%)
2025-07-21 11:55:49,265 - INFO - Processing batch 7: citations 301-350 of 96401
2025-07-21 11:55:59,407 - INFO - Processed 310 citations. Success rate: 93.2% (H:285, M:4, F:21)
2025-07-21 11:56:09,235 - INFO - Processed 320 citations. Success rate: 93.4% (H:293, M:6, F:21)
2025-07-21 11:56:20,699 - INFO - Processed 330 citations. Success rate: 93.6% (H:303, M:6, F:21)
2025-07-21 11:56:32,886 - INFO - Processed 340 citations. Success rate: 93.8% (H:313, M:6, F:21)
2025-07-21 11:56:46,837 - INFO - Processed 350 citations. Success rate: 94.0% (H:323, M:6, F:21)
2025-07-21 11:56:46,838 - INFO - Batch completed: 50/50 success (100.0%)
2025-07-21 11:56:46,838 - INFO - Processing batch 8: citations 351-400 of 96401
2025-07-21 11:56:59,105 - INFO - Processed 360 citations. Success rate: 94.2% (H:333, M:6, F:21)
2025-07-21 11:57:10,040 - INFO - Processed 370 citations. Success rate: 94.3% (H:343, M:6, F:21)
2025-07-21 11:57:19,446 - INFO - Processed 380 citations. Success rate: 94.5% (H:353, M:6, F:21)
2025-07-21 11:57:29,828 - INFO - Processed 390 citations. Success rate: 94.6% (H:363, M:6, F:21)
2025-07-21 11:57:42,692 - INFO - Processed 400 citations. Success rate: 94.8% (H:373, M:6, F:21)
2025-07-21 11:57:42,693 - INFO - Batch completed: 50/50 success (100.0%)
2025-07-21 11:57:42,693 - INFO - Processing batch 9: citations 401-450 of 96401
2025-07-21 11:57:53,228 - INFO - Processed 410 citations. Success rate: 94.9% (H:383, M:6, F:21)
2025-07-21 11:58:04,693 - INFO - Processed 420 citations. Success rate: 95.0% (H:393, M:6, F:21)
2025-07-21 11:58:13,313 - INFO - Processed 430 citations. Success rate: 94.9% (H:402, M:6, F:22)
2025-07-21 11:58:24,431 - INFO - Processed 440 citations. Success rate: 95.0% (H:412, M:6, F:22)
2025-07-21 11:58:35,870 - INFO - Processed 450 citations. Success rate: 94.7% (H:420, M:6, F:24)
2025-07-21 11:58:35,871 - INFO - Batch completed: 47/50 success (94.0%)
2025-07-21 11:58:35,871 - INFO - Processing batch 10: citations 451-500 of 96401
2025-07-21 11:58:46,517 - INFO - Processed 460 citations. Success rate: 94.8% (H:430, M:6, F:24)
2025-07-21 11:58:56,635 - INFO - Processed 470 citations. Success rate: 94.3% (H:437, M:6, F:27)
2025-07-21 11:59:06,386 - INFO - Processed 480 citations. Success rate: 94.0% (H:445, M:6, F:29)
2025-07-21 11:59:16,628 - INFO - Processed 490 citations. Success rate: 93.7% (H:453, M:6, F:31)
2025-07-21 11:59:25,508 - INFO - Processed 500 citations. Success rate: 93.6% (H:462, M:6, F:32)
2025-07-21 11:59:25,508 - INFO - Batch completed: 42/50 success (84.0%)
2025-07-21 11:59:25,508 - INFO - Processing batch 11: citations 501-550 of 96401
