2025-07-23 00:07:39,337 - INFO - 🚗 Starting Production Citation GPS Processing
2025-07-23 00:07:39,337 - INFO - ============================================================
2025-07-23 00:07:39,337 - INFO - Loading citations from file: temp_citations_for_geocoding.csv
2025-07-23 00:07:46,237 - INFO - ✅ Loaded 493064 citations from file
2025-07-23 00:07:46,239 - INFO - Processing 493064 citations in batches of 200
2025-07-23 00:07:46,239 - INFO - Processing batch 1: citations 1-200 of 493064
2025-07-23 00:07:47,139 - INFO - Processed 10 citations. Success rate: 90.0% (H:9, M:0, F:1)
2025-07-23 00:07:47,813 - INFO - Processed 20 citations. Success rate: 95.0% (H:19, M:0, F:1)
2025-07-23 00:07:48,546 - INFO - Processed 30 citations. Success rate: 96.7% (H:29, M:0, F:1)
2025-07-23 00:07:48,872 - INFO - Processed 40 citations. Success rate: 97.5% (H:39, M:0, F:1)
2025-07-23 00:07:49,299 - INFO - Processed 50 citations. Success rate: 98.0% (H:48, M:1, F:1)
2025-07-23 00:07:49,829 - INFO - Processed 60 citations. Success rate: 98.3% (H:58, M:1, F:1)
2025-07-23 00:07:50,369 - INFO - Processed 70 citations. Success rate: 97.1% (H:67, M:1, F:2)
2025-07-23 00:07:50,924 - INFO - Processed 80 citations. Success rate: 97.5% (H:77, M:1, F:2)
2025-07-23 00:07:51,444 - INFO - Processed 90 citations. Success rate: 97.8% (H:86, M:2, F:2)
2025-07-23 00:07:51,990 - INFO - Processed 100 citations. Success rate: 98.0% (H:96, M:2, F:2)
2025-07-23 00:07:52,513 - INFO - Processed 110 citations. Success rate: 98.2% (H:106, M:2, F:2)
2025-07-23 00:07:53,054 - INFO - Processed 120 citations. Success rate: 98.3% (H:116, M:2, F:2)
2025-07-23 00:07:53,585 - INFO - Processed 130 citations. Success rate: 98.5% (H:126, M:2, F:2)
2025-07-23 00:07:54,137 - INFO - Processed 140 citations. Success rate: 98.6% (H:136, M:2, F:2)
2025-07-23 00:07:54,649 - INFO - Processed 150 citations. Success rate: 98.7% (H:146, M:2, F:2)
2025-07-23 00:07:55,194 - INFO - Processed 160 citations. Success rate: 98.8% (H:156, M:2, F:2)
2025-07-23 00:07:55,741 - INFO - Processed 170 citations. Success rate: 98.8% (H:166, M:2, F:2)
2025-07-23 00:07:56,285 - INFO - Processed 180 citations. Success rate: 98.9% (H:176, M:2, F:2)
2025-07-23 00:07:56,805 - INFO - Processed 190 citations. Success rate: 98.4% (H:185, M:2, F:3)
2025-07-23 00:07:57,372 - INFO - Processed 200 citations. Success rate: 97.5% (H:193, M:2, F:5)
2025-07-23 00:07:57,373 - INFO - Batch completed: 195/200 success (97.5%)
2025-07-23 00:07:57,373 - INFO - Processing batch 2: citations 201-400 of 493064
2025-07-23 00:07:58,286 - INFO - Processed 210 citations. Success rate: 97.6% (H:202, M:3, F:5)
2025-07-23 00:07:58,814 - INFO - Processed 220 citations. Success rate: 96.8% (H:210, M:3, F:7)
2025-07-23 00:07:59,332 - INFO - Processed 230 citations. Success rate: 96.5% (H:219, M:3, F:8)
2025-07-23 00:07:59,876 - INFO - Processed 240 citations. Success rate: 94.6% (H:224, M:3, F:13)
2025-07-23 00:08:00,405 - INFO - Processed 250 citations. Success rate: 94.8% (H:234, M:3, F:13)
2025-07-23 00:08:00,938 - INFO - Processed 260 citations. Success rate: 95.0% (H:244, M:3, F:13)
2025-07-23 00:08:01,457 - INFO - Processed 270 citations. Success rate: 95.2% (H:254, M:3, F:13)
2025-07-23 00:08:02,006 - INFO - Processed 280 citations. Success rate: 95.4% (H:264, M:3, F:13)
2025-07-23 00:08:02,557 - INFO - Processed 290 citations. Success rate: 95.5% (H:274, M:3, F:13)
2025-07-23 00:08:03,104 - INFO - Processed 300 citations. Success rate: 95.7% (H:284, M:3, F:13)
2025-07-23 00:08:03,617 - INFO - Processed 310 citations. Success rate: 95.8% (H:294, M:3, F:13)
2025-07-23 00:08:04,166 - INFO - Processed 320 citations. Success rate: 95.6% (H:303, M:3, F:14)
2025-07-23 00:08:04,694 - INFO - Processed 330 citations. Success rate: 95.8% (H:313, M:3, F:14)
2025-07-23 00:08:05,207 - INFO - Processed 340 citations. Success rate: 95.9% (H:323, M:3, F:14)
2025-07-23 00:08:05,796 - INFO - Processed 350 citations. Success rate: 96.0% (H:333, M:3, F:14)
2025-07-23 00:08:06,303 - INFO - Processed 360 citations. Success rate: 96.1% (H:343, M:3, F:14)
2025-07-23 00:08:06,840 - INFO - Processed 370 citations. Success rate: 96.2% (H:350, M:6, F:14)
2025-07-23 00:08:07,366 - INFO - Processed 380 citations. Success rate: 96.3% (H:358, M:8, F:14)
2025-07-23 00:08:07,973 - INFO - Processed 390 citations. Success rate: 96.4% (H:368, M:8, F:14)
2025-07-23 00:08:08,425 - INFO - Processed 400 citations. Success rate: 96.5% (H:378, M:8, F:14)
2025-07-23 00:08:08,427 - INFO - Batch completed: 191/200 success (95.5%)
2025-07-23 00:08:08,427 - INFO - Processing batch 3: citations 401-600 of 493064
2025-07-23 00:08:09,335 - INFO - Processed 410 citations. Success rate: 96.6% (H:388, M:8, F:14)
2025-07-23 00:08:09,891 - INFO - Processed 420 citations. Success rate: 96.4% (H:397, M:8, F:15)
2025-07-23 00:08:10,431 - INFO - Processed 430 citations. Success rate: 96.5% (H:407, M:8, F:15)
2025-07-23 00:08:11,012 - INFO - Processed 440 citations. Success rate: 96.4% (H:416, M:8, F:16)
2025-07-23 00:08:11,487 - INFO - Processed 450 citations. Success rate: 96.4% (H:426, M:8, F:16)
2025-07-23 00:08:12,020 - INFO - Processed 460 citations. Success rate: 96.1% (H:434, M:8, F:18)
2025-07-23 00:08:12,546 - INFO - Processed 470 citations. Success rate: 96.0% (H:443, M:8, F:19)
2025-07-23 00:08:13,071 - INFO - Processed 480 citations. Success rate: 95.6% (H:451, M:8, F:21)
2025-07-23 00:08:13,612 - INFO - Processed 490 citations. Success rate: 95.7% (H:461, M:8, F:21)
2025-07-23 00:08:14,138 - INFO - Processed 500 citations. Success rate: 95.8% (H:471, M:8, F:21)
2025-07-23 00:08:14,645 - INFO - Processed 510 citations. Success rate: 95.9% (H:481, M:8, F:21)
2025-07-23 00:08:15,168 - INFO - Processed 520 citations. Success rate: 96.0% (H:491, M:8, F:21)
2025-07-23 00:08:15,741 - INFO - Processed 530 citations. Success rate: 96.0% (H:501, M:8, F:21)
2025-07-23 00:08:16,255 - INFO - Processed 540 citations. Success rate: 96.1% (H:511, M:8, F:21)
2025-07-23 00:08:16,771 - INFO - Processed 550 citations. Success rate: 96.2% (H:518, M:11, F:21)
2025-07-23 00:08:17,344 - INFO - Processed 560 citations. Success rate: 96.2% (H:527, M:12, F:21)
2025-07-23 00:08:17,877 - INFO - Processed 570 citations. Success rate: 96.1% (H:535, M:13, F:22)
2025-07-23 00:08:18,384 - INFO - Processed 580 citations. Success rate: 96.2% (H:545, M:13, F:22)
2025-07-23 00:08:18,935 - INFO - Processed 590 citations. Success rate: 96.1% (H:554, M:13, F:23)
2025-07-23 00:08:19,437 - INFO - Processed 600 citations. Success rate: 96.2% (H:564, M:13, F:23)
2025-07-23 00:08:19,438 - INFO - Batch completed: 191/200 success (95.5%)
2025-07-23 00:08:19,439 - INFO - Processing batch 4: citations 601-800 of 493064
2025-07-23 00:08:20,385 - INFO - Processed 610 citations. Success rate: 96.1% (H:573, M:13, F:24)
2025-07-23 00:08:20,903 - INFO - Processed 620 citations. Success rate: 96.1% (H:583, M:13, F:24)
2025-07-23 00:08:21,428 - INFO - Processed 630 citations. Success rate: 96.2% (H:593, M:13, F:24)
2025-07-23 00:08:21,956 - INFO - Processed 640 citations. Success rate: 96.2% (H:603, M:13, F:24)
2025-07-23 00:08:22,474 - INFO - Processed 650 citations. Success rate: 96.3% (H:612, M:14, F:24)
2025-07-23 00:08:23,025 - INFO - Processed 660 citations. Success rate: 96.4% (H:622, M:14, F:24)
2025-07-23 00:08:23,533 - INFO - Processed 670 citations. Success rate: 96.4% (H:632, M:14, F:24)
2025-07-23 00:08:24,094 - INFO - Processed 680 citations. Success rate: 96.5% (H:642, M:14, F:24)
2025-07-23 00:08:24,616 - INFO - Processed 690 citations. Success rate: 96.5% (H:652, M:14, F:24)
2025-07-23 00:08:25,142 - INFO - Processed 700 citations. Success rate: 96.6% (H:662, M:14, F:24)
2025-07-23 00:08:25,693 - INFO - Processed 710 citations. Success rate: 96.6% (H:672, M:14, F:24)
2025-07-23 00:08:26,255 - INFO - Processed 720 citations. Success rate: 96.7% (H:682, M:14, F:24)
2025-07-23 00:08:26,771 - INFO - Processed 730 citations. Success rate: 96.7% (H:692, M:14, F:24)
2025-07-23 00:08:27,313 - INFO - Processed 740 citations. Success rate: 96.8% (H:702, M:14, F:24)
2025-07-23 00:08:27,853 - INFO - Processed 750 citations. Success rate: 96.8% (H:712, M:14, F:24)
2025-07-23 00:08:28,375 - INFO - Processed 760 citations. Success rate: 96.8% (H:722, M:14, F:24)
2025-07-23 00:08:28,921 - INFO - Processed 770 citations. Success rate: 96.9% (H:732, M:14, F:24)
2025-07-23 00:08:29,459 - INFO - Processed 780 citations. Success rate: 96.9% (H:742, M:14, F:24)
2025-07-23 00:08:29,968 - INFO - Processed 790 citations. Success rate: 97.0% (H:752, M:14, F:24)
2025-07-23 00:08:30,534 - INFO - Processed 800 citations. Success rate: 97.0% (H:762, M:14, F:24)
2025-07-23 00:08:30,536 - INFO - Batch completed: 199/200 success (99.5%)
2025-07-23 00:08:30,536 - INFO - Processing batch 5: citations 801-1000 of 493064
2025-07-23 00:08:31,434 - INFO - Processed 810 citations. Success rate: 97.0% (H:771, M:15, F:24)
2025-07-23 00:08:31,987 - INFO - Processed 820 citations. Success rate: 97.1% (H:781, M:15, F:24)
2025-07-23 00:08:32,514 - INFO - Processed 830 citations. Success rate: 97.1% (H:791, M:15, F:24)
2025-07-23 00:08:33,043 - INFO - Processed 840 citations. Success rate: 97.1% (H:801, M:15, F:24)
2025-07-23 00:08:33,583 - INFO - Processed 850 citations. Success rate: 97.2% (H:811, M:15, F:24)
2025-07-23 00:08:34,128 - INFO - Processed 860 citations. Success rate: 97.2% (H:821, M:15, F:24)
2025-07-23 00:08:34,661 - INFO - Processed 870 citations. Success rate: 97.2% (H:831, M:15, F:24)
2025-07-23 00:08:35,215 - INFO - Processed 880 citations. Success rate: 97.3% (H:841, M:15, F:24)
2025-07-23 00:08:35,766 - INFO - Processed 890 citations. Success rate: 97.3% (H:851, M:15, F:24)
2025-07-23 00:08:36,307 - INFO - Processed 900 citations. Success rate: 97.3% (H:861, M:15, F:24)
2025-07-23 00:08:36,796 - INFO - Processed 910 citations. Success rate: 97.4% (H:871, M:15, F:24)
2025-07-23 00:08:37,347 - INFO - Processed 920 citations. Success rate: 97.4% (H:881, M:15, F:24)
2025-07-23 00:08:37,872 - INFO - Processed 930 citations. Success rate: 97.4% (H:891, M:15, F:24)
2025-07-23 00:08:38,392 - INFO - Processed 940 citations. Success rate: 97.4% (H:901, M:15, F:24)
2025-07-23 00:08:38,911 - INFO - Processed 950 citations. Success rate: 97.4% (H:910, M:15, F:25)
2025-07-23 00:08:39,487 - INFO - Processed 960 citations. Success rate: 97.4% (H:920, M:15, F:25)
2025-07-23 00:08:40,018 - INFO - Processed 970 citations. Success rate: 97.4% (H:930, M:15, F:25)
2025-07-23 00:08:40,558 - INFO - Processed 980 citations. Success rate: 97.4% (H:940, M:15, F:25)
2025-07-23 00:08:41,089 - INFO - Processed 990 citations. Success rate: 97.4% (H:949, M:15, F:26)
2025-07-23 00:08:41,653 - INFO - Processed 1000 citations. Success rate: 97.4% (H:958, M:16, F:26)
2025-07-23 00:08:41,654 - INFO - Batch completed: 198/200 success (99.0%)
2025-07-23 00:08:41,655 - INFO - Processing batch 6: citations 1001-1200 of 493064
2025-07-23 00:08:42,554 - INFO - Processed 1010 citations. Success rate: 96.9% (H:963, M:16, F:31)
2025-07-23 00:08:43,108 - INFO - Processed 1020 citations. Success rate: 96.8% (H:969, M:18, F:33)
2025-07-23 00:08:43,667 - INFO - Processed 1030 citations. Success rate: 96.5% (H:976, M:18, F:36)
2025-07-23 00:08:44,176 - INFO - Processed 1040 citations. Success rate: 96.2% (H:980, M:20, F:40)
2025-07-23 00:08:44,711 - INFO - Processed 1050 citations. Success rate: 96.0% (H:987, M:21, F:42)
2025-07-23 00:08:45,259 - INFO - Processed 1060 citations. Success rate: 96.0% (H:997, M:21, F:42)
2025-07-23 00:08:45,766 - INFO - Processed 1070 citations. Success rate: 96.0% (H:1005, M:22, F:43)
2025-07-23 00:08:46,304 - INFO - Processed 1080 citations. Success rate: 96.0% (H:1014, M:23, F:43)
2025-07-23 00:08:46,833 - INFO - Processed 1090 citations. Success rate: 96.1% (H:1023, M:24, F:43)
2025-07-23 00:08:47,389 - INFO - Processed 1100 citations. Success rate: 96.1% (H:1033, M:24, F:43)
2025-07-23 00:08:47,933 - INFO - Processed 1110 citations. Success rate: 96.1% (H:1043, M:24, F:43)
2025-07-23 00:08:48,456 - INFO - Processed 1120 citations. Success rate: 96.2% (H:1053, M:24, F:43)
2025-07-23 00:08:48,983 - INFO - Processed 1130 citations. Success rate: 96.2% (H:1063, M:24, F:43)
2025-07-23 00:08:49,506 - INFO - Processed 1140 citations. Success rate: 96.2% (H:1073, M:24, F:43)
2025-07-23 00:08:50,031 - INFO - Processed 1150 citations. Success rate: 96.3% (H:1083, M:24, F:43)
2025-07-23 00:08:50,583 - INFO - Processed 1160 citations. Success rate: 96.3% (H:1093, M:24, F:43)
2025-07-23 00:08:51,135 - INFO - Processed 1170 citations. Success rate: 96.3% (H:1103, M:24, F:43)
2025-07-23 00:08:51,666 - INFO - Processed 1180 citations. Success rate: 96.4% (H:1113, M:24, F:43)
2025-07-23 00:08:52,194 - INFO - Processed 1190 citations. Success rate: 96.4% (H:1123, M:24, F:43)
2025-07-23 00:08:52,710 - INFO - Processed 1200 citations. Success rate: 96.2% (H:1131, M:24, F:45)
2025-07-23 00:08:52,712 - INFO - Batch completed: 181/200 success (90.5%)
2025-07-23 00:08:52,712 - INFO - Processing batch 7: citations 1201-1400 of 493064
2025-07-23 00:08:53,617 - INFO - Processed 1210 citations. Success rate: 96.1% (H:1138, M:25, F:47)
2025-07-23 00:08:54,148 - INFO - Processed 1220 citations. Success rate: 96.1% (H:1144, M:29, F:47)
2025-07-23 00:08:54,712 - INFO - Processed 1230 citations. Success rate: 96.2% (H:1152, M:31, F:47)
2025-07-23 00:08:55,225 - INFO - Processed 1240 citations. Success rate: 96.2% (H:1161, M:32, F:47)
2025-07-23 00:08:55,771 - INFO - Processed 1250 citations. Success rate: 96.2% (H:1170, M:32, F:48)
2025-07-23 00:08:56,304 - INFO - Processed 1260 citations. Success rate: 96.2% (H:1180, M:32, F:48)
2025-07-23 00:08:56,855 - INFO - Processed 1270 citations. Success rate: 96.2% (H:1190, M:32, F:48)
2025-07-23 00:08:57,380 - INFO - Processed 1280 citations. Success rate: 96.2% (H:1200, M:32, F:48)
2025-07-23 00:08:57,922 - INFO - Processed 1290 citations. Success rate: 96.3% (H:1210, M:32, F:48)
2025-07-23 00:08:58,468 - INFO - Processed 1300 citations. Success rate: 96.3% (H:1220, M:32, F:48)
2025-07-23 00:08:59,015 - INFO - Processed 1310 citations. Success rate: 96.3% (H:1230, M:32, F:48)
2025-07-23 00:08:59,544 - INFO - Processed 1320 citations. Success rate: 96.4% (H:1240, M:32, F:48)
2025-07-23 00:09:00,092 - INFO - Processed 1330 citations. Success rate: 96.4% (H:1250, M:32, F:48)
2025-07-23 00:09:00,601 - INFO - Processed 1340 citations. Success rate: 96.4% (H:1260, M:32, F:48)
2025-07-23 00:09:01,169 - INFO - Processed 1350 citations. Success rate: 96.4% (H:1270, M:32, F:48)
2025-07-23 00:09:01,677 - INFO - Processed 1360 citations. Success rate: 96.5% (H:1280, M:32, F:48)
2025-07-23 00:09:02,212 - INFO - Processed 1370 citations. Success rate: 96.5% (H:1290, M:32, F:48)
2025-07-23 00:09:02,746 - INFO - Processed 1380 citations. Success rate: 96.5% (H:1300, M:32, F:48)
2025-07-23 00:09:03,303 - INFO - Processed 1390 citations. Success rate: 96.5% (H:1310, M:32, F:48)
2025-07-23 00:09:03,837 - INFO - Processed 1400 citations. Success rate: 96.6% (H:1320, M:32, F:48)
2025-07-23 00:09:03,839 - INFO - Batch completed: 197/200 success (98.5%)
2025-07-23 00:09:03,839 - INFO - Processing batch 8: citations 1401-1600 of 493064
2025-07-23 00:09:04,769 - INFO - Processed 1410 citations. Success rate: 96.6% (H:1330, M:32, F:48)
2025-07-23 00:09:05,267 - INFO - Processed 1420 citations. Success rate: 96.6% (H:1340, M:32, F:48)
2025-07-23 00:09:05,802 - INFO - Processed 1430 citations. Success rate: 96.6% (H:1350, M:32, F:48)
2025-07-23 00:09:06,339 - INFO - Processed 1440 citations. Success rate: 96.7% (H:1360, M:32, F:48)
2025-07-23 00:09:06,880 - INFO - Processed 1450 citations. Success rate: 96.7% (H:1370, M:32, F:48)
2025-07-23 00:09:07,427 - INFO - Processed 1460 citations. Success rate: 96.6% (H:1378, M:32, F:50)
2025-07-23 00:09:07,976 - INFO - Processed 1470 citations. Success rate: 96.6% (H:1388, M:32, F:50)
2025-07-23 00:09:08,463 - INFO - Processed 1480 citations. Success rate: 96.6% (H:1398, M:32, F:50)
2025-07-23 00:09:08,987 - INFO - Processed 1490 citations. Success rate: 96.6% (H:1408, M:32, F:50)
2025-07-23 00:09:09,543 - INFO - Processed 1500 citations. Success rate: 96.7% (H:1418, M:32, F:50)
2025-07-23 00:09:10,083 - INFO - Processed 1510 citations. Success rate: 96.7% (H:1428, M:32, F:50)
2025-07-23 00:09:10,634 - INFO - Processed 1520 citations. Success rate: 96.7% (H:1438, M:32, F:50)
2025-07-23 00:09:11,174 - INFO - Processed 1530 citations. Success rate: 96.7% (H:1447, M:32, F:51)
2025-07-23 00:09:11,681 - INFO - Processed 1540 citations. Success rate: 96.7% (H:1457, M:32, F:51)
2025-07-23 00:09:12,209 - INFO - Processed 1550 citations. Success rate: 96.7% (H:1467, M:32, F:51)
2025-07-23 00:09:12,790 - INFO - Processed 1560 citations. Success rate: 96.7% (H:1477, M:32, F:51)
2025-07-23 00:09:13,297 - INFO - Processed 1570 citations. Success rate: 96.8% (H:1487, M:32, F:51)
2025-07-23 00:09:13,835 - INFO - Processed 1580 citations. Success rate: 96.8% (H:1497, M:32, F:51)
2025-07-23 00:09:14,358 - INFO - Processed 1590 citations. Success rate: 96.7% (H:1506, M:32, F:52)
2025-07-23 00:09:14,927 - INFO - Processed 1600 citations. Success rate: 96.6% (H:1513, M:33, F:54)
2025-07-23 00:09:14,928 - INFO - Batch completed: 194/200 success (97.0%)
2025-07-23 00:09:14,928 - INFO - Processing batch 9: citations 1601-1800 of 493064
2025-07-23 00:09:15,830 - INFO - Processed 1610 citations. Success rate: 96.6% (H:1523, M:33, F:54)
2025-07-23 00:09:16,396 - INFO - Processed 1620 citations. Success rate: 96.7% (H:1533, M:33, F:54)
2025-07-23 00:09:16,879 - INFO - Processed 1630 citations. Success rate: 96.6% (H:1542, M:33, F:55)
2025-07-23 00:09:17,426 - INFO - Processed 1640 citations. Success rate: 96.6% (H:1552, M:33, F:55)
2025-07-23 00:09:17,963 - INFO - Processed 1650 citations. Success rate: 96.7% (H:1562, M:33, F:55)
2025-07-23 00:09:18,520 - INFO - Processed 1660 citations. Success rate: 96.7% (H:1572, M:33, F:55)
2025-07-23 00:09:19,030 - INFO - Processed 1670 citations. Success rate: 96.7% (H:1582, M:33, F:55)
2025-07-23 00:09:19,595 - INFO - Processed 1680 citations. Success rate: 96.7% (H:1591, M:33, F:56)
2025-07-23 00:09:20,128 - INFO - Processed 1690 citations. Success rate: 96.7% (H:1601, M:33, F:56)
2025-07-23 00:09:20,638 - INFO - Processed 1700 citations. Success rate: 96.7% (H:1611, M:33, F:56)
2025-07-23 00:09:21,207 - INFO - Processed 1710 citations. Success rate: 96.7% (H:1621, M:33, F:56)
2025-07-23 00:09:21,741 - INFO - Processed 1720 citations. Success rate: 96.7% (H:1629, M:35, F:56)
2025-07-23 00:09:22,269 - INFO - Processed 1730 citations. Success rate: 96.8% (H:1637, M:37, F:56)
2025-07-23 00:09:22,786 - INFO - Processed 1740 citations. Success rate: 96.8% (H:1647, M:37, F:56)
2025-07-23 00:09:23,324 - INFO - Processed 1750 citations. Success rate: 96.8% (H:1656, M:38, F:56)
2025-07-23 00:09:23,858 - INFO - Processed 1760 citations. Success rate: 96.8% (H:1666, M:38, F:56)
2025-07-23 00:09:24,387 - INFO - Processed 1770 citations. Success rate: 96.8% (H:1676, M:38, F:56)
2025-07-23 00:09:24,931 - INFO - Processed 1780 citations. Success rate: 96.9% (H:1683, M:41, F:56)
2025-07-23 00:09:25,470 - INFO - Processed 1790 citations. Success rate: 96.9% (H:1693, M:41, F:56)
2025-07-23 00:09:25,991 - INFO - Processed 1800 citations. Success rate: 96.9% (H:1703, M:41, F:56)
2025-07-23 00:09:25,992 - INFO - Batch completed: 198/200 success (99.0%)
2025-07-23 00:09:25,993 - INFO - Processing batch 10: citations 1801-2000 of 493064
2025-07-23 00:09:26,897 - INFO - Processed 1810 citations. Success rate: 96.9% (H:1713, M:41, F:56)
2025-07-23 00:09:27,435 - INFO - Processed 1820 citations. Success rate: 96.9% (H:1723, M:41, F:56)
2025-07-23 00:09:28,030 - INFO - Processed 1830 citations. Success rate: 96.9% (H:1733, M:41, F:56)
2025-07-23 00:09:28,502 - INFO - Processed 1840 citations. Success rate: 97.0% (H:1743, M:41, F:56)
2025-07-23 00:09:29,017 - INFO - Processed 1850 citations. Success rate: 97.0% (H:1753, M:41, F:56)
2025-07-23 00:09:29,588 - INFO - Processed 1860 citations. Success rate: 97.0% (H:1763, M:41, F:56)
2025-07-23 00:09:30,098 - INFO - Processed 1870 citations. Success rate: 97.0% (H:1773, M:41, F:56)
2025-07-23 00:09:30,626 - INFO - Processed 1880 citations. Success rate: 97.0% (H:1783, M:41, F:56)
2025-07-23 00:09:31,192 - INFO - Processed 1890 citations. Success rate: 97.0% (H:1793, M:41, F:56)
2025-07-23 00:09:31,726 - INFO - Processed 1900 citations. Success rate: 96.8% (H:1798, M:41, F:61)
2025-07-23 00:09:32,222 - INFO - Processed 1910 citations. Success rate: 96.6% (H:1804, M:41, F:65)
2025-07-23 00:09:32,778 - INFO - Processed 1920 citations. Success rate: 96.5% (H:1811, M:41, F:68)
2025-07-23 00:09:33,302 - INFO - Processed 1930 citations. Success rate: 96.3% (H:1817, M:41, F:72)
2025-07-23 00:09:33,844 - INFO - Processed 1940 citations. Success rate: 96.3% (H:1827, M:41, F:72)
2025-07-23 00:09:34,385 - INFO - Processed 1950 citations. Success rate: 96.3% (H:1836, M:41, F:73)
2025-07-23 00:09:34,920 - INFO - Processed 1960 citations. Success rate: 96.2% (H:1842, M:44, F:74)
2025-07-23 00:09:35,432 - INFO - Processed 1970 citations. Success rate: 96.1% (H:1850, M:44, F:76)
2025-07-23 00:09:35,992 - INFO - Processed 1980 citations. Success rate: 96.0% (H:1857, M:44, F:79)
2025-07-23 00:09:36,528 - INFO - Processed 1990 citations. Success rate: 96.0% (H:1867, M:44, F:79)
2025-07-23 00:09:37,062 - INFO - Processed 2000 citations. Success rate: 96.0% (H:1877, M:44, F:79)
2025-07-23 00:09:37,064 - INFO - Batch completed: 177/200 success (88.5%)
2025-07-23 00:09:37,064 - INFO - Processing batch 11: citations 2001-2200 of 493064
2025-07-23 00:09:37,974 - INFO - Processed 2010 citations. Success rate: 96.1% (H:1886, M:45, F:79)
2025-07-23 00:09:38,486 - INFO - Processed 2020 citations. Success rate: 96.1% (H:1896, M:45, F:79)
2025-07-23 00:09:39,031 - INFO - Processed 2030 citations. Success rate: 96.1% (H:1906, M:45, F:79)
2025-07-23 00:09:39,576 - INFO - Processed 2040 citations. Success rate: 96.1% (H:1916, M:45, F:79)
2025-07-23 00:09:40,101 - INFO - Processed 2050 citations. Success rate: 96.1% (H:1926, M:45, F:79)
2025-07-23 00:09:40,651 - INFO - Processed 2060 citations. Success rate: 96.1% (H:1934, M:46, F:80)
2025-07-23 00:09:41,188 - INFO - Processed 2070 citations. Success rate: 96.0% (H:1942, M:46, F:82)
2025-07-23 00:09:41,689 - INFO - Processed 2080 citations. Success rate: 96.0% (H:1950, M:46, F:84)
2025-07-23 00:09:42,251 - INFO - Processed 2090 citations. Success rate: 96.0% (H:1960, M:46, F:84)
2025-07-23 00:09:42,775 - INFO - Processed 2100 citations. Success rate: 96.0% (H:1970, M:46, F:84)
2025-07-23 00:09:43,365 - INFO - Processed 2110 citations. Success rate: 96.0% (H:1979, M:46, F:85)
2025-07-23 00:09:43,859 - INFO - Processed 2120 citations. Success rate: 96.0% (H:1989, M:46, F:85)
2025-07-23 00:09:44,389 - INFO - Processed 2130 citations. Success rate: 96.0% (H:1999, M:46, F:85)
2025-07-23 00:09:44,890 - INFO - Processed 2140 citations. Success rate: 96.0% (H:2009, M:46, F:85)
2025-07-23 00:09:45,433 - INFO - Processed 2150 citations. Success rate: 96.0% (H:2017, M:46, F:87)
2025-07-23 00:09:45,975 - INFO - Processed 2160 citations. Success rate: 96.0% (H:2027, M:46, F:87)
2025-07-23 00:09:46,503 - INFO - Processed 2170 citations. Success rate: 96.0% (H:2037, M:46, F:87)
2025-07-23 00:09:47,028 - INFO - Processed 2180 citations. Success rate: 95.8% (H:2043, M:46, F:91)
2025-07-23 00:09:47,556 - INFO - Processed 2190 citations. Success rate: 95.8% (H:2051, M:46, F:93)
2025-07-23 00:09:48,109 - INFO - Processed 2200 citations. Success rate: 95.7% (H:2059, M:47, F:94)
2025-07-23 00:09:48,110 - INFO - Batch completed: 185/200 success (92.5%)
2025-07-23 00:09:48,110 - INFO - Processing batch 12: citations 2201-2400 of 493064
2025-07-23 00:09:49,044 - INFO - Processed 2210 citations. Success rate: 95.7% (H:2069, M:47, F:94)
2025-07-23 00:09:49,546 - INFO - Processed 2220 citations. Success rate: 95.8% (H:2079, M:47, F:94)
2025-07-23 00:09:50,091 - INFO - Processed 2230 citations. Success rate: 95.7% (H:2087, M:47, F:96)
2025-07-23 00:09:50,621 - INFO - Processed 2240 citations. Success rate: 95.7% (H:2096, M:47, F:97)
2025-07-23 00:09:51,153 - INFO - Processed 2250 citations. Success rate: 95.7% (H:2106, M:47, F:97)
2025-07-23 00:09:51,697 - INFO - Processed 2260 citations. Success rate: 95.7% (H:2116, M:47, F:97)
2025-07-23 00:09:52,218 - INFO - Processed 2270 citations. Success rate: 95.7% (H:2126, M:47, F:97)
2025-07-23 00:09:52,792 - INFO - Processed 2280 citations. Success rate: 95.7% (H:2136, M:47, F:97)
2025-07-23 00:09:53,284 - INFO - Processed 2290 citations. Success rate: 95.8% (H:2146, M:47, F:97)
2025-07-23 00:09:53,813 - INFO - Processed 2300 citations. Success rate: 95.7% (H:2154, M:48, F:98)
2025-07-23 00:09:54,358 - INFO - Processed 2310 citations. Success rate: 95.8% (H:2164, M:48, F:98)
2025-07-23 00:09:54,954 - INFO - Processed 2320 citations. Success rate: 95.8% (H:2174, M:48, F:98)
2025-07-23 00:09:55,443 - INFO - Processed 2330 citations. Success rate: 95.8% (H:2184, M:48, F:98)
2025-07-23 00:09:56,016 - INFO - Processed 2340 citations. Success rate: 95.8% (H:2194, M:48, F:98)
2025-07-23 00:09:56,513 - INFO - Processed 2350 citations. Success rate: 95.8% (H:2204, M:48, F:98)
2025-07-23 00:09:57,062 - INFO - Processed 2360 citations. Success rate: 95.8% (H:2214, M:48, F:98)
2025-07-23 00:09:57,608 - INFO - Processed 2370 citations. Success rate: 95.9% (H:2224, M:48, F:98)
2025-07-23 00:09:58,115 - INFO - Processed 2380 citations. Success rate: 95.9% (H:2234, M:48, F:98)
2025-07-23 00:09:58,652 - INFO - Processed 2390 citations. Success rate: 95.9% (H:2243, M:48, F:99)
2025-07-23 00:09:59,184 - INFO - Processed 2400 citations. Success rate: 95.9% (H:2253, M:48, F:99)
2025-07-23 00:09:59,185 - INFO - Batch completed: 195/200 success (97.5%)
2025-07-23 00:09:59,185 - INFO - Processing batch 13: citations 2401-2600 of 493064
2025-07-23 00:10:00,051 - INFO - Processed 2410 citations. Success rate: 95.9% (H:2263, M:48, F:99)
2025-07-23 00:10:00,615 - INFO - Processed 2420 citations. Success rate: 95.9% (H:2273, M:48, F:99)
2025-07-23 00:10:01,121 - INFO - Processed 2430 citations. Success rate: 95.9% (H:2283, M:48, F:99)
2025-07-23 00:10:01,674 - INFO - Processed 2440 citations. Success rate: 95.9% (H:2292, M:48, F:100)
2025-07-23 00:10:02,221 - INFO - Processed 2450 citations. Success rate: 95.9% (H:2302, M:48, F:100)
2025-07-23 00:10:02,746 - INFO - Processed 2460 citations. Success rate: 95.9% (H:2311, M:48, F:101)
2025-07-23 00:10:03,293 - INFO - Processed 2470 citations. Success rate: 95.9% (H:2321, M:48, F:101)
2025-07-23 00:10:03,855 - INFO - Processed 2480 citations. Success rate: 95.8% (H:2329, M:48, F:103)
2025-07-23 00:10:04,355 - INFO - Processed 2490 citations. Success rate: 95.9% (H:2339, M:48, F:103)
2025-07-23 00:10:04,892 - INFO - Processed 2500 citations. Success rate: 95.8% (H:2348, M:48, F:104)
2025-07-23 00:10:05,440 - INFO - Processed 2510 citations. Success rate: 95.9% (H:2358, M:48, F:104)
2025-07-23 00:10:05,970 - INFO - Processed 2520 citations. Success rate: 95.9% (H:2368, M:48, F:104)
2025-07-23 00:10:06,494 - INFO - Processed 2530 citations. Success rate: 95.9% (H:2378, M:48, F:104)
2025-07-23 00:10:07,029 - INFO - Processed 2540 citations. Success rate: 95.9% (H:2387, M:48, F:105)
2025-07-23 00:10:07,563 - INFO - Processed 2550 citations. Success rate: 95.9% (H:2397, M:48, F:105)
2025-07-23 00:10:08,141 - INFO - Processed 2560 citations. Success rate: 95.9% (H:2407, M:48, F:105)
2025-07-23 00:10:08,605 - INFO - Processed 2570 citations. Success rate: 95.9% (H:2417, M:48, F:105)
2025-07-23 00:10:09,143 - INFO - Processed 2580 citations. Success rate: 95.9% (H:2427, M:48, F:105)
2025-07-23 00:10:09,674 - INFO - Processed 2590 citations. Success rate: 95.9% (H:2437, M:48, F:105)
2025-07-23 00:10:10,235 - INFO - Processed 2600 citations. Success rate: 96.0% (H:2447, M:48, F:105)
2025-07-23 00:10:10,236 - INFO - Batch completed: 194/200 success (97.0%)
2025-07-23 00:10:10,236 - INFO - Processing batch 14: citations 2601-2800 of 493064
2025-07-23 00:10:11,132 - INFO - Processed 2610 citations. Success rate: 96.0% (H:2457, M:48, F:105)
2025-07-23 00:10:11,671 - INFO - Processed 2620 citations. Success rate: 96.0% (H:2467, M:48, F:105)
2025-07-23 00:10:12,210 - INFO - Processed 2630 citations. Success rate: 96.0% (H:2477, M:48, F:105)
2025-07-23 00:10:12,730 - INFO - Processed 2640 citations. Success rate: 96.0% (H:2487, M:48, F:105)
2025-07-23 00:10:13,269 - INFO - Processed 2650 citations. Success rate: 95.9% (H:2493, M:48, F:109)
2025-07-23 00:10:13,811 - INFO - Processed 2660 citations. Success rate: 95.9% (H:2503, M:48, F:109)
2025-07-23 00:10:14,333 - INFO - Processed 2670 citations. Success rate: 95.9% (H:2513, M:48, F:109)
2025-07-23 00:10:14,888 - INFO - Processed 2680 citations. Success rate: 95.9% (H:2523, M:48, F:109)
2025-07-23 00:10:15,400 - INFO - Processed 2690 citations. Success rate: 95.9% (H:2533, M:48, F:109)
2025-07-23 00:10:15,920 - INFO - Processed 2700 citations. Success rate: 95.9% (H:2541, M:48, F:111)
2025-07-23 00:10:16,473 - INFO - Processed 2710 citations. Success rate: 95.9% (H:2551, M:48, F:111)
2025-07-23 00:10:17,026 - INFO - Processed 2720 citations. Success rate: 95.9% (H:2560, M:48, F:112)
2025-07-23 00:10:17,543 - INFO - Processed 2730 citations. Success rate: 95.9% (H:2570, M:48, F:112)
2025-07-23 00:10:18,081 - INFO - Processed 2740 citations. Success rate: 95.9% (H:2579, M:49, F:112)
2025-07-23 00:10:18,619 - INFO - Processed 2750 citations. Success rate: 95.9% (H:2588, M:50, F:112)
2025-07-23 00:10:19,141 - INFO - Processed 2760 citations. Success rate: 95.9% (H:2596, M:52, F:112)
2025-07-23 00:10:19,695 - INFO - Processed 2770 citations. Success rate: 96.0% (H:2603, M:55, F:112)
2025-07-23 00:10:20,231 - INFO - Processed 2780 citations. Success rate: 96.0% (H:2612, M:56, F:112)
2025-07-23 00:10:20,813 - INFO - Processed 2790 citations. Success rate: 95.9% (H:2620, M:56, F:114)
2025-07-23 00:10:21,295 - INFO - Processed 2800 citations. Success rate: 95.9% (H:2629, M:56, F:115)
2025-07-23 00:10:21,296 - INFO - Batch completed: 190/200 success (95.0%)
2025-07-23 00:10:21,296 - INFO - Processing batch 15: citations 2801-3000 of 493064
2025-07-23 00:10:22,211 - INFO - Processed 2810 citations. Success rate: 95.9% (H:2639, M:56, F:115)
2025-07-23 00:10:22,753 - INFO - Processed 2820 citations. Success rate: 95.9% (H:2648, M:56, F:116)
2025-07-23 00:10:23,279 - INFO - Processed 2830 citations. Success rate: 95.9% (H:2658, M:56, F:116)
2025-07-23 00:10:23,831 - INFO - Processed 2840 citations. Success rate: 95.9% (H:2668, M:56, F:116)
2025-07-23 00:10:24,330 - INFO - Processed 2850 citations. Success rate: 95.9% (H:2678, M:56, F:116)
2025-07-23 00:10:24,864 - INFO - Processed 2860 citations. Success rate: 95.9% (H:2688, M:56, F:116)
2025-07-23 00:10:25,404 - INFO - Processed 2870 citations. Success rate: 95.9% (H:2697, M:56, F:117)
2025-07-23 00:10:25,944 - INFO - Processed 2880 citations. Success rate: 95.9% (H:2705, M:56, F:119)
2025-07-23 00:10:26,473 - INFO - Processed 2890 citations. Success rate: 95.8% (H:2714, M:56, F:120)
2025-07-23 00:10:27,020 - INFO - Processed 2900 citations. Success rate: 95.8% (H:2722, M:56, F:122)
2025-07-23 00:10:27,526 - INFO - Processed 2910 citations. Success rate: 95.8% (H:2732, M:56, F:122)
2025-07-23 00:10:28,047 - INFO - Processed 2920 citations. Success rate: 95.8% (H:2740, M:57, F:123)
2025-07-23 00:10:28,601 - INFO - Processed 2930 citations. Success rate: 95.7% (H:2748, M:57, F:125)
2025-07-23 00:10:29,135 - INFO - Processed 2940 citations. Success rate: 95.6% (H:2754, M:57, F:129)
2025-07-23 00:10:29,645 - INFO - Processed 2950 citations. Success rate: 95.6% (H:2762, M:57, F:131)
2025-07-23 00:10:30,187 - INFO - Processed 2960 citations. Success rate: 95.5% (H:2771, M:57, F:132)
2025-07-23 00:10:30,720 - INFO - Processed 2970 citations. Success rate: 95.6% (H:2781, M:57, F:132)
2025-07-23 00:10:31,260 - INFO - Processed 2980 citations. Success rate: 95.6% (H:2791, M:57, F:132)
2025-07-23 00:10:31,814 - INFO - Processed 2990 citations. Success rate: 95.6% (H:2800, M:57, F:133)
2025-07-23 00:10:32,325 - INFO - Processed 3000 citations. Success rate: 95.5% (H:2809, M:57, F:134)
2025-07-23 00:10:32,326 - INFO - Batch completed: 181/200 success (90.5%)
2025-07-23 00:10:32,326 - INFO - Processing batch 16: citations 3001-3200 of 493064
2025-07-23 00:10:33,216 - INFO - Processed 3010 citations. Success rate: 95.5% (H:2817, M:57, F:136)
2025-07-23 00:10:33,745 - INFO - Processed 3020 citations. Success rate: 95.5% (H:2827, M:57, F:136)
2025-07-23 00:10:34,295 - INFO - Processed 3030 citations. Success rate: 95.4% (H:2835, M:57, F:138)
2025-07-23 00:10:34,830 - INFO - Processed 3040 citations. Success rate: 95.4% (H:2843, M:58, F:139)
2025-07-23 00:10:35,350 - INFO - Processed 3050 citations. Success rate: 95.4% (H:2851, M:60, F:139)
2025-07-23 00:10:35,881 - INFO - Processed 3060 citations. Success rate: 95.5% (H:2860, M:61, F:139)
2025-07-23 00:10:36,433 - INFO - Processed 3070 citations. Success rate: 95.5% (H:2869, M:62, F:139)
2025-07-23 00:10:36,954 - INFO - Processed 3080 citations. Success rate: 95.5% (H:2877, M:64, F:139)
2025-07-23 00:10:37,488 - INFO - Processed 3090 citations. Success rate: 95.5% (H:2884, M:67, F:139)
2025-07-23 00:10:38,015 - INFO - Processed 3100 citations. Success rate: 95.5% (H:2893, M:67, F:140)
2025-07-23 00:10:38,549 - INFO - Processed 3110 citations. Success rate: 95.5% (H:2903, M:67, F:140)
2025-07-23 00:10:39,109 - INFO - Processed 3120 citations. Success rate: 95.5% (H:2913, M:67, F:140)
2025-07-23 00:10:39,652 - INFO - Processed 3130 citations. Success rate: 95.5% (H:2923, M:67, F:140)
2025-07-23 00:10:40,183 - INFO - Processed 3140 citations. Success rate: 95.5% (H:2933, M:67, F:140)
2025-07-23 00:10:40,713 - INFO - Processed 3150 citations. Success rate: 95.6% (H:2943, M:67, F:140)
2025-07-23 00:10:41,272 - INFO - Processed 3160 citations. Success rate: 95.6% (H:2953, M:67, F:140)
2025-07-23 00:10:41,769 - INFO - Processed 3170 citations. Success rate: 95.6% (H:2963, M:67, F:140)
2025-07-23 00:10:42,324 - INFO - Processed 3180 citations. Success rate: 95.6% (H:2973, M:67, F:140)
2025-07-23 00:10:42,861 - INFO - Processed 3190 citations. Success rate: 95.6% (H:2983, M:67, F:140)
2025-07-23 00:10:43,381 - INFO - Processed 3200 citations. Success rate: 95.6% (H:2993, M:67, F:140)
2025-07-23 00:10:43,383 - INFO - Batch completed: 194/200 success (97.0%)
2025-07-23 00:10:43,383 - INFO - Processing batch 17: citations 3201-3400 of 493064
2025-07-23 00:10:44,280 - INFO - Processed 3210 citations. Success rate: 95.6% (H:3003, M:67, F:140)
2025-07-23 00:10:44,821 - INFO - Processed 3220 citations. Success rate: 95.7% (H:3013, M:67, F:140)
2025-07-23 00:10:45,361 - INFO - Processed 3230 citations. Success rate: 95.6% (H:3022, M:67, F:141)
2025-07-23 00:10:45,883 - INFO - Processed 3240 citations. Success rate: 95.6% (H:3032, M:67, F:141)
2025-07-23 00:10:46,435 - INFO - Processed 3250 citations. Success rate: 95.7% (H:3042, M:67, F:141)
2025-07-23 00:10:46,960 - INFO - Processed 3260 citations. Success rate: 95.7% (H:3052, M:67, F:141)
2025-07-23 00:10:47,504 - INFO - Processed 3270 citations. Success rate: 95.7% (H:3062, M:67, F:141)
2025-07-23 00:10:48,018 - INFO - Processed 3280 citations. Success rate: 95.7% (H:3071, M:67, F:142)
2025-07-23 00:10:48,552 - INFO - Processed 3290 citations. Success rate: 95.7% (H:3081, M:67, F:142)
2025-07-23 00:10:49,080 - INFO - Processed 3300 citations. Success rate: 95.7% (H:3091, M:67, F:142)
2025-07-23 00:10:49,688 - INFO - Processed 3310 citations. Success rate: 95.7% (H:3101, M:67, F:142)
2025-07-23 00:10:50,162 - INFO - Processed 3320 citations. Success rate: 95.7% (H:3111, M:67, F:142)
2025-07-23 00:10:50,731 - INFO - Processed 3330 citations. Success rate: 95.7% (H:3121, M:67, F:142)
2025-07-23 00:10:51,251 - INFO - Processed 3340 citations. Success rate: 95.7% (H:3131, M:67, F:142)
2025-07-23 00:10:51,785 - INFO - Processed 3350 citations. Success rate: 95.8% (H:3141, M:67, F:142)
2025-07-23 00:10:52,308 - INFO - Processed 3360 citations. Success rate: 95.8% (H:3151, M:67, F:142)
2025-07-23 00:10:52,856 - INFO - Processed 3370 citations. Success rate: 95.8% (H:3161, M:67, F:142)
2025-07-23 00:10:53,372 - INFO - Processed 3380 citations. Success rate: 95.8% (H:3171, M:67, F:142)
2025-07-23 00:10:53,962 - INFO - Processed 3390 citations. Success rate: 95.8% (H:3179, M:67, F:144)
2025-07-23 00:10:54,463 - INFO - Processed 3400 citations. Success rate: 95.8% (H:3189, M:67, F:144)
2025-07-23 00:10:54,465 - INFO - Batch completed: 196/200 success (98.0%)
2025-07-23 00:10:54,465 - INFO - Processing batch 18: citations 3401-3600 of 493064
2025-07-23 00:10:55,392 - INFO - Processed 3410 citations. Success rate: 95.7% (H:3198, M:67, F:145)
2025-07-23 00:10:55,904 - INFO - Processed 3420 citations. Success rate: 95.7% (H:3207, M:67, F:146)
2025-07-23 00:10:56,455 - INFO - Processed 3430 citations. Success rate: 95.7% (H:3216, M:67, F:147)
2025-07-23 00:10:56,976 - INFO - Processed 3440 citations. Success rate: 95.7% (H:3225, M:67, F:148)
2025-07-23 00:10:57,493 - INFO - Processed 3450 citations. Success rate: 95.7% (H:3233, M:67, F:150)
2025-07-23 00:10:58,040 - INFO - Processed 3460 citations. Success rate: 95.7% (H:3242, M:68, F:150)
2025-07-23 00:10:58,596 - INFO - Processed 3470 citations. Success rate: 95.6% (H:3251, M:68, F:151)
2025-07-23 00:10:59,099 - INFO - Processed 3480 citations. Success rate: 95.5% (H:3256, M:68, F:156)
2025-07-23 00:10:59,649 - INFO - Processed 3490 citations. Success rate: 95.5% (H:3266, M:68, F:156)
2025-07-23 00:11:00,199 - INFO - Processed 3500 citations. Success rate: 95.5% (H:3275, M:68, F:157)
2025-07-23 00:11:00,714 - INFO - Processed 3510 citations. Success rate: 95.5% (H:3284, M:69, F:157)
2025-07-23 00:11:01,242 - INFO - Processed 3520 citations. Success rate: 95.5% (H:3294, M:69, F:157)
2025-07-23 00:11:01,820 - INFO - Processed 3530 citations. Success rate: 95.6% (H:3304, M:69, F:157)
2025-07-23 00:11:02,366 - INFO - Processed 3540 citations. Success rate: 95.5% (H:3313, M:69, F:158)
2025-07-23 00:11:02,870 - INFO - Processed 3550 citations. Success rate: 95.5% (H:3323, M:69, F:158)
2025-07-23 00:11:03,422 - INFO - Processed 3560 citations. Success rate: 95.6% (H:3333, M:69, F:158)
2025-07-23 00:11:03,907 - INFO - Processed 3570 citations. Success rate: 95.5% (H:3340, M:69, F:161)
2025-07-23 00:11:04,460 - INFO - Processed 3580 citations. Success rate: 95.5% (H:3349, M:69, F:162)
2025-07-23 00:11:04,984 - INFO - Processed 3590 citations. Success rate: 95.5% (H:3358, M:69, F:163)
2025-07-23 00:11:05,513 - INFO - Processed 3600 citations. Success rate: 95.5% (H:3368, M:69, F:163)
2025-07-23 00:11:05,517 - INFO - Batch completed: 181/200 success (90.5%)
2025-07-23 00:11:05,518 - INFO - Processing batch 19: citations 3601-3800 of 493064
2025-07-23 00:11:06,418 - INFO - Processed 3610 citations. Success rate: 95.5% (H:3378, M:69, F:163)
2025-07-23 00:11:06,944 - INFO - Processed 3620 citations. Success rate: 95.5% (H:3387, M:70, F:163)
2025-07-23 00:11:07,495 - INFO - Processed 3630 citations. Success rate: 95.5% (H:3396, M:71, F:163)
2025-07-23 00:11:08,024 - INFO - Processed 3640 citations. Success rate: 95.5% (H:3406, M:71, F:163)
2025-07-23 00:11:08,563 - INFO - Processed 3650 citations. Success rate: 95.5% (H:3416, M:71, F:163)
2025-07-23 00:11:09,077 - INFO - Processed 3660 citations. Success rate: 95.5% (H:3425, M:72, F:163)
2025-07-23 00:11:09,610 - INFO - Processed 3670 citations. Success rate: 95.6% (H:3433, M:74, F:163)
2025-07-23 00:11:10,141 - INFO - Processed 3680 citations. Success rate: 95.6% (H:3443, M:74, F:163)
2025-07-23 00:11:10,689 - INFO - Processed 3690 citations. Success rate: 95.6% (H:3453, M:74, F:163)
2025-07-23 00:11:11,236 - INFO - Processed 3700 citations. Success rate: 95.6% (H:3463, M:74, F:163)
2025-07-23 00:11:11,770 - INFO - Processed 3710 citations. Success rate: 95.6% (H:3473, M:74, F:163)
2025-07-23 00:11:12,285 - INFO - Processed 3720 citations. Success rate: 95.6% (H:3483, M:74, F:163)
2025-07-23 00:11:12,817 - INFO - Processed 3730 citations. Success rate: 95.6% (H:3493, M:74, F:163)
2025-07-23 00:11:13,354 - INFO - Processed 3740 citations. Success rate: 95.6% (H:3503, M:74, F:163)
2025-07-23 00:11:13,932 - INFO - Processed 3750 citations. Success rate: 95.7% (H:3513, M:74, F:163)
2025-07-23 00:11:14,414 - INFO - Processed 3760 citations. Success rate: 95.7% (H:3523, M:74, F:163)
2025-07-23 00:11:14,940 - INFO - Processed 3770 citations. Success rate: 95.7% (H:3533, M:74, F:163)
2025-07-23 00:11:15,501 - INFO - Processed 3780 citations. Success rate: 95.7% (H:3543, M:74, F:163)
2025-07-23 00:11:16,022 - INFO - Processed 3790 citations. Success rate: 95.7% (H:3552, M:74, F:164)
2025-07-23 00:11:16,590 - INFO - Processed 3800 citations. Success rate: 95.7% (H:3562, M:74, F:164)
2025-07-23 00:11:16,592 - INFO - Batch completed: 199/200 success (99.5%)
2025-07-23 00:11:16,592 - INFO - Processing batch 20: citations 3801-4000 of 493064
2025-07-23 00:11:17,509 - INFO - Processed 3810 citations. Success rate: 95.7% (H:3572, M:74, F:164)
2025-07-23 00:11:18,026 - INFO - Processed 3820 citations. Success rate: 95.7% (H:3581, M:75, F:164)
2025-07-23 00:11:18,568 - INFO - Processed 3830 citations. Success rate: 95.7% (H:3591, M:75, F:164)
2025-07-23 00:11:19,116 - INFO - Processed 3840 citations. Success rate: 95.7% (H:3600, M:76, F:164)
2025-07-23 00:11:19,658 - INFO - Processed 3850 citations. Success rate: 95.6% (H:3605, M:76, F:169)
2025-07-23 00:11:20,178 - INFO - Processed 3860 citations. Success rate: 95.5% (H:3609, M:76, F:175)
2025-07-23 00:11:20,700 - INFO - Processed 3870 citations. Success rate: 95.3% (H:3613, M:76, F:181)
2025-07-23 00:11:21,243 - INFO - Processed 3880 citations. Success rate: 95.3% (H:3620, M:78, F:182)
2025-07-23 00:11:21,737 - INFO - Processed 3890 citations. Success rate: 95.3% (H:3628, M:80, F:182)
2025-07-23 00:11:22,307 - INFO - Processed 3900 citations. Success rate: 95.3% (H:3638, M:80, F:182)
2025-07-23 00:11:22,834 - INFO - Processed 3910 citations. Success rate: 95.3% (H:3648, M:80, F:182)
2025-07-23 00:11:23,354 - INFO - Processed 3920 citations. Success rate: 95.4% (H:3656, M:82, F:182)
2025-07-23 00:11:23,867 - INFO - Processed 3930 citations. Success rate: 95.4% (H:3666, M:82, F:182)
2025-07-23 00:11:24,395 - INFO - Processed 3940 citations. Success rate: 95.4% (H:3675, M:82, F:183)
2025-07-23 00:11:24,933 - INFO - Processed 3950 citations. Success rate: 95.4% (H:3685, M:82, F:183)
2025-07-23 00:11:25,476 - INFO - Processed 3960 citations. Success rate: 95.4% (H:3695, M:82, F:183)
2025-07-23 00:11:26,009 - INFO - Processed 3970 citations. Success rate: 95.4% (H:3705, M:82, F:183)
2025-07-23 00:11:26,547 - INFO - Processed 3980 citations. Success rate: 95.3% (H:3709, M:82, F:189)
2025-07-23 00:11:27,105 - INFO - Processed 3990 citations. Success rate: 95.3% (H:3719, M:82, F:189)
2025-07-23 00:11:27,635 - INFO - Processed 4000 citations. Success rate: 95.3% (H:3729, M:82, F:189)
2025-07-23 00:11:27,636 - INFO - Batch completed: 175/200 success (87.5%)
2025-07-23 00:11:27,636 - INFO - Processing batch 21: citations 4001-4200 of 493064
2025-07-23 00:11:28,532 - INFO - Processed 4010 citations. Success rate: 95.3% (H:3739, M:82, F:189)
2025-07-23 00:11:29,082 - INFO - Processed 4020 citations. Success rate: 95.3% (H:3749, M:82, F:189)
2025-07-23 00:11:29,594 - INFO - Processed 4030 citations. Success rate: 95.3% (H:3758, M:82, F:190)
2025-07-23 00:11:30,148 - INFO - Processed 4040 citations. Success rate: 95.2% (H:3763, M:83, F:194)
2025-07-23 00:11:30,672 - INFO - Processed 4050 citations. Success rate: 95.1% (H:3768, M:84, F:198)
2025-07-23 00:11:31,196 - INFO - Processed 4060 citations. Success rate: 95.1% (H:3776, M:84, F:200)
2025-07-23 00:11:31,767 - INFO - Processed 4070 citations. Success rate: 95.0% (H:3782, M:84, F:204)
2025-07-23 00:11:32,295 - INFO - Processed 4080 citations. Success rate: 94.9% (H:3788, M:84, F:208)
2025-07-23 00:11:32,829 - INFO - Processed 4090 citations. Success rate: 94.9% (H:3795, M:86, F:209)
2025-07-23 00:11:33,392 - INFO - Processed 4100 citations. Success rate: 94.9% (H:3805, M:86, F:209)
2025-07-23 00:11:33,906 - INFO - Processed 4110 citations. Success rate: 94.9% (H:3815, M:86, F:209)
2025-07-23 00:11:34,439 - INFO - Processed 4120 citations. Success rate: 94.9% (H:3825, M:86, F:209)
2025-07-23 00:11:35,005 - INFO - Processed 4130 citations. Success rate: 94.9% (H:3835, M:86, F:209)
2025-07-23 00:11:35,531 - INFO - Processed 4140 citations. Success rate: 95.0% (H:3845, M:86, F:209)
2025-07-23 00:11:36,074 - INFO - Processed 4150 citations. Success rate: 95.0% (H:3855, M:86, F:209)
2025-07-23 00:11:36,607 - INFO - Processed 4160 citations. Success rate: 95.0% (H:3864, M:87, F:209)
2025-07-23 00:11:37,126 - INFO - Processed 4170 citations. Success rate: 95.0% (H:3874, M:87, F:209)
2025-07-23 00:11:37,667 - INFO - Processed 4180 citations. Success rate: 95.0% (H:3884, M:87, F:209)
2025-07-23 00:11:38,205 - INFO - Processed 4190 citations. Success rate: 95.0% (H:3894, M:87, F:209)
2025-07-23 00:11:38,774 - INFO - Processed 4200 citations. Success rate: 95.0% (H:3904, M:87, F:209)
2025-07-23 00:11:38,775 - INFO - Batch completed: 180/200 success (90.0%)
2025-07-23 00:11:38,775 - INFO - Processing batch 22: citations 4201-4400 of 493064
2025-07-23 00:11:39,695 - INFO - Processed 4210 citations. Success rate: 95.0% (H:3914, M:87, F:209)
2025-07-23 00:11:40,219 - INFO - Processed 4220 citations. Success rate: 95.0% (H:3924, M:87, F:209)
2025-07-23 00:11:40,752 - INFO - Processed 4230 citations. Success rate: 95.1% (H:3934, M:87, F:209)
2025-07-23 00:11:41,296 - INFO - Processed 4240 citations. Success rate: 95.1% (H:3944, M:87, F:209)
2025-07-23 00:11:41,839 - INFO - Processed 4250 citations. Success rate: 95.1% (H:3954, M:87, F:209)
2025-07-23 00:11:42,429 - INFO - Processed 4260 citations. Success rate: 95.1% (H:3964, M:87, F:209)
2025-07-23 00:11:42,893 - INFO - Processed 4270 citations. Success rate: 95.1% (H:3974, M:87, F:209)
2025-07-23 00:11:43,425 - INFO - Processed 4280 citations. Success rate: 95.1% (H:3984, M:87, F:209)
2025-07-23 00:11:44,019 - INFO - Processed 4290 citations. Success rate: 95.1% (H:3994, M:87, F:209)
2025-07-23 00:11:44,476 - INFO - Processed 4300 citations. Success rate: 95.1% (H:4004, M:87, F:209)
2025-07-23 00:11:45,008 - INFO - Processed 4310 citations. Success rate: 95.2% (H:4014, M:87, F:209)
2025-07-23 00:11:45,562 - INFO - Processed 4320 citations. Success rate: 95.2% (H:4024, M:87, F:209)
2025-07-23 00:11:46,083 - INFO - Processed 4330 citations. Success rate: 95.2% (H:4034, M:87, F:209)
2025-07-23 00:11:46,599 - INFO - Processed 4340 citations. Success rate: 95.2% (H:4044, M:87, F:209)
2025-07-23 00:11:47,147 - INFO - Processed 4350 citations. Success rate: 95.2% (H:4054, M:87, F:209)
2025-07-23 00:11:47,721 - INFO - Processed 4360 citations. Success rate: 95.2% (H:4063, M:87, F:210)
2025-07-23 00:11:48,213 - INFO - Processed 4370 citations. Success rate: 95.2% (H:4073, M:87, F:210)
2025-07-23 00:11:48,762 - INFO - Processed 4380 citations. Success rate: 95.2% (H:4083, M:87, F:210)
2025-07-23 00:11:49,288 - INFO - Processed 4390 citations. Success rate: 95.2% (H:4093, M:87, F:210)
2025-07-23 00:11:49,825 - INFO - Processed 4400 citations. Success rate: 95.2% (H:4103, M:87, F:210)
2025-07-23 00:11:49,827 - INFO - Batch completed: 199/200 success (99.5%)
2025-07-23 00:11:49,827 - INFO - Processing batch 23: citations 4401-4600 of 493064
2025-07-23 00:11:50,763 - INFO - Processed 4410 citations. Success rate: 95.2% (H:4113, M:87, F:210)
2025-07-23 00:11:51,269 - INFO - Processed 4420 citations. Success rate: 95.2% (H:4122, M:88, F:210)
2025-07-23 00:11:51,802 - INFO - Processed 4430 citations. Success rate: 95.3% (H:4130, M:90, F:210)
2025-07-23 00:11:52,320 - INFO - Processed 4440 citations. Success rate: 95.3% (H:4140, M:90, F:210)
2025-07-23 00:11:52,861 - INFO - Processed 4450 citations. Success rate: 95.3% (H:4150, M:90, F:210)
2025-07-23 00:11:53,425 - INFO - Processed 4460 citations. Success rate: 95.3% (H:4160, M:90, F:210)
2025-07-23 00:11:53,949 - INFO - Processed 4470 citations. Success rate: 95.3% (H:4170, M:90, F:210)
2025-07-23 00:11:54,491 - INFO - Processed 4480 citations. Success rate: 95.3% (H:4180, M:90, F:210)
2025-07-23 00:11:55,024 - INFO - Processed 4490 citations. Success rate: 95.3% (H:4189, M:90, F:211)
2025-07-23 00:11:55,580 - INFO - Processed 4500 citations. Success rate: 95.3% (H:4199, M:90, F:211)
2025-07-23 00:11:56,153 - INFO - Processed 4510 citations. Success rate: 95.3% (H:4209, M:90, F:211)
2025-07-23 00:11:56,658 - INFO - Processed 4520 citations. Success rate: 95.3% (H:4219, M:90, F:211)
2025-07-23 00:11:57,212 - INFO - Processed 4530 citations. Success rate: 95.3% (H:4229, M:90, F:211)
2025-07-23 00:11:57,736 - INFO - Processed 4540 citations. Success rate: 95.4% (H:4239, M:90, F:211)
2025-07-23 00:11:58,263 - INFO - Processed 4550 citations. Success rate: 95.4% (H:4249, M:90, F:211)
2025-07-23 00:11:58,793 - INFO - Processed 4560 citations. Success rate: 95.4% (H:4259, M:90, F:211)
2025-07-23 00:11:59,349 - INFO - Processed 4570 citations. Success rate: 95.4% (H:4269, M:90, F:211)
2025-07-23 00:11:59,869 - INFO - Processed 4580 citations. Success rate: 95.4% (H:4279, M:90, F:211)
2025-07-23 00:12:00,398 - INFO - Processed 4590 citations. Success rate: 95.4% (H:4289, M:90, F:211)
2025-07-23 00:12:00,931 - INFO - Processed 4600 citations. Success rate: 95.4% (H:4299, M:90, F:211)
2025-07-23 00:12:00,932 - INFO - Batch completed: 199/200 success (99.5%)
2025-07-23 00:12:00,932 - INFO - Processing batch 24: citations 4601-4800 of 493064
2025-07-23 00:12:01,848 - INFO - Processed 4610 citations. Success rate: 95.4% (H:4309, M:90, F:211)
2025-07-23 00:12:02,383 - INFO - Processed 4620 citations. Success rate: 95.4% (H:4318, M:90, F:212)
2025-07-23 00:12:02,942 - INFO - Processed 4630 citations. Success rate: 95.4% (H:4327, M:90, F:213)
2025-07-23 00:12:03,432 - INFO - Processed 4640 citations. Success rate: 95.4% (H:4336, M:90, F:214)
2025-07-23 00:12:03,937 - INFO - Processed 4650 citations. Success rate: 95.4% (H:4346, M:90, F:214)
2025-07-23 00:12:04,506 - INFO - Processed 4660 citations. Success rate: 95.4% (H:4356, M:90, F:214)
2025-07-23 00:12:05,040 - INFO - Processed 4670 citations. Success rate: 95.4% (H:4366, M:90, F:214)
2025-07-23 00:12:05,549 - INFO - Processed 4680 citations. Success rate: 95.4% (H:4374, M:92, F:214)
2025-07-23 00:12:06,088 - INFO - Processed 4690 citations. Success rate: 95.4% (H:4384, M:92, F:214)
2025-07-23 00:12:06,627 - INFO - Processed 4700 citations. Success rate: 95.4% (H:4394, M:92, F:214)
2025-07-23 00:12:07,190 - INFO - Processed 4710 citations. Success rate: 95.4% (H:4403, M:92, F:215)
2025-07-23 00:12:07,750 - INFO - Processed 4720 citations. Success rate: 95.4% (H:4413, M:92, F:215)
2025-07-23 00:12:08,210 - INFO - Processed 4730 citations. Success rate: 95.5% (H:4423, M:92, F:215)
2025-07-23 00:12:08,760 - INFO - Processed 4740 citations. Success rate: 95.5% (H:4433, M:92, F:215)
2025-07-23 00:12:09,276 - INFO - Processed 4750 citations. Success rate: 95.5% (H:4443, M:92, F:215)
2025-07-23 00:12:09,835 - INFO - Processed 4760 citations. Success rate: 95.5% (H:4452, M:93, F:215)
2025-07-23 00:12:10,348 - INFO - Processed 4770 citations. Success rate: 95.5% (H:4461, M:94, F:215)
2025-07-23 00:12:10,914 - INFO - Processed 4780 citations. Success rate: 95.5% (H:4471, M:94, F:215)
2025-07-23 00:12:11,448 - INFO - Processed 4790 citations. Success rate: 95.5% (H:4477, M:98, F:215)
2025-07-23 00:12:11,963 - INFO - Processed 4800 citations. Success rate: 95.5% (H:4485, M:99, F:216)
2025-07-23 00:12:11,964 - INFO - Batch completed: 195/200 success (97.5%)
2025-07-23 00:12:11,964 - INFO - Processing batch 25: citations 4801-5000 of 493064
2025-07-23 00:12:12,852 - INFO - Processed 4810 citations. Success rate: 95.5% (H:4493, M:100, F:217)
2025-07-23 00:12:13,420 - INFO - Processed 4820 citations. Success rate: 95.5% (H:4502, M:100, F:218)
2025-07-23 00:12:13,950 - INFO - Processed 4830 citations. Success rate: 95.5% (H:4512, M:100, F:218)
2025-07-23 00:12:14,453 - INFO - Processed 4840 citations. Success rate: 95.4% (H:4519, M:100, F:221)
2025-07-23 00:12:14,976 - INFO - Processed 4850 citations. Success rate: 95.4% (H:4528, M:100, F:222)
2025-07-23 00:12:15,536 - INFO - Processed 4860 citations. Success rate: 95.4% (H:4537, M:100, F:223)
2025-07-23 00:12:16,067 - INFO - Processed 4870 citations. Success rate: 95.4% (H:4545, M:100, F:225)
2025-07-23 00:12:16,599 - INFO - Processed 4880 citations. Success rate: 95.3% (H:4550, M:100, F:230)
2025-07-23 00:12:17,133 - INFO - Processed 4890 citations. Success rate: 95.3% (H:4558, M:100, F:232)
2025-07-23 00:12:17,681 - INFO - Processed 4900 citations. Success rate: 95.2% (H:4566, M:100, F:234)
2025-07-23 00:12:18,243 - INFO - Processed 4910 citations. Success rate: 95.2% (H:4576, M:100, F:234)
2025-07-23 00:12:18,752 - INFO - Processed 4920 citations. Success rate: 95.2% (H:4586, M:100, F:234)
2025-07-23 00:12:19,314 - INFO - Processed 4930 citations. Success rate: 95.3% (H:4596, M:100, F:234)
2025-07-23 00:12:19,848 - INFO - Processed 4940 citations. Success rate: 95.3% (H:4606, M:100, F:234)
2025-07-23 00:12:20,360 - INFO - Processed 4950 citations. Success rate: 95.3% (H:4616, M:100, F:234)
2025-07-23 00:12:20,894 - INFO - Processed 4960 citations. Success rate: 95.3% (H:4626, M:100, F:234)
2025-07-23 00:12:21,492 - INFO - Processed 4970 citations. Success rate: 95.3% (H:4636, M:100, F:234)
2025-07-23 00:12:22,053 - INFO - Processed 4980 citations. Success rate: 95.3% (H:4646, M:100, F:234)
2025-07-23 00:12:22,526 - INFO - Processed 4990 citations. Success rate: 95.3% (H:4656, M:100, F:234)
2025-07-23 00:12:23,052 - INFO - Processed 5000 citations. Success rate: 95.3% (H:4666, M:100, F:234)
2025-07-23 00:12:23,053 - INFO - Batch completed: 182/200 success (91.0%)
2025-07-23 00:12:23,054 - INFO - Processing batch 26: citations 5001-5200 of 493064
2025-07-23 00:12:23,965 - INFO - Processed 5010 citations. Success rate: 95.3% (H:4676, M:100, F:234)
2025-07-23 00:12:24,521 - INFO - Processed 5020 citations. Success rate: 95.3% (H:4686, M:100, F:234)
2025-07-23 00:12:25,037 - INFO - Processed 5030 citations. Success rate: 95.3% (H:4695, M:101, F:234)
2025-07-23 00:12:25,536 - INFO - Processed 5040 citations. Success rate: 95.4% (H:4705, M:101, F:234)
2025-07-23 00:12:26,087 - INFO - Processed 5050 citations. Success rate: 95.4% (H:4715, M:101, F:234)
2025-07-23 00:12:26,647 - INFO - Processed 5060 citations. Success rate: 95.4% (H:4725, M:101, F:234)
2025-07-23 00:12:27,154 - INFO - Processed 5070 citations. Success rate: 95.4% (H:4735, M:101, F:234)
2025-07-23 00:12:27,728 - INFO - Processed 5080 citations. Success rate: 95.4% (H:4744, M:102, F:234)
2025-07-23 00:12:28,234 - INFO - Processed 5090 citations. Success rate: 95.4% (H:4754, M:102, F:234)
2025-07-23 00:12:28,758 - INFO - Processed 5100 citations. Success rate: 95.4% (H:4764, M:102, F:234)
2025-07-23 00:12:29,326 - INFO - Processed 5110 citations. Success rate: 95.4% (H:4774, M:102, F:234)
2025-07-23 00:12:29,857 - INFO - Processed 5120 citations. Success rate: 95.4% (H:4783, M:103, F:234)
2025-07-23 00:12:30,401 - INFO - Processed 5130 citations. Success rate: 95.4% (H:4792, M:104, F:234)
2025-07-23 00:12:30,942 - INFO - Processed 5140 citations. Success rate: 95.4% (H:4802, M:104, F:234)
2025-07-23 00:12:31,476 - INFO - Processed 5150 citations. Success rate: 95.5% (H:4812, M:104, F:234)
2025-07-23 00:12:32,009 - INFO - Processed 5160 citations. Success rate: 95.5% (H:4822, M:104, F:234)
2025-07-23 00:12:32,579 - INFO - Processed 5170 citations. Success rate: 95.5% (H:4831, M:104, F:235)
2025-07-23 00:12:33,047 - INFO - Processed 5180 citations. Success rate: 95.5% (H:4841, M:104, F:235)
2025-07-23 00:12:33,601 - INFO - Processed 5190 citations. Success rate: 95.5% (H:4850, M:104, F:236)
2025-07-23 00:12:34,150 - INFO - Processed 5200 citations. Success rate: 95.5% (H:4860, M:104, F:236)
2025-07-23 00:12:34,151 - INFO - Batch completed: 198/200 success (99.0%)
2025-07-23 00:12:34,151 - INFO - Processing batch 27: citations 5201-5400 of 493064
2025-07-23 00:12:35,077 - INFO - Processed 5210 citations. Success rate: 95.5% (H:4870, M:104, F:236)
2025-07-23 00:12:35,601 - INFO - Processed 5220 citations. Success rate: 95.5% (H:4880, M:104, F:236)
2025-07-23 00:12:36,139 - INFO - Processed 5230 citations. Success rate: 95.5% (H:4890, M:104, F:236)
2025-07-23 00:12:36,661 - INFO - Processed 5240 citations. Success rate: 95.5% (H:4900, M:104, F:236)
2025-07-23 00:12:37,224 - INFO - Processed 5250 citations. Success rate: 95.5% (H:4910, M:104, F:236)
2025-07-23 00:12:37,755 - INFO - Processed 5260 citations. Success rate: 95.5% (H:4920, M:104, F:236)
2025-07-23 00:12:38,284 - INFO - Processed 5270 citations. Success rate: 95.5% (H:4930, M:104, F:236)
2025-07-23 00:12:38,813 - INFO - Processed 5280 citations. Success rate: 95.5% (H:4940, M:104, F:236)
2025-07-23 00:12:39,351 - INFO - Processed 5290 citations. Success rate: 95.5% (H:4949, M:104, F:237)
2025-07-23 00:12:39,945 - INFO - Processed 5300 citations. Success rate: 95.5% (H:4958, M:104, F:238)
2025-07-23 00:12:40,464 - INFO - Processed 5310 citations. Success rate: 95.5% (H:4967, M:104, F:239)
2025-07-23 00:12:40,979 - INFO - Processed 5320 citations. Success rate: 95.5% (H:4977, M:104, F:239)
2025-07-23 00:12:41,556 - INFO - Processed 5330 citations. Success rate: 95.5% (H:4987, M:104, F:239)
2025-07-23 00:12:42,040 - INFO - Processed 5340 citations. Success rate: 95.5% (H:4997, M:104, F:239)
2025-07-23 00:12:42,555 - INFO - Processed 5350 citations. Success rate: 95.5% (H:5007, M:104, F:239)
2025-07-23 00:12:43,098 - INFO - Processed 5360 citations. Success rate: 95.5% (H:5017, M:104, F:239)
2025-07-23 00:12:43,651 - INFO - Processed 5370 citations. Success rate: 95.5% (H:5027, M:104, F:239)
2025-07-23 00:12:44,179 - INFO - Processed 5380 citations. Success rate: 95.6% (H:5037, M:104, F:239)
2025-07-23 00:12:44,723 - INFO - Processed 5390 citations. Success rate: 95.6% (H:5047, M:104, F:239)
2025-07-23 00:12:45,279 - INFO - Processed 5400 citations. Success rate: 95.6% (H:5057, M:104, F:239)
2025-07-23 00:12:45,280 - INFO - Batch completed: 197/200 success (98.5%)
2025-07-23 00:12:45,281 - INFO - Processing batch 28: citations 5401-5600 of 493064
2025-07-23 00:12:46,179 - INFO - Processed 5410 citations. Success rate: 95.6% (H:5066, M:105, F:239)
2025-07-23 00:12:46,710 - INFO - Processed 5420 citations. Success rate: 95.6% (H:5074, M:107, F:239)
2025-07-23 00:12:47,249 - INFO - Processed 5430 citations. Success rate: 95.6% (H:5081, M:109, F:240)
2025-07-23 00:12:47,768 - INFO - Processed 5440 citations. Success rate: 95.6% (H:5089, M:110, F:241)
2025-07-23 00:12:48,323 - INFO - Processed 5450 citations. Success rate: 95.6% (H:5099, M:110, F:241)
2025-07-23 00:12:48,853 - INFO - Processed 5460 citations. Success rate: 95.6% (H:5109, M:110, F:241)
2025-07-23 00:12:49,400 - INFO - Processed 5470 citations. Success rate: 95.6% (H:5119, M:110, F:241)
2025-07-23 00:12:49,933 - INFO - Processed 5480 citations. Success rate: 95.6% (H:5129, M:110, F:241)
2025-07-23 00:12:50,444 - INFO - Processed 5490 citations. Success rate: 95.6% (H:5137, M:112, F:241)
2025-07-23 00:12:50,981 - INFO - Processed 5500 citations. Success rate: 95.6% (H:5147, M:112, F:241)
2025-07-23 00:12:51,508 - INFO - Processed 5510 citations. Success rate: 95.6% (H:5156, M:113, F:241)
2025-07-23 00:12:52,022 - INFO - Processed 5520 citations. Success rate: 95.6% (H:5165, M:114, F:241)
2025-07-23 00:12:52,570 - INFO - Processed 5530 citations. Success rate: 95.6% (H:5175, M:114, F:241)
2025-07-23 00:12:53,102 - INFO - Processed 5540 citations. Success rate: 95.6% (H:5185, M:114, F:241)
2025-07-23 00:12:53,659 - INFO - Processed 5550 citations. Success rate: 95.7% (H:5195, M:114, F:241)
2025-07-23 00:12:54,188 - INFO - Processed 5560 citations. Success rate: 95.7% (H:5205, M:114, F:241)
2025-07-23 00:12:54,703 - INFO - Processed 5570 citations. Success rate: 95.7% (H:5215, M:114, F:241)
2025-07-23 00:12:55,230 - INFO - Processed 5580 citations. Success rate: 95.7% (H:5225, M:114, F:241)
2025-07-23 00:12:55,764 - INFO - Processed 5590 citations. Success rate: 95.7% (H:5234, M:115, F:241)
2025-07-23 00:12:56,291 - INFO - Processed 5600 citations. Success rate: 95.7% (H:5244, M:115, F:241)
2025-07-23 00:12:56,292 - INFO - Batch completed: 198/200 success (99.0%)
2025-07-23 00:12:56,292 - INFO - Processing batch 29: citations 5601-5800 of 493064
2025-07-23 00:12:57,190 - INFO - Processed 5610 citations. Success rate: 95.7% (H:5254, M:115, F:241)
2025-07-23 00:12:57,719 - INFO - Processed 5620 citations. Success rate: 95.7% (H:5264, M:115, F:241)
2025-07-23 00:12:58,261 - INFO - Processed 5630 citations. Success rate: 95.7% (H:5274, M:115, F:241)
2025-07-23 00:12:58,785 - INFO - Processed 5640 citations. Success rate: 95.7% (H:5284, M:115, F:241)
2025-07-23 00:12:59,338 - INFO - Processed 5650 citations. Success rate: 95.7% (H:5294, M:115, F:241)
2025-07-23 00:12:59,849 - INFO - Processed 5660 citations. Success rate: 95.7% (H:5304, M:115, F:241)
2025-07-23 00:13:00,395 - INFO - Processed 5670 citations. Success rate: 95.7% (H:5314, M:115, F:241)
2025-07-23 00:13:00,935 - INFO - Processed 5680 citations. Success rate: 95.8% (H:5324, M:115, F:241)
2025-07-23 00:13:01,475 - INFO - Processed 5690 citations. Success rate: 95.8% (H:5332, M:117, F:241)
2025-07-23 00:13:01,974 - INFO - Processed 5700 citations. Success rate: 95.8% (H:5338, M:121, F:241)
2025-07-23 00:13:02,512 - INFO - Processed 5710 citations. Success rate: 95.8% (H:5347, M:122, F:241)
2025-07-23 00:13:03,067 - INFO - Processed 5720 citations. Success rate: 95.8% (H:5357, M:122, F:241)
2025-07-23 00:13:03,605 - INFO - Processed 5730 citations. Success rate: 95.8% (H:5367, M:122, F:241)
2025-07-23 00:13:04,109 - INFO - Processed 5740 citations. Success rate: 95.8% (H:5377, M:122, F:241)
2025-07-23 00:13:04,641 - INFO - Processed 5750 citations. Success rate: 95.8% (H:5387, M:122, F:241)
2025-07-23 00:13:05,183 - INFO - Processed 5760 citations. Success rate: 95.8% (H:5396, M:123, F:241)
2025-07-23 00:13:05,727 - INFO - Processed 5770 citations. Success rate: 95.8% (H:5406, M:123, F:241)
2025-07-23 00:13:06,271 - INFO - Processed 5780 citations. Success rate: 95.8% (H:5415, M:124, F:241)
2025-07-23 00:13:06,793 - INFO - Processed 5790 citations. Success rate: 95.8% (H:5425, M:124, F:241)
2025-07-23 00:13:07,339 - INFO - Processed 5800 citations. Success rate: 95.8% (H:5435, M:124, F:241)
2025-07-23 00:13:07,340 - INFO - Batch completed: 200/200 success (100.0%)
2025-07-23 00:13:07,340 - INFO - Processing batch 30: citations 5801-6000 of 493064
2025-07-23 00:13:08,259 - INFO - Processed 5810 citations. Success rate: 95.9% (H:5445, M:124, F:241)
2025-07-23 00:13:08,778 - INFO - Processed 5820 citations. Success rate: 95.9% (H:5455, M:124, F:241)
2025-07-23 00:13:09,328 - INFO - Processed 5830 citations. Success rate: 95.8% (H:5464, M:124, F:242)
2025-07-23 00:13:09,862 - INFO - Processed 5840 citations. Success rate: 95.8% (H:5472, M:124, F:244)
2025-07-23 00:13:10,369 - INFO - Processed 5850 citations. Success rate: 95.8% (H:5482, M:124, F:244)
2025-07-23 00:13:10,904 - INFO - Processed 5860 citations. Success rate: 95.8% (H:5492, M:124, F:244)
2025-07-23 00:13:11,462 - INFO - Processed 5870 citations. Success rate: 95.8% (H:5502, M:124, F:244)
2025-07-23 00:13:11,976 - INFO - Processed 5880 citations. Success rate: 95.8% (H:5511, M:124, F:245)
2025-07-23 00:13:12,514 - INFO - Processed 5890 citations. Success rate: 95.8% (H:5521, M:124, F:245)
2025-07-23 00:13:13,057 - INFO - Processed 5900 citations. Success rate: 95.8% (H:5531, M:124, F:245)
2025-07-23 00:13:13,589 - INFO - Processed 5910 citations. Success rate: 95.8% (H:5539, M:124, F:247)
2025-07-23 00:13:14,110 - INFO - Processed 5920 citations. Success rate: 95.8% (H:5545, M:124, F:251)
2025-07-23 00:13:14,653 - INFO - Processed 5930 citations. Success rate: 95.7% (H:5552, M:125, F:253)
2025-07-23 00:13:15,189 - INFO - Processed 5940 citations. Success rate: 95.7% (H:5560, M:126, F:254)
2025-07-23 00:13:15,713 - INFO - Processed 5950 citations. Success rate: 95.7% (H:5568, M:127, F:255)
2025-07-23 00:13:16,246 - INFO - Processed 5960 citations. Success rate: 95.7% (H:5578, M:127, F:255)
2025-07-23 00:13:16,803 - INFO - Processed 5970 citations. Success rate: 95.7% (H:5588, M:127, F:255)
2025-07-23 00:13:17,337 - INFO - Processed 5980 citations. Success rate: 95.7% (H:5596, M:127, F:257)
2025-07-23 00:13:17,891 - INFO - Processed 5990 citations. Success rate: 95.7% (H:5606, M:127, F:257)
2025-07-23 00:13:18,391 - INFO - Processed 6000 citations. Success rate: 95.7% (H:5614, M:127, F:259)
2025-07-23 00:13:18,393 - INFO - Batch completed: 182/200 success (91.0%)
2025-07-23 00:13:18,393 - INFO - Processing batch 31: citations 6001-6200 of 493064
2025-07-23 00:13:19,283 - INFO - Processed 6010 citations. Success rate: 95.6% (H:5621, M:127, F:262)
2025-07-23 00:13:19,820 - INFO - Processed 6020 citations. Success rate: 95.6% (H:5630, M:127, F:263)
2025-07-23 00:13:20,349 - INFO - Processed 6030 citations. Success rate: 95.6% (H:5640, M:127, F:263)
2025-07-23 00:13:20,920 - INFO - Processed 6040 citations. Success rate: 95.6% (H:5650, M:127, F:263)
2025-07-23 00:13:21,448 - INFO - Processed 6050 citations. Success rate: 95.6% (H:5659, M:127, F:264)
2025-07-23 00:13:21,965 - INFO - Processed 6060 citations. Success rate: 95.6% (H:5667, M:127, F:266)
2025-07-23 00:13:22,486 - INFO - Processed 6070 citations. Success rate: 95.6% (H:5677, M:127, F:266)
2025-07-23 00:13:23,031 - INFO - Processed 6080 citations. Success rate: 95.6% (H:5687, M:127, F:266)
2025-07-23 00:13:23,577 - INFO - Processed 6090 citations. Success rate: 95.6% (H:5691, M:132, F:267)
2025-07-23 00:13:24,116 - INFO - Processed 6100 citations. Success rate: 95.6% (H:5699, M:134, F:267)
2025-07-23 00:13:24,666 - INFO - Processed 6110 citations. Success rate: 95.6% (H:5709, M:134, F:267)
2025-07-23 00:13:25,185 - INFO - Processed 6120 citations. Success rate: 95.6% (H:5719, M:134, F:267)
2025-07-23 00:13:25,705 - INFO - Processed 6130 citations. Success rate: 95.6% (H:5729, M:134, F:267)
2025-07-23 00:13:26,254 - INFO - Processed 6140 citations. Success rate: 95.7% (H:5739, M:134, F:267)
2025-07-23 00:13:26,796 - INFO - Processed 6150 citations. Success rate: 95.7% (H:5749, M:134, F:267)
2025-07-23 00:13:27,357 - INFO - Processed 6160 citations. Success rate: 95.7% (H:5759, M:134, F:267)
2025-07-23 00:13:27,840 - INFO - Processed 6170 citations. Success rate: 95.6% (H:5767, M:134, F:269)
2025-07-23 00:13:28,389 - INFO - Processed 6180 citations. Success rate: 95.6% (H:5777, M:134, F:269)
2025-07-23 00:13:28,940 - INFO - Processed 6190 citations. Success rate: 95.7% (H:5787, M:134, F:269)
2025-07-23 00:13:29,443 - INFO - Processed 6200 citations. Success rate: 95.6% (H:5795, M:134, F:271)
2025-07-23 00:13:29,445 - INFO - Batch completed: 188/200 success (94.0%)
2025-07-23 00:13:29,445 - INFO - Processing batch 32: citations 6201-6400 of 493064
2025-07-23 00:13:30,358 - INFO - Processed 6210 citations. Success rate: 95.6% (H:5805, M:134, F:271)
2025-07-23 00:13:30,879 - INFO - Processed 6220 citations. Success rate: 95.6% (H:5815, M:134, F:271)
2025-07-23 00:13:31,411 - INFO - Processed 6230 citations. Success rate: 95.7% (H:5825, M:134, F:271)
2025-07-23 00:13:31,939 - INFO - Processed 6240 citations. Success rate: 95.7% (H:5835, M:134, F:271)
2025-07-23 00:13:32,442 - INFO - Processed 6250 citations. Success rate: 95.7% (H:5845, M:134, F:271)
2025-07-23 00:13:32,993 - INFO - Processed 6260 citations. Success rate: 95.7% (H:5855, M:134, F:271)
2025-07-23 00:13:33,534 - INFO - Processed 6270 citations. Success rate: 95.7% (H:5865, M:134, F:271)
2025-07-23 00:13:34,066 - INFO - Processed 6280 citations. Success rate: 95.7% (H:5875, M:134, F:271)
2025-07-23 00:13:34,619 - INFO - Processed 6290 citations. Success rate: 95.7% (H:5885, M:134, F:271)
2025-07-23 00:13:35,132 - INFO - Processed 6300 citations. Success rate: 95.7% (H:5895, M:134, F:271)
2025-07-23 00:13:35,682 - INFO - Processed 6310 citations. Success rate: 95.7% (H:5905, M:134, F:271)
2025-07-23 00:13:36,222 - INFO - Processed 6320 citations. Success rate: 95.7% (H:5915, M:134, F:271)
2025-07-23 00:13:36,745 - INFO - Processed 6330 citations. Success rate: 95.7% (H:5925, M:134, F:271)
2025-07-23 00:13:37,272 - INFO - Processed 6340 citations. Success rate: 95.7% (H:5935, M:134, F:271)
2025-07-23 00:13:37,814 - INFO - Processed 6350 citations. Success rate: 95.7% (H:5945, M:134, F:271)
2025-07-23 00:13:38,367 - INFO - Processed 6360 citations. Success rate: 95.7% (H:5955, M:134, F:271)
2025-07-23 00:13:38,911 - INFO - Processed 6370 citations. Success rate: 95.7% (H:5964, M:134, F:272)
2025-07-23 00:13:39,418 - INFO - Processed 6380 citations. Success rate: 95.7% (H:5974, M:134, F:272)
2025-07-23 00:13:39,985 - INFO - Processed 6390 citations. Success rate: 95.7% (H:5984, M:134, F:272)
2025-07-23 00:13:40,507 - INFO - Processed 6400 citations. Success rate: 95.8% (H:5994, M:134, F:272)
2025-07-23 00:13:40,509 - INFO - Batch completed: 199/200 success (99.5%)
2025-07-23 00:13:40,509 - INFO - Processing batch 33: citations 6401-6600 of 493064
2025-07-23 00:13:41,414 - INFO - Processed 6410 citations. Success rate: 95.8% (H:6003, M:135, F:272)
2025-07-23 00:13:41,933 - INFO - Processed 6420 citations. Success rate: 95.8% (H:6013, M:135, F:272)
2025-07-23 00:13:42,463 - INFO - Processed 6430 citations. Success rate: 95.8% (H:6023, M:135, F:272)
2025-07-23 00:13:43,006 - INFO - Processed 6440 citations. Success rate: 95.8% (H:6033, M:135, F:272)
2025-07-23 00:13:43,554 - INFO - Processed 6450 citations. Success rate: 95.8% (H:6043, M:135, F:272)
2025-07-23 00:13:44,077 - INFO - Processed 6460 citations. Success rate: 95.8% (H:6053, M:135, F:272)
2025-07-23 00:13:44,595 - INFO - Processed 6470 citations. Success rate: 95.8% (H:6063, M:135, F:272)
2025-07-23 00:13:45,165 - INFO - Processed 6480 citations. Success rate: 95.8% (H:6073, M:135, F:272)
2025-07-23 00:13:45,675 - INFO - Processed 6490 citations. Success rate: 95.8% (H:6083, M:135, F:272)
2025-07-23 00:13:46,223 - INFO - Processed 6500 citations. Success rate: 95.8% (H:6093, M:135, F:272)
2025-07-23 00:13:46,770 - INFO - Processed 6510 citations. Success rate: 95.8% (H:6103, M:135, F:272)
2025-07-23 00:13:47,258 - INFO - Processed 6520 citations. Success rate: 95.8% (H:6113, M:135, F:272)
2025-07-23 00:13:47,788 - INFO - Processed 6530 citations. Success rate: 95.8% (H:6123, M:135, F:272)
2025-07-23 00:13:48,346 - INFO - Processed 6540 citations. Success rate: 95.8% (H:6133, M:135, F:272)
2025-07-23 00:13:48,868 - INFO - Processed 6550 citations. Success rate: 95.8% (H:6143, M:135, F:272)
2025-07-23 00:13:49,418 - INFO - Processed 6560 citations. Success rate: 95.9% (H:6153, M:135, F:272)
2025-07-23 00:13:49,961 - INFO - Processed 6570 citations. Success rate: 95.8% (H:6162, M:135, F:273)
2025-07-23 00:13:50,467 - INFO - Processed 6580 citations. Success rate: 95.9% (H:6172, M:135, F:273)
2025-07-23 00:13:51,025 - INFO - Processed 6590 citations. Success rate: 95.8% (H:6181, M:135, F:274)
2025-07-23 00:13:51,558 - INFO - Processed 6600 citations. Success rate: 95.8% (H:6187, M:135, F:278)
2025-07-23 00:13:51,559 - INFO - Batch completed: 194/200 success (97.0%)
2025-07-23 00:13:51,559 - INFO - Processing batch 34: citations 6601-6800 of 493064
2025-07-23 00:13:52,479 - INFO - Processed 6610 citations. Success rate: 95.8% (H:6196, M:135, F:279)
2025-07-23 00:13:53,025 - INFO - Processed 6620 citations. Success rate: 95.8% (H:6206, M:135, F:279)
2025-07-23 00:13:53,549 - INFO - Processed 6630 citations. Success rate: 95.8% (H:6215, M:135, F:280)
2025-07-23 00:13:54,032 - INFO - Processed 6640 citations. Success rate: 95.8% (H:6224, M:135, F:281)
2025-07-23 00:13:54,591 - INFO - Processed 6650 citations. Success rate: 95.8% (H:6234, M:135, F:281)
2025-07-23 00:13:55,112 - INFO - Processed 6660 citations. Success rate: 95.8% (H:6244, M:135, F:281)
2025-07-23 00:13:55,677 - INFO - Processed 6670 citations. Success rate: 95.8% (H:6253, M:136, F:281)
2025-07-23 00:13:56,197 - INFO - Processed 6680 citations. Success rate: 95.8% (H:6262, M:137, F:281)
2025-07-23 00:13:56,701 - INFO - Processed 6690 citations. Success rate: 95.8% (H:6271, M:138, F:281)
2025-07-23 00:13:57,234 - INFO - Processed 6700 citations. Success rate: 95.8% (H:6281, M:138, F:281)
2025-07-23 00:13:57,787 - INFO - Processed 6710 citations. Success rate: 95.8% (H:6291, M:138, F:281)
2025-07-23 00:13:58,323 - INFO - Processed 6720 citations. Success rate: 95.8% (H:6300, M:139, F:281)
2025-07-23 00:13:58,837 - INFO - Processed 6730 citations. Success rate: 95.8% (H:6309, M:140, F:281)
2025-07-23 00:13:59,395 - INFO - Processed 6740 citations. Success rate: 95.8% (H:6318, M:140, F:282)
2025-07-23 00:13:59,915 - INFO - Processed 6750 citations. Success rate: 95.8% (H:6328, M:140, F:282)
2025-07-23 00:14:00,454 - INFO - Processed 6760 citations. Success rate: 95.8% (H:6338, M:140, F:282)
2025-07-23 00:14:01,014 - INFO - Processed 6770 citations. Success rate: 95.8% (H:6348, M:140, F:282)
2025-07-23 00:14:01,545 - INFO - Processed 6780 citations. Success rate: 95.8% (H:6358, M:140, F:282)
2025-07-23 00:14:02,046 - INFO - Processed 6790 citations. Success rate: 95.8% (H:6368, M:140, F:282)
2025-07-23 00:14:02,582 - INFO - Processed 6800 citations. Success rate: 95.9% (H:6378, M:140, F:282)
2025-07-23 00:14:02,583 - INFO - Batch completed: 196/200 success (98.0%)
2025-07-23 00:14:02,583 - INFO - Processing batch 35: citations 6801-7000 of 493064
2025-07-23 00:14:03,495 - INFO - Processed 6810 citations. Success rate: 95.9% (H:6388, M:140, F:282)
2025-07-23 00:14:04,023 - INFO - Processed 6820 citations. Success rate: 95.9% (H:6398, M:140, F:282)
2025-07-23 00:14:04,569 - INFO - Processed 6830 citations. Success rate: 95.8% (H:6406, M:140, F:284)
2025-07-23 00:14:05,083 - INFO - Processed 6840 citations. Success rate: 95.8% (H:6413, M:140, F:287)
2025-07-23 00:14:05,637 - INFO - Processed 6850 citations. Success rate: 95.8% (H:6420, M:140, F:290)
2025-07-23 00:14:06,166 - INFO - Processed 6860 citations. Success rate: 95.7% (H:6428, M:140, F:292)
2025-07-23 00:14:06,704 - INFO - Processed 6870 citations. Success rate: 95.7% (H:6437, M:140, F:293)
2025-07-23 00:14:07,233 - INFO - Processed 6880 citations. Success rate: 95.7% (H:6447, M:140, F:293)
2025-07-23 00:14:07,764 - INFO - Processed 6890 citations. Success rate: 95.7% (H:6456, M:140, F:294)
2025-07-23 00:14:08,331 - INFO - Processed 6900 citations. Success rate: 95.7% (H:6464, M:140, F:296)
2025-07-23 00:14:08,877 - INFO - Processed 6910 citations. Success rate: 95.7% (H:6472, M:140, F:298)
2025-07-23 00:14:09,407 - INFO - Processed 6920 citations. Success rate: 95.7% (H:6481, M:140, F:299)
2025-07-23 00:14:09,903 - INFO - Processed 6930 citations. Success rate: 95.7% (H:6491, M:140, F:299)
2025-07-23 00:14:10,437 - INFO - Processed 6940 citations. Success rate: 95.7% (H:6501, M:140, F:299)
2025-07-23 00:14:10,968 - INFO - Processed 6950 citations. Success rate: 95.7% (H:6509, M:141, F:300)
2025-07-23 00:14:11,551 - INFO - Processed 6960 citations. Success rate: 95.7% (H:6519, M:141, F:300)
2025-07-23 00:14:12,082 - INFO - Processed 6970 citations. Success rate: 95.7% (H:6529, M:141, F:300)
2025-07-23 00:14:12,615 - INFO - Processed 6980 citations. Success rate: 95.7% (H:6537, M:141, F:302)
2025-07-23 00:14:13,131 - INFO - Processed 6990 citations. Success rate: 95.7% (H:6545, M:141, F:304)
2025-07-23 00:14:13,685 - INFO - Processed 7000 citations. Success rate: 95.7% (H:6555, M:141, F:304)
2025-07-23 00:14:13,686 - INFO - Batch completed: 178/200 success (89.0%)
2025-07-23 00:14:13,686 - INFO - Processing batch 36: citations 7001-7200 of 493064
2025-07-23 00:14:14,587 - INFO - Processed 7010 citations. Success rate: 95.6% (H:6564, M:141, F:305)
2025-07-23 00:14:15,127 - INFO - Processed 7020 citations. Success rate: 95.7% (H:6574, M:141, F:305)
2025-07-23 00:14:15,645 - INFO - Processed 7030 citations. Success rate: 95.7% (H:6584, M:141, F:305)
2025-07-23 00:14:16,245 - INFO - Processed 7040 citations. Success rate: 95.7% (H:6594, M:141, F:305)
2025-07-23 00:14:16,711 - INFO - Processed 7050 citations. Success rate: 95.7% (H:6604, M:141, F:305)
2025-07-23 00:14:17,255 - INFO - Processed 7060 citations. Success rate: 95.7% (H:6613, M:141, F:306)
2025-07-23 00:14:17,797 - INFO - Processed 7070 citations. Success rate: 95.7% (H:6622, M:141, F:307)
2025-07-23 00:14:18,335 - INFO - Processed 7080 citations. Success rate: 95.7% (H:6632, M:141, F:307)
2025-07-23 00:14:18,854 - INFO - Processed 7090 citations. Success rate: 95.7% (H:6642, M:141, F:307)
2025-07-23 00:14:19,403 - INFO - Processed 7100 citations. Success rate: 95.7% (H:6652, M:141, F:307)
2025-07-23 00:14:19,938 - INFO - Processed 7110 citations. Success rate: 95.7% (H:6662, M:141, F:307)
2025-07-23 00:14:20,467 - INFO - Processed 7120 citations. Success rate: 95.7% (H:6672, M:141, F:307)
2025-07-23 00:14:21,014 - INFO - Processed 7130 citations. Success rate: 95.7% (H:6682, M:141, F:307)
2025-07-23 00:14:21,530 - INFO - Processed 7140 citations. Success rate: 95.7% (H:6692, M:141, F:307)
2025-07-23 00:14:22,092 - INFO - Processed 7150 citations. Success rate: 95.7% (H:6702, M:141, F:307)
2025-07-23 00:14:22,618 - INFO - Processed 7160 citations. Success rate: 95.7% (H:6712, M:141, F:307)
2025-07-23 00:14:23,190 - INFO - Processed 7170 citations. Success rate: 95.7% (H:6722, M:141, F:307)
2025-07-23 00:14:23,710 - INFO - Processed 7180 citations. Success rate: 95.7% (H:6732, M:141, F:307)
2025-07-23 00:14:24,261 - INFO - Processed 7190 citations. Success rate: 95.7% (H:6742, M:141, F:307)
2025-07-23 00:14:24,782 - INFO - Processed 7200 citations. Success rate: 95.7% (H:6752, M:141, F:307)
2025-07-23 00:14:24,783 - INFO - Batch completed: 197/200 success (98.5%)
2025-07-23 00:14:24,783 - INFO - Processing batch 37: citations 7201-7400 of 493064
2025-07-23 00:14:25,713 - INFO - Processed 7210 citations. Success rate: 95.7% (H:6762, M:141, F:307)
2025-07-23 00:14:26,223 - INFO - Processed 7220 citations. Success rate: 95.7% (H:6772, M:141, F:307)
2025-07-23 00:14:26,750 - INFO - Processed 7230 citations. Success rate: 95.8% (H:6782, M:141, F:307)
2025-07-23 00:14:27,299 - INFO - Processed 7240 citations. Success rate: 95.8% (H:6792, M:141, F:307)
2025-07-23 00:14:27,955 - INFO - Processed 7250 citations. Success rate: 95.8% (H:6802, M:141, F:307)
2025-07-23 00:14:28,351 - INFO - Processed 7260 citations. Success rate: 95.8% (H:6812, M:141, F:307)
2025-07-23 00:14:28,922 - INFO - Processed 7270 citations. Success rate: 95.8% (H:6822, M:141, F:307)
2025-07-23 00:14:29,449 - INFO - Processed 7280 citations. Success rate: 95.8% (H:6832, M:141, F:307)
2025-07-23 00:14:29,973 - INFO - Processed 7290 citations. Success rate: 95.8% (H:6842, M:141, F:307)
2025-07-23 00:14:30,534 - INFO - Processed 7300 citations. Success rate: 95.8% (H:6852, M:141, F:307)
2025-07-23 00:14:31,035 - INFO - Processed 7310 citations. Success rate: 95.8% (H:6862, M:141, F:307)
2025-07-23 00:14:31,597 - INFO - Processed 7320 citations. Success rate: 95.8% (H:6872, M:141, F:307)
2025-07-23 00:14:32,135 - INFO - Processed 7330 citations. Success rate: 95.8% (H:6882, M:141, F:307)
2025-07-23 00:14:32,647 - INFO - Processed 7340 citations. Success rate: 95.8% (H:6892, M:141, F:307)
2025-07-23 00:14:33,211 - INFO - Processed 7350 citations. Success rate: 95.8% (H:6902, M:141, F:307)
2025-07-23 00:14:33,744 - INFO - Processed 7360 citations. Success rate: 95.8% (H:6912, M:141, F:307)
2025-07-23 00:14:34,258 - INFO - Processed 7370 citations. Success rate: 95.8% (H:6922, M:141, F:307)
2025-07-23 00:14:34,809 - INFO - Processed 7380 citations. Success rate: 95.8% (H:6932, M:141, F:307)
2025-07-23 00:14:35,341 - INFO - Processed 7390 citations. Success rate: 95.8% (H:6942, M:141, F:307)
2025-07-23 00:14:35,883 - INFO - Processed 7400 citations. Success rate: 95.9% (H:6952, M:141, F:307)
2025-07-23 00:14:35,885 - INFO - Batch completed: 200/200 success (100.0%)
2025-07-23 00:14:35,885 - INFO - Processing batch 38: citations 7401-7600 of 493064
2025-07-23 00:14:36,785 - INFO - Processed 7410 citations. Success rate: 95.9% (H:6962, M:141, F:307)
2025-07-23 00:14:37,338 - INFO - Processed 7420 citations. Success rate: 95.9% (H:6972, M:141, F:307)
2025-07-23 00:14:37,860 - INFO - Processed 7430 citations. Success rate: 95.9% (H:6982, M:141, F:307)
2025-07-23 00:14:38,382 - INFO - Processed 7440 citations. Success rate: 95.9% (H:6992, M:141, F:307)
2025-07-23 00:14:38,931 - INFO - Processed 7450 citations. Success rate: 95.9% (H:7002, M:141, F:307)
2025-07-23 00:14:39,479 - INFO - Processed 7460 citations. Success rate: 95.9% (H:7011, M:142, F:307)
2025-07-23 00:14:39,994 - INFO - Processed 7470 citations. Success rate: 95.9% (H:7020, M:143, F:307)
2025-07-23 00:14:40,534 - INFO - Processed 7480 citations. Success rate: 95.9% (H:7030, M:143, F:307)
2025-07-23 00:14:41,032 - INFO - Processed 7490 citations. Success rate: 95.9% (H:7040, M:143, F:307)
2025-07-23 00:14:41,570 - INFO - Processed 7500 citations. Success rate: 95.9% (H:7050, M:143, F:307)
2025-07-23 00:14:42,121 - INFO - Processed 7510 citations. Success rate: 95.9% (H:7060, M:143, F:307)
2025-07-23 00:14:42,686 - INFO - Processed 7520 citations. Success rate: 95.9% (H:7070, M:143, F:307)
2025-07-23 00:14:43,195 - INFO - Processed 7530 citations. Success rate: 95.9% (H:7080, M:143, F:307)
2025-07-23 00:14:43,731 - INFO - Processed 7540 citations. Success rate: 95.9% (H:7090, M:143, F:307)
2025-07-23 00:14:44,261 - INFO - Processed 7550 citations. Success rate: 95.9% (H:7100, M:143, F:307)
2025-07-23 00:14:44,800 - INFO - Processed 7560 citations. Success rate: 95.9% (H:7109, M:143, F:308)
2025-07-23 00:14:45,333 - INFO - Processed 7570 citations. Success rate: 95.9% (H:7119, M:143, F:308)
2025-07-23 00:14:45,872 - INFO - Processed 7580 citations. Success rate: 95.9% (H:7128, M:143, F:309)
2025-07-23 00:14:46,410 - INFO - Processed 7590 citations. Success rate: 95.9% (H:7137, M:143, F:310)
2025-07-23 00:14:46,949 - INFO - Processed 7600 citations. Success rate: 95.9% (H:7147, M:143, F:310)
2025-07-23 00:14:46,950 - INFO - Batch completed: 197/200 success (98.5%)
2025-07-23 00:14:46,950 - INFO - Processing batch 39: citations 7601-7800 of 493064
2025-07-23 00:14:47,843 - INFO - Processed 7610 citations. Success rate: 95.9% (H:7157, M:143, F:310)
2025-07-23 00:14:48,387 - INFO - Processed 7620 citations. Success rate: 95.9% (H:7166, M:143, F:311)
2025-07-23 00:14:48,930 - INFO - Processed 7630 citations. Success rate: 95.9% (H:7176, M:143, F:311)
2025-07-23 00:14:49,445 - INFO - Processed 7640 citations. Success rate: 95.9% (H:7186, M:143, F:311)
2025-07-23 00:14:49,988 - INFO - Processed 7650 citations. Success rate: 95.9% (H:7196, M:143, F:311)
2025-07-23 00:14:50,550 - INFO - Processed 7660 citations. Success rate: 95.9% (H:7205, M:143, F:312)
2025-07-23 00:14:51,076 - INFO - Processed 7670 citations. Success rate: 95.9% (H:7214, M:143, F:313)
2025-07-23 00:14:51,615 - INFO - Processed 7680 citations. Success rate: 95.9% (H:7223, M:144, F:313)
2025-07-23 00:14:52,140 - INFO - Processed 7690 citations. Success rate: 95.9% (H:7232, M:145, F:313)
2025-07-23 00:14:52,702 - INFO - Processed 7700 citations. Success rate: 95.9% (H:7242, M:145, F:313)
2025-07-23 00:14:53,232 - INFO - Processed 7710 citations. Success rate: 95.9% (H:7252, M:145, F:313)
2025-07-23 00:14:53,783 - INFO - Processed 7720 citations. Success rate: 95.9% (H:7262, M:145, F:313)
2025-07-23 00:14:54,327 - INFO - Processed 7730 citations. Success rate: 96.0% (H:7272, M:145, F:313)
2025-07-23 00:14:54,834 - INFO - Processed 7740 citations. Success rate: 96.0% (H:7282, M:145, F:313)
2025-07-23 00:14:55,377 - INFO - Processed 7750 citations. Success rate: 96.0% (H:7292, M:145, F:313)
2025-07-23 00:14:55,914 - INFO - Processed 7760 citations. Success rate: 96.0% (H:7302, M:145, F:313)
2025-07-23 00:14:56,449 - INFO - Processed 7770 citations. Success rate: 96.0% (H:7312, M:145, F:313)
2025-07-23 00:14:56,983 - INFO - Processed 7780 citations. Success rate: 96.0% (H:7322, M:145, F:313)
2025-07-23 00:14:57,543 - INFO - Processed 7790 citations. Success rate: 96.0% (H:7332, M:145, F:313)
2025-07-23 00:14:58,060 - INFO - Processed 7800 citations. Success rate: 96.0% (H:7342, M:145, F:313)
2025-07-23 00:14:58,061 - INFO - Batch completed: 197/200 success (98.5%)
2025-07-23 00:14:58,061 - INFO - Processing batch 40: citations 7801-8000 of 493064
2025-07-23 00:14:58,976 - INFO - Processed 7810 citations. Success rate: 96.0% (H:7352, M:145, F:313)
2025-07-23 00:14:59,487 - INFO - Processed 7820 citations. Success rate: 96.0% (H:7362, M:145, F:313)
2025-07-23 00:15:00,063 - INFO - Processed 7830 citations. Success rate: 96.0% (H:7371, M:145, F:314)
2025-07-23 00:15:00,556 - INFO - Processed 7840 citations. Success rate: 96.0% (H:7380, M:145, F:315)
2025-07-23 00:15:01,098 - INFO - Processed 7850 citations. Success rate: 96.0% (H:7389, M:145, F:316)
2025-07-23 00:15:01,636 - INFO - Processed 7860 citations. Success rate: 96.0% (H:7399, M:145, F:316)
2025-07-23 00:15:02,265 - INFO - Processed 7870 citations. Success rate: 96.0% (H:7408, M:146, F:316)
2025-07-23 00:15:02,719 - INFO - Processed 7880 citations. Success rate: 96.0% (H:7418, M:146, F:316)
2025-07-23 00:15:03,254 - INFO - Processed 7890 citations. Success rate: 96.0% (H:7428, M:146, F:316)
2025-07-23 00:15:03,802 - INFO - Processed 7900 citations. Success rate: 96.0% (H:7438, M:146, F:316)
2025-07-23 00:15:04,316 - INFO - Processed 7910 citations. Success rate: 96.0% (H:7446, M:146, F:318)
2025-07-23 00:15:04,843 - INFO - Processed 7920 citations. Success rate: 96.0% (H:7456, M:146, F:318)
2025-07-23 00:15:05,357 - INFO - Processed 7930 citations. Success rate: 96.0% (H:7466, M:146, F:318)
2025-07-23 00:15:05,910 - INFO - Processed 7940 citations. Success rate: 96.0% (H:7475, M:146, F:319)
2025-07-23 00:15:06,459 - INFO - Processed 7950 citations. Success rate: 96.0% (H:7485, M:146, F:319)
2025-07-23 00:15:07,026 - INFO - Processed 7960 citations. Success rate: 96.0% (H:7493, M:147, F:320)
2025-07-23 00:15:07,515 - INFO - Processed 7970 citations. Success rate: 96.0% (H:7503, M:147, F:320)
2025-07-23 00:15:08,087 - INFO - Processed 7980 citations. Success rate: 96.0% (H:7513, M:147, F:320)
2025-07-23 00:15:08,631 - INFO - Processed 7990 citations. Success rate: 96.0% (H:7520, M:147, F:323)
2025-07-23 00:15:09,141 - INFO - Processed 8000 citations. Success rate: 96.0% (H:7530, M:147, F:323)
2025-07-23 00:15:09,142 - INFO - Batch completed: 190/200 success (95.0%)
2025-07-23 00:15:09,143 - INFO - Processing batch 41: citations 8001-8200 of 493064
2025-07-23 00:15:10,049 - INFO - Processed 8010 citations. Success rate: 96.0% (H:7540, M:147, F:323)
2025-07-23 00:15:10,590 - INFO - Processed 8020 citations. Success rate: 96.0% (H:7549, M:147, F:324)
2025-07-23 00:15:11,122 - INFO - Processed 8030 citations. Success rate: 96.0% (H:7559, M:147, F:324)
2025-07-23 00:15:11,629 - INFO - Processed 8040 citations. Success rate: 96.0% (H:7569, M:147, F:324)
2025-07-23 00:15:12,157 - INFO - Processed 8050 citations. Success rate: 96.0% (H:7579, M:147, F:324)
2025-07-23 00:15:12,738 - INFO - Processed 8060 citations. Success rate: 96.0% (H:7587, M:147, F:326)
2025-07-23 00:15:13,248 - INFO - Processed 8070 citations. Success rate: 96.0% (H:7597, M:147, F:326)
2025-07-23 00:15:13,778 - INFO - Processed 8080 citations. Success rate: 96.0% (H:7607, M:147, F:326)
2025-07-23 00:15:14,305 - INFO - Processed 8090 citations. Success rate: 96.0% (H:7617, M:147, F:326)
2025-07-23 00:15:14,923 - INFO - Processed 8100 citations. Success rate: 96.0% (H:7625, M:148, F:327)
2025-07-23 00:15:15,357 - INFO - Processed 8110 citations. Success rate: 95.9% (H:7632, M:148, F:330)
2025-07-23 00:15:15,903 - INFO - Processed 8120 citations. Success rate: 95.9% (H:7642, M:148, F:330)
2025-07-23 00:15:16,444 - INFO - Processed 8130 citations. Success rate: 95.9% (H:7651, M:148, F:331)
2025-07-23 00:15:16,982 - INFO - Processed 8140 citations. Success rate: 95.9% (H:7661, M:148, F:331)
2025-07-23 00:15:17,545 - INFO - Processed 8150 citations. Success rate: 95.9% (H:7669, M:148, F:333)
2025-07-23 00:15:18,066 - INFO - Processed 8160 citations. Success rate: 95.9% (H:7674, M:150, F:336)
2025-07-23 00:15:18,609 - INFO - Processed 8170 citations. Success rate: 95.8% (H:7680, M:150, F:340)
2025-07-23 00:15:19,143 - INFO - Processed 8180 citations. Success rate: 95.8% (H:7687, M:151, F:342)
2025-07-23 00:15:19,704 - INFO - Processed 8190 citations. Success rate: 95.8% (H:7697, M:151, F:342)
2025-07-23 00:15:20,238 - INFO - Processed 8200 citations. Success rate: 95.8% (H:7707, M:151, F:342)
2025-07-23 00:15:20,240 - INFO - Batch completed: 181/200 success (90.5%)
2025-07-23 00:15:20,240 - INFO - Processing batch 42: citations 8201-8400 of 493064
2025-07-23 00:15:21,166 - INFO - Processed 8210 citations. Success rate: 95.8% (H:7715, M:152, F:343)
2025-07-23 00:15:21,668 - INFO - Processed 8220 citations. Success rate: 95.8% (H:7721, M:156, F:343)
2025-07-23 00:15:22,222 - INFO - Processed 8230 citations. Success rate: 95.8% (H:7731, M:156, F:343)
2025-07-23 00:15:22,753 - INFO - Processed 8240 citations. Success rate: 95.8% (H:7741, M:156, F:343)
2025-07-23 00:15:23,297 - INFO - Processed 8250 citations. Success rate: 95.8% (H:7751, M:156, F:343)
2025-07-23 00:15:23,826 - INFO - Processed 8260 citations. Success rate: 95.8% (H:7761, M:156, F:343)
2025-07-23 00:15:24,334 - INFO - Processed 8270 citations. Success rate: 95.9% (H:7771, M:156, F:343)
2025-07-23 00:15:24,898 - INFO - Processed 8280 citations. Success rate: 95.9% (H:7781, M:156, F:343)
2025-07-23 00:15:25,419 - INFO - Processed 8290 citations. Success rate: 95.9% (H:7791, M:156, F:343)
2025-07-23 00:15:25,983 - INFO - Processed 8300 citations. Success rate: 95.9% (H:7801, M:156, F:343)
2025-07-23 00:15:26,502 - INFO - Processed 8310 citations. Success rate: 95.8% (H:7805, M:156, F:349)
2025-07-23 00:15:27,037 - INFO - Processed 8320 citations. Success rate: 95.7% (H:7809, M:156, F:355)
2025-07-23 00:15:27,595 - INFO - Processed 8330 citations. Success rate: 95.7% (H:7815, M:156, F:359)
2025-07-23 00:15:28,091 - INFO - Processed 8340 citations. Success rate: 95.7% (H:7822, M:156, F:362)
2025-07-23 00:15:28,658 - INFO - Processed 8350 citations. Success rate: 95.7% (H:7832, M:156, F:362)
2025-07-23 00:15:29,175 - INFO - Processed 8360 citations. Success rate: 95.7% (H:7842, M:156, F:362)
2025-07-23 00:15:29,704 - INFO - Processed 8370 citations. Success rate: 95.7% (H:7852, M:156, F:362)
2025-07-23 00:15:30,240 - INFO - Processed 8380 citations. Success rate: 95.7% (H:7862, M:156, F:362)
2025-07-23 00:15:30,778 - INFO - Processed 8390 citations. Success rate: 95.7% (H:7872, M:156, F:362)
2025-07-23 00:15:31,343 - INFO - Processed 8400 citations. Success rate: 95.7% (H:7882, M:156, F:362)
2025-07-23 00:15:31,345 - INFO - Batch completed: 180/200 success (90.0%)
2025-07-23 00:15:31,345 - INFO - Processing batch 43: citations 8401-8600 of 493064
2025-07-23 00:15:32,243 - INFO - Processed 8410 citations. Success rate: 95.7% (H:7889, M:156, F:365)
2025-07-23 00:15:32,783 - INFO - Processed 8420 citations. Success rate: 95.6% (H:7894, M:159, F:367)
2025-07-23 00:15:33,317 - INFO - Processed 8430 citations. Success rate: 95.6% (H:7904, M:159, F:367)
2025-07-23 00:15:33,847 - INFO - Processed 8440 citations. Success rate: 95.7% (H:7913, M:160, F:367)
2025-07-23 00:15:34,388 - INFO - Processed 8450 citations. Success rate: 95.7% (H:7918, M:165, F:367)
2025-07-23 00:15:34,933 - INFO - Processed 8460 citations. Success rate: 95.7% (H:7928, M:165, F:367)
2025-07-23 00:15:35,511 - INFO - Processed 8470 citations. Success rate: 95.7% (H:7938, M:165, F:367)
2025-07-23 00:15:36,041 - INFO - Processed 8480 citations. Success rate: 95.7% (H:7948, M:165, F:367)
2025-07-23 00:15:36,540 - INFO - Processed 8490 citations. Success rate: 95.7% (H:7958, M:165, F:367)
2025-07-23 00:15:37,050 - INFO - Processed 8500 citations. Success rate: 95.7% (H:7968, M:165, F:367)
2025-07-23 00:15:37,608 - INFO - Processed 8510 citations. Success rate: 95.7% (H:7978, M:165, F:367)
2025-07-23 00:15:38,134 - INFO - Processed 8520 citations. Success rate: 95.7% (H:7988, M:165, F:367)
2025-07-23 00:15:38,699 - INFO - Processed 8530 citations. Success rate: 95.7% (H:7998, M:165, F:367)
2025-07-23 00:15:39,222 - INFO - Processed 8540 citations. Success rate: 95.7% (H:8008, M:165, F:367)
2025-07-23 00:15:39,792 - INFO - Processed 8550 citations. Success rate: 95.7% (H:8015, M:165, F:370)
2025-07-23 00:15:40,287 - INFO - Processed 8560 citations. Success rate: 95.6% (H:8022, M:165, F:373)
2025-07-23 00:15:40,844 - INFO - Processed 8570 citations. Success rate: 95.6% (H:8028, M:165, F:377)
2025-07-23 00:15:41,373 - INFO - Processed 8580 citations. Success rate: 95.6% (H:8037, M:165, F:378)
2025-07-23 00:15:41,899 - INFO - Processed 8590 citations. Success rate: 95.6% (H:8047, M:165, F:378)
2025-07-23 00:15:42,466 - INFO - Processed 8600 citations. Success rate: 95.6% (H:8057, M:165, F:378)
2025-07-23 00:15:42,467 - INFO - Batch completed: 184/200 success (92.0%)
2025-07-23 00:15:42,467 - INFO - Processing batch 44: citations 8601-8800 of 493064
2025-07-23 00:15:43,361 - INFO - Processed 8610 citations. Success rate: 95.6% (H:8067, M:165, F:378)
2025-07-23 00:15:43,911 - INFO - Processed 8620 citations. Success rate: 95.6% (H:8075, M:167, F:378)
2025-07-23 00:15:44,431 - INFO - Processed 8630 citations. Success rate: 95.6% (H:8080, M:172, F:378)
2025-07-23 00:15:44,963 - INFO - Processed 8640 citations. Success rate: 95.6% (H:8087, M:173, F:380)
2025-07-23 00:15:45,502 - INFO - Processed 8650 citations. Success rate: 95.6% (H:8096, M:174, F:380)
2025-07-23 00:15:46,047 - INFO - Processed 8660 citations. Success rate: 95.6% (H:8106, M:174, F:380)
2025-07-23 00:15:46,581 - INFO - Processed 8670 citations. Success rate: 95.6% (H:8116, M:174, F:380)
2025-07-23 00:15:47,108 - INFO - Processed 8680 citations. Success rate: 95.6% (H:8126, M:174, F:380)
2025-07-23 00:15:47,643 - INFO - Processed 8690 citations. Success rate: 95.6% (H:8136, M:174, F:380)
2025-07-23 00:15:48,188 - INFO - Processed 8700 citations. Success rate: 95.6% (H:8146, M:174, F:380)
2025-07-23 00:15:48,702 - INFO - Processed 8710 citations. Success rate: 95.6% (H:8152, M:178, F:380)
2025-07-23 00:15:49,302 - INFO - Processed 8720 citations. Success rate: 95.6% (H:8160, M:180, F:380)
2025-07-23 00:15:49,806 - INFO - Processed 8730 citations. Success rate: 95.6% (H:8170, M:180, F:380)
2025-07-23 00:15:50,329 - INFO - Processed 8740 citations. Success rate: 95.7% (H:8180, M:180, F:380)
2025-07-23 00:15:50,856 - INFO - Processed 8750 citations. Success rate: 95.7% (H:8190, M:180, F:380)
2025-07-23 00:15:51,403 - INFO - Processed 8760 citations. Success rate: 95.7% (H:8200, M:180, F:380)
2025-07-23 00:15:51,917 - INFO - Processed 8770 citations. Success rate: 95.7% (H:8210, M:180, F:380)
2025-07-23 00:15:52,470 - INFO - Processed 8780 citations. Success rate: 95.7% (H:8220, M:180, F:380)
2025-07-23 00:15:52,997 - INFO - Processed 8790 citations. Success rate: 95.7% (H:8230, M:180, F:380)
2025-07-23 00:15:53,521 - INFO - Processed 8800 citations. Success rate: 95.7% (H:8240, M:180, F:380)
2025-07-23 00:15:53,522 - INFO - Batch completed: 198/200 success (99.0%)
2025-07-23 00:15:53,522 - INFO - Processing batch 45: citations 8801-9000 of 493064
2025-07-23 00:15:54,412 - INFO - Processed 8810 citations. Success rate: 95.7% (H:8250, M:180, F:380)
2025-07-23 00:15:54,977 - INFO - Processed 8820 citations. Success rate: 95.7% (H:8260, M:180, F:380)
2025-07-23 00:15:55,506 - INFO - Processed 8830 citations. Success rate: 95.7% (H:8270, M:180, F:380)
2025-07-23 00:15:56,030 - INFO - Processed 8840 citations. Success rate: 95.7% (H:8280, M:180, F:380)
2025-07-23 00:15:56,557 - INFO - Processed 8850 citations. Success rate: 95.7% (H:8290, M:180, F:380)
2025-07-23 00:15:57,096 - INFO - Processed 8860 citations. Success rate: 95.7% (H:8300, M:180, F:380)
2025-07-23 00:15:57,635 - INFO - Processed 8870 citations. Success rate: 95.7% (H:8310, M:180, F:380)
2025-07-23 00:15:58,160 - INFO - Processed 8880 citations. Success rate: 95.7% (H:8320, M:180, F:380)
2025-07-23 00:15:58,689 - INFO - Processed 8890 citations. Success rate: 95.7% (H:8330, M:180, F:380)
2025-07-23 00:15:59,244 - INFO - Processed 8900 citations. Success rate: 95.7% (H:8340, M:180, F:380)
2025-07-23 00:15:59,754 - INFO - Processed 8910 citations. Success rate: 95.7% (H:8349, M:180, F:381)
2025-07-23 00:16:00,302 - INFO - Processed 8920 citations. Success rate: 95.7% (H:8359, M:180, F:381)
2025-07-23 00:16:00,832 - INFO - Processed 8930 citations. Success rate: 95.7% (H:8369, M:180, F:381)
