2025-07-21 22:36:11,928 - INFO - 🚀 Starting Full SF Parking Citation Analysis Pipeline
2025-07-21 22:36:11,928 - INFO - ================================================================================
2025-07-21 22:36:11,928 - INFO -    Processing 365 days of data with 20 workers
2025-07-21 22:36:11,928 - INFO -    Output directory: ../output/pipeline_results/20250721_223611
2025-07-21 22:36:11,928 - INFO - ================================================================================
2025-07-21 22:36:11,928 - INFO - 📅 Step 1: Fetching street sweeping schedule data from SF Open Data API
2025-07-21 22:36:11,928 - INFO -    Fetching schedule batch at offset 0...
2025-07-21 22:36:13,479 - INFO -    Fetched 37878 schedules (total: 37878)
2025-07-21 22:36:13,480 - INFO - ✅ Fetched 37878 schedule records from API
2025-07-21 22:36:13,678 - INFO - 💾 Saved raw schedule data to ../output/pipeline_results/20250721_223611/schedule_raw_20250721_223611.csv
2025-07-21 22:36:13,682 - INFO - 🧹 Step 2: Cleaning and consolidating schedule data
2025-07-21 22:36:14,154 - ERROR - Schedule cleaning failed: Traceback (most recent call last):
  File "/Users/zshor/Library/Python/3.9/lib/python/site-packages/pandas/core/indexes/base.py", line 3812, in get_loc
    return self._engine.get_loc(casted_key)
  File "pandas/_libs/index.pyx", line 167, in pandas._libs.index.IndexEngine.get_loc
  File "pandas/_libs/index.pyx", line 196, in pandas._libs.index.IndexEngine.get_loc
  File "pandas/_libs/hashtable_class_helper.pxi", line 7088, in pandas._libs.hashtable.PyObjectHashTable.get_item
  File "pandas/_libs/hashtable_class_helper.pxi", line 7096, in pandas._libs.hashtable.PyObjectHashTable.get_item
KeyError: 'WeekDay'

The above exception was the direct cause of the following exception:

Traceback (most recent call last):
  File "/Users/zshor/Desktop/SFParkingApp/data_processing/production/core/clean_schedule_data_simple.py", line 288, in <module>
    main()
  File "/Users/zshor/Desktop/SFParkingApp/data_processing/production/core/clean_schedule_data_simple.py", line 279, in main
    cleaner.clean_schedule_data_simple()
  File "/Users/zshor/Desktop/SFParkingApp/data_processing/production/core/clean_schedule_data_simple.py", line 34, in clean_schedule_data_simple
    normalized = self._normalize_row(row)
  File "/Users/zshor/Desktop/SFParkingApp/data_processing/production/core/clean_schedule_data_simple.py", line 83, in _normalize_row
    weekday_str = str(row['WeekDay']).upper()
  File "/Users/zshor/Library/Python/3.9/lib/python/site-packages/pandas/core/series.py", line 1130, in __getitem__
    return self._get_value(key)
  File "/Users/zshor/Library/Python/3.9/lib/python/site-packages/pandas/core/series.py", line 1246, in _get_value
    loc = self.index.get_loc(label)
  File "/Users/zshor/Library/Python/3.9/lib/python/site-packages/pandas/core/indexes/base.py", line 3819, in get_loc
    raise KeyError(key) from err
KeyError: 'WeekDay'

2025-07-21 22:36:14,154 - ERROR - Error in schedule cleaning: Schedule cleaning failed
2025-07-21 22:36:14,154 - ERROR - ❌ Pipeline failed: Schedule cleaning failed
