2025-07-23 01:09:16,424 - INFO - 🚗 Starting Production Citation GPS Processing
2025-07-23 01:09:16,424 - INFO - ============================================================
2025-07-23 01:09:16,424 - INFO - Loading citations from file: temp_citations_for_geocoding.csv
2025-07-23 01:09:26,095 - INFO - ✅ Loaded 493064 citations from file
2025-07-23 01:09:26,098 - INFO - Processing 493064 citations in batches of 5000
2025-07-23 01:09:26,098 - INFO - Processing batch 1: citations 1-5000 of 493064
2025-07-23 01:09:26,642 - INFO - Processed 10 citations. Success rate: 90.0% (H:9, M:0, F:1)
2025-07-23 01:09:26,759 - INFO - Processed 20 citations. Success rate: 95.0% (H:19, M:0, F:1)
2025-07-23 01:09:26,872 - INFO - Processed 30 citations. Success rate: 96.7% (H:29, M:0, F:1)
2025-07-23 01:09:27,003 - INFO - Processed 40 citations. Success rate: 97.5% (H:39, M:0, F:1)
2025-07-23 01:09:27,118 - INFO - Processed 50 citations. Success rate: 98.0% (H:48, M:1, F:1)
2025-07-23 01:09:27,236 - INFO - Processed 60 citations. Success rate: 98.3% (H:58, M:1, F:1)
2025-07-23 01:09:27,355 - INFO - Processed 70 citations. Success rate: 97.1% (H:67, M:1, F:2)
2025-07-23 01:09:27,467 - INFO - Processed 80 citations. Success rate: 97.5% (H:76, M:2, F:2)
2025-07-23 01:09:27,599 - INFO - Processed 90 citations. Success rate: 97.8% (H:86, M:2, F:2)
2025-07-23 01:09:27,725 - INFO - Processed 100 citations. Success rate: 98.0% (H:96, M:2, F:2)
2025-07-23 01:09:27,904 - INFO - Processed 110 citations. Success rate: 98.2% (H:106, M:2, F:2)
2025-07-23 01:09:28,936 - INFO - Processed 120 citations. Success rate: 98.3% (H:116, M:2, F:2)
2025-07-23 01:09:29,325 - INFO - Processed 130 citations. Success rate: 98.5% (H:126, M:2, F:2)
2025-07-23 01:09:29,939 - INFO - Processed 140 citations. Success rate: 98.6% (H:136, M:2, F:2)
2025-07-23 01:09:30,536 - INFO - Processed 150 citations. Success rate: 98.7% (H:146, M:2, F:2)
2025-07-23 01:09:31,141 - INFO - Processed 160 citations. Success rate: 98.8% (H:156, M:2, F:2)
2025-07-23 01:09:32,072 - INFO - Processed 170 citations. Success rate: 98.2% (H:165, M:2, F:3)
2025-07-23 01:09:32,466 - INFO - Processed 180 citations. Success rate: 97.8% (H:174, M:2, F:4)
2025-07-23 01:09:33,174 - INFO - Processed 190 citations. Success rate: 97.9% (H:184, M:2, F:4)
2025-07-23 01:09:33,736 - ERROR - Error processing citation 501 HAIGHT ST: database is locked
2025-07-23 01:09:33,840 - INFO - Processed 200 citations. Success rate: 97.5% (H:193, M:2, F:6)
2025-07-23 01:09:34,863 - INFO - Processed 210 citations. Success rate: 96.2% (H:200, M:2, F:9)
2025-07-23 01:09:35,471 - INFO - Processed 220 citations. Success rate: 95.9% (H:208, M:3, F:10)
2025-07-23 01:09:36,369 - INFO - Processed 230 citations. Success rate: 95.7% (H:217, M:3, F:11)
2025-07-23 01:09:37,211 - INFO - Processed 240 citations. Success rate: 95.8% (H:227, M:3, F:11)
2025-07-23 01:09:37,472 - ERROR - Error processing citation 1940 15TH ST: database is locked
2025-07-23 01:09:37,901 - INFO - Processed 250 citations. Success rate: 96.0% (H:237, M:3, F:12)
2025-07-23 01:09:38,584 - INFO - Processed 260 citations. Success rate: 96.2% (H:247, M:3, F:12)
2025-07-23 01:09:39,498 - INFO - Processed 270 citations. Success rate: 96.3% (H:257, M:3, F:12)
2025-07-23 01:09:39,819 - INFO - Processed 280 citations. Success rate: 96.4% (H:267, M:3, F:12)
2025-07-23 01:09:40,352 - INFO - Processed 290 citations. Success rate: 96.6% (H:277, M:3, F:12)
2025-07-23 01:09:41,075 - ERROR - Error processing citation 162 RUSS ST: database is locked
2025-07-23 01:09:41,076 - INFO - Processed 300 citations. Success rate: 96.3% (H:286, M:3, F:14)
2025-07-23 01:09:41,404 - INFO - Processed 310 citations. Success rate: 96.5% (H:296, M:3, F:14)
2025-07-23 01:09:42,020 - INFO - Processed 320 citations. Success rate: 95.9% (H:304, M:3, F:16)
2025-07-23 01:09:42,408 - INFO - Processed 330 citations. Success rate: 95.8% (H:313, M:3, F:17)
2025-07-23 01:09:43,493 - INFO - Processed 340 citations. Success rate: 95.9% (H:323, M:3, F:17)
2025-07-23 01:09:43,921 - INFO - Processed 350 citations. Success rate: 96.0% (H:331, M:5, F:17)
2025-07-23 01:09:44,736 - INFO - Processed 360 citations. Success rate: 96.1% (H:340, M:6, F:17)
2025-07-23 01:09:45,834 - INFO - Processed 370 citations. Success rate: 96.2% (H:349, M:7, F:17)
2025-07-23 01:09:46,848 - INFO - Processed 380 citations. Success rate: 96.3% (H:359, M:7, F:17)
2025-07-23 01:09:47,771 - INFO - Processed 390 citations. Success rate: 96.4% (H:369, M:7, F:17)
2025-07-23 01:09:49,297 - INFO - Processed 400 citations. Success rate: 96.5% (H:379, M:7, F:17)
2025-07-23 01:09:49,760 - INFO - Processed 410 citations. Success rate: 96.6% (H:389, M:7, F:17)
2025-07-23 01:09:50,424 - INFO - Processed 420 citations. Success rate: 96.4% (H:398, M:7, F:18)
2025-07-23 01:09:51,339 - INFO - Processed 430 citations. Success rate: 96.3% (H:406, M:8, F:19)
2025-07-23 01:09:52,554 - INFO - Processed 440 citations. Success rate: 96.4% (H:416, M:8, F:19)
2025-07-23 01:09:53,379 - ERROR - Error processing citation 1067 TREAT AVE: database is locked
2025-07-23 01:09:53,739 - ERROR - Error processing citation 4330 20TH ST: database is locked
2025-07-23 01:09:53,856 - INFO - Processed 450 citations. Success rate: 96.0% (H:424, M:8, F:23)
2025-07-23 01:09:54,798 - INFO - Processed 460 citations. Success rate: 96.1% (H:434, M:8, F:23)
2025-07-23 01:09:55,348 - ERROR - Error processing citation 2680 NEWHALL ST: database is locked
2025-07-23 01:09:55,393 - ERROR - Error processing citation 1340 GOLDEN GATE AVE: database is locked
2025-07-23 01:09:55,395 - ERROR - Error processing citation 870 GOLDEN GATE AVE: database is locked
2025-07-23 01:09:55,395 - ERROR - Error processing citation 1 VALLETTA CT: database is locked
2025-07-23 01:09:55,677 - ERROR - Error processing citation 150 HANCOCK ST: database is locked
2025-07-23 01:09:55,765 - INFO - Processed 470 citations. Success rate: 96.2% (H:444, M:8, F:28)
2025-07-23 01:09:55,904 - ERROR - Error processing citation 1427 TURK ST: database is locked
2025-07-23 01:09:55,969 - ERROR - Error processing citation 4172 20TH ST: database is locked
2025-07-23 01:09:55,970 - ERROR - Error processing citation 715 TREAT AVE: database is locked
2025-07-23 01:09:56,417 - INFO - Processed 480 citations. Success rate: 96.2% (H:454, M:8, F:31)
2025-07-23 01:09:56,728 - INFO - Processed 490 citations. Success rate: 96.1% (H:463, M:8, F:32)
2025-07-23 01:09:57,843 - ERROR - Error processing citation 495 MIRAMAR AVE: database is locked
2025-07-23 01:09:57,843 - ERROR - Error processing citation 2 VALLETTA CT: database is locked
2025-07-23 01:09:57,894 - ERROR - Error processing citation 3510 CABRILLO ST: database is locked
2025-07-23 01:09:57,895 - ERROR - Error processing citation 335 MIRAMAR AVE: database is locked
2025-07-23 01:09:58,105 - INFO - Processed 500 citations. Success rate: 96.2% (H:473, M:8, F:36)
2025-07-23 01:09:58,497 - ERROR - Error processing citation 1431 TURK ST: database is locked
2025-07-23 01:09:58,833 - INFO - Processed 510 citations. Success rate: 96.3% (H:483, M:8, F:37)
2025-07-23 01:09:59,096 - INFO - Processed 520 citations. Success rate: 96.3% (H:491, M:10, F:37)
2025-07-23 01:09:59,905 - ERROR - Error processing citation 1181 TURK ST: database is locked
2025-07-23 01:09:59,922 - INFO - Processed 530 citations. Success rate: 96.4% (H:501, M:10, F:38)
2025-07-23 01:10:00,753 - INFO - Processed 540 citations. Success rate: 96.3% (H:509, M:11, F:39)
2025-07-23 01:10:02,137 - INFO - Processed 550 citations. Success rate: 96.2% (H:518, M:11, F:40)
2025-07-23 01:10:03,145 - INFO - Processed 560 citations. Success rate: 96.1% (H:527, M:11, F:41)
2025-07-23 01:10:03,676 - INFO - Processed 570 citations. Success rate: 96.1% (H:536, M:12, F:41)
2025-07-23 01:10:04,353 - ERROR - Error processing citation 1099 ALABAMA ST: database is locked
2025-07-23 01:10:04,568 - INFO - Processed 580 citations. Success rate: 96.2% (H:546, M:12, F:42)
2025-07-23 01:10:05,100 - ERROR - Error processing citation 896 FULTON ST: database is locked
2025-07-23 01:10:05,497 - ERROR - Error processing citation 3582 17TH ST: database is locked
2025-07-23 01:10:05,504 - ERROR - Error processing citation 3535 CLEMENT ST: database is locked
2025-07-23 01:10:05,560 - ERROR - Error processing citation 3806 17TH ST: database is locked
2025-07-23 01:10:05,691 - INFO - Processed 590 citations. Success rate: 96.3% (H:556, M:12, F:46)
2025-07-23 01:10:06,372 - ERROR - Error processing citation 2049 O'FARRELL ST: database is locked
2025-07-23 01:10:06,880 - INFO - Processed 600 citations. Success rate: 96.3% (H:566, M:12, F:47)
