2025-07-23 01:00:51,261 - INFO - 🚗 Starting Production Citation GPS Processing
2025-07-23 01:00:51,261 - INFO - ============================================================
2025-07-23 01:00:51,261 - INFO - Loading citations from file: temp_citations_for_geocoding.csv
2025-07-23 01:00:59,575 - INFO - ✅ Loaded 493064 citations from file
2025-07-23 01:00:59,577 - INFO - Processing 493064 citations in batches of 5000
2025-07-23 01:00:59,577 - INFO - Processing batch 1: citations 1-5000 of 493064
2025-07-23 01:01:00,124 - INFO - Processed 10 citations. Success rate: 90.0% (H:9, M:0, F:1)
2025-07-23 01:01:00,248 - INFO - Processed 20 citations. Success rate: 95.0% (H:19, M:0, F:1)
2025-07-23 01:01:00,363 - INFO - Processed 30 citations. Success rate: 96.7% (H:29, M:0, F:1)
2025-07-23 01:01:00,501 - INFO - Processed 40 citations. Success rate: 97.5% (H:39, M:0, F:1)
2025-07-23 01:01:00,598 - INFO - Processed 50 citations. Success rate: 98.0% (H:48, M:1, F:1)
2025-07-23 01:01:00,719 - INFO - Processed 60 citations. Success rate: 98.3% (H:58, M:1, F:1)
2025-07-23 01:01:00,848 - INFO - Processed 70 citations. Success rate: 97.1% (H:67, M:1, F:2)
2025-07-23 01:01:00,952 - INFO - Processed 80 citations. Success rate: 97.5% (H:76, M:2, F:2)
2025-07-23 01:01:01,079 - INFO - Processed 90 citations. Success rate: 97.8% (H:86, M:2, F:2)
2025-07-23 01:01:01,190 - INFO - Processed 100 citations. Success rate: 98.0% (H:96, M:2, F:2)
2025-07-23 01:01:01,324 - INFO - Processed 110 citations. Success rate: 98.2% (H:106, M:2, F:2)
2025-07-23 01:01:01,842 - INFO - Processed 120 citations. Success rate: 98.3% (H:116, M:2, F:2)
2025-07-23 01:01:02,241 - INFO - Processed 130 citations. Success rate: 98.5% (H:126, M:2, F:2)
2025-07-23 01:01:02,737 - INFO - Processed 140 citations. Success rate: 97.9% (H:135, M:2, F:3)
2025-07-23 01:01:03,335 - INFO - Processed 150 citations. Success rate: 98.0% (H:145, M:2, F:3)
2025-07-23 01:01:04,112 - INFO - Processed 160 citations. Success rate: 98.1% (H:155, M:2, F:3)
2025-07-23 01:01:05,451 - INFO - Processed 170 citations. Success rate: 98.2% (H:165, M:2, F:3)
2025-07-23 01:01:06,590 - INFO - Processed 180 citations. Success rate: 98.3% (H:175, M:2, F:3)
2025-07-23 01:01:07,286 - INFO - Processed 190 citations. Success rate: 97.9% (H:183, M:3, F:4)
2025-07-23 01:01:07,405 - INFO - Processed 200 citations. Success rate: 97.5% (H:192, M:3, F:5)
2025-07-23 01:01:08,001 - INFO - Processed 210 citations. Success rate: 95.2% (H:197, M:3, F:10)
2025-07-23 01:01:08,643 - INFO - Processed 220 citations. Success rate: 95.0% (H:206, M:3, F:11)
2025-07-23 01:01:09,270 - INFO - Processed 230 citations. Success rate: 95.2% (H:216, M:3, F:11)
2025-07-23 01:01:09,804 - INFO - Processed 240 citations. Success rate: 95.4% (H:226, M:3, F:11)
2025-07-23 01:01:10,173 - ERROR - Error processing citation 517 ELLIS ST: database is locked
2025-07-23 01:01:10,598 - INFO - Processed 250 citations. Success rate: 95.6% (H:236, M:3, F:12)
2025-07-23 01:01:10,598 - ERROR - Error processing citation 3490 25TH ST: database is locked
2025-07-23 01:01:11,293 - INFO - Processed 260 citations. Success rate: 95.4% (H:245, M:3, F:14)
2025-07-23 01:01:12,074 - INFO - Processed 270 citations. Success rate: 95.2% (H:254, M:3, F:15)
2025-07-23 01:01:12,316 - ERROR - Error processing citation 2285 KEITH ST: database is locked
2025-07-23 01:01:12,473 - ERROR - Error processing citation 3189 16TH ST: database is locked
2025-07-23 01:01:12,765 - INFO - Processed 280 citations. Success rate: 95.4% (H:264, M:3, F:17)
2025-07-23 01:01:13,133 - INFO - Processed 290 citations. Success rate: 95.5% (H:274, M:3, F:17)
2025-07-23 01:01:14,393 - INFO - Processed 300 citations. Success rate: 95.3% (H:283, M:3, F:18)
2025-07-23 01:01:15,235 - INFO - Processed 310 citations. Success rate: 95.5% (H:292, M:4, F:18)
2025-07-23 01:01:17,373 - INFO - Processed 320 citations. Success rate: 95.6% (H:302, M:4, F:18)
2025-07-23 01:01:18,114 - INFO - Processed 330 citations. Success rate: 95.8% (H:311, M:5, F:18)
2025-07-23 01:01:18,775 - INFO - Processed 340 citations. Success rate: 95.9% (H:321, M:5, F:18)
2025-07-23 01:01:19,706 - INFO - Processed 350 citations. Success rate: 96.0% (H:331, M:5, F:18)
2025-07-23 01:01:20,537 - INFO - Processed 360 citations. Success rate: 96.1% (H:341, M:5, F:18)
2025-07-23 01:01:21,369 - INFO - Processed 370 citations. Success rate: 96.2% (H:350, M:6, F:18)
2025-07-23 01:01:22,229 - ERROR - Error processing citation 665 SHOTWELL ST: database is locked
2025-07-23 01:01:22,467 - INFO - Processed 380 citations. Success rate: 96.1% (H:358, M:7, F:20)
2025-07-23 01:01:23,187 - INFO - Processed 390 citations. Success rate: 95.9% (H:367, M:7, F:21)
2025-07-23 01:01:23,374 - ERROR - Error processing citation 619 SHOTWELL ST: database is locked
2025-07-23 01:01:23,581 - ERROR - Error processing citation 5311 FULTON ST: database is locked
2025-07-23 01:01:23,582 - ERROR - Error processing citation 411 SHOTWELL ST: database is locked
2025-07-23 01:01:23,610 - ERROR - Error processing citation 1067 TREAT AVE: database is locked
2025-07-23 01:01:23,610 - ERROR - Error processing citation 993 SHOTWELL ST: database is locked
2025-07-23 01:01:24,007 - INFO - Processed 400 citations. Success rate: 95.8% (H:375, M:8, F:27)
2025-07-23 01:01:24,237 - ERROR - Error processing citation 005 YALE ST: database is locked
2025-07-23 01:01:24,237 - ERROR - Error processing citation 1005 SHOTWELL ST: database is locked
2025-07-23 01:01:24,237 - ERROR - Error processing citation 1535 QUINT ST: database is locked
2025-07-23 01:01:24,237 - ERROR - Error processing citation 324 GENNESSEE ST: database is locked
2025-07-23 01:01:24,237 - ERROR - Error processing citation 879 SHOTWELL ST: database is locked
2025-07-23 01:01:24,248 - ERROR - Error processing citation 3622 RIVERA ST: database is locked
2025-07-23 01:01:24,543 - ERROR - Error processing citation 1099 SHOTWELL ST: database is locked
2025-07-23 01:01:24,580 - ERROR - Error processing citation 2258 48TH AVE: database is locked
2025-07-23 01:01:24,616 - ERROR - Error processing citation 96 BITTING AVE: database is locked
2025-07-23 01:01:25,402 - ERROR - Error processing citation 4145 PACHECO ST: database is locked
2025-07-23 01:01:25,545 - INFO - Processed 410 citations. Success rate: 95.9% (H:385, M:8, F:37)
2025-07-23 01:01:25,969 - ERROR - Error processing citation 4302 20TH ST: database is locked
2025-07-23 01:01:26,446 - INFO - Processed 420 citations. Success rate: 95.7% (H:394, M:8, F:39)
2025-07-23 01:01:27,844 - INFO - Processed 430 citations. Success rate: 95.8% (H:404, M:8, F:39)
2025-07-23 01:01:28,542 - INFO - Processed 440 citations. Success rate: 95.9% (H:414, M:8, F:39)
2025-07-23 01:01:28,973 - ERROR - Error processing citation 884 GOLDEN GATE AVE: database is locked
2025-07-23 01:01:29,005 - INFO - Processed 450 citations. Success rate: 95.8% (H:423, M:8, F:41)
2025-07-23 01:01:29,254 - INFO - Processed 460 citations. Success rate: 95.7% (H:432, M:8, F:42)
2025-07-23 01:01:29,453 - INFO - Processed 470 citations. Success rate: 95.7% (H:441, M:9, F:42)
2025-07-23 01:01:29,645 - ERROR - Error processing citation 1302 GOLDEN GATE AVE: database is locked
2025-07-23 01:01:29,768 - ERROR - Error processing citation 106 EDNA ST: database is locked
2025-07-23 01:01:29,861 - ERROR - Error processing citation 877 TREAT AVE: database is locked
2025-07-23 01:01:30,337 - ERROR - Error processing citation 495 MIRAMAR AVE: database is locked
2025-07-23 01:01:30,337 - ERROR - Error processing citation 1510 BURROWS ST: database is locked
2025-07-23 01:01:30,337 - INFO - Processed 480 citations. Success rate: 95.8% (H:451, M:9, F:47)
2025-07-23 01:01:31,118 - INFO - Processed 490 citations. Success rate: 95.9% (H:461, M:9, F:47)
2025-07-23 01:01:31,465 - ERROR - Error processing citation 3330 RIVERA ST: database is locked
2025-07-23 01:01:31,632 - INFO - Processed 500 citations. Success rate: 96.0% (H:471, M:9, F:48)
2025-07-23 01:01:32,383 - INFO - Processed 510 citations. Success rate: 96.1% (H:480, M:10, F:48)
2025-07-23 01:01:32,763 - ERROR - Error processing citation 335 MIRAMAR AVE: database is locked
2025-07-23 01:01:33,068 - INFO - Processed 520 citations. Success rate: 96.2% (H:490, M:10, F:49)
2025-07-23 01:01:34,133 - INFO - Processed 530 citations. Success rate: 96.2% (H:499, M:11, F:49)
2025-07-23 01:01:34,728 - INFO - Processed 540 citations. Success rate: 96.3% (H:509, M:11, F:49)
2025-07-23 01:01:34,728 - ERROR - Error processing citation 520 CONGO ST: database is locked
2025-07-23 01:01:34,728 - ERROR - Error processing citation 649 DETROIT ST: database is locked
2025-07-23 01:01:34,728 - ERROR - Error processing citation 2605 CLEMENT ST: database is locked
2025-07-23 01:01:34,744 - ERROR - Error processing citation 2918 CABRILLO ST: database is locked
2025-07-23 01:01:34,909 - ERROR - Error processing citation 4426 18TH ST: database is locked
2025-07-23 01:01:35,258 - INFO - Processed 550 citations. Success rate: 96.2% (H:517, M:12, F:55)
2025-07-23 01:01:35,685 - INFO - Processed 560 citations. Success rate: 96.2% (H:527, M:12, F:55)
2025-07-23 01:01:36,467 - INFO - Processed 570 citations. Success rate: 96.1% (H:536, M:12, F:56)
2025-07-23 01:01:37,705 - INFO - Processed 580 citations. Success rate: 96.2% (H:546, M:12, F:56)
2025-07-23 01:01:38,639 - INFO - Processed 590 citations. Success rate: 96.3% (H:556, M:12, F:56)
2025-07-23 01:01:38,752 - ERROR - Error processing citation 103 SEAL ROCK DR: database is locked
2025-07-23 01:01:38,884 - ERROR - Error processing citation 424 FULTON ST: database is locked
2025-07-23 01:01:38,884 - ERROR - Error processing citation 750 FULTON ST: database is locked
2025-07-23 01:01:38,884 - ERROR - Error processing citation 69 PINEHURST WAY: database is locked
2025-07-23 01:01:38,885 - ERROR - Error processing citation 1941 O'FARRELL ST: database is locked
2025-07-23 01:01:39,134 - INFO - Processed 600 citations. Success rate: 96.3% (H:566, M:12, F:61)
2025-07-23 01:01:39,893 - INFO - Processed 610 citations. Success rate: 96.2% (H:575, M:12, F:62)
2025-07-23 01:01:41,094 - INFO - Processed 620 citations. Success rate: 96.3% (H:584, M:13, F:62)
2025-07-23 01:01:42,021 - INFO - Processed 630 citations. Success rate: 96.3% (H:594, M:13, F:62)
