/Users/zshor/Library/Python/3.9/lib/python/site-packages/urllib3/__init__.py:35: NotOpenSSLWarning: urllib3 v2 only supports OpenSSL 1.1.1+, currently the 'ssl' module is compiled with 'LibreSSL 2.8.3'. See: https://github.com/urllib3/urllib3/issues/3020
  warnings.warn(
2025-07-22 09:23:16,386 - INFO - 🚗 Starting Production Citation GPS Processing
2025-07-22 09:23:16,386 - INFO - ============================================================
2025-07-22 09:23:16,387 - INFO - Loading citations from file: temp_citations_for_geocoding.csv
/Users/zshor/Desktop/SFParkingApp/data_processing/production/core/production_citation_processor.py:164: DtypeWarning: Columns (2) have mixed types. Specify dtype option on import or set low_memory=False.
  df = pd.read_csv(input_file)
2025-07-22 09:23:24,668 - INFO - ✅ Loaded 495303 citations from file
2025-07-22 09:23:25,095 - INFO - Resuming: 161744 already processed, 495303 remaining
2025-07-22 09:23:25,095 - INFO - Processing 495303 citations in batches of 1000
2025-07-22 09:23:25,095 - INFO - Processing batch 1: citations 1-1000 of 495303
2025-07-22 09:23:25,622 - INFO - Processed 10 citations. Success rate: 90.0% (H:9, M:0, F:1)
2025-07-22 09:23:25,765 - INFO - Processed 20 citations. Success rate: 95.0% (H:19, M:0, F:1)
2025-07-22 09:23:25,876 - INFO - Processed 30 citations. Success rate: 96.7% (H:29, M:0, F:1)
2025-07-22 09:23:26,066 - INFO - Processed 40 citations. Success rate: 97.5% (H:39, M:0, F:1)
2025-07-22 09:23:26,228 - INFO - Processed 50 citations. Success rate: 98.0% (H:49, M:0, F:1)
2025-07-22 09:23:26,366 - INFO - Processed 60 citations. Success rate: 98.3% (H:58, M:1, F:1)
2025-07-22 09:23:26,502 - INFO - Processed 70 citations. Success rate: 97.1% (H:67, M:1, F:2)
2025-07-22 09:23:26,652 - INFO - Processed 80 citations. Success rate: 97.5% (H:76, M:2, F:2)
2025-07-22 09:23:26,788 - INFO - Processed 90 citations. Success rate: 97.8% (H:86, M:2, F:2)
2025-07-22 09:23:26,950 - INFO - Processed 100 citations. Success rate: 98.0% (H:96, M:2, F:2)
2025-07-22 09:23:27,109 - INFO - Processed 110 citations. Success rate: 98.2% (H:106, M:2, F:2)
2025-07-22 09:23:27,277 - INFO - Processed 120 citations. Success rate: 98.3% (H:116, M:2, F:2)
2025-07-22 09:23:27,365 - INFO - Processed 130 citations. Success rate: 98.5% (H:126, M:2, F:2)
2025-07-22 09:23:27,516 - INFO - Processed 140 citations. Success rate: 98.6% (H:136, M:2, F:2)
2025-07-22 09:23:27,694 - INFO - Processed 150 citations. Success rate: 98.7% (H:146, M:2, F:2)
2025-07-22 09:23:27,804 - INFO - Processed 160 citations. Success rate: 98.8% (H:156, M:2, F:2)
2025-07-22 09:23:27,965 - INFO - Processed 170 citations. Success rate: 98.8% (H:166, M:2, F:2)
2025-07-22 09:23:28,103 - INFO - Processed 180 citations. Success rate: 98.9% (H:176, M:2, F:2)
2025-07-22 09:23:28,234 - INFO - Processed 190 citations. Success rate: 98.4% (H:185, M:2, F:3)
2025-07-22 09:23:28,401 - INFO - Processed 200 citations. Success rate: 97.5% (H:193, M:2, F:5)
2025-07-22 09:23:28,520 - INFO - Processed 210 citations. Success rate: 97.6% (H:202, M:3, F:5)
2025-07-22 09:23:28,670 - INFO - Processed 220 citations. Success rate: 96.8% (H:210, M:3, F:7)
2025-07-22 09:23:28,819 - INFO - Processed 230 citations. Success rate: 96.5% (H:219, M:3, F:8)
2025-07-22 09:23:28,964 - INFO - Processed 240 citations. Success rate: 95.0% (H:225, M:3, F:12)
2025-07-22 09:23:29,108 - INFO - Processed 250 citations. Success rate: 94.8% (H:234, M:3, F:13)
2025-07-22 09:23:29,259 - INFO - Processed 260 citations. Success rate: 95.0% (H:244, M:3, F:13)
2025-07-22 09:23:29,399 - INFO - Processed 270 citations. Success rate: 95.2% (H:254, M:3, F:13)
2025-07-22 09:23:29,544 - INFO - Processed 280 citations. Success rate: 95.4% (H:264, M:3, F:13)
2025-07-22 09:23:29,662 - INFO - Processed 290 citations. Success rate: 95.5% (H:274, M:3, F:13)
2025-07-22 09:23:29,803 - INFO - Processed 300 citations. Success rate: 95.7% (H:284, M:3, F:13)
2025-07-22 09:23:29,968 - INFO - Processed 310 citations. Success rate: 95.8% (H:294, M:3, F:13)
2025-07-22 09:23:30,128 - INFO - Processed 320 citations. Success rate: 95.6% (H:303, M:3, F:14)
2025-07-22 09:23:30,231 - INFO - Processed 330 citations. Success rate: 95.8% (H:313, M:3, F:14)
2025-07-22 09:23:30,437 - INFO - Processed 340 citations. Success rate: 95.9% (H:323, M:3, F:14)
2025-07-22 09:23:30,566 - INFO - Processed 350 citations. Success rate: 96.0% (H:333, M:3, F:14)
2025-07-22 09:23:30,672 - INFO - Processed 360 citations. Success rate: 96.1% (H:343, M:3, F:14)
2025-07-22 09:23:30,850 - INFO - Processed 370 citations. Success rate: 96.2% (H:350, M:6, F:14)
2025-07-22 09:23:30,975 - INFO - Processed 380 citations. Success rate: 96.3% (H:358, M:8, F:14)
2025-07-22 09:23:31,123 - INFO - Processed 390 citations. Success rate: 96.4% (H:368, M:8, F:14)
2025-07-22 09:23:31,284 - INFO - Processed 400 citations. Success rate: 96.5% (H:378, M:8, F:14)
2025-07-22 09:23:31,391 - INFO - Processed 410 citations. Success rate: 96.6% (H:388, M:8, F:14)
2025-07-22 09:23:31,532 - INFO - Processed 420 citations. Success rate: 96.4% (H:397, M:8, F:15)
2025-07-22 09:23:31,715 - INFO - Processed 430 citations. Success rate: 96.5% (H:407, M:8, F:15)
2025-07-22 09:23:31,844 - INFO - Processed 440 citations. Success rate: 96.4% (H:416, M:8, F:16)
2025-07-22 09:23:31,971 - INFO - Processed 450 citations. Success rate: 96.4% (H:426, M:8, F:16)
2025-07-22 09:23:32,172 - INFO - Processed 460 citations. Success rate: 95.9% (H:433, M:8, F:19)
2025-07-22 09:23:32,281 - INFO - Processed 470 citations. Success rate: 96.0% (H:443, M:8, F:19)
2025-07-22 09:23:32,412 - INFO - Processed 480 citations. Success rate: 95.6% (H:451, M:8, F:21)
2025-07-22 09:23:32,595 - INFO - Processed 490 citations. Success rate: 95.7% (H:461, M:8, F:21)
2025-07-22 09:23:32,723 - INFO - Processed 500 citations. Success rate: 95.8% (H:471, M:8, F:21)
2025-07-22 09:23:32,846 - INFO - Processed 510 citations. Success rate: 95.9% (H:481, M:8, F:21)
2025-07-22 09:23:33,007 - INFO - Processed 520 citations. Success rate: 96.0% (H:491, M:8, F:21)
2025-07-22 09:23:33,160 - INFO - Processed 530 citations. Success rate: 96.0% (H:501, M:8, F:21)
2025-07-22 09:23:33,288 - INFO - Processed 540 citations. Success rate: 96.1% (H:511, M:8, F:21)
2025-07-22 09:23:33,441 - INFO - Processed 550 citations. Success rate: 96.2% (H:518, M:11, F:21)
2025-07-22 09:23:33,580 - INFO - Processed 560 citations. Success rate: 96.2% (H:527, M:12, F:21)
2025-07-22 09:23:33,703 - INFO - Processed 570 citations. Success rate: 96.1% (H:535, M:13, F:22)
2025-07-22 09:23:33,854 - INFO - Processed 580 citations. Success rate: 96.2% (H:545, M:13, F:22)
2025-07-22 09:23:34,011 - INFO - Processed 590 citations. Success rate: 96.1% (H:554, M:13, F:23)
2025-07-22 09:23:34,121 - INFO - Processed 600 citations. Success rate: 96.2% (H:564, M:13, F:23)
2025-07-22 09:23:34,307 - INFO - Processed 610 citations. Success rate: 96.1% (H:573, M:13, F:24)
2025-07-22 09:23:34,431 - INFO - Processed 620 citations. Success rate: 96.1% (H:583, M:13, F:24)
2025-07-22 09:23:34,565 - INFO - Processed 630 citations. Success rate: 96.2% (H:593, M:13, F:24)
2025-07-22 09:23:34,721 - INFO - Processed 640 citations. Success rate: 96.2% (H:603, M:13, F:24)
2025-07-22 09:23:34,919 - INFO - Processed 650 citations. Success rate: 96.3% (H:612, M:14, F:24)
2025-07-22 09:23:35,022 - INFO - Processed 660 citations. Success rate: 96.4% (H:622, M:14, F:24)
2025-07-22 09:23:35,126 - INFO - Processed 670 citations. Success rate: 96.4% (H:632, M:14, F:24)
2025-07-22 09:23:35,352 - INFO - Processed 680 citations. Success rate: 96.5% (H:642, M:14, F:24)
2025-07-22 09:23:35,448 - INFO - Processed 690 citations. Success rate: 96.5% (H:652, M:14, F:24)
2025-07-22 09:23:35,580 - INFO - Processed 700 citations. Success rate: 96.6% (H:662, M:14, F:24)
2025-07-22 09:23:35,768 - INFO - Processed 710 citations. Success rate: 96.6% (H:672, M:14, F:24)
2025-07-22 09:23:35,895 - INFO - Processed 720 citations. Success rate: 96.7% (H:682, M:14, F:24)
2025-07-22 09:23:36,017 - INFO - Processed 730 citations. Success rate: 96.7% (H:692, M:14, F:24)
2025-07-22 09:23:36,208 - INFO - Processed 740 citations. Success rate: 96.8% (H:702, M:14, F:24)
2025-07-22 09:23:36,337 - INFO - Processed 750 citations. Success rate: 96.8% (H:712, M:14, F:24)
2025-07-22 09:23:36,437 - INFO - Processed 760 citations. Success rate: 96.8% (H:722, M:14, F:24)
2025-07-22 09:23:36,642 - INFO - Processed 770 citations. Success rate: 96.9% (H:732, M:14, F:24)
2025-07-22 09:23:36,759 - INFO - Processed 780 citations. Success rate: 96.9% (H:742, M:14, F:24)
2025-07-22 09:23:36,880 - INFO - Processed 790 citations. Success rate: 97.0% (H:752, M:14, F:24)
2025-07-22 09:23:37,060 - INFO - Processed 800 citations. Success rate: 97.0% (H:762, M:14, F:24)
2025-07-22 09:23:37,192 - INFO - Processed 810 citations. Success rate: 97.0% (H:771, M:15, F:24)
2025-07-22 09:23:37,298 - INFO - Processed 820 citations. Success rate: 97.1% (H:781, M:15, F:24)
2025-07-22 09:23:37,473 - INFO - Processed 830 citations. Success rate: 97.1% (H:791, M:15, F:24)
2025-07-22 09:23:37,606 - INFO - Processed 840 citations. Success rate: 97.1% (H:801, M:15, F:24)
2025-07-22 09:23:37,744 - INFO - Processed 850 citations. Success rate: 97.2% (H:811, M:15, F:24)
2025-07-22 09:23:37,909 - INFO - Processed 860 citations. Success rate: 97.2% (H:821, M:15, F:24)
2025-07-22 09:23:38,067 - INFO - Processed 870 citations. Success rate: 97.2% (H:831, M:15, F:24)
2025-07-22 09:23:38,194 - INFO - Processed 880 citations. Success rate: 97.3% (H:841, M:15, F:24)
2025-07-22 09:23:38,315 - INFO - Processed 890 citations. Success rate: 97.3% (H:851, M:15, F:24)
2025-07-22 09:23:38,475 - INFO - Processed 900 citations. Success rate: 97.3% (H:861, M:15, F:24)
2025-07-22 09:23:38,606 - INFO - Processed 910 citations. Success rate: 97.4% (H:871, M:15, F:24)
2025-07-22 09:23:38,728 - INFO - Processed 920 citations. Success rate: 97.4% (H:881, M:15, F:24)
2025-07-22 09:23:38,905 - INFO - Processed 930 citations. Success rate: 97.4% (H:891, M:15, F:24)
2025-07-22 09:23:39,051 - INFO - Processed 940 citations. Success rate: 97.4% (H:901, M:15, F:24)
2025-07-22 09:23:39,189 - INFO - Processed 950 citations. Success rate: 97.4% (H:910, M:15, F:25)
2025-07-22 09:23:39,327 - INFO - Processed 960 citations. Success rate: 97.4% (H:920, M:15, F:25)
2025-07-22 09:23:39,458 - INFO - Processed 970 citations. Success rate: 97.4% (H:930, M:15, F:25)
2025-07-22 09:23:39,606 - INFO - Processed 980 citations. Success rate: 97.4% (H:940, M:15, F:25)
2025-07-22 09:23:39,748 - INFO - Processed 990 citations. Success rate: 97.5% (H:950, M:15, F:25)
2025-07-22 09:23:40,022 - INFO - Processed 1000 citations. Success rate: 97.4% (H:958, M:16, F:26)
2025-07-22 09:23:40,023 - INFO - Batch completed: 974/1000 success (97.4%)
2025-07-22 09:23:40,023 - INFO - Processing batch 2: citations 1001-2000 of 495303
2025-07-22 09:23:40,565 - INFO - Processed 1010 citations. Success rate: 96.9% (H:963, M:16, F:31)
2025-07-22 09:23:40,677 - INFO - Processed 1020 citations. Success rate: 96.9% (H:970, M:18, F:32)
2025-07-22 09:23:40,810 - INFO - Processed 1030 citations. Success rate: 96.5% (H:976, M:18, F:36)
2025-07-22 09:23:40,987 - INFO - Processed 1040 citations. Success rate: 96.2% (H:981, M:20, F:39)
2025-07-22 09:23:41,110 - INFO - Processed 1050 citations. Success rate: 96.0% (H:987, M:21, F:42)
2025-07-22 09:23:41,252 - INFO - Processed 1060 citations. Success rate: 95.9% (H:996, M:21, F:43)
2025-07-22 09:23:41,411 - INFO - Processed 1070 citations. Success rate: 96.0% (H:1005, M:22, F:43)
2025-07-22 09:23:41,569 - INFO - Processed 1080 citations. Success rate: 96.0% (H:1014, M:23, F:43)
2025-07-22 09:23:41,740 - INFO - Processed 1090 citations. Success rate: 96.1% (H:1023, M:24, F:43)
2025-07-22 09:23:41,867 - INFO - Processed 1100 citations. Success rate: 96.1% (H:1033, M:24, F:43)
2025-07-22 09:23:41,986 - INFO - Processed 1110 citations. Success rate: 96.1% (H:1043, M:24, F:43)
2025-07-22 09:23:42,175 - INFO - Processed 1120 citations. Success rate: 96.2% (H:1053, M:24, F:43)
2025-07-22 09:23:42,323 - INFO - Processed 1130 citations. Success rate: 96.2% (H:1063, M:24, F:43)
2025-07-22 09:23:42,433 - INFO - Processed 1140 citations. Success rate: 96.2% (H:1073, M:24, F:43)
2025-07-22 09:23:42,598 - INFO - Processed 1150 citations. Success rate: 96.3% (H:1083, M:24, F:43)
2025-07-22 09:23:42,738 - INFO - Processed 1160 citations. Success rate: 96.3% (H:1093, M:24, F:43)
2025-07-22 09:23:42,871 - INFO - Processed 1170 citations. Success rate: 96.3% (H:1103, M:24, F:43)
2025-07-22 09:23:43,035 - INFO - Processed 1180 citations. Success rate: 96.4% (H:1113, M:24, F:43)
2025-07-22 09:23:43,162 - INFO - Processed 1190 citations. Success rate: 96.4% (H:1123, M:24, F:43)
2025-07-22 09:23:43,306 - INFO - Processed 1200 citations. Success rate: 96.2% (H:1131, M:24, F:45)
2025-07-22 09:23:43,450 - INFO - Processed 1210 citations. Success rate: 96.2% (H:1139, M:25, F:46)
2025-07-22 09:23:43,600 - INFO - Processed 1220 citations. Success rate: 96.1% (H:1144, M:29, F:47)
2025-07-22 09:23:43,697 - INFO - Processed 1230 citations. Success rate: 96.2% (H:1152, M:31, F:47)
2025-07-22 09:23:43,861 - INFO - Processed 1240 citations. Success rate: 96.2% (H:1161, M:32, F:47)
2025-07-22 09:23:44,012 - INFO - Processed 1250 citations. Success rate: 96.2% (H:1170, M:32, F:48)
2025-07-22 09:23:44,130 - INFO - Processed 1260 citations. Success rate: 96.2% (H:1180, M:32, F:48)
2025-07-22 09:23:44,295 - INFO - Processed 1270 citations. Success rate: 96.2% (H:1190, M:32, F:48)
2025-07-22 09:23:44,442 - INFO - Processed 1280 citations. Success rate: 96.2% (H:1200, M:32, F:48)
2025-07-22 09:23:44,567 - INFO - Processed 1290 citations. Success rate: 96.3% (H:1210, M:32, F:48)
2025-07-22 09:23:44,708 - INFO - Processed 1300 citations. Success rate: 96.3% (H:1220, M:32, F:48)
2025-07-22 09:23:44,874 - INFO - Processed 1310 citations. Success rate: 96.3% (H:1230, M:32, F:48)
2025-07-22 09:23:45,013 - INFO - Processed 1320 citations. Success rate: 96.4% (H:1240, M:32, F:48)
2025-07-22 09:23:45,162 - INFO - Processed 1330 citations. Success rate: 96.4% (H:1250, M:32, F:48)
2025-07-22 09:23:45,300 - INFO - Processed 1340 citations. Success rate: 96.4% (H:1260, M:32, F:48)
2025-07-22 09:23:45,461 - INFO - Processed 1350 citations. Success rate: 96.4% (H:1270, M:32, F:48)
2025-07-22 09:23:45,577 - INFO - Processed 1360 citations. Success rate: 96.5% (H:1280, M:32, F:48)
2025-07-22 09:23:45,729 - INFO - Processed 1370 citations. Success rate: 96.5% (H:1290, M:32, F:48)
2025-07-22 09:23:45,896 - INFO - Processed 1380 citations. Success rate: 96.5% (H:1300, M:32, F:48)
2025-07-22 09:23:46,000 - INFO - Processed 1390 citations. Success rate: 96.5% (H:1310, M:32, F:48)
2025-07-22 09:23:46,129 - INFO - Processed 1400 citations. Success rate: 96.6% (H:1320, M:32, F:48)
2025-07-22 09:23:46,294 - INFO - Processed 1410 citations. Success rate: 96.6% (H:1330, M:32, F:48)
2025-07-22 09:23:46,418 - INFO - Processed 1420 citations. Success rate: 96.6% (H:1340, M:32, F:48)
2025-07-22 09:23:46,547 - INFO - Processed 1430 citations. Success rate: 96.6% (H:1350, M:32, F:48)
2025-07-22 09:23:46,740 - INFO - Processed 1440 citations. Success rate: 96.7% (H:1360, M:32, F:48)
2025-07-22 09:23:46,859 - INFO - Processed 1450 citations. Success rate: 96.7% (H:1370, M:32, F:48)
2025-07-22 09:23:46,979 - INFO - Processed 1460 citations. Success rate: 96.6% (H:1378, M:32, F:50)
2025-07-22 09:23:47,151 - INFO - Processed 1470 citations. Success rate: 96.6% (H:1388, M:32, F:50)
2025-07-22 09:23:47,271 - INFO - Processed 1480 citations. Success rate: 96.6% (H:1398, M:32, F:50)
2025-07-22 09:23:47,379 - INFO - Processed 1490 citations. Success rate: 96.6% (H:1408, M:32, F:50)
2025-07-22 09:23:47,581 - INFO - Processed 1500 citations. Success rate: 96.7% (H:1418, M:32, F:50)
2025-07-22 09:23:47,708 - INFO - Processed 1510 citations. Success rate: 96.7% (H:1428, M:32, F:50)
2025-07-22 09:23:47,841 - INFO - Processed 1520 citations. Success rate: 96.7% (H:1438, M:32, F:50)
2025-07-22 09:23:47,994 - INFO - Processed 1530 citations. Success rate: 96.7% (H:1447, M:32, F:51)
2025-07-22 09:23:48,145 - INFO - Processed 1540 citations. Success rate: 96.7% (H:1457, M:32, F:51)
2025-07-22 09:23:48,254 - INFO - Processed 1550 citations. Success rate: 96.7% (H:1467, M:32, F:51)
2025-07-22 09:23:48,420 - INFO - Processed 1560 citations. Success rate: 96.7% (H:1477, M:32, F:51)
2025-07-22 09:23:48,572 - INFO - Processed 1570 citations. Success rate: 96.8% (H:1487, M:32, F:51)
2025-07-22 09:23:48,691 - INFO - Processed 1580 citations. Success rate: 96.8% (H:1497, M:32, F:51)
2025-07-22 09:23:48,846 - INFO - Processed 1590 citations. Success rate: 96.7% (H:1505, M:32, F:53)
2025-07-22 09:23:49,019 - INFO - Processed 1600 citations. Success rate: 96.6% (H:1513, M:33, F:54)
2025-07-22 09:23:49,168 - INFO - Processed 1610 citations. Success rate: 96.6% (H:1523, M:33, F:54)
2025-07-22 09:23:49,317 - INFO - Processed 1620 citations. Success rate: 96.7% (H:1533, M:33, F:54)
2025-07-22 09:23:49,462 - INFO - Processed 1630 citations. Success rate: 96.6% (H:1542, M:33, F:55)
2025-07-22 09:23:49,590 - INFO - Processed 1640 citations. Success rate: 96.6% (H:1552, M:33, F:55)
2025-07-22 09:23:49,737 - INFO - Processed 1650 citations. Success rate: 96.7% (H:1562, M:33, F:55)
2025-07-22 09:23:49,888 - INFO - Processed 1660 citations. Success rate: 96.7% (H:1572, M:33, F:55)
2025-07-22 09:23:50,042 - INFO - Processed 1670 citations. Success rate: 96.7% (H:1582, M:33, F:55)
2025-07-22 09:23:50,158 - INFO - Processed 1680 citations. Success rate: 96.7% (H:1591, M:33, F:56)
2025-07-22 09:23:50,309 - INFO - Processed 1690 citations. Success rate: 96.7% (H:1601, M:33, F:56)
2025-07-22 09:23:50,468 - INFO - Processed 1700 citations. Success rate: 96.7% (H:1611, M:33, F:56)
2025-07-22 09:23:50,617 - INFO - Processed 1710 citations. Success rate: 96.7% (H:1621, M:33, F:56)
2025-07-22 09:23:50,721 - INFO - Processed 1720 citations. Success rate: 96.7% (H:1628, M:36, F:56)
2025-07-22 09:23:50,917 - INFO - Processed 1730 citations. Success rate: 96.8% (H:1637, M:37, F:56)
2025-07-22 09:23:51,036 - INFO - Processed 1740 citations. Success rate: 96.8% (H:1647, M:37, F:56)
2025-07-22 09:23:51,173 - INFO - Processed 1750 citations. Success rate: 96.8% (H:1656, M:38, F:56)
2025-07-22 09:23:51,344 - INFO - Processed 1760 citations. Success rate: 96.8% (H:1666, M:38, F:56)
2025-07-22 09:23:51,463 - INFO - Processed 1770 citations. Success rate: 96.8% (H:1676, M:38, F:56)
2025-07-22 09:23:51,569 - INFO - Processed 1780 citations. Success rate: 96.9% (H:1683, M:41, F:56)
2025-07-22 09:23:51,783 - INFO - Processed 1790 citations. Success rate: 96.9% (H:1693, M:41, F:56)
2025-07-22 09:23:51,888 - INFO - Processed 1800 citations. Success rate: 96.9% (H:1703, M:41, F:56)
2025-07-22 09:23:52,017 - INFO - Processed 1810 citations. Success rate: 96.9% (H:1713, M:41, F:56)
2025-07-22 09:23:52,206 - INFO - Processed 1820 citations. Success rate: 96.9% (H:1723, M:41, F:56)
2025-07-22 09:23:52,320 - INFO - Processed 1830 citations. Success rate: 96.9% (H:1733, M:41, F:56)
2025-07-22 09:23:52,436 - INFO - Processed 1840 citations. Success rate: 97.0% (H:1743, M:41, F:56)
2025-07-22 09:23:52,606 - INFO - Processed 1850 citations. Success rate: 97.0% (H:1753, M:41, F:56)
2025-07-22 09:23:52,759 - INFO - Processed 1860 citations. Success rate: 97.0% (H:1763, M:41, F:56)
2025-07-22 09:23:52,892 - INFO - Processed 1870 citations. Success rate: 97.0% (H:1773, M:41, F:56)
2025-07-22 09:23:53,023 - INFO - Processed 1880 citations. Success rate: 97.0% (H:1783, M:41, F:56)
2025-07-22 09:23:53,206 - INFO - Processed 1890 citations. Success rate: 97.0% (H:1793, M:41, F:56)
2025-07-22 09:23:53,329 - INFO - Processed 1900 citations. Success rate: 96.9% (H:1800, M:41, F:59)
2025-07-22 09:23:53,481 - INFO - Processed 1910 citations. Success rate: 96.6% (H:1804, M:41, F:65)
2025-07-22 09:23:53,659 - INFO - Processed 1920 citations. Success rate: 96.5% (H:1811, M:41, F:68)
2025-07-22 09:23:53,783 - INFO - Processed 1930 citations. Success rate: 96.3% (H:1818, M:41, F:71)
2025-07-22 09:23:53,892 - INFO - Processed 1940 citations. Success rate: 96.3% (H:1827, M:41, F:72)
2025-07-22 09:23:54,091 - INFO - Processed 1950 citations. Success rate: 96.2% (H:1835, M:41, F:74)
2025-07-22 09:23:54,208 - INFO - Processed 1960 citations. Success rate: 96.2% (H:1843, M:43, F:74)
2025-07-22 09:23:54,330 - INFO - Processed 1970 citations. Success rate: 96.1% (H:1850, M:44, F:76)
2025-07-22 09:23:54,521 - INFO - Processed 1980 citations. Success rate: 96.0% (H:1857, M:44, F:79)
2025-07-22 09:23:54,644 - INFO - Processed 1990 citations. Success rate: 96.0% (H:1867, M:44, F:79)
2025-07-22 09:23:54,747 - INFO - Processed 2000 citations. Success rate: 96.0% (H:1877, M:44, F:79)
2025-07-22 09:23:54,748 - INFO - Batch completed: 947/1000 success (94.7%)
2025-07-22 09:23:54,748 - INFO - Processing batch 3: citations 2001-3000 of 495303
2025-07-22 09:23:55,306 - INFO - Processed 2010 citations. Success rate: 96.1% (H:1886, M:45, F:79)
2025-07-22 09:23:55,427 - INFO - Processed 2020 citations. Success rate: 96.1% (H:1896, M:45, F:79)
2025-07-22 09:23:55,541 - INFO - Processed 2030 citations. Success rate: 96.1% (H:1906, M:45, F:79)
2025-07-22 09:23:55,744 - INFO - Processed 2040 citations. Success rate: 96.1% (H:1916, M:45, F:79)
2025-07-22 09:23:55,872 - INFO - Processed 2050 citations. Success rate: 96.1% (H:1926, M:45, F:79)
2025-07-22 09:23:55,971 - INFO - Processed 2060 citations. Success rate: 96.1% (H:1934, M:46, F:80)
2025-07-22 09:23:56,168 - INFO - Processed 2070 citations. Success rate: 96.0% (H:1942, M:46, F:82)
2025-07-22 09:23:56,311 - INFO - Processed 2080 citations. Success rate: 96.0% (H:1950, M:46, F:84)
2025-07-22 09:23:56,473 - INFO - Processed 2090 citations. Success rate: 96.0% (H:1960, M:46, F:84)
2025-07-22 09:23:56,593 - INFO - Processed 2100 citations. Success rate: 96.0% (H:1970, M:46, F:84)
2025-07-22 09:23:56,728 - INFO - Processed 2110 citations. Success rate: 96.0% (H:1979, M:46, F:85)
2025-07-22 09:23:56,900 - INFO - Processed 2120 citations. Success rate: 96.0% (H:1989, M:46, F:85)
2025-07-22 09:23:57,032 - INFO - Processed 2130 citations. Success rate: 96.0% (H:1999, M:46, F:85)
2025-07-22 09:23:57,135 - INFO - Processed 2140 citations. Success rate: 96.0% (H:2009, M:46, F:85)
2025-07-22 09:23:57,285 - INFO - Processed 2150 citations. Success rate: 96.0% (H:2017, M:46, F:87)
2025-07-22 09:23:57,453 - INFO - Processed 2160 citations. Success rate: 96.0% (H:2027, M:46, F:87)
2025-07-22 09:23:57,563 - INFO - Processed 2170 citations. Success rate: 96.0% (H:2037, M:46, F:87)
2025-07-22 09:23:57,731 - INFO - Processed 2180 citations. Success rate: 95.8% (H:2043, M:46, F:91)
2025-07-22 09:23:57,871 - INFO - Processed 2190 citations. Success rate: 95.8% (H:2051, M:46, F:93)
2025-07-22 09:23:58,006 - INFO - Processed 2200 citations. Success rate: 95.7% (H:2059, M:47, F:94)
2025-07-22 09:23:58,158 - INFO - Processed 2210 citations. Success rate: 95.7% (H:2069, M:47, F:94)
2025-07-22 09:23:58,279 - INFO - Processed 2220 citations. Success rate: 95.8% (H:2079, M:47, F:94)
2025-07-22 09:23:58,478 - INFO - Processed 2230 citations. Success rate: 95.7% (H:2087, M:47, F:96)
2025-07-22 09:23:58,592 - INFO - Processed 2240 citations. Success rate: 95.7% (H:2096, M:47, F:97)
2025-07-22 09:23:58,701 - INFO - Processed 2250 citations. Success rate: 95.7% (H:2106, M:47, F:97)
2025-07-22 09:23:58,884 - INFO - Processed 2260 citations. Success rate: 95.7% (H:2116, M:47, F:97)
2025-07-22 09:23:59,018 - INFO - Processed 2270 citations. Success rate: 95.7% (H:2126, M:47, F:97)
2025-07-22 09:23:59,167 - INFO - Processed 2280 citations. Success rate: 95.7% (H:2136, M:47, F:97)
2025-07-22 09:23:59,330 - INFO - Processed 2290 citations. Success rate: 95.8% (H:2146, M:47, F:97)
2025-07-22 09:23:59,443 - INFO - Processed 2300 citations. Success rate: 95.7% (H:2154, M:48, F:98)
2025-07-22 09:23:59,586 - INFO - Processed 2310 citations. Success rate: 95.8% (H:2164, M:48, F:98)
2025-07-22 09:23:59,753 - INFO - Processed 2320 citations. Success rate: 95.8% (H:2174, M:48, F:98)
2025-07-22 09:23:59,885 - INFO - Processed 2330 citations. Success rate: 95.8% (H:2184, M:48, F:98)
2025-07-22 09:24:00,033 - INFO - Processed 2340 citations. Success rate: 95.8% (H:2194, M:48, F:98)
2025-07-22 09:24:00,177 - INFO - Processed 2350 citations. Success rate: 95.8% (H:2204, M:48, F:98)
2025-07-22 09:24:00,304 - INFO - Processed 2360 citations. Success rate: 95.8% (H:2214, M:48, F:98)
2025-07-22 09:24:00,440 - INFO - Processed 2370 citations. Success rate: 95.9% (H:2224, M:48, F:98)
2025-07-22 09:24:00,620 - INFO - Processed 2380 citations. Success rate: 95.8% (H:2233, M:48, F:99)
2025-07-22 09:24:00,752 - INFO - Processed 2390 citations. Success rate: 95.9% (H:2243, M:48, F:99)
2025-07-22 09:24:00,877 - INFO - Processed 2400 citations. Success rate: 95.9% (H:2253, M:48, F:99)
2025-07-22 09:24:01,043 - INFO - Processed 2410 citations. Success rate: 95.9% (H:2263, M:48, F:99)
2025-07-22 09:24:01,182 - INFO - Processed 2420 citations. Success rate: 95.9% (H:2273, M:48, F:99)
2025-07-22 09:24:01,297 - INFO - Processed 2430 citations. Success rate: 95.9% (H:2283, M:48, F:99)
2025-07-22 09:24:01,461 - INFO - Processed 2440 citations. Success rate: 95.9% (H:2292, M:48, F:100)
2025-07-22 09:24:01,607 - INFO - Processed 2450 citations. Success rate: 95.9% (H:2302, M:48, F:100)
2025-07-22 09:24:01,728 - INFO - Processed 2460 citations. Success rate: 95.9% (H:2311, M:48, F:101)
2025-07-22 09:24:01,898 - INFO - Processed 2470 citations. Success rate: 95.9% (H:2321, M:48, F:101)
2025-07-22 09:24:02,023 - INFO - Processed 2480 citations. Success rate: 95.8% (H:2329, M:48, F:103)
2025-07-22 09:24:02,150 - INFO - Processed 2490 citations. Success rate: 95.9% (H:2339, M:48, F:103)
2025-07-22 09:24:02,307 - INFO - Processed 2500 citations. Success rate: 95.8% (H:2348, M:48, F:104)
2025-07-22 09:24:02,465 - INFO - Processed 2510 citations. Success rate: 95.9% (H:2358, M:48, F:104)
2025-07-22 09:24:02,574 - INFO - Processed 2520 citations. Success rate: 95.9% (H:2368, M:48, F:104)
2025-07-22 09:24:02,780 - INFO - Processed 2530 citations. Success rate: 95.9% (H:2378, M:48, F:104)
2025-07-22 09:24:02,890 - INFO - Processed 2540 citations. Success rate: 95.9% (H:2387, M:48, F:105)
2025-07-22 09:24:03,039 - INFO - Processed 2550 citations. Success rate: 95.9% (H:2397, M:48, F:105)
2025-07-22 09:24:03,219 - INFO - Processed 2560 citations. Success rate: 95.9% (H:2407, M:48, F:105)
2025-07-22 09:24:03,300 - INFO - Processed 2570 citations. Success rate: 95.9% (H:2417, M:48, F:105)
2025-07-22 09:24:03,451 - INFO - Processed 2580 citations. Success rate: 95.9% (H:2427, M:48, F:105)
2025-07-22 09:24:03,643 - INFO - Processed 2590 citations. Success rate: 95.9% (H:2437, M:48, F:105)
2025-07-22 09:24:03,754 - INFO - Processed 2600 citations. Success rate: 96.0% (H:2447, M:48, F:105)
2025-07-22 09:24:03,897 - INFO - Processed 2610 citations. Success rate: 96.0% (H:2457, M:48, F:105)
2025-07-22 09:24:04,061 - INFO - Processed 2620 citations. Success rate: 96.0% (H:2467, M:48, F:105)
2025-07-22 09:24:04,226 - INFO - Processed 2630 citations. Success rate: 96.0% (H:2477, M:48, F:105)
2025-07-22 09:24:04,327 - INFO - Processed 2640 citations. Success rate: 96.0% (H:2487, M:48, F:105)
2025-07-22 09:24:04,502 - INFO - Processed 2650 citations. Success rate: 95.9% (H:2493, M:48, F:109)
2025-07-22 09:24:04,662 - INFO - Processed 2660 citations. Success rate: 95.9% (H:2503, M:48, F:109)
2025-07-22 09:24:04,763 - INFO - Processed 2670 citations. Success rate: 95.9% (H:2513, M:48, F:109)
2025-07-22 09:24:04,922 - INFO - Processed 2680 citations. Success rate: 95.9% (H:2523, M:48, F:109)
2025-07-22 09:24:05,113 - INFO - Processed 2690 citations. Success rate: 95.9% (H:2533, M:48, F:109)
2025-07-22 09:24:05,209 - INFO - Processed 2700 citations. Success rate: 95.9% (H:2541, M:48, F:111)
2025-07-22 09:24:05,352 - INFO - Processed 2710 citations. Success rate: 95.9% (H:2551, M:48, F:111)
2025-07-22 09:24:05,540 - INFO - Processed 2720 citations. Success rate: 95.9% (H:2560, M:48, F:112)
2025-07-22 09:24:05,654 - INFO - Processed 2730 citations. Success rate: 95.9% (H:2570, M:48, F:112)
2025-07-22 09:24:05,766 - INFO - Processed 2740 citations. Success rate: 95.9% (H:2579, M:49, F:112)
2025-07-22 09:24:05,967 - INFO - Processed 2750 citations. Success rate: 95.9% (H:2588, M:50, F:112)
2025-07-22 09:24:06,074 - INFO - Processed 2760 citations. Success rate: 95.9% (H:2596, M:52, F:112)
2025-07-22 09:24:06,197 - INFO - Processed 2770 citations. Success rate: 96.0% (H:2604, M:54, F:112)
2025-07-22 09:24:06,391 - INFO - Processed 2780 citations. Success rate: 96.0% (H:2612, M:56, F:112)
2025-07-22 09:24:06,501 - INFO - Processed 2790 citations. Success rate: 95.9% (H:2621, M:56, F:113)
2025-07-22 09:24:06,623 - INFO - Processed 2800 citations. Success rate: 95.9% (H:2629, M:56, F:115)
2025-07-22 09:24:06,820 - INFO - Processed 2810 citations. Success rate: 95.9% (H:2639, M:56, F:115)
2025-07-22 09:24:06,959 - INFO - Processed 2820 citations. Success rate: 95.9% (H:2648, M:56, F:116)
2025-07-22 09:24:07,044 - INFO - Processed 2830 citations. Success rate: 95.9% (H:2658, M:56, F:116)
2025-07-22 09:24:07,211 - INFO - Processed 2840 citations. Success rate: 95.9% (H:2668, M:56, F:116)
2025-07-22 09:24:07,390 - INFO - Processed 2850 citations. Success rate: 95.9% (H:2678, M:56, F:116)
2025-07-22 09:24:07,523 - INFO - Processed 2860 citations. Success rate: 95.9% (H:2688, M:56, F:116)
2025-07-22 09:24:07,641 - INFO - Processed 2870 citations. Success rate: 95.9% (H:2697, M:56, F:117)
2025-07-22 09:24:07,815 - INFO - Processed 2880 citations. Success rate: 95.9% (H:2705, M:56, F:119)
2025-07-22 09:24:07,924 - INFO - Processed 2890 citations. Success rate: 95.8% (H:2714, M:56, F:120)
2025-07-22 09:24:08,047 - INFO - Processed 2900 citations. Success rate: 95.8% (H:2722, M:56, F:122)
2025-07-22 09:24:08,233 - INFO - Processed 2910 citations. Success rate: 95.8% (H:2732, M:56, F:122)
2025-07-22 09:24:08,341 - INFO - Processed 2920 citations. Success rate: 95.8% (H:2740, M:57, F:123)
2025-07-22 09:24:08,500 - INFO - Processed 2930 citations. Success rate: 95.7% (H:2748, M:57, F:125)
2025-07-22 09:24:08,644 - INFO - Processed 2940 citations. Success rate: 95.6% (H:2754, M:57, F:129)
2025-07-22 09:24:08,770 - INFO - Processed 2950 citations. Success rate: 95.6% (H:2762, M:57, F:131)
2025-07-22 09:24:08,927 - INFO - Processed 2960 citations. Success rate: 95.5% (H:2771, M:57, F:132)
2025-07-22 09:24:09,063 - INFO - Processed 2970 citations. Success rate: 95.6% (H:2781, M:57, F:132)
2025-07-22 09:24:09,206 - INFO - Processed 2980 citations. Success rate: 95.6% (H:2791, M:57, F:132)
2025-07-22 09:24:09,358 - INFO - Processed 2990 citations. Success rate: 95.6% (H:2800, M:57, F:133)
2025-07-22 09:24:09,480 - INFO - Processed 3000 citations. Success rate: 95.5% (H:2809, M:57, F:134)
2025-07-22 09:24:09,481 - INFO - Batch completed: 945/1000 success (94.5%)
2025-07-22 09:24:09,481 - INFO - Processing batch 4: citations 3001-4000 of 495303
2025-07-22 09:24:10,000 - INFO - Processed 3010 citations. Success rate: 95.5% (H:2817, M:57, F:136)
2025-07-22 09:24:10,144 - INFO - Processed 3020 citations. Success rate: 95.5% (H:2827, M:57, F:136)
2025-07-22 09:24:10,273 - INFO - Processed 3030 citations. Success rate: 95.4% (H:2835, M:57, F:138)
2025-07-22 09:24:10,441 - INFO - Processed 3040 citations. Success rate: 95.4% (H:2843, M:58, F:139)
2025-07-22 09:24:10,603 - INFO - Processed 3050 citations. Success rate: 95.4% (H:2851, M:60, F:139)
2025-07-22 09:24:10,756 - INFO - Processed 3060 citations. Success rate: 95.5% (H:2860, M:61, F:139)
2025-07-22 09:24:10,854 - INFO - Processed 3070 citations. Success rate: 95.5% (H:2869, M:62, F:139)
2025-07-22 09:24:11,026 - INFO - Processed 3080 citations. Success rate: 95.5% (H:2878, M:63, F:139)
2025-07-22 09:24:11,167 - INFO - Processed 3090 citations. Success rate: 95.5% (H:2884, M:67, F:139)
2025-07-22 09:24:11,291 - INFO - Processed 3100 citations. Success rate: 95.5% (H:2893, M:67, F:140)
2025-07-22 09:24:11,442 - INFO - Processed 3110 citations. Success rate: 95.5% (H:2903, M:67, F:140)
2025-07-22 09:24:11,588 - INFO - Processed 3120 citations. Success rate: 95.5% (H:2913, M:67, F:140)
2025-07-22 09:24:11,721 - INFO - Processed 3130 citations. Success rate: 95.5% (H:2923, M:67, F:140)
2025-07-22 09:24:11,882 - INFO - Processed 3140 citations. Success rate: 95.5% (H:2933, M:67, F:140)
2025-07-22 09:24:12,004 - INFO - Processed 3150 citations. Success rate: 95.6% (H:2943, M:67, F:140)
2025-07-22 09:24:12,145 - INFO - Processed 3160 citations. Success rate: 95.6% (H:2953, M:67, F:140)
2025-07-22 09:24:12,304 - INFO - Processed 3170 citations. Success rate: 95.6% (H:2963, M:67, F:140)
2025-07-22 09:24:12,428 - INFO - Processed 3180 citations. Success rate: 95.6% (H:2973, M:67, F:140)
2025-07-22 09:24:12,571 - INFO - Processed 3190 citations. Success rate: 95.6% (H:2983, M:67, F:140)
2025-07-22 09:24:12,717 - INFO - Processed 3200 citations. Success rate: 95.6% (H:2993, M:67, F:140)
2025-07-22 09:24:12,851 - INFO - Processed 3210 citations. Success rate: 95.6% (H:3003, M:67, F:140)
2025-07-22 09:24:12,989 - INFO - Processed 3220 citations. Success rate: 95.7% (H:3013, M:67, F:140)
2025-07-22 09:24:13,134 - INFO - Processed 3230 citations. Success rate: 95.6% (H:3022, M:67, F:141)
2025-07-22 09:24:13,288 - INFO - Processed 3240 citations. Success rate: 95.6% (H:3032, M:67, F:141)
2025-07-22 09:24:13,420 - INFO - Processed 3250 citations. Success rate: 95.7% (H:3042, M:67, F:141)
2025-07-22 09:24:13,539 - INFO - Processed 3260 citations. Success rate: 95.7% (H:3052, M:67, F:141)
2025-07-22 09:24:13,719 - INFO - Processed 3270 citations. Success rate: 95.7% (H:3062, M:67, F:141)
2025-07-22 09:24:13,854 - INFO - Processed 3280 citations. Success rate: 95.7% (H:3071, M:67, F:142)
2025-07-22 09:24:13,965 - INFO - Processed 3290 citations. Success rate: 95.7% (H:3081, M:67, F:142)
2025-07-22 09:24:14,130 - INFO - Processed 3300 citations. Success rate: 95.7% (H:3091, M:67, F:142)
2025-07-22 09:24:14,283 - INFO - Processed 3310 citations. Success rate: 95.7% (H:3101, M:67, F:142)
2025-07-22 09:24:14,407 - INFO - Processed 3320 citations. Success rate: 95.7% (H:3111, M:67, F:142)
2025-07-22 09:24:14,564 - INFO - Processed 3330 citations. Success rate: 95.7% (H:3121, M:67, F:142)
2025-07-22 09:24:14,713 - INFO - Processed 3340 citations. Success rate: 95.7% (H:3131, M:67, F:142)
2025-07-22 09:24:14,852 - INFO - Processed 3350 citations. Success rate: 95.8% (H:3141, M:67, F:142)
2025-07-22 09:24:14,998 - INFO - Processed 3360 citations. Success rate: 95.8% (H:3151, M:67, F:142)
2025-07-22 09:24:15,143 - INFO - Processed 3370 citations. Success rate: 95.8% (H:3161, M:67, F:142)
2025-07-22 09:24:15,268 - INFO - Processed 3380 citations. Success rate: 95.8% (H:3171, M:67, F:142)
2025-07-22 09:24:15,442 - INFO - Processed 3390 citations. Success rate: 95.8% (H:3179, M:67, F:144)
2025-07-22 09:24:15,562 - INFO - Processed 3400 citations. Success rate: 95.8% (H:3189, M:67, F:144)
2025-07-22 09:24:15,676 - INFO - Processed 3410 citations. Success rate: 95.7% (H:3198, M:67, F:145)
2025-07-22 09:24:15,847 - INFO - Processed 3420 citations. Success rate: 95.7% (H:3207, M:67, F:146)
2025-07-22 09:24:15,998 - INFO - Processed 3430 citations. Success rate: 95.7% (H:3216, M:67, F:147)
2025-07-22 09:24:16,115 - INFO - Processed 3440 citations. Success rate: 95.7% (H:3225, M:67, F:148)
2025-07-22 09:24:16,311 - INFO - Processed 3450 citations. Success rate: 95.7% (H:3234, M:67, F:149)
2025-07-22 09:24:16,432 - INFO - Processed 3460 citations. Success rate: 95.7% (H:3242, M:68, F:150)
2025-07-22 09:24:16,544 - INFO - Processed 3470 citations. Success rate: 95.6% (H:3251, M:68, F:151)
2025-07-22 09:24:16,721 - INFO - Processed 3480 citations. Success rate: 95.5% (H:3257, M:68, F:155)
2025-07-22 09:24:16,868 - INFO - Processed 3490 citations. Success rate: 95.5% (H:3266, M:68, F:156)
2025-07-22 09:24:16,978 - INFO - Processed 3500 citations. Success rate: 95.5% (H:3275, M:68, F:157)
2025-07-22 09:24:17,155 - INFO - Processed 3510 citations. Success rate: 95.5% (H:3284, M:69, F:157)
2025-07-22 09:24:17,272 - INFO - Processed 3520 citations. Success rate: 95.5% (H:3294, M:69, F:157)
2025-07-22 09:24:17,418 - INFO - Processed 3530 citations. Success rate: 95.6% (H:3304, M:69, F:157)
2025-07-22 09:24:17,566 - INFO - Processed 3540 citations. Success rate: 95.5% (H:3313, M:69, F:158)
2025-07-22 09:24:17,740 - INFO - Processed 3550 citations. Success rate: 95.5% (H:3323, M:69, F:158)
2025-07-22 09:24:17,853 - INFO - Processed 3560 citations. Success rate: 95.6% (H:3333, M:69, F:158)
2025-07-22 09:24:17,994 - INFO - Processed 3570 citations. Success rate: 95.5% (H:3340, M:69, F:161)
2025-07-22 09:24:18,165 - INFO - Processed 3580 citations. Success rate: 95.5% (H:3349, M:69, F:162)
2025-07-22 09:24:18,275 - INFO - Processed 3590 citations. Success rate: 95.5% (H:3358, M:69, F:163)
2025-07-22 09:24:18,413 - INFO - Processed 3600 citations. Success rate: 95.5% (H:3368, M:69, F:163)
2025-07-22 09:24:18,592 - INFO - Processed 3610 citations. Success rate: 95.5% (H:3378, M:69, F:163)
2025-07-22 09:24:18,711 - INFO - Processed 3620 citations. Success rate: 95.5% (H:3387, M:70, F:163)
2025-07-22 09:24:18,839 - INFO - Processed 3630 citations. Success rate: 95.5% (H:3396, M:71, F:163)
2025-07-22 09:24:19,018 - INFO - Processed 3640 citations. Success rate: 95.5% (H:3406, M:71, F:163)
2025-07-22 09:24:19,154 - INFO - Processed 3650 citations. Success rate: 95.5% (H:3416, M:71, F:163)
2025-07-22 09:24:19,269 - INFO - Processed 3660 citations. Success rate: 95.5% (H:3425, M:72, F:163)
2025-07-22 09:24:19,444 - INFO - Processed 3670 citations. Success rate: 95.6% (H:3433, M:74, F:163)
2025-07-22 09:24:19,575 - INFO - Processed 3680 citations. Success rate: 95.6% (H:3443, M:74, F:163)
2025-07-22 09:24:19,695 - INFO - Processed 3690 citations. Success rate: 95.6% (H:3453, M:74, F:163)
2025-07-22 09:24:19,855 - INFO - Processed 3700 citations. Success rate: 95.6% (H:3463, M:74, F:163)
2025-07-22 09:24:20,008 - INFO - Processed 3710 citations. Success rate: 95.6% (H:3473, M:74, F:163)
2025-07-22 09:24:20,117 - INFO - Processed 3720 citations. Success rate: 95.6% (H:3483, M:74, F:163)
2025-07-22 09:24:20,273 - INFO - Processed 3730 citations. Success rate: 95.6% (H:3493, M:74, F:163)
2025-07-22 09:24:20,425 - INFO - Processed 3740 citations. Success rate: 95.6% (H:3503, M:74, F:163)
2025-07-22 09:24:20,556 - INFO - Processed 3750 citations. Success rate: 95.7% (H:3513, M:74, F:163)
2025-07-22 09:24:20,704 - INFO - Processed 3760 citations. Success rate: 95.7% (H:3523, M:74, F:163)
2025-07-22 09:24:20,833 - INFO - Processed 3770 citations. Success rate: 95.7% (H:3533, M:74, F:163)
2025-07-22 09:24:20,976 - INFO - Processed 3780 citations. Success rate: 95.7% (H:3543, M:74, F:163)
2025-07-22 09:24:21,107 - INFO - Processed 3790 citations. Success rate: 95.7% (H:3552, M:74, F:164)
2025-07-22 09:24:21,256 - INFO - Processed 3800 citations. Success rate: 95.7% (H:3562, M:74, F:164)
2025-07-22 09:24:21,423 - INFO - Processed 3810 citations. Success rate: 95.7% (H:3572, M:74, F:164)
2025-07-22 09:24:21,533 - INFO - Processed 3820 citations. Success rate: 95.7% (H:3581, M:75, F:164)
2025-07-22 09:24:21,673 - INFO - Processed 3830 citations. Success rate: 95.7% (H:3591, M:75, F:164)
2025-07-22 09:24:21,849 - INFO - Processed 3840 citations. Success rate: 95.7% (H:3600, M:76, F:164)
2025-07-22 09:24:21,968 - INFO - Processed 3850 citations. Success rate: 95.6% (H:3606, M:76, F:168)
2025-07-22 09:24:22,112 - INFO - Processed 3860 citations. Success rate: 95.5% (H:3609, M:76, F:175)
2025-07-22 09:24:22,248 - INFO - Processed 3870 citations. Success rate: 95.3% (H:3613, M:76, F:181)
2025-07-22 09:24:22,391 - INFO - Processed 3880 citations. Success rate: 95.3% (H:3620, M:78, F:182)
2025-07-22 09:24:22,523 - INFO - Processed 3890 citations. Success rate: 95.3% (H:3628, M:80, F:182)
2025-07-22 09:24:22,672 - INFO - Processed 3900 citations. Success rate: 95.3% (H:3638, M:80, F:182)
2025-07-22 09:24:22,827 - INFO - Processed 3910 citations. Success rate: 95.3% (H:3648, M:80, F:182)
2025-07-22 09:24:22,943 - INFO - Processed 3920 citations. Success rate: 95.4% (H:3656, M:82, F:182)
2025-07-22 09:24:23,074 - INFO - Processed 3930 citations. Success rate: 95.4% (H:3666, M:82, F:182)
2025-07-22 09:24:23,251 - INFO - Processed 3940 citations. Success rate: 95.4% (H:3675, M:82, F:183)
2025-07-22 09:24:23,374 - INFO - Processed 3950 citations. Success rate: 95.4% (H:3685, M:82, F:183)
2025-07-22 09:24:23,506 - INFO - Processed 3960 citations. Success rate: 95.4% (H:3695, M:82, F:183)
2025-07-22 09:24:23,706 - INFO - Processed 3970 citations. Success rate: 95.4% (H:3705, M:82, F:183)
2025-07-22 09:24:23,807 - INFO - Processed 3980 citations. Success rate: 95.3% (H:3709, M:82, F:189)
2025-07-22 09:24:23,946 - INFO - Processed 3990 citations. Success rate: 95.3% (H:3719, M:82, F:189)
2025-07-22 09:24:24,098 - INFO - Processed 4000 citations. Success rate: 95.3% (H:3729, M:82, F:189)
2025-07-22 09:24:24,099 - INFO - Batch completed: 945/1000 success (94.5%)
2025-07-22 09:24:24,099 - INFO - Processing batch 5: citations 4001-5000 of 495303
2025-07-22 09:24:24,622 - INFO - Processed 4010 citations. Success rate: 95.3% (H:3739, M:82, F:189)
2025-07-22 09:24:24,752 - INFO - Processed 4020 citations. Success rate: 95.3% (H:3749, M:82, F:189)
2025-07-22 09:24:24,860 - INFO - Processed 4030 citations. Success rate: 95.3% (H:3758, M:82, F:190)
2025-07-22 09:24:25,066 - INFO - Processed 4040 citations. Success rate: 95.2% (H:3763, M:83, F:194)
2025-07-22 09:24:25,202 - INFO - Processed 4050 citations. Success rate: 95.1% (H:3768, M:84, F:198)
2025-07-22 09:24:25,297 - INFO - Processed 4060 citations. Success rate: 95.1% (H:3776, M:84, F:200)
2025-07-22 09:24:25,483 - INFO - Processed 4070 citations. Success rate: 95.0% (H:3782, M:84, F:204)
2025-07-22 09:24:25,621 - INFO - Processed 4080 citations. Success rate: 94.9% (H:3788, M:84, F:208)
2025-07-22 09:24:25,743 - INFO - Processed 4090 citations. Success rate: 94.9% (H:3795, M:86, F:209)
2025-07-22 09:24:25,907 - INFO - Processed 4100 citations. Success rate: 94.9% (H:3805, M:86, F:209)
2025-07-22 09:24:26,047 - INFO - Processed 4110 citations. Success rate: 94.9% (H:3815, M:86, F:209)
2025-07-22 09:24:26,153 - INFO - Processed 4120 citations. Success rate: 94.9% (H:3825, M:86, F:209)
2025-07-22 09:24:26,310 - INFO - Processed 4130 citations. Success rate: 94.9% (H:3835, M:86, F:209)
2025-07-22 09:24:26,471 - INFO - Processed 4140 citations. Success rate: 95.0% (H:3845, M:86, F:209)
2025-07-22 09:24:26,589 - INFO - Processed 4150 citations. Success rate: 95.0% (H:3855, M:86, F:209)
2025-07-22 09:24:26,752 - INFO - Processed 4160 citations. Success rate: 95.0% (H:3864, M:87, F:209)
2025-07-22 09:24:26,909 - INFO - Processed 4170 citations. Success rate: 95.0% (H:3874, M:87, F:209)
2025-07-22 09:24:27,021 - INFO - Processed 4180 citations. Success rate: 95.0% (H:3884, M:87, F:209)
2025-07-22 09:24:27,186 - INFO - Processed 4190 citations. Success rate: 95.0% (H:3894, M:87, F:209)
2025-07-22 09:24:27,347 - INFO - Processed 4200 citations. Success rate: 95.0% (H:3904, M:87, F:209)
2025-07-22 09:24:27,462 - INFO - Processed 4210 citations. Success rate: 95.0% (H:3914, M:87, F:209)
2025-07-22 09:24:27,613 - INFO - Processed 4220 citations. Success rate: 95.0% (H:3924, M:87, F:209)
2025-07-22 09:24:27,785 - INFO - Processed 4230 citations. Success rate: 95.1% (H:3934, M:87, F:209)
2025-07-22 09:24:27,894 - INFO - Processed 4240 citations. Success rate: 95.1% (H:3944, M:87, F:209)
2025-07-22 09:24:28,029 - INFO - Processed 4250 citations. Success rate: 95.1% (H:3954, M:87, F:209)
2025-07-22 09:24:28,225 - INFO - Processed 4260 citations. Success rate: 95.1% (H:3964, M:87, F:209)
2025-07-22 09:24:28,326 - INFO - Processed 4270 citations. Success rate: 95.1% (H:3974, M:87, F:209)
2025-07-22 09:24:28,461 - INFO - Processed 4280 citations. Success rate: 95.1% (H:3984, M:87, F:209)
2025-07-22 09:24:28,655 - INFO - Processed 4290 citations. Success rate: 95.1% (H:3994, M:87, F:209)
2025-07-22 09:24:28,766 - INFO - Processed 4300 citations. Success rate: 95.1% (H:4004, M:87, F:209)
2025-07-22 09:24:28,902 - INFO - Processed 4310 citations. Success rate: 95.2% (H:4014, M:87, F:209)
2025-07-22 09:24:29,079 - INFO - Processed 4320 citations. Success rate: 95.2% (H:4024, M:87, F:209)
2025-07-22 09:24:29,218 - INFO - Processed 4330 citations. Success rate: 95.2% (H:4034, M:87, F:209)
2025-07-22 09:24:29,341 - INFO - Processed 4340 citations. Success rate: 95.2% (H:4044, M:87, F:209)
2025-07-22 09:24:29,497 - INFO - Processed 4350 citations. Success rate: 95.2% (H:4053, M:87, F:210)
2025-07-22 09:24:29,630 - INFO - Processed 4360 citations. Success rate: 95.2% (H:4063, M:87, F:210)
2025-07-22 09:24:29,773 - INFO - Processed 4370 citations. Success rate: 95.2% (H:4073, M:87, F:210)
2025-07-22 09:24:29,927 - INFO - Processed 4380 citations. Success rate: 95.2% (H:4083, M:87, F:210)
2025-07-22 09:24:30,062 - INFO - Processed 4390 citations. Success rate: 95.2% (H:4093, M:87, F:210)
2025-07-22 09:24:30,190 - INFO - Processed 4400 citations. Success rate: 95.2% (H:4103, M:87, F:210)
2025-07-22 09:24:30,374 - INFO - Processed 4410 citations. Success rate: 95.2% (H:4113, M:87, F:210)
2025-07-22 09:24:30,504 - INFO - Processed 4420 citations. Success rate: 95.2% (H:4122, M:88, F:210)
2025-07-22 09:24:30,611 - INFO - Processed 4430 citations. Success rate: 95.3% (H:4130, M:90, F:210)
2025-07-22 09:24:30,802 - INFO - Processed 4440 citations. Success rate: 95.3% (H:4140, M:90, F:210)
2025-07-22 09:24:30,918 - INFO - Processed 4450 citations. Success rate: 95.3% (H:4150, M:90, F:210)
2025-07-22 09:24:31,040 - INFO - Processed 4460 citations. Success rate: 95.3% (H:4160, M:90, F:210)
2025-07-22 09:24:31,209 - INFO - Processed 4470 citations. Success rate: 95.3% (H:4170, M:90, F:210)
2025-07-22 09:24:31,350 - INFO - Processed 4480 citations. Success rate: 95.3% (H:4180, M:90, F:210)
2025-07-22 09:24:31,487 - INFO - Processed 4490 citations. Success rate: 95.3% (H:4189, M:90, F:211)
2025-07-22 09:24:31,659 - INFO - Processed 4500 citations. Success rate: 95.3% (H:4199, M:90, F:211)
2025-07-22 09:24:31,789 - INFO - Processed 4510 citations. Success rate: 95.3% (H:4209, M:90, F:211)
2025-07-22 09:24:31,916 - INFO - Processed 4520 citations. Success rate: 95.3% (H:4219, M:90, F:211)
2025-07-22 09:24:32,083 - INFO - Processed 4530 citations. Success rate: 95.3% (H:4229, M:90, F:211)
2025-07-22 09:24:32,223 - INFO - Processed 4540 citations. Success rate: 95.4% (H:4239, M:90, F:211)
2025-07-22 09:24:32,355 - INFO - Processed 4550 citations. Success rate: 95.4% (H:4249, M:90, F:211)
2025-07-22 09:24:32,530 - INFO - Processed 4560 citations. Success rate: 95.4% (H:4259, M:90, F:211)
2025-07-22 09:24:32,674 - INFO - Processed 4570 citations. Success rate: 95.4% (H:4269, M:90, F:211)
2025-07-22 09:24:32,808 - INFO - Processed 4580 citations. Success rate: 95.4% (H:4279, M:90, F:211)
2025-07-22 09:24:32,953 - INFO - Processed 4590 citations. Success rate: 95.4% (H:4289, M:90, F:211)
2025-07-22 09:24:33,130 - INFO - Processed 4600 citations. Success rate: 95.4% (H:4299, M:90, F:211)
2025-07-22 09:24:33,236 - INFO - Processed 4610 citations. Success rate: 95.4% (H:4309, M:90, F:211)
2025-07-22 09:24:33,362 - INFO - Processed 4620 citations. Success rate: 95.4% (H:4318, M:90, F:212)
2025-07-22 09:24:33,549 - INFO - Processed 4630 citations. Success rate: 95.4% (H:4327, M:90, F:213)
2025-07-22 09:24:33,666 - INFO - Processed 4640 citations. Success rate: 95.4% (H:4336, M:90, F:214)
2025-07-22 09:24:33,762 - INFO - Processed 4650 citations. Success rate: 95.4% (H:4346, M:90, F:214)
2025-07-22 09:24:33,957 - INFO - Processed 4660 citations. Success rate: 95.4% (H:4356, M:90, F:214)
2025-07-22 09:24:34,084 - INFO - Processed 4670 citations. Success rate: 95.4% (H:4366, M:90, F:214)
2025-07-22 09:24:34,197 - INFO - Processed 4680 citations. Success rate: 95.4% (H:4374, M:92, F:214)
2025-07-22 09:24:34,400 - INFO - Processed 4690 citations. Success rate: 95.4% (H:4384, M:92, F:214)
2025-07-22 09:24:34,528 - INFO - Processed 4700 citations. Success rate: 95.4% (H:4394, M:92, F:214)
2025-07-22 09:24:34,712 - INFO - Processed 4710 citations. Success rate: 95.4% (H:4403, M:92, F:215)
2025-07-22 09:24:34,833 - INFO - Processed 4720 citations. Success rate: 95.4% (H:4413, M:92, F:215)
2025-07-22 09:24:34,982 - INFO - Processed 4730 citations. Success rate: 95.5% (H:4423, M:92, F:215)
2025-07-22 09:24:35,118 - INFO - Processed 4740 citations. Success rate: 95.5% (H:4433, M:92, F:215)
2025-07-22 09:24:35,263 - INFO - Processed 4750 citations. Success rate: 95.5% (H:4443, M:92, F:215)
2025-07-22 09:24:35,395 - INFO - Processed 4760 citations. Success rate: 95.5% (H:4452, M:93, F:215)
2025-07-22 09:24:35,526 - INFO - Processed 4770 citations. Success rate: 95.5% (H:4461, M:94, F:215)
2025-07-22 09:24:35,697 - INFO - Processed 4780 citations. Success rate: 95.5% (H:4470, M:95, F:215)
2025-07-22 09:24:35,831 - INFO - Processed 4790 citations. Success rate: 95.5% (H:4477, M:98, F:215)
2025-07-22 09:24:35,965 - INFO - Processed 4800 citations. Success rate: 95.5% (H:4485, M:99, F:216)
2025-07-22 09:24:36,149 - INFO - Processed 4810 citations. Success rate: 95.5% (H:4493, M:100, F:217)
2025-07-22 09:24:36,256 - INFO - Processed 4820 citations. Success rate: 95.5% (H:4502, M:100, F:218)
2025-07-22 09:24:36,386 - INFO - Processed 4830 citations. Success rate: 95.5% (H:4512, M:100, F:218)
2025-07-22 09:24:36,556 - INFO - Processed 4840 citations. Success rate: 95.4% (H:4519, M:100, F:221)
2025-07-22 09:24:36,683 - INFO - Processed 4850 citations. Success rate: 95.4% (H:4528, M:100, F:222)
2025-07-22 09:24:36,819 - INFO - Processed 4860 citations. Success rate: 95.4% (H:4537, M:100, F:223)
2025-07-22 09:24:36,966 - INFO - Processed 4870 citations. Success rate: 95.4% (H:4545, M:100, F:225)
2025-07-22 09:24:37,114 - INFO - Processed 4880 citations. Success rate: 95.3% (H:4550, M:100, F:230)
2025-07-22 09:24:37,234 - INFO - Processed 4890 citations. Success rate: 95.3% (H:4558, M:100, F:232)
2025-07-22 09:24:37,394 - INFO - Processed 4900 citations. Success rate: 95.2% (H:4566, M:100, F:234)
2025-07-22 09:24:37,526 - INFO - Processed 4910 citations. Success rate: 95.2% (H:4576, M:100, F:234)
2025-07-22 09:24:37,655 - INFO - Processed 4920 citations. Success rate: 95.2% (H:4586, M:100, F:234)
2025-07-22 09:24:37,798 - INFO - Processed 4930 citations. Success rate: 95.3% (H:4596, M:100, F:234)
2025-07-22 09:24:37,958 - INFO - Processed 4940 citations. Success rate: 95.3% (H:4606, M:100, F:234)
2025-07-22 09:24:38,085 - INFO - Processed 4950 citations. Success rate: 95.3% (H:4616, M:100, F:234)
2025-07-22 09:24:38,258 - INFO - Processed 4960 citations. Success rate: 95.3% (H:4626, M:100, F:234)
2025-07-22 09:24:38,416 - INFO - Processed 4970 citations. Success rate: 95.3% (H:4636, M:100, F:234)
2025-07-22 09:24:38,553 - INFO - Processed 4980 citations. Success rate: 95.3% (H:4646, M:100, F:234)
2025-07-22 09:24:38,678 - INFO - Processed 4990 citations. Success rate: 95.3% (H:4656, M:100, F:234)
2025-07-22 09:24:38,829 - INFO - Processed 5000 citations. Success rate: 95.3% (H:4666, M:100, F:234)
2025-07-22 09:24:38,831 - INFO - Batch completed: 955/1000 success (95.5%)
2025-07-22 09:24:38,831 - INFO - Processing batch 6: citations 5001-6000 of 495303
2025-07-22 09:24:39,415 - INFO - Processed 5010 citations. Success rate: 95.3% (H:4676, M:100, F:234)
2025-07-22 09:24:39,543 - INFO - Processed 5020 citations. Success rate: 95.3% (H:4686, M:100, F:234)
2025-07-22 09:24:39,666 - INFO - Processed 5030 citations. Success rate: 95.3% (H:4695, M:101, F:234)
2025-07-22 09:24:39,850 - INFO - Processed 5040 citations. Success rate: 95.4% (H:4705, M:101, F:234)
2025-07-22 09:24:39,978 - INFO - Processed 5050 citations. Success rate: 95.4% (H:4715, M:101, F:234)
