/Users/zshor/Library/Python/3.9/lib/python/site-packages/urllib3/__init__.py:35: NotOpenSSLWarning: urllib3 v2 only supports OpenSSL 1.1.1+, currently the 'ssl' module is compiled with 'LibreSSL 2.8.3'. See: https://github.com/urllib3/urllib3/issues/3020
  warnings.warn(
2025-07-22 09:22:10,931 - INFO - 🚗 Starting Production Citation GPS Processing
2025-07-22 09:22:10,931 - INFO - ============================================================
2025-07-22 09:22:10,931 - INFO - Loading citations from file: temp_citations_for_geocoding.csv
/Users/zshor/Desktop/SFParkingApp/data_processing/production/core/production_citation_processor.py:164: DtypeWarning: Columns (2) have mixed types. Specify dtype option on import or set low_memory=False.
  df = pd.read_csv(input_file)
2025-07-22 09:22:18,292 - INFO - ✅ Loaded 495303 citations from file
2025-07-22 09:22:18,714 - INFO - Resuming: 160532 already processed, 495303 remaining
2025-07-22 09:22:18,714 - INFO - Processing 495303 citations in batches of 1000
2025-07-22 09:22:18,714 - INFO - Processing batch 1: citations 1-1000 of 495303
2025-07-22 09:22:19,268 - INFO - Processed 10 citations. Success rate: 90.0% (H:9, M:0, F:1)
2025-07-22 09:22:19,390 - INFO - Processed 20 citations. Success rate: 95.0% (H:19, M:0, F:1)
2025-07-22 09:22:19,525 - INFO - Processed 30 citations. Success rate: 96.7% (H:29, M:0, F:1)
2025-07-22 09:22:19,702 - INFO - Processed 40 citations. Success rate: 97.5% (H:39, M:0, F:1)
2025-07-22 09:22:19,838 - INFO - Processed 50 citations. Success rate: 98.0% (H:48, M:1, F:1)
2025-07-22 09:22:19,964 - INFO - Processed 60 citations. Success rate: 98.3% (H:58, M:1, F:1)
2025-07-22 09:22:20,143 - INFO - Processed 70 citations. Success rate: 97.1% (H:67, M:1, F:2)
2025-07-22 09:22:20,282 - INFO - Processed 80 citations. Success rate: 97.5% (H:76, M:2, F:2)
2025-07-22 09:22:20,390 - INFO - Processed 90 citations. Success rate: 97.8% (H:86, M:2, F:2)
2025-07-22 09:22:20,560 - INFO - Processed 100 citations. Success rate: 98.0% (H:96, M:2, F:2)
2025-07-22 09:22:20,703 - INFO - Processed 110 citations. Success rate: 98.2% (H:106, M:2, F:2)
2025-07-22 09:22:20,832 - INFO - Processed 120 citations. Success rate: 98.3% (H:116, M:2, F:2)
2025-07-22 09:22:21,012 - INFO - Processed 130 citations. Success rate: 98.5% (H:126, M:2, F:2)
2025-07-22 09:22:21,112 - INFO - Processed 140 citations. Success rate: 98.6% (H:136, M:2, F:2)
2025-07-22 09:22:21,257 - INFO - Processed 150 citations. Success rate: 98.7% (H:146, M:2, F:2)
2025-07-22 09:22:21,443 - INFO - Processed 160 citations. Success rate: 98.8% (H:156, M:2, F:2)
2025-07-22 09:22:21,555 - INFO - Processed 170 citations. Success rate: 98.8% (H:166, M:2, F:2)
2025-07-22 09:22:21,671 - INFO - Processed 180 citations. Success rate: 98.9% (H:176, M:2, F:2)
2025-07-22 09:22:21,869 - INFO - Processed 190 citations. Success rate: 98.9% (H:186, M:2, F:2)
2025-07-22 09:22:21,963 - INFO - Processed 200 citations. Success rate: 97.5% (H:193, M:2, F:5)
2025-07-22 09:22:22,092 - INFO - Processed 210 citations. Success rate: 97.6% (H:202, M:3, F:5)
2025-07-22 09:22:22,296 - INFO - Processed 220 citations. Success rate: 96.4% (H:209, M:3, F:8)
2025-07-22 09:22:22,433 - INFO - Processed 230 citations. Success rate: 96.1% (H:218, M:3, F:9)
2025-07-22 09:22:22,557 - INFO - Processed 240 citations. Success rate: 95.0% (H:225, M:3, F:12)
2025-07-22 09:22:22,715 - INFO - Processed 250 citations. Success rate: 94.8% (H:234, M:3, F:13)
2025-07-22 09:22:22,843 - INFO - Processed 260 citations. Success rate: 95.0% (H:244, M:3, F:13)
2025-07-22 09:22:22,989 - INFO - Processed 270 citations. Success rate: 95.2% (H:254, M:3, F:13)
2025-07-22 09:22:23,112 - INFO - Processed 280 citations. Success rate: 95.4% (H:264, M:3, F:13)
2025-07-22 09:22:23,251 - INFO - Processed 290 citations. Success rate: 95.5% (H:274, M:3, F:13)
2025-07-22 09:22:23,399 - INFO - Processed 300 citations. Success rate: 95.7% (H:284, M:3, F:13)
2025-07-22 09:22:23,529 - INFO - Processed 310 citations. Success rate: 95.8% (H:294, M:3, F:13)
2025-07-22 09:22:23,683 - INFO - Processed 320 citations. Success rate: 95.6% (H:303, M:3, F:14)
2025-07-22 09:22:23,828 - INFO - Processed 330 citations. Success rate: 95.8% (H:313, M:3, F:14)
2025-07-22 09:22:23,965 - INFO - Processed 340 citations. Success rate: 95.9% (H:323, M:3, F:14)
2025-07-22 09:22:24,115 - INFO - Processed 350 citations. Success rate: 96.0% (H:333, M:3, F:14)
2025-07-22 09:22:24,254 - INFO - Processed 360 citations. Success rate: 96.1% (H:343, M:3, F:14)
2025-07-22 09:22:24,398 - INFO - Processed 370 citations. Success rate: 96.2% (H:350, M:6, F:14)
2025-07-22 09:22:24,526 - INFO - Processed 380 citations. Success rate: 96.3% (H:358, M:8, F:14)
2025-07-22 09:22:24,679 - INFO - Processed 390 citations. Success rate: 96.4% (H:368, M:8, F:14)
2025-07-22 09:22:24,813 - INFO - Processed 400 citations. Success rate: 96.5% (H:378, M:8, F:14)
2025-07-22 09:22:24,974 - INFO - Processed 410 citations. Success rate: 96.6% (H:388, M:8, F:14)
2025-07-22 09:22:25,098 - INFO - Processed 420 citations. Success rate: 96.4% (H:397, M:8, F:15)
2025-07-22 09:22:25,293 - INFO - Processed 430 citations. Success rate: 96.5% (H:407, M:8, F:15)
2025-07-22 09:22:25,413 - INFO - Processed 440 citations. Success rate: 96.4% (H:416, M:8, F:16)
2025-07-22 09:22:25,546 - INFO - Processed 450 citations. Success rate: 96.4% (H:426, M:8, F:16)
2025-07-22 09:22:25,693 - INFO - Processed 460 citations. Success rate: 95.9% (H:433, M:8, F:19)
2025-07-22 09:22:25,853 - INFO - Processed 470 citations. Success rate: 96.0% (H:443, M:8, F:19)
2025-07-22 09:22:25,962 - INFO - Processed 480 citations. Success rate: 95.6% (H:451, M:8, F:21)
2025-07-22 09:22:26,128 - INFO - Processed 490 citations. Success rate: 95.7% (H:461, M:8, F:21)
2025-07-22 09:22:26,293 - INFO - Processed 500 citations. Success rate: 95.8% (H:471, M:8, F:21)
2025-07-22 09:22:26,417 - INFO - Processed 510 citations. Success rate: 95.9% (H:481, M:8, F:21)
2025-07-22 09:22:26,554 - INFO - Processed 520 citations. Success rate: 96.0% (H:491, M:8, F:21)
2025-07-22 09:22:26,726 - INFO - Processed 530 citations. Success rate: 96.0% (H:501, M:8, F:21)
2025-07-22 09:22:26,827 - INFO - Processed 540 citations. Success rate: 96.1% (H:511, M:8, F:21)
2025-07-22 09:22:26,976 - INFO - Processed 550 citations. Success rate: 96.2% (H:518, M:11, F:21)
2025-07-22 09:22:27,130 - INFO - Processed 560 citations. Success rate: 96.2% (H:527, M:12, F:21)
2025-07-22 09:22:27,276 - INFO - Processed 570 citations. Success rate: 96.1% (H:535, M:13, F:22)
2025-07-22 09:22:27,410 - INFO - Processed 580 citations. Success rate: 96.2% (H:545, M:13, F:22)
2025-07-22 09:22:27,536 - INFO - Processed 590 citations. Success rate: 96.1% (H:554, M:13, F:23)
2025-07-22 09:22:27,708 - INFO - Processed 600 citations. Success rate: 96.2% (H:564, M:13, F:23)
2025-07-22 09:22:27,879 - INFO - Processed 610 citations. Success rate: 96.1% (H:573, M:13, F:24)
2025-07-22 09:22:28,011 - INFO - Processed 620 citations. Success rate: 96.1% (H:583, M:13, F:24)
2025-07-22 09:22:28,191 - INFO - Processed 630 citations. Success rate: 96.2% (H:593, M:13, F:24)
2025-07-22 09:22:28,312 - INFO - Processed 640 citations. Success rate: 96.2% (H:603, M:13, F:24)
2025-07-22 09:22:28,459 - INFO - Processed 650 citations. Success rate: 96.3% (H:612, M:14, F:24)
2025-07-22 09:22:28,641 - INFO - Processed 660 citations. Success rate: 96.4% (H:622, M:14, F:24)
2025-07-22 09:22:28,782 - INFO - Processed 670 citations. Success rate: 96.4% (H:632, M:14, F:24)
2025-07-22 09:22:28,893 - INFO - Processed 680 citations. Success rate: 96.5% (H:642, M:14, F:24)
2025-07-22 09:22:29,076 - INFO - Processed 690 citations. Success rate: 96.5% (H:652, M:14, F:24)
2025-07-22 09:22:29,198 - INFO - Processed 700 citations. Success rate: 96.6% (H:662, M:14, F:24)
2025-07-22 09:22:29,316 - INFO - Processed 710 citations. Success rate: 96.6% (H:672, M:14, F:24)
2025-07-22 09:22:29,497 - INFO - Processed 720 citations. Success rate: 96.7% (H:682, M:14, F:24)
2025-07-22 09:22:29,641 - INFO - Processed 730 citations. Success rate: 96.7% (H:692, M:14, F:24)
2025-07-22 09:22:29,809 - INFO - Processed 740 citations. Success rate: 96.8% (H:702, M:14, F:24)
2025-07-22 09:22:29,919 - INFO - Processed 750 citations. Success rate: 96.8% (H:712, M:14, F:24)
2025-07-22 09:22:30,052 - INFO - Processed 760 citations. Success rate: 96.8% (H:722, M:14, F:24)
2025-07-22 09:22:30,231 - INFO - Processed 770 citations. Success rate: 96.9% (H:732, M:14, F:24)
2025-07-22 09:22:30,374 - INFO - Processed 780 citations. Success rate: 96.9% (H:742, M:14, F:24)
2025-07-22 09:22:30,492 - INFO - Processed 790 citations. Success rate: 97.0% (H:752, M:14, F:24)
2025-07-22 09:22:30,654 - INFO - Processed 800 citations. Success rate: 97.0% (H:762, M:14, F:24)
2025-07-22 09:22:30,786 - INFO - Processed 810 citations. Success rate: 97.0% (H:771, M:15, F:24)
2025-07-22 09:22:30,936 - INFO - Processed 820 citations. Success rate: 97.1% (H:781, M:15, F:24)
2025-07-22 09:22:31,107 - INFO - Processed 830 citations. Success rate: 97.1% (H:791, M:15, F:24)
2025-07-22 09:22:31,217 - INFO - Processed 840 citations. Success rate: 97.1% (H:801, M:15, F:24)
2025-07-22 09:22:31,362 - INFO - Processed 850 citations. Success rate: 97.2% (H:811, M:15, F:24)
2025-07-22 09:22:31,534 - INFO - Processed 860 citations. Success rate: 97.2% (H:821, M:15, F:24)
2025-07-22 09:22:31,657 - INFO - Processed 870 citations. Success rate: 97.2% (H:831, M:15, F:24)
2025-07-22 09:22:31,808 - INFO - Processed 880 citations. Success rate: 97.3% (H:841, M:15, F:24)
2025-07-22 09:22:31,944 - INFO - Processed 890 citations. Success rate: 97.3% (H:851, M:15, F:24)
2025-07-22 09:22:32,080 - INFO - Processed 900 citations. Success rate: 97.3% (H:861, M:15, F:24)
2025-07-22 09:22:32,223 - INFO - Processed 910 citations. Success rate: 97.4% (H:871, M:15, F:24)
2025-07-22 09:22:32,334 - INFO - Processed 920 citations. Success rate: 97.4% (H:881, M:15, F:24)
2025-07-22 09:22:32,506 - INFO - Processed 930 citations. Success rate: 97.4% (H:891, M:15, F:24)
2025-07-22 09:22:32,640 - INFO - Processed 940 citations. Success rate: 97.4% (H:901, M:15, F:24)
2025-07-22 09:22:32,799 - INFO - Processed 950 citations. Success rate: 97.4% (H:910, M:15, F:25)
2025-07-22 09:22:32,955 - INFO - Processed 960 citations. Success rate: 97.4% (H:920, M:15, F:25)
2025-07-22 09:22:33,094 - INFO - Processed 970 citations. Success rate: 97.4% (H:930, M:15, F:25)
2025-07-22 09:22:33,220 - INFO - Processed 980 citations. Success rate: 97.4% (H:940, M:15, F:25)
2025-07-22 09:22:33,390 - INFO - Processed 990 citations. Success rate: 97.5% (H:950, M:15, F:25)
2025-07-22 09:22:33,515 - INFO - Processed 1000 citations. Success rate: 97.4% (H:958, M:16, F:26)
2025-07-22 09:22:33,516 - INFO - Batch completed: 974/1000 success (97.4%)
2025-07-22 09:22:33,516 - INFO - Processing batch 2: citations 1001-2000 of 495303
2025-07-22 09:22:34,035 - INFO - Processed 1010 citations. Success rate: 96.9% (H:963, M:16, F:31)
2025-07-22 09:22:34,171 - INFO - Processed 1020 citations. Success rate: 96.7% (H:968, M:18, F:34)
2025-07-22 09:22:34,338 - INFO - Processed 1030 citations. Success rate: 96.5% (H:975, M:19, F:36)
2025-07-22 09:22:34,478 - INFO - Processed 1040 citations. Success rate: 96.2% (H:981, M:20, F:39)
2025-07-22 09:22:34,584 - INFO - Processed 1050 citations. Success rate: 96.0% (H:987, M:21, F:42)
2025-07-22 09:22:34,746 - INFO - Processed 1060 citations. Success rate: 96.0% (H:997, M:21, F:42)
2025-07-22 09:22:34,910 - INFO - Processed 1070 citations. Success rate: 96.0% (H:1005, M:22, F:43)
2025-07-22 09:22:35,015 - INFO - Processed 1080 citations. Success rate: 96.0% (H:1014, M:23, F:43)
2025-07-22 09:22:35,175 - INFO - Processed 1090 citations. Success rate: 96.1% (H:1023, M:24, F:43)
2025-07-22 09:22:35,354 - INFO - Processed 1100 citations. Success rate: 96.1% (H:1033, M:24, F:43)
2025-07-22 09:22:35,468 - INFO - Processed 1110 citations. Success rate: 96.1% (H:1043, M:24, F:43)
2025-07-22 09:22:35,574 - INFO - Processed 1120 citations. Success rate: 96.2% (H:1053, M:24, F:43)
2025-07-22 09:22:35,744 - INFO - Processed 1130 citations. Success rate: 96.2% (H:1063, M:24, F:43)
2025-07-22 09:22:35,892 - INFO - Processed 1140 citations. Success rate: 96.2% (H:1073, M:24, F:43)
2025-07-22 09:22:36,011 - INFO - Processed 1150 citations. Success rate: 96.3% (H:1083, M:24, F:43)
2025-07-22 09:22:36,165 - INFO - Processed 1160 citations. Success rate: 96.3% (H:1093, M:24, F:43)
2025-07-22 09:22:36,324 - INFO - Processed 1170 citations. Success rate: 96.3% (H:1103, M:24, F:43)
2025-07-22 09:22:36,427 - INFO - Processed 1180 citations. Success rate: 96.4% (H:1113, M:24, F:43)
2025-07-22 09:22:36,582 - INFO - Processed 1190 citations. Success rate: 96.4% (H:1123, M:24, F:43)
2025-07-22 09:22:36,726 - INFO - Processed 1200 citations. Success rate: 96.2% (H:1131, M:24, F:45)
2025-07-22 09:22:36,868 - INFO - Processed 1210 citations. Success rate: 96.2% (H:1139, M:25, F:46)
2025-07-22 09:22:37,025 - INFO - Processed 1220 citations. Success rate: 96.1% (H:1144, M:29, F:47)
2025-07-22 09:22:37,162 - INFO - Processed 1230 citations. Success rate: 96.2% (H:1152, M:31, F:47)
2025-07-22 09:22:37,299 - INFO - Processed 1240 citations. Success rate: 96.2% (H:1161, M:32, F:47)
2025-07-22 09:22:37,470 - INFO - Processed 1250 citations. Success rate: 96.2% (H:1170, M:32, F:48)
2025-07-22 09:22:37,597 - INFO - Processed 1260 citations. Success rate: 96.2% (H:1180, M:32, F:48)
2025-07-22 09:22:37,710 - INFO - Processed 1270 citations. Success rate: 96.2% (H:1190, M:32, F:48)
2025-07-22 09:22:37,882 - INFO - Processed 1280 citations. Success rate: 96.2% (H:1200, M:32, F:48)
2025-07-22 09:22:38,010 - INFO - Processed 1290 citations. Success rate: 96.3% (H:1210, M:32, F:48)
2025-07-22 09:22:38,147 - INFO - Processed 1300 citations. Success rate: 96.3% (H:1220, M:32, F:48)
2025-07-22 09:22:38,321 - INFO - Processed 1310 citations. Success rate: 96.3% (H:1230, M:32, F:48)
2025-07-22 09:22:38,461 - INFO - Processed 1320 citations. Success rate: 96.4% (H:1240, M:32, F:48)
2025-07-22 09:22:38,568 - INFO - Processed 1330 citations. Success rate: 96.4% (H:1250, M:32, F:48)
2025-07-22 09:22:38,768 - INFO - Processed 1340 citations. Success rate: 96.4% (H:1260, M:32, F:48)
2025-07-22 09:22:38,903 - INFO - Processed 1350 citations. Success rate: 96.4% (H:1270, M:32, F:48)
2025-07-22 09:22:38,995 - INFO - Processed 1360 citations. Success rate: 96.5% (H:1280, M:32, F:48)
2025-07-22 09:22:39,224 - INFO - Processed 1370 citations. Success rate: 96.5% (H:1290, M:32, F:48)
2025-07-22 09:22:39,348 - INFO - Processed 1380 citations. Success rate: 96.5% (H:1300, M:32, F:48)
2025-07-22 09:22:39,436 - INFO - Processed 1390 citations. Success rate: 96.5% (H:1310, M:32, F:48)
2025-07-22 09:22:39,627 - INFO - Processed 1400 citations. Success rate: 96.6% (H:1320, M:32, F:48)
2025-07-22 09:22:39,788 - INFO - Processed 1410 citations. Success rate: 96.6% (H:1330, M:32, F:48)
2025-07-22 09:22:39,917 - INFO - Processed 1420 citations. Success rate: 96.6% (H:1340, M:32, F:48)
2025-07-22 09:22:40,047 - INFO - Processed 1430 citations. Success rate: 96.6% (H:1350, M:32, F:48)
2025-07-22 09:22:40,203 - INFO - Processed 1440 citations. Success rate: 96.7% (H:1360, M:32, F:48)
2025-07-22 09:22:40,349 - INFO - Processed 1450 citations. Success rate: 96.7% (H:1370, M:32, F:48)
2025-07-22 09:22:40,494 - INFO - Processed 1460 citations. Success rate: 96.6% (H:1378, M:32, F:50)
2025-07-22 09:22:40,636 - INFO - Processed 1470 citations. Success rate: 96.6% (H:1388, M:32, F:50)
2025-07-22 09:22:40,768 - INFO - Processed 1480 citations. Success rate: 96.6% (H:1398, M:32, F:50)
2025-07-22 09:22:40,909 - INFO - Processed 1490 citations. Success rate: 96.6% (H:1408, M:32, F:50)
2025-07-22 09:22:41,078 - INFO - Processed 1500 citations. Success rate: 96.7% (H:1418, M:32, F:50)
2025-07-22 09:22:41,203 - INFO - Processed 1510 citations. Success rate: 96.7% (H:1428, M:32, F:50)
2025-07-22 09:22:41,346 - INFO - Processed 1520 citations. Success rate: 96.7% (H:1438, M:32, F:50)
2025-07-22 09:22:41,499 - INFO - Processed 1530 citations. Success rate: 96.7% (H:1447, M:32, F:51)
2025-07-22 09:22:41,623 - INFO - Processed 1540 citations. Success rate: 96.7% (H:1457, M:32, F:51)
2025-07-22 09:22:41,751 - INFO - Processed 1550 citations. Success rate: 96.7% (H:1467, M:32, F:51)
2025-07-22 09:22:41,922 - INFO - Processed 1560 citations. Success rate: 96.7% (H:1477, M:32, F:51)
2025-07-22 09:22:42,049 - INFO - Processed 1570 citations. Success rate: 96.8% (H:1487, M:32, F:51)
2025-07-22 09:22:42,175 - INFO - Processed 1580 citations. Success rate: 96.8% (H:1497, M:32, F:51)
2025-07-22 09:22:42,337 - INFO - Processed 1590 citations. Success rate: 96.7% (H:1505, M:33, F:52)
2025-07-22 09:22:42,468 - INFO - Processed 1600 citations. Success rate: 96.6% (H:1513, M:33, F:54)
2025-07-22 09:22:42,618 - INFO - Processed 1610 citations. Success rate: 96.6% (H:1523, M:33, F:54)
2025-07-22 09:22:42,755 - INFO - Processed 1620 citations. Success rate: 96.7% (H:1533, M:33, F:54)
2025-07-22 09:22:42,908 - INFO - Processed 1630 citations. Success rate: 96.6% (H:1542, M:33, F:55)
2025-07-22 09:22:43,034 - INFO - Processed 1640 citations. Success rate: 96.6% (H:1552, M:33, F:55)
2025-07-22 09:22:43,170 - INFO - Processed 1650 citations. Success rate: 96.7% (H:1562, M:33, F:55)
2025-07-22 09:22:43,313 - INFO - Processed 1660 citations. Success rate: 96.7% (H:1572, M:33, F:55)
2025-07-22 09:22:43,470 - INFO - Processed 1670 citations. Success rate: 96.7% (H:1582, M:33, F:55)
2025-07-22 09:22:43,603 - INFO - Processed 1680 citations. Success rate: 96.7% (H:1591, M:33, F:56)
2025-07-22 09:22:43,757 - INFO - Processed 1690 citations. Success rate: 96.7% (H:1601, M:33, F:56)
2025-07-22 09:22:43,876 - INFO - Processed 1700 citations. Success rate: 96.7% (H:1611, M:33, F:56)
2025-07-22 09:22:44,070 - INFO - Processed 1710 citations. Success rate: 96.7% (H:1621, M:33, F:56)
2025-07-22 09:22:44,182 - INFO - Processed 1720 citations. Success rate: 96.7% (H:1629, M:35, F:56)
2025-07-22 09:22:44,295 - INFO - Processed 1730 citations. Success rate: 96.8% (H:1637, M:37, F:56)
2025-07-22 09:22:44,479 - INFO - Processed 1740 citations. Success rate: 96.8% (H:1647, M:37, F:56)
2025-07-22 09:22:44,604 - INFO - Processed 1750 citations. Success rate: 96.8% (H:1656, M:38, F:56)
2025-07-22 09:22:44,747 - INFO - Processed 1760 citations. Success rate: 96.8% (H:1666, M:38, F:56)
2025-07-22 09:22:44,893 - INFO - Processed 1770 citations. Success rate: 96.8% (H:1675, M:39, F:56)
2025-07-22 09:22:45,055 - INFO - Processed 1780 citations. Success rate: 96.9% (H:1683, M:41, F:56)
2025-07-22 09:22:45,177 - INFO - Processed 1790 citations. Success rate: 96.9% (H:1693, M:41, F:56)
2025-07-22 09:22:45,320 - INFO - Processed 1800 citations. Success rate: 96.9% (H:1703, M:41, F:56)
2025-07-22 09:22:45,495 - INFO - Processed 1810 citations. Success rate: 96.9% (H:1713, M:41, F:56)
2025-07-22 09:22:45,627 - INFO - Processed 1820 citations. Success rate: 96.9% (H:1723, M:41, F:56)
2025-07-22 09:22:45,769 - INFO - Processed 1830 citations. Success rate: 96.9% (H:1733, M:41, F:56)
2025-07-22 09:22:45,916 - INFO - Processed 1840 citations. Success rate: 97.0% (H:1743, M:41, F:56)
2025-07-22 09:22:46,047 - INFO - Processed 1850 citations. Success rate: 97.0% (H:1753, M:41, F:56)
2025-07-22 09:22:46,193 - INFO - Processed 1860 citations. Success rate: 97.0% (H:1763, M:41, F:56)
2025-07-22 09:22:46,332 - INFO - Processed 1870 citations. Success rate: 97.0% (H:1773, M:41, F:56)
2025-07-22 09:22:46,468 - INFO - Processed 1880 citations. Success rate: 97.0% (H:1783, M:41, F:56)
2025-07-22 09:22:46,612 - INFO - Processed 1890 citations. Success rate: 97.0% (H:1793, M:41, F:56)
2025-07-22 09:22:46,774 - INFO - Processed 1900 citations. Success rate: 96.8% (H:1799, M:41, F:60)
2025-07-22 09:22:46,888 - INFO - Processed 1910 citations. Success rate: 96.6% (H:1804, M:41, F:65)
2025-07-22 09:22:47,021 - INFO - Processed 1920 citations. Success rate: 96.5% (H:1811, M:41, F:68)
2025-07-22 09:22:47,206 - INFO - Processed 1930 citations. Success rate: 96.3% (H:1818, M:41, F:71)
2025-07-22 09:22:47,321 - INFO - Processed 1940 citations. Success rate: 96.3% (H:1827, M:41, F:72)
2025-07-22 09:22:47,448 - INFO - Processed 1950 citations. Success rate: 96.2% (H:1835, M:41, F:74)
2025-07-22 09:22:47,653 - INFO - Processed 1960 citations. Success rate: 96.2% (H:1842, M:44, F:74)
2025-07-22 09:22:47,765 - INFO - Processed 1970 citations. Success rate: 96.1% (H:1850, M:44, F:76)
2025-07-22 09:22:47,870 - INFO - Processed 1980 citations. Success rate: 96.0% (H:1857, M:44, F:79)
2025-07-22 09:22:48,073 - INFO - Processed 1990 citations. Success rate: 96.0% (H:1867, M:44, F:79)
2025-07-22 09:22:48,185 - INFO - Processed 2000 citations. Success rate: 96.0% (H:1877, M:44, F:79)
2025-07-22 09:22:48,188 - INFO - Batch completed: 947/1000 success (94.7%)
2025-07-22 09:22:48,188 - INFO - Processing batch 3: citations 2001-3000 of 495303
2025-07-22 09:22:48,718 - INFO - Processed 2010 citations. Success rate: 96.1% (H:1886, M:45, F:79)
2025-07-22 09:22:48,844 - INFO - Processed 2020 citations. Success rate: 96.1% (H:1896, M:45, F:79)
2025-07-22 09:22:48,977 - INFO - Processed 2030 citations. Success rate: 96.1% (H:1906, M:45, F:79)
2025-07-22 09:22:49,192 - INFO - Processed 2040 citations. Success rate: 96.1% (H:1916, M:45, F:79)
2025-07-22 09:22:49,291 - INFO - Processed 2050 citations. Success rate: 96.1% (H:1926, M:45, F:79)
2025-07-22 09:22:49,396 - INFO - Processed 2060 citations. Success rate: 96.1% (H:1934, M:46, F:80)
2025-07-22 09:22:49,645 - INFO - Processed 2070 citations. Success rate: 96.0% (H:1942, M:46, F:82)
2025-07-22 09:22:49,744 - INFO - Processed 2080 citations. Success rate: 96.0% (H:1950, M:46, F:84)
2025-07-22 09:22:49,858 - INFO - Processed 2090 citations. Success rate: 96.0% (H:1960, M:46, F:84)
2025-07-22 09:22:50,071 - INFO - Processed 2100 citations. Success rate: 96.0% (H:1970, M:46, F:84)
2025-07-22 09:22:50,187 - INFO - Processed 2110 citations. Success rate: 96.0% (H:1979, M:46, F:85)
2025-07-22 09:22:50,317 - INFO - Processed 2120 citations. Success rate: 96.0% (H:1989, M:46, F:85)
2025-07-22 09:22:50,510 - INFO - Processed 2130 citations. Success rate: 96.0% (H:1999, M:46, F:85)
2025-07-22 09:22:50,627 - INFO - Processed 2140 citations. Success rate: 96.0% (H:2009, M:46, F:85)
2025-07-22 09:22:50,749 - INFO - Processed 2150 citations. Success rate: 96.0% (H:2017, M:46, F:87)
2025-07-22 09:22:50,920 - INFO - Processed 2160 citations. Success rate: 96.0% (H:2027, M:46, F:87)
2025-07-22 09:22:51,051 - INFO - Processed 2170 citations. Success rate: 95.9% (H:2036, M:46, F:88)
2025-07-22 09:22:51,179 - INFO - Processed 2180 citations. Success rate: 95.9% (H:2044, M:46, F:90)
2025-07-22 09:22:51,334 - INFO - Processed 2190 citations. Success rate: 95.8% (H:2051, M:46, F:93)
2025-07-22 09:22:51,456 - INFO - Processed 2200 citations. Success rate: 95.7% (H:2059, M:47, F:94)
2025-07-22 09:22:51,625 - INFO - Processed 2210 citations. Success rate: 95.7% (H:2069, M:47, F:94)
2025-07-22 09:22:51,752 - INFO - Processed 2220 citations. Success rate: 95.8% (H:2079, M:47, F:94)
2025-07-22 09:22:51,891 - INFO - Processed 2230 citations. Success rate: 95.7% (H:2087, M:47, F:96)
2025-07-22 09:22:52,066 - INFO - Processed 2240 citations. Success rate: 95.7% (H:2096, M:47, F:97)
2025-07-22 09:22:52,174 - INFO - Processed 2250 citations. Success rate: 95.7% (H:2106, M:47, F:97)
2025-07-22 09:22:52,325 - INFO - Processed 2260 citations. Success rate: 95.7% (H:2116, M:47, F:97)
2025-07-22 09:22:52,489 - INFO - Processed 2270 citations. Success rate: 95.7% (H:2126, M:47, F:97)
2025-07-22 09:22:52,612 - INFO - Processed 2280 citations. Success rate: 95.7% (H:2136, M:47, F:97)
2025-07-22 09:22:52,758 - INFO - Processed 2290 citations. Success rate: 95.7% (H:2145, M:47, F:98)
2025-07-22 09:22:52,903 - INFO - Processed 2300 citations. Success rate: 95.7% (H:2154, M:48, F:98)
2025-07-22 09:22:53,053 - INFO - Processed 2310 citations. Success rate: 95.8% (H:2164, M:48, F:98)
2025-07-22 09:22:53,212 - INFO - Processed 2320 citations. Success rate: 95.8% (H:2174, M:48, F:98)
2025-07-22 09:22:53,329 - INFO - Processed 2330 citations. Success rate: 95.8% (H:2184, M:48, F:98)
2025-07-22 09:22:53,454 - INFO - Processed 2340 citations. Success rate: 95.8% (H:2194, M:48, F:98)
2025-07-22 09:22:53,649 - INFO - Processed 2350 citations. Success rate: 95.8% (H:2204, M:48, F:98)
2025-07-22 09:22:53,775 - INFO - Processed 2360 citations. Success rate: 95.8% (H:2214, M:48, F:98)
2025-07-22 09:22:53,887 - INFO - Processed 2370 citations. Success rate: 95.9% (H:2224, M:48, F:98)
2025-07-22 09:22:54,064 - INFO - Processed 2380 citations. Success rate: 95.9% (H:2234, M:48, F:98)
2025-07-22 09:22:54,197 - INFO - Processed 2390 citations. Success rate: 95.9% (H:2243, M:48, F:99)
2025-07-22 09:22:54,319 - INFO - Processed 2400 citations. Success rate: 95.9% (H:2253, M:48, F:99)
2025-07-22 09:22:54,464 - INFO - Processed 2410 citations. Success rate: 95.9% (H:2263, M:48, F:99)
2025-07-22 09:22:54,614 - INFO - Processed 2420 citations. Success rate: 95.9% (H:2273, M:48, F:99)
2025-07-22 09:22:54,753 - INFO - Processed 2430 citations. Success rate: 95.9% (H:2283, M:48, F:99)
2025-07-22 09:22:54,892 - INFO - Processed 2440 citations. Success rate: 95.9% (H:2292, M:48, F:100)
2025-07-22 09:22:55,064 - INFO - Processed 2450 citations. Success rate: 95.9% (H:2302, M:48, F:100)
2025-07-22 09:22:55,165 - INFO - Processed 2460 citations. Success rate: 95.9% (H:2311, M:48, F:101)
2025-07-22 09:22:55,330 - INFO - Processed 2470 citations. Success rate: 95.9% (H:2321, M:48, F:101)
2025-07-22 09:22:55,492 - INFO - Processed 2480 citations. Success rate: 95.8% (H:2329, M:48, F:103)
2025-07-22 09:22:55,611 - INFO - Processed 2490 citations. Success rate: 95.9% (H:2339, M:48, F:103)
2025-07-22 09:22:55,758 - INFO - Processed 2500 citations. Success rate: 95.8% (H:2348, M:48, F:104)
2025-07-22 09:22:55,916 - INFO - Processed 2510 citations. Success rate: 95.9% (H:2358, M:48, F:104)
2025-07-22 09:22:56,042 - INFO - Processed 2520 citations. Success rate: 95.9% (H:2368, M:48, F:104)
2025-07-22 09:22:56,205 - INFO - Processed 2530 citations. Success rate: 95.9% (H:2378, M:48, F:104)
2025-07-22 09:22:56,371 - INFO - Processed 2540 citations. Success rate: 95.9% (H:2387, M:48, F:105)
2025-07-22 09:22:56,498 - INFO - Processed 2550 citations. Success rate: 95.9% (H:2397, M:48, F:105)
2025-07-22 09:22:56,630 - INFO - Processed 2560 citations. Success rate: 95.9% (H:2407, M:48, F:105)
2025-07-22 09:22:56,806 - INFO - Processed 2570 citations. Success rate: 95.9% (H:2417, M:48, F:105)
2025-07-22 09:22:56,916 - INFO - Processed 2580 citations. Success rate: 95.9% (H:2427, M:48, F:105)
2025-07-22 09:22:57,053 - INFO - Processed 2590 citations. Success rate: 95.9% (H:2437, M:48, F:105)
2025-07-22 09:22:57,239 - INFO - Processed 2600 citations. Success rate: 96.0% (H:2447, M:48, F:105)
2025-07-22 09:22:57,361 - INFO - Processed 2610 citations. Success rate: 96.0% (H:2457, M:48, F:105)
2025-07-22 09:22:57,485 - INFO - Processed 2620 citations. Success rate: 96.0% (H:2467, M:48, F:105)
2025-07-22 09:22:57,651 - INFO - Processed 2630 citations. Success rate: 96.0% (H:2477, M:48, F:105)
2025-07-22 09:22:57,774 - INFO - Processed 2640 citations. Success rate: 96.0% (H:2487, M:48, F:105)
2025-07-22 09:22:57,924 - INFO - Processed 2650 citations. Success rate: 95.9% (H:2493, M:48, F:109)
2025-07-22 09:22:58,106 - INFO - Processed 2660 citations. Success rate: 95.9% (H:2503, M:48, F:109)
2025-07-22 09:22:58,214 - INFO - Processed 2670 citations. Success rate: 95.9% (H:2513, M:48, F:109)
2025-07-22 09:22:58,359 - INFO - Processed 2680 citations. Success rate: 95.9% (H:2523, M:48, F:109)
2025-07-22 09:22:58,506 - INFO - Processed 2690 citations. Success rate: 95.9% (H:2533, M:48, F:109)
2025-07-22 09:22:58,622 - INFO - Processed 2700 citations. Success rate: 95.9% (H:2541, M:48, F:111)
2025-07-22 09:22:58,768 - INFO - Processed 2710 citations. Success rate: 95.9% (H:2551, M:48, F:111)
2025-07-22 09:22:58,942 - INFO - Processed 2720 citations. Success rate: 95.9% (H:2560, M:48, F:112)
2025-07-22 09:22:59,072 - INFO - Processed 2730 citations. Success rate: 95.9% (H:2570, M:48, F:112)
2025-07-22 09:22:59,204 - INFO - Processed 2740 citations. Success rate: 95.9% (H:2579, M:49, F:112)
2025-07-22 09:22:59,381 - INFO - Processed 2750 citations. Success rate: 95.9% (H:2588, M:50, F:112)
2025-07-22 09:22:59,504 - INFO - Processed 2760 citations. Success rate: 95.9% (H:2596, M:52, F:112)
2025-07-22 09:22:59,626 - INFO - Processed 2770 citations. Success rate: 96.0% (H:2604, M:54, F:112)
2025-07-22 09:22:59,824 - INFO - Processed 2780 citations. Success rate: 96.0% (H:2612, M:56, F:112)
2025-07-22 09:22:59,951 - INFO - Processed 2790 citations. Success rate: 95.9% (H:2620, M:56, F:114)
2025-07-22 09:23:00,105 - INFO - Processed 2800 citations. Success rate: 95.9% (H:2629, M:56, F:115)
2025-07-22 09:23:00,253 - INFO - Processed 2810 citations. Success rate: 95.9% (H:2639, M:56, F:115)
2025-07-22 09:23:00,408 - INFO - Processed 2820 citations. Success rate: 95.9% (H:2648, M:56, F:116)
2025-07-22 09:23:00,541 - INFO - Processed 2830 citations. Success rate: 95.9% (H:2658, M:56, F:116)
2025-07-22 09:23:00,696 - INFO - Processed 2840 citations. Success rate: 95.9% (H:2668, M:56, F:116)
2025-07-22 09:23:00,829 - INFO - Processed 2850 citations. Success rate: 95.9% (H:2678, M:56, F:116)
2025-07-22 09:23:00,956 - INFO - Processed 2860 citations. Success rate: 95.9% (H:2688, M:56, F:116)
2025-07-22 09:23:01,153 - INFO - Processed 2870 citations. Success rate: 95.9% (H:2697, M:56, F:117)
2025-07-22 09:23:01,266 - INFO - Processed 2880 citations. Success rate: 95.9% (H:2705, M:56, F:119)
2025-07-22 09:23:01,375 - INFO - Processed 2890 citations. Success rate: 95.8% (H:2714, M:56, F:120)
2025-07-22 09:23:01,597 - INFO - Processed 2900 citations. Success rate: 95.8% (H:2722, M:56, F:122)
2025-07-22 09:23:01,686 - INFO - Processed 2910 citations. Success rate: 95.8% (H:2732, M:56, F:122)
2025-07-22 09:23:01,834 - INFO - Processed 2920 citations. Success rate: 95.8% (H:2741, M:57, F:122)
2025-07-22 09:23:02,020 - INFO - Processed 2930 citations. Success rate: 95.7% (H:2748, M:57, F:125)
2025-07-22 09:23:02,145 - INFO - Processed 2940 citations. Success rate: 95.6% (H:2755, M:57, F:128)
2025-07-22 09:23:02,248 - INFO - Processed 2950 citations. Success rate: 95.6% (H:2762, M:57, F:131)
2025-07-22 09:23:02,470 - INFO - Processed 2960 citations. Success rate: 95.5% (H:2771, M:57, F:132)
2025-07-22 09:23:02,584 - INFO - Processed 2970 citations. Success rate: 95.6% (H:2781, M:57, F:132)
2025-07-22 09:23:02,699 - INFO - Processed 2980 citations. Success rate: 95.6% (H:2791, M:57, F:132)
2025-07-22 09:23:02,890 - INFO - Processed 2990 citations. Success rate: 95.6% (H:2800, M:57, F:133)
2025-07-22 09:23:03,021 - INFO - Processed 3000 citations. Success rate: 95.5% (H:2809, M:57, F:134)
2025-07-22 09:23:03,023 - INFO - Batch completed: 945/1000 success (94.5%)
2025-07-22 09:23:03,023 - INFO - Processing batch 4: citations 3001-4000 of 495303
2025-07-22 09:23:03,548 - INFO - Processed 3010 citations. Success rate: 95.5% (H:2817, M:57, F:136)
2025-07-22 09:23:03,710 - INFO - Processed 3020 citations. Success rate: 95.5% (H:2827, M:57, F:136)
2025-07-22 09:23:03,865 - INFO - Processed 3030 citations. Success rate: 95.4% (H:2835, M:57, F:138)
2025-07-22 09:23:03,987 - INFO - Processed 3040 citations. Success rate: 95.4% (H:2843, M:58, F:139)
2025-07-22 09:23:04,153 - INFO - Processed 3050 citations. Success rate: 95.4% (H:2851, M:60, F:139)
2025-07-22 09:23:04,308 - INFO - Processed 3060 citations. Success rate: 95.5% (H:2860, M:61, F:139)
2025-07-22 09:23:04,414 - INFO - Processed 3070 citations. Success rate: 95.5% (H:2869, M:62, F:139)
2025-07-22 09:23:04,578 - INFO - Processed 3080 citations. Success rate: 95.5% (H:2877, M:64, F:139)
2025-07-22 09:23:04,718 - INFO - Processed 3090 citations. Success rate: 95.5% (H:2884, M:67, F:139)
2025-07-22 09:23:04,855 - INFO - Processed 3100 citations. Success rate: 95.5% (H:2893, M:67, F:140)
2025-07-22 09:23:04,979 - INFO - Processed 3110 citations. Success rate: 95.5% (H:2903, M:67, F:140)
2025-07-22 09:23:05,138 - INFO - Processed 3120 citations. Success rate: 95.5% (H:2913, M:67, F:140)
2025-07-22 09:23:05,283 - INFO - Processed 3130 citations. Success rate: 95.5% (H:2923, M:67, F:140)
2025-07-22 09:23:05,466 - INFO - Processed 3140 citations. Success rate: 95.5% (H:2933, M:67, F:140)
2025-07-22 09:23:05,548 - INFO - Processed 3150 citations. Success rate: 95.6% (H:2943, M:67, F:140)
2025-07-22 09:23:05,720 - INFO - Processed 3160 citations. Success rate: 95.6% (H:2953, M:67, F:140)
2025-07-22 09:23:05,872 - INFO - Processed 3170 citations. Success rate: 95.6% (H:2963, M:67, F:140)
2025-07-22 09:23:06,001 - INFO - Processed 3180 citations. Success rate: 95.6% (H:2973, M:67, F:140)
2025-07-22 09:23:06,134 - INFO - Processed 3190 citations. Success rate: 95.6% (H:2983, M:67, F:140)
2025-07-22 09:23:06,297 - INFO - Processed 3200 citations. Success rate: 95.6% (H:2993, M:67, F:140)
2025-07-22 09:23:06,441 - INFO - Processed 3210 citations. Success rate: 95.6% (H:3003, M:67, F:140)
2025-07-22 09:23:06,584 - INFO - Processed 3220 citations. Success rate: 95.7% (H:3013, M:67, F:140)
2025-07-22 09:23:06,730 - INFO - Processed 3230 citations. Success rate: 95.6% (H:3022, M:67, F:141)
2025-07-22 09:23:06,835 - INFO - Processed 3240 citations. Success rate: 95.6% (H:3032, M:67, F:141)
2025-07-22 09:23:07,036 - INFO - Processed 3250 citations. Success rate: 95.7% (H:3042, M:67, F:141)
2025-07-22 09:23:07,170 - INFO - Processed 3260 citations. Success rate: 95.7% (H:3052, M:67, F:141)
2025-07-22 09:23:07,314 - INFO - Processed 3270 citations. Success rate: 95.7% (H:3062, M:67, F:141)
2025-07-22 09:23:07,455 - INFO - Processed 3280 citations. Success rate: 95.7% (H:3071, M:67, F:142)
2025-07-22 09:23:07,588 - INFO - Processed 3290 citations. Success rate: 95.7% (H:3081, M:67, F:142)
2025-07-22 09:23:07,742 - INFO - Processed 3300 citations. Success rate: 95.7% (H:3091, M:67, F:142)
2025-07-22 09:23:07,882 - INFO - Processed 3310 citations. Success rate: 95.7% (H:3101, M:67, F:142)
2025-07-22 09:23:08,029 - INFO - Processed 3320 citations. Success rate: 95.7% (H:3111, M:67, F:142)
2025-07-22 09:23:08,157 - INFO - Processed 3330 citations. Success rate: 95.7% (H:3121, M:67, F:142)
2025-07-22 09:23:08,307 - INFO - Processed 3340 citations. Success rate: 95.7% (H:3131, M:67, F:142)
2025-07-22 09:23:08,461 - INFO - Processed 3350 citations. Success rate: 95.8% (H:3141, M:67, F:142)
2025-07-22 09:23:08,591 - INFO - Processed 3360 citations. Success rate: 95.8% (H:3151, M:67, F:142)
2025-07-22 09:23:08,699 - INFO - Processed 3370 citations. Success rate: 95.8% (H:3161, M:67, F:142)
2025-07-22 09:23:08,892 - INFO - Processed 3380 citations. Success rate: 95.8% (H:3171, M:67, F:142)
2025-07-22 09:23:09,014 - INFO - Processed 3390 citations. Success rate: 95.8% (H:3180, M:67, F:143)
2025-07-22 09:23:09,135 - INFO - Processed 3400 citations. Success rate: 95.8% (H:3189, M:67, F:144)
2025-07-22 09:23:09,338 - INFO - Processed 3410 citations. Success rate: 95.7% (H:3198, M:67, F:145)
2025-07-22 09:23:09,452 - INFO - Processed 3420 citations. Success rate: 95.7% (H:3206, M:67, F:147)
2025-07-22 09:23:09,586 - INFO - Processed 3430 citations. Success rate: 95.7% (H:3216, M:67, F:147)
2025-07-22 09:23:09,759 - INFO - Processed 3440 citations. Success rate: 95.7% (H:3225, M:67, F:148)
2025-07-22 09:23:09,892 - INFO - Processed 3450 citations. Success rate: 95.7% (H:3233, M:67, F:150)
2025-07-22 09:23:10,019 - INFO - Processed 3460 citations. Success rate: 95.7% (H:3242, M:68, F:150)
2025-07-22 09:23:10,194 - INFO - Processed 3470 citations. Success rate: 95.6% (H:3251, M:68, F:151)
2025-07-22 09:23:10,299 - INFO - Processed 3480 citations. Success rate: 95.5% (H:3256, M:68, F:156)
2025-07-22 09:23:10,441 - INFO - Processed 3490 citations. Success rate: 95.5% (H:3266, M:68, F:156)
2025-07-22 09:23:10,598 - INFO - Processed 3500 citations. Success rate: 95.5% (H:3275, M:68, F:157)
2025-07-22 09:23:10,778 - INFO - Processed 3510 citations. Success rate: 95.5% (H:3285, M:68, F:157)
2025-07-22 09:23:10,892 - INFO - Processed 3520 citations. Success rate: 95.5% (H:3295, M:68, F:157)
2025-07-22 09:23:11,026 - INFO - Processed 3530 citations. Success rate: 95.6% (H:3304, M:69, F:157)
2025-07-22 09:23:11,181 - INFO - Processed 3540 citations. Success rate: 95.5% (H:3313, M:69, F:158)
2025-07-22 09:23:11,331 - INFO - Processed 3550 citations. Success rate: 95.5% (H:3323, M:69, F:158)
2025-07-22 09:23:11,451 - INFO - Processed 3560 citations. Success rate: 95.5% (H:3332, M:69, F:159)
2025-07-22 09:23:11,650 - INFO - Processed 3570 citations. Success rate: 95.5% (H:3340, M:69, F:161)
2025-07-22 09:23:11,733 - INFO - Processed 3580 citations. Success rate: 95.5% (H:3349, M:69, F:162)
2025-07-22 09:23:11,862 - INFO - Processed 3590 citations. Success rate: 95.5% (H:3358, M:69, F:163)
2025-07-22 09:23:12,055 - INFO - Processed 3600 citations. Success rate: 95.5% (H:3368, M:69, F:163)
2025-07-22 09:23:12,181 - INFO - Processed 3610 citations. Success rate: 95.5% (H:3378, M:69, F:163)
2025-07-22 09:23:12,296 - INFO - Processed 3620 citations. Success rate: 95.5% (H:3387, M:70, F:163)
2025-07-22 09:23:12,491 - INFO - Processed 3630 citations. Success rate: 95.5% (H:3396, M:71, F:163)
2025-07-22 09:23:12,629 - INFO - Processed 3640 citations. Success rate: 95.5% (H:3406, M:71, F:163)
2025-07-22 09:23:12,750 - INFO - Processed 3650 citations. Success rate: 95.5% (H:3416, M:71, F:163)
2025-07-22 09:23:12,905 - INFO - Processed 3660 citations. Success rate: 95.5% (H:3425, M:72, F:163)
2025-07-22 09:23:13,049 - INFO - Processed 3670 citations. Success rate: 95.6% (H:3433, M:74, F:163)
2025-07-22 09:23:13,173 - INFO - Processed 3680 citations. Success rate: 95.6% (H:3443, M:74, F:163)
2025-07-22 09:23:13,358 - INFO - Processed 3690 citations. Success rate: 95.6% (H:3453, M:74, F:163)
2025-07-22 09:23:13,510 - INFO - Processed 3700 citations. Success rate: 95.6% (H:3463, M:74, F:163)
2025-07-22 09:23:13,606 - INFO - Processed 3710 citations. Success rate: 95.6% (H:3473, M:74, F:163)
2025-07-22 09:23:13,803 - INFO - Processed 3720 citations. Success rate: 95.6% (H:3483, M:74, F:163)
2025-07-22 09:23:13,937 - INFO - Processed 3730 citations. Success rate: 95.6% (H:3493, M:74, F:163)
2025-07-22 09:23:14,058 - INFO - Processed 3740 citations. Success rate: 95.6% (H:3503, M:74, F:163)
2025-07-22 09:23:14,227 - INFO - Processed 3750 citations. Success rate: 95.7% (H:3513, M:74, F:163)
2025-07-22 09:23:14,348 - INFO - Processed 3760 citations. Success rate: 95.7% (H:3523, M:74, F:163)
2025-07-22 09:23:14,481 - INFO - Processed 3770 citations. Success rate: 95.7% (H:3533, M:74, F:163)
2025-07-22 09:23:14,670 - INFO - Processed 3780 citations. Success rate: 95.7% (H:3543, M:74, F:163)
2025-07-22 09:23:14,762 - INFO - Processed 3790 citations. Success rate: 95.7% (H:3552, M:74, F:164)
2025-07-22 09:23:14,932 - INFO - Processed 3800 citations. Success rate: 95.7% (H:3562, M:74, F:164)
2025-07-22 09:23:15,091 - INFO - Processed 3810 citations. Success rate: 95.7% (H:3572, M:74, F:164)
2025-07-22 09:23:15,221 - INFO - Processed 3820 citations. Success rate: 95.7% (H:3581, M:75, F:164)
2025-07-22 09:23:15,350 - INFO - Processed 3830 citations. Success rate: 95.7% (H:3591, M:75, F:164)
2025-07-22 09:23:15,524 - INFO - Processed 3840 citations. Success rate: 95.7% (H:3600, M:76, F:164)
2025-07-22 09:23:15,680 - INFO - Processed 3850 citations. Success rate: 95.6% (H:3606, M:76, F:168)
2025-07-22 09:23:15,798 - INFO - Processed 3860 citations. Success rate: 95.5% (H:3609, M:76, F:175)
2025-07-22 09:23:15,956 - INFO - Processed 3870 citations. Success rate: 95.3% (H:3613, M:76, F:181)
2025-07-22 09:23:16,117 - INFO - Processed 3880 citations. Success rate: 95.3% (H:3620, M:78, F:182)
2025-07-22 09:23:16,276 - INFO - Processed 3890 citations. Success rate: 95.3% (H:3628, M:80, F:182)
2025-07-22 09:23:16,376 - INFO - Processed 3900 citations. Success rate: 95.3% (H:3638, M:80, F:182)
2025-07-22 09:23:16,544 - INFO - Processed 3910 citations. Success rate: 95.3% (H:3648, M:80, F:182)
2025-07-22 09:23:16,679 - INFO - Processed 3920 citations. Success rate: 95.4% (H:3656, M:82, F:182)
2025-07-22 09:23:16,828 - INFO - Processed 3930 citations. Success rate: 95.4% (H:3666, M:82, F:182)
2025-07-22 09:23:16,971 - INFO - Processed 3940 citations. Success rate: 95.4% (H:3675, M:82, F:183)
2025-07-22 09:23:17,105 - INFO - Processed 3950 citations. Success rate: 95.4% (H:3685, M:82, F:183)
2025-07-22 09:23:17,241 - INFO - Processed 3960 citations. Success rate: 95.4% (H:3695, M:82, F:183)
2025-07-22 09:23:17,400 - INFO - Processed 3970 citations. Success rate: 95.4% (H:3704, M:82, F:184)
2025-07-22 09:23:17,553 - INFO - Processed 3980 citations. Success rate: 95.3% (H:3709, M:82, F:189)
2025-07-22 09:23:17,670 - INFO - Processed 3990 citations. Success rate: 95.3% (H:3719, M:82, F:189)
2025-07-22 09:23:17,822 - INFO - Processed 4000 citations. Success rate: 95.3% (H:3729, M:82, F:189)
2025-07-22 09:23:17,823 - INFO - Batch completed: 945/1000 success (94.5%)
2025-07-22 09:23:17,823 - INFO - Processing batch 5: citations 4001-5000 of 495303
2025-07-22 09:23:18,338 - INFO - Processed 4010 citations. Success rate: 95.3% (H:3739, M:82, F:189)
2025-07-22 09:23:18,483 - INFO - Processed 4020 citations. Success rate: 95.3% (H:3749, M:82, F:189)
2025-07-22 09:23:18,625 - INFO - Processed 4030 citations. Success rate: 95.3% (H:3758, M:82, F:190)
2025-07-22 09:23:18,778 - INFO - Processed 4040 citations. Success rate: 95.2% (H:3763, M:83, F:194)
2025-07-22 09:23:18,903 - INFO - Processed 4050 citations. Success rate: 95.1% (H:3768, M:84, F:198)
2025-07-22 09:23:19,032 - INFO - Processed 4060 citations. Success rate: 95.1% (H:3776, M:84, F:200)
2025-07-22 09:23:19,234 - INFO - Processed 4070 citations. Success rate: 95.0% (H:3783, M:84, F:203)
2025-07-22 09:23:19,341 - INFO - Processed 4080 citations. Success rate: 94.9% (H:3788, M:85, F:207)
2025-07-22 09:23:19,466 - INFO - Processed 4090 citations. Success rate: 94.9% (H:3796, M:86, F:208)
2025-07-22 09:23:19,643 - INFO - Processed 4100 citations. Success rate: 94.9% (H:3805, M:86, F:209)
2025-07-22 09:23:19,775 - INFO - Processed 4110 citations. Success rate: 94.9% (H:3815, M:86, F:209)
2025-07-22 09:23:19,894 - INFO - Processed 4120 citations. Success rate: 94.9% (H:3825, M:86, F:209)
2025-07-22 09:23:20,065 - INFO - Processed 4130 citations. Success rate: 94.9% (H:3835, M:86, F:209)
2025-07-22 09:23:20,206 - INFO - Processed 4140 citations. Success rate: 95.0% (H:3845, M:86, F:209)
2025-07-22 09:23:20,346 - INFO - Processed 4150 citations. Success rate: 95.0% (H:3855, M:86, F:209)
2025-07-22 09:23:20,485 - INFO - Processed 4160 citations. Success rate: 95.0% (H:3864, M:87, F:209)
2025-07-22 09:23:20,654 - INFO - Processed 4170 citations. Success rate: 95.0% (H:3874, M:87, F:209)
2025-07-22 09:23:20,778 - INFO - Processed 4180 citations. Success rate: 95.0% (H:3884, M:87, F:209)
2025-07-22 09:23:20,925 - INFO - Processed 4190 citations. Success rate: 95.0% (H:3894, M:87, F:209)
2025-07-22 09:23:21,094 - INFO - Processed 4200 citations. Success rate: 95.0% (H:3904, M:87, F:209)
2025-07-22 09:23:21,211 - INFO - Processed 4210 citations. Success rate: 95.0% (H:3914, M:87, F:209)
2025-07-22 09:23:21,339 - INFO - Processed 4220 citations. Success rate: 95.0% (H:3924, M:87, F:209)
2025-07-22 09:23:21,524 - INFO - Processed 4230 citations. Success rate: 95.1% (H:3934, M:87, F:209)
2025-07-22 09:23:21,609 - INFO - Processed 4240 citations. Success rate: 95.1% (H:3944, M:87, F:209)
2025-07-22 09:23:21,758 - INFO - Processed 4250 citations. Success rate: 95.1% (H:3954, M:87, F:209)
2025-07-22 09:23:21,928 - INFO - Processed 4260 citations. Success rate: 95.1% (H:3964, M:87, F:209)
2025-07-22 09:23:22,050 - INFO - Processed 4270 citations. Success rate: 95.1% (H:3974, M:87, F:209)
2025-07-22 09:23:22,182 - INFO - Processed 4280 citations. Success rate: 95.1% (H:3984, M:87, F:209)
2025-07-22 09:23:22,367 - INFO - Processed 4290 citations. Success rate: 95.1% (H:3994, M:87, F:209)
2025-07-22 09:23:22,477 - INFO - Processed 4300 citations. Success rate: 95.1% (H:4004, M:87, F:209)
2025-07-22 09:23:22,614 - INFO - Processed 4310 citations. Success rate: 95.2% (H:4014, M:87, F:209)
2025-07-22 09:23:22,798 - INFO - Processed 4320 citations. Success rate: 95.2% (H:4024, M:87, F:209)
2025-07-22 09:23:22,928 - INFO - Processed 4330 citations. Success rate: 95.2% (H:4034, M:87, F:209)
2025-07-22 09:23:23,071 - INFO - Processed 4340 citations. Success rate: 95.2% (H:4044, M:87, F:209)
2025-07-22 09:23:23,202 - INFO - Processed 4350 citations. Success rate: 95.2% (H:4054, M:87, F:209)
2025-07-22 09:23:23,336 - INFO - Processed 4360 citations. Success rate: 95.2% (H:4063, M:87, F:210)
2025-07-22 09:23:23,490 - INFO - Processed 4370 citations. Success rate: 95.2% (H:4073, M:87, F:210)
2025-07-22 09:23:23,627 - INFO - Processed 4380 citations. Success rate: 95.2% (H:4083, M:87, F:210)
2025-07-22 09:23:23,758 - INFO - Processed 4390 citations. Success rate: 95.2% (H:4093, M:87, F:210)
2025-07-22 09:23:23,887 - INFO - Processed 4400 citations. Success rate: 95.2% (H:4103, M:87, F:210)
2025-07-22 09:23:24,072 - INFO - Processed 4410 citations. Success rate: 95.2% (H:4113, M:87, F:210)
2025-07-22 09:23:24,164 - INFO - Processed 4420 citations. Success rate: 95.2% (H:4122, M:88, F:210)
2025-07-22 09:23:24,325 - INFO - Processed 4430 citations. Success rate: 95.3% (H:4130, M:90, F:210)
2025-07-22 09:23:24,473 - INFO - Processed 4440 citations. Success rate: 95.3% (H:4140, M:90, F:210)
2025-07-22 09:23:24,631 - INFO - Processed 4450 citations. Success rate: 95.3% (H:4150, M:90, F:210)
2025-07-22 09:23:24,773 - INFO - Processed 4460 citations. Success rate: 95.3% (H:4160, M:90, F:210)
2025-07-22 09:23:24,915 - INFO - Processed 4470 citations. Success rate: 95.3% (H:4170, M:90, F:210)
2025-07-22 09:23:25,066 - INFO - Processed 4480 citations. Success rate: 95.3% (H:4180, M:90, F:210)
2025-07-22 09:23:25,194 - INFO - Processed 4490 citations. Success rate: 95.3% (H:4189, M:90, F:211)
2025-07-22 09:23:25,341 - INFO - Processed 4500 citations. Success rate: 95.3% (H:4199, M:90, F:211)
2025-07-22 09:23:25,481 - INFO - Processed 4510 citations. Success rate: 95.3% (H:4209, M:90, F:211)
2025-07-22 09:23:25,642 - INFO - Processed 4520 citations. Success rate: 95.3% (H:4219, M:90, F:211)
2025-07-22 09:23:25,772 - INFO - Processed 4530 citations. Success rate: 95.3% (H:4229, M:90, F:211)
2025-07-22 09:23:25,962 - INFO - Processed 4540 citations. Success rate: 95.4% (H:4239, M:90, F:211)
2025-07-22 09:23:26,073 - INFO - Processed 4550 citations. Success rate: 95.4% (H:4249, M:90, F:211)
2025-07-22 09:23:26,221 - INFO - Processed 4560 citations. Success rate: 95.4% (H:4259, M:90, F:211)
2025-07-22 09:23:26,398 - INFO - Processed 4570 citations. Success rate: 95.4% (H:4269, M:90, F:211)
2025-07-22 09:23:26,519 - INFO - Processed 4580 citations. Success rate: 95.4% (H:4279, M:90, F:211)
2025-07-22 09:23:26,640 - INFO - Processed 4590 citations. Success rate: 95.4% (H:4289, M:90, F:211)
2025-07-22 09:23:26,805 - INFO - Processed 4600 citations. Success rate: 95.4% (H:4299, M:90, F:211)
2025-07-22 09:23:26,964 - INFO - Processed 4610 citations. Success rate: 95.4% (H:4309, M:90, F:211)
2025-07-22 09:23:27,071 - INFO - Processed 4620 citations. Success rate: 95.4% (H:4317, M:90, F:213)
2025-07-22 09:23:27,280 - INFO - Processed 4630 citations. Success rate: 95.4% (H:4327, M:90, F:213)
2025-07-22 09:23:27,384 - INFO - Processed 4640 citations. Success rate: 95.4% (H:4336, M:90, F:214)
2025-07-22 09:23:27,493 - INFO - Processed 4650 citations. Success rate: 95.4% (H:4346, M:90, F:214)
2025-07-22 09:23:27,688 - INFO - Processed 4660 citations. Success rate: 95.4% (H:4356, M:90, F:214)
2025-07-22 09:23:27,817 - INFO - Processed 4670 citations. Success rate: 95.4% (H:4366, M:90, F:214)
2025-07-22 09:23:27,958 - INFO - Processed 4680 citations. Success rate: 95.4% (H:4374, M:92, F:214)
2025-07-22 09:23:28,117 - INFO - Processed 4690 citations. Success rate: 95.4% (H:4384, M:92, F:214)
2025-07-22 09:23:28,253 - INFO - Processed 4700 citations. Success rate: 95.4% (H:4394, M:92, F:214)
2025-07-22 09:23:28,403 - INFO - Processed 4710 citations. Success rate: 95.4% (H:4403, M:92, F:215)
2025-07-22 09:23:28,550 - INFO - Processed 4720 citations. Success rate: 95.4% (H:4413, M:92, F:215)
2025-07-22 09:23:28,672 - INFO - Processed 4730 citations. Success rate: 95.5% (H:4423, M:92, F:215)
2025-07-22 09:23:28,824 - INFO - Processed 4740 citations. Success rate: 95.5% (H:4433, M:92, F:215)
2025-07-22 09:23:28,983 - INFO - Processed 4750 citations. Success rate: 95.5% (H:4443, M:92, F:215)
2025-07-22 09:23:29,111 - INFO - Processed 4760 citations. Success rate: 95.5% (H:4452, M:93, F:215)
2025-07-22 09:23:29,249 - INFO - Processed 4770 citations. Success rate: 95.5% (H:4461, M:94, F:215)
2025-07-22 09:23:29,406 - INFO - Processed 4780 citations. Success rate: 95.5% (H:4470, M:95, F:215)
2025-07-22 09:23:29,542 - INFO - Processed 4790 citations. Success rate: 95.5% (H:4477, M:98, F:215)
2025-07-22 09:23:29,683 - INFO - Processed 4800 citations. Success rate: 95.5% (H:4485, M:99, F:216)
2025-07-22 09:23:29,819 - INFO - Processed 4810 citations. Success rate: 95.5% (H:4493, M:100, F:217)
2025-07-22 09:23:29,963 - INFO - Processed 4820 citations. Success rate: 95.5% (H:4502, M:100, F:218)
2025-07-22 09:23:30,095 - INFO - Processed 4830 citations. Success rate: 95.5% (H:4512, M:100, F:218)
2025-07-22 09:23:30,237 - INFO - Processed 4840 citations. Success rate: 95.5% (H:4520, M:100, F:220)
2025-07-22 09:23:30,375 - INFO - Processed 4850 citations. Success rate: 95.4% (H:4528, M:100, F:222)
2025-07-22 09:23:30,528 - INFO - Processed 4860 citations. Success rate: 95.4% (H:4537, M:100, F:223)
2025-07-22 09:23:30,667 - INFO - Processed 4870 citations. Success rate: 95.4% (H:4545, M:100, F:225)
2025-07-22 09:23:30,817 - INFO - Processed 4880 citations. Success rate: 95.3% (H:4551, M:100, F:229)
2025-07-22 09:23:30,943 - INFO - Processed 4890 citations. Success rate: 95.3% (H:4558, M:100, F:232)
2025-07-22 09:23:31,104 - INFO - Processed 4900 citations. Success rate: 95.2% (H:4567, M:100, F:233)
2025-07-22 09:23:31,251 - INFO - Processed 4910 citations. Success rate: 95.3% (H:4577, M:100, F:233)
2025-07-22 09:23:31,359 - INFO - Processed 4920 citations. Success rate: 95.2% (H:4586, M:100, F:234)
2025-07-22 09:23:31,547 - INFO - Processed 4930 citations. Success rate: 95.3% (H:4596, M:100, F:234)
2025-07-22 09:23:31,666 - INFO - Processed 4940 citations. Success rate: 95.3% (H:4606, M:100, F:234)
2025-07-22 09:23:31,806 - INFO - Processed 4950 citations. Success rate: 95.3% (H:4616, M:100, F:234)
2025-07-22 09:23:31,967 - INFO - Processed 4960 citations. Success rate: 95.3% (H:4626, M:100, F:234)
2025-07-22 09:23:32,087 - INFO - Processed 4970 citations. Success rate: 95.3% (H:4636, M:100, F:234)
2025-07-22 09:23:32,228 - INFO - Processed 4980 citations. Success rate: 95.3% (H:4646, M:100, F:234)
2025-07-22 09:23:32,398 - INFO - Processed 4990 citations. Success rate: 95.3% (H:4656, M:100, F:234)
2025-07-22 09:23:32,506 - INFO - Processed 5000 citations. Success rate: 95.3% (H:4666, M:100, F:234)
2025-07-22 09:23:32,507 - INFO - Batch completed: 955/1000 success (95.5%)
2025-07-22 09:23:32,507 - INFO - Processing batch 6: citations 5001-6000 of 495303
2025-07-22 09:23:33,041 - INFO - Processed 5010 citations. Success rate: 95.3% (H:4676, M:100, F:234)
2025-07-22 09:23:33,176 - INFO - Processed 5020 citations. Success rate: 95.3% (H:4686, M:100, F:234)
2025-07-22 09:23:33,363 - INFO - Processed 5030 citations. Success rate: 95.3% (H:4696, M:100, F:234)
2025-07-22 09:23:33,472 - INFO - Processed 5040 citations. Success rate: 95.4% (H:4705, M:101, F:234)
2025-07-22 09:23:33,604 - INFO - Processed 5050 citations. Success rate: 95.4% (H:4715, M:101, F:234)
2025-07-22 09:23:33,795 - INFO - Processed 5060 citations. Success rate: 95.4% (H:4725, M:101, F:234)
2025-07-22 09:23:33,934 - INFO - Processed 5070 citations. Success rate: 95.4% (H:4735, M:101, F:234)
2025-07-22 09:23:34,073 - INFO - Processed 5080 citations. Success rate: 95.4% (H:4744, M:102, F:234)
2025-07-22 09:23:34,208 - INFO - Processed 5090 citations. Success rate: 95.4% (H:4754, M:102, F:234)
2025-07-22 09:23:34,332 - INFO - Processed 5100 citations. Success rate: 95.4% (H:4764, M:102, F:234)
2025-07-22 09:23:34,488 - INFO - Processed 5110 citations. Success rate: 95.4% (H:4774, M:102, F:234)
2025-07-22 09:23:34,617 - INFO - Processed 5120 citations. Success rate: 95.4% (H:4783, M:103, F:234)
2025-07-22 09:23:34,776 - INFO - Processed 5130 citations. Success rate: 95.4% (H:4792, M:104, F:234)
2025-07-22 09:23:34,909 - INFO - Processed 5140 citations. Success rate: 95.4% (H:4802, M:104, F:234)
2025-07-22 09:23:35,058 - INFO - Processed 5150 citations. Success rate: 95.5% (H:4812, M:104, F:234)
2025-07-22 09:23:35,240 - INFO - Processed 5160 citations. Success rate: 95.4% (H:4821, M:104, F:235)
2025-07-22 09:23:35,342 - INFO - Processed 5170 citations. Success rate: 95.5% (H:4831, M:104, F:235)
2025-07-22 09:23:35,522 - INFO - Processed 5180 citations. Success rate: 95.4% (H:4840, M:104, F:236)
2025-07-22 09:23:35,672 - INFO - Processed 5190 citations. Success rate: 95.5% (H:4850, M:104, F:236)
2025-07-22 09:23:35,775 - INFO - Processed 5200 citations. Success rate: 95.5% (H:4860, M:104, F:236)
2025-07-22 09:23:35,966 - INFO - Processed 5210 citations. Success rate: 95.5% (H:4870, M:104, F:236)
2025-07-22 09:23:36,103 - INFO - Processed 5220 citations. Success rate: 95.5% (H:4880, M:104, F:236)
2025-07-22 09:23:36,202 - INFO - Processed 5230 citations. Success rate: 95.5% (H:4890, M:104, F:236)
2025-07-22 09:23:36,396 - INFO - Processed 5240 citations. Success rate: 95.5% (H:4900, M:104, F:236)
2025-07-22 09:23:36,531 - INFO - Processed 5250 citations. Success rate: 95.5% (H:4910, M:104, F:236)
2025-07-22 09:23:36,653 - INFO - Processed 5260 citations. Success rate: 95.5% (H:4920, M:104, F:236)
2025-07-22 09:23:36,817 - INFO - Processed 5270 citations. Success rate: 95.5% (H:4930, M:104, F:236)
2025-07-22 09:23:36,968 - INFO - Processed 5280 citations. Success rate: 95.5% (H:4940, M:104, F:236)
2025-07-22 09:23:37,092 - INFO - Processed 5290 citations. Success rate: 95.5% (H:4949, M:104, F:237)
2025-07-22 09:23:37,238 - INFO - Processed 5300 citations. Success rate: 95.5% (H:4957, M:104, F:239)
2025-07-22 09:23:37,407 - INFO - Processed 5310 citations. Success rate: 95.5% (H:4967, M:104, F:239)
2025-07-22 09:23:37,541 - INFO - Processed 5320 citations. Success rate: 95.5% (H:4977, M:104, F:239)
2025-07-22 09:23:37,667 - INFO - Processed 5330 citations. Success rate: 95.5% (H:4987, M:104, F:239)
2025-07-22 09:23:37,826 - INFO - Processed 5340 citations. Success rate: 95.5% (H:4997, M:104, F:239)
2025-07-22 09:23:37,979 - INFO - Processed 5350 citations. Success rate: 95.5% (H:5007, M:104, F:239)
2025-07-22 09:23:38,099 - INFO - Processed 5360 citations. Success rate: 95.5% (H:5017, M:104, F:239)
2025-07-22 09:23:38,256 - INFO - Processed 5370 citations. Success rate: 95.5% (H:5027, M:104, F:239)
2025-07-22 09:23:38,401 - INFO - Processed 5380 citations. Success rate: 95.6% (H:5037, M:104, F:239)
2025-07-22 09:23:38,529 - INFO - Processed 5390 citations. Success rate: 95.6% (H:5047, M:104, F:239)
2025-07-22 09:23:38,680 - INFO - Processed 5400 citations. Success rate: 95.6% (H:5057, M:104, F:239)
2025-07-22 09:23:38,809 - INFO - Processed 5410 citations. Success rate: 95.6% (H:5066, M:105, F:239)
2025-07-22 09:23:38,946 - INFO - Processed 5420 citations. Success rate: 95.6% (H:5074, M:107, F:239)
2025-07-22 09:23:39,128 - INFO - Processed 5430 citations. Success rate: 95.6% (H:5081, M:109, F:240)
2025-07-22 09:23:39,212 - INFO - Processed 5440 citations. Success rate: 95.6% (H:5089, M:110, F:241)
2025-07-22 09:23:39,361 - INFO - Processed 5450 citations. Success rate: 95.6% (H:5099, M:110, F:241)
2025-07-22 09:23:39,528 - INFO - Processed 5460 citations. Success rate: 95.6% (H:5109, M:110, F:241)
2025-07-22 09:23:39,651 - INFO - Processed 5470 citations. Success rate: 95.6% (H:5119, M:110, F:241)
2025-07-22 09:23:39,779 - INFO - Processed 5480 citations. Success rate: 95.6% (H:5129, M:110, F:241)
2025-07-22 09:23:39,947 - INFO - Processed 5490 citations. Success rate: 95.6% (H:5137, M:112, F:241)
2025-07-22 09:23:40,082 - INFO - Processed 5500 citations. Success rate: 95.6% (H:5147, M:112, F:241)
2025-07-22 09:23:40,213 - INFO - Processed 5510 citations. Success rate: 95.6% (H:5156, M:113, F:241)
2025-07-22 09:23:40,361 - INFO - Processed 5520 citations. Success rate: 95.6% (H:5165, M:114, F:241)
2025-07-22 09:23:40,507 - INFO - Processed 5530 citations. Success rate: 95.6% (H:5175, M:114, F:241)
2025-07-22 09:23:40,651 - INFO - Processed 5540 citations. Success rate: 95.6% (H:5185, M:114, F:241)
2025-07-22 09:23:40,774 - INFO - Processed 5550 citations. Success rate: 95.7% (H:5195, M:114, F:241)
2025-07-22 09:23:40,925 - INFO - Processed 5560 citations. Success rate: 95.7% (H:5205, M:114, F:241)
2025-07-22 09:23:41,090 - INFO - Processed 5570 citations. Success rate: 95.7% (H:5215, M:114, F:241)
2025-07-22 09:23:41,196 - INFO - Processed 5580 citations. Success rate: 95.7% (H:5225, M:114, F:241)
2025-07-22 09:23:41,328 - INFO - Processed 5590 citations. Success rate: 95.7% (H:5234, M:115, F:241)
2025-07-22 09:23:41,512 - INFO - Processed 5600 citations. Success rate: 95.7% (H:5244, M:115, F:241)
2025-07-22 09:23:41,641 - INFO - Processed 5610 citations. Success rate: 95.7% (H:5254, M:115, F:241)
2025-07-22 09:23:41,785 - INFO - Processed 5620 citations. Success rate: 95.7% (H:5264, M:115, F:241)
2025-07-22 09:23:41,925 - INFO - Processed 5630 citations. Success rate: 95.7% (H:5274, M:115, F:241)
2025-07-22 09:23:42,046 - INFO - Processed 5640 citations. Success rate: 95.7% (H:5284, M:115, F:241)
2025-07-22 09:23:42,183 - INFO - Processed 5650 citations. Success rate: 95.7% (H:5294, M:115, F:241)
2025-07-22 09:23:42,332 - INFO - Processed 5660 citations. Success rate: 95.7% (H:5304, M:115, F:241)
2025-07-22 09:23:42,519 - INFO - Processed 5670 citations. Success rate: 95.7% (H:5314, M:115, F:241)
2025-07-22 09:23:42,651 - INFO - Processed 5680 citations. Success rate: 95.8% (H:5324, M:115, F:241)
2025-07-22 09:23:42,771 - INFO - Processed 5690 citations. Success rate: 95.8% (H:5332, M:117, F:241)
2025-07-22 09:23:42,982 - INFO - Processed 5700 citations. Success rate: 95.8% (H:5338, M:121, F:241)
2025-07-22 09:23:43,092 - INFO - Processed 5710 citations. Success rate: 95.8% (H:5348, M:121, F:241)
2025-07-22 09:23:43,208 - INFO - Processed 5720 citations. Success rate: 95.8% (H:5357, M:122, F:241)
2025-07-22 09:23:43,405 - INFO - Processed 5730 citations. Success rate: 95.8% (H:5367, M:122, F:241)
2025-07-22 09:23:43,542 - INFO - Processed 5740 citations. Success rate: 95.8% (H:5377, M:122, F:241)
2025-07-22 09:23:43,642 - INFO - Processed 5750 citations. Success rate: 95.8% (H:5387, M:122, F:241)
2025-07-22 09:23:43,826 - INFO - Processed 5760 citations. Success rate: 95.8% (H:5396, M:123, F:241)
2025-07-22 09:23:43,974 - INFO - Processed 5770 citations. Success rate: 95.8% (H:5406, M:123, F:241)
2025-07-22 09:23:44,097 - INFO - Processed 5780 citations. Success rate: 95.8% (H:5415, M:124, F:241)
2025-07-22 09:23:44,258 - INFO - Processed 5790 citations. Success rate: 95.8% (H:5425, M:124, F:241)
2025-07-22 09:23:44,440 - INFO - Processed 5800 citations. Success rate: 95.8% (H:5435, M:124, F:241)
2025-07-22 09:23:44,542 - INFO - Processed 5810 citations. Success rate: 95.9% (H:5445, M:124, F:241)
2025-07-22 09:23:44,657 - INFO - Processed 5820 citations. Success rate: 95.9% (H:5455, M:124, F:241)
2025-07-22 09:23:44,848 - INFO - Processed 5830 citations. Success rate: 95.8% (H:5464, M:124, F:242)
2025-07-22 09:23:44,983 - INFO - Processed 5840 citations. Success rate: 95.8% (H:5472, M:124, F:244)
2025-07-22 09:23:45,111 - INFO - Processed 5850 citations. Success rate: 95.8% (H:5482, M:124, F:244)
2025-07-22 09:23:45,277 - INFO - Processed 5860 citations. Success rate: 95.8% (H:5492, M:124, F:244)
2025-07-22 09:23:45,424 - INFO - Processed 5870 citations. Success rate: 95.8% (H:5502, M:124, F:244)
2025-07-22 09:23:45,539 - INFO - Processed 5880 citations. Success rate: 95.8% (H:5511, M:124, F:245)
2025-07-22 09:23:45,691 - INFO - Processed 5890 citations. Success rate: 95.8% (H:5521, M:124, F:245)
2025-07-22 09:23:45,851 - INFO - Processed 5900 citations. Success rate: 95.8% (H:5531, M:124, F:245)
2025-07-22 09:23:45,966 - INFO - Processed 5910 citations. Success rate: 95.8% (H:5539, M:124, F:247)
2025-07-22 09:23:46,107 - INFO - Processed 5920 citations. Success rate: 95.8% (H:5545, M:124, F:251)
2025-07-22 09:23:46,275 - INFO - Processed 5930 citations. Success rate: 95.7% (H:5552, M:125, F:253)
2025-07-22 09:23:46,398 - INFO - Processed 5940 citations. Success rate: 95.7% (H:5560, M:126, F:254)
2025-07-22 09:23:46,540 - INFO - Processed 5950 citations. Success rate: 95.7% (H:5568, M:127, F:255)
2025-07-22 09:23:46,679 - INFO - Processed 5960 citations. Success rate: 95.7% (H:5578, M:127, F:255)
2025-07-22 09:23:46,841 - INFO - Processed 5970 citations. Success rate: 95.7% (H:5588, M:127, F:255)
2025-07-22 09:23:46,981 - INFO - Processed 5980 citations. Success rate: 95.7% (H:5596, M:127, F:257)
2025-07-22 09:23:47,120 - INFO - Processed 5990 citations. Success rate: 95.7% (H:5606, M:127, F:257)
2025-07-22 09:23:47,252 - INFO - Processed 6000 citations. Success rate: 95.7% (H:5614, M:127, F:259)
2025-07-22 09:23:47,253 - INFO - Batch completed: 975/1000 success (97.5%)
2025-07-22 09:23:47,253 - INFO - Processing batch 7: citations 6001-7000 of 495303
2025-07-22 09:23:47,786 - INFO - Processed 6010 citations. Success rate: 95.6% (H:5621, M:127, F:262)
2025-07-22 09:23:47,920 - INFO - Processed 6020 citations. Success rate: 95.6% (H:5630, M:127, F:263)
2025-07-22 09:23:48,095 - INFO - Processed 6030 citations. Success rate: 95.6% (H:5640, M:127, F:263)
2025-07-22 09:23:48,203 - INFO - Processed 6040 citations. Success rate: 95.6% (H:5650, M:127, F:263)
2025-07-22 09:23:48,331 - INFO - Processed 6050 citations. Success rate: 95.6% (H:5659, M:127, F:264)
2025-07-22 09:23:48,484 - INFO - Processed 6060 citations. Success rate: 95.6% (H:5667, M:127, F:266)
2025-07-22 09:23:48,654 - INFO - Processed 6070 citations. Success rate: 95.6% (H:5677, M:127, F:266)
2025-07-22 09:23:48,768 - INFO - Processed 6080 citations. Success rate: 95.6% (H:5687, M:127, F:266)
2025-07-22 09:23:48,928 - INFO - Processed 6090 citations. Success rate: 95.6% (H:5692, M:131, F:267)
2025-07-22 09:23:49,084 - INFO - Processed 6100 citations. Success rate: 95.6% (H:5699, M:134, F:267)
2025-07-22 09:23:49,222 - INFO - Processed 6110 citations. Success rate: 95.6% (H:5709, M:134, F:267)
2025-07-22 09:23:49,358 - INFO - Processed 6120 citations. Success rate: 95.6% (H:5719, M:134, F:267)
2025-07-22 09:23:49,508 - INFO - Processed 6130 citations. Success rate: 95.6% (H:5729, M:134, F:267)
2025-07-22 09:23:49,671 - INFO - Processed 6140 citations. Success rate: 95.7% (H:5739, M:134, F:267)
2025-07-22 09:23:49,776 - INFO - Processed 6150 citations. Success rate: 95.7% (H:5749, M:134, F:267)
2025-07-22 09:23:49,948 - INFO - Processed 6160 citations. Success rate: 95.7% (H:5759, M:134, F:267)
2025-07-22 09:23:50,098 - INFO - Processed 6170 citations. Success rate: 95.6% (H:5767, M:134, F:269)
2025-07-22 09:23:50,198 - INFO - Processed 6180 citations. Success rate: 95.6% (H:5777, M:134, F:269)
2025-07-22 09:23:50,352 - INFO - Processed 6190 citations. Success rate: 95.7% (H:5787, M:134, F:269)
2025-07-22 09:23:50,519 - INFO - Processed 6200 citations. Success rate: 95.6% (H:5795, M:134, F:271)
2025-07-22 09:23:50,628 - INFO - Processed 6210 citations. Success rate: 95.6% (H:5805, M:134, F:271)
2025-07-22 09:23:50,806 - INFO - Processed 6220 citations. Success rate: 95.6% (H:5815, M:134, F:271)
2025-07-22 09:23:50,955 - INFO - Processed 6230 citations. Success rate: 95.7% (H:5825, M:134, F:271)
2025-07-22 09:23:51,101 - INFO - Processed 6240 citations. Success rate: 95.7% (H:5835, M:134, F:271)
2025-07-22 09:23:51,240 - INFO - Processed 6250 citations. Success rate: 95.7% (H:5845, M:134, F:271)
2025-07-22 09:23:51,381 - INFO - Processed 6260 citations. Success rate: 95.7% (H:5855, M:134, F:271)
2025-07-22 09:23:51,528 - INFO - Processed 6270 citations. Success rate: 95.7% (H:5865, M:134, F:271)
2025-07-22 09:23:51,666 - INFO - Processed 6280 citations. Success rate: 95.7% (H:5875, M:134, F:271)
2025-07-22 09:23:51,808 - INFO - Processed 6290 citations. Success rate: 95.7% (H:5885, M:134, F:271)
2025-07-22 09:23:51,962 - INFO - Processed 6300 citations. Success rate: 95.7% (H:5895, M:134, F:271)
2025-07-22 09:23:52,117 - INFO - Processed 6310 citations. Success rate: 95.7% (H:5905, M:134, F:271)
2025-07-22 09:23:52,229 - INFO - Processed 6320 citations. Success rate: 95.7% (H:5915, M:134, F:271)
2025-07-22 09:23:52,396 - INFO - Processed 6330 citations. Success rate: 95.7% (H:5925, M:134, F:271)
2025-07-22 09:23:52,521 - INFO - Processed 6340 citations. Success rate: 95.7% (H:5935, M:134, F:271)
2025-07-22 09:23:52,678 - INFO - Processed 6350 citations. Success rate: 95.7% (H:5945, M:134, F:271)
2025-07-22 09:23:52,803 - INFO - Processed 6360 citations. Success rate: 95.7% (H:5955, M:134, F:271)
2025-07-22 09:23:52,940 - INFO - Processed 6370 citations. Success rate: 95.7% (H:5964, M:134, F:272)
2025-07-22 09:23:53,090 - INFO - Processed 6380 citations. Success rate: 95.7% (H:5974, M:134, F:272)
2025-07-22 09:23:53,238 - INFO - Processed 6390 citations. Success rate: 95.7% (H:5984, M:134, F:272)
2025-07-22 09:23:53,379 - INFO - Processed 6400 citations. Success rate: 95.8% (H:5994, M:134, F:272)
2025-07-22 09:23:53,548 - INFO - Processed 6410 citations. Success rate: 95.8% (H:6003, M:135, F:272)
2025-07-22 09:23:53,681 - INFO - Processed 6420 citations. Success rate: 95.8% (H:6013, M:135, F:272)
2025-07-22 09:23:53,798 - INFO - Processed 6430 citations. Success rate: 95.8% (H:6023, M:135, F:272)
2025-07-22 09:23:53,958 - INFO - Processed 6440 citations. Success rate: 95.8% (H:6033, M:135, F:272)
2025-07-22 09:23:54,108 - INFO - Processed 6450 citations. Success rate: 95.8% (H:6043, M:135, F:272)
2025-07-22 09:23:54,267 - INFO - Processed 6460 citations. Success rate: 95.8% (H:6053, M:135, F:272)
2025-07-22 09:23:54,377 - INFO - Processed 6470 citations. Success rate: 95.8% (H:6063, M:135, F:272)
2025-07-22 09:23:54,528 - INFO - Processed 6480 citations. Success rate: 95.8% (H:6073, M:135, F:272)
2025-07-22 09:23:54,677 - INFO - Processed 6490 citations. Success rate: 95.8% (H:6083, M:135, F:272)
2025-07-22 09:23:54,822 - INFO - Processed 6500 citations. Success rate: 95.8% (H:6093, M:135, F:272)
2025-07-22 09:23:54,976 - INFO - Processed 6510 citations. Success rate: 95.8% (H:6103, M:135, F:272)
2025-07-22 09:23:55,122 - INFO - Processed 6520 citations. Success rate: 95.8% (H:6113, M:135, F:272)
2025-07-22 09:23:55,240 - INFO - Processed 6530 citations. Success rate: 95.8% (H:6123, M:135, F:272)
2025-07-22 09:23:55,390 - INFO - Processed 6540 citations. Success rate: 95.8% (H:6133, M:135, F:272)
2025-07-22 09:23:55,527 - INFO - Processed 6550 citations. Success rate: 95.8% (H:6143, M:135, F:272)
2025-07-22 09:23:55,659 - INFO - Processed 6560 citations. Success rate: 95.9% (H:6153, M:135, F:272)
2025-07-22 09:23:55,812 - INFO - Processed 6570 citations. Success rate: 95.8% (H:6162, M:135, F:273)
2025-07-22 09:23:55,967 - INFO - Processed 6580 citations. Success rate: 95.9% (H:6172, M:135, F:273)
2025-07-22 09:23:56,084 - INFO - Processed 6590 citations. Success rate: 95.8% (H:6181, M:135, F:274)
2025-07-22 09:23:56,221 - INFO - Processed 6600 citations. Success rate: 95.8% (H:6187, M:135, F:278)
2025-07-22 09:23:56,367 - INFO - Processed 6610 citations. Success rate: 95.8% (H:6196, M:135, F:279)
2025-07-22 09:23:56,540 - INFO - Processed 6620 citations. Success rate: 95.8% (H:6206, M:135, F:279)
2025-07-22 09:23:56,689 - INFO - Processed 6630 citations. Success rate: 95.8% (H:6215, M:135, F:280)
2025-07-22 09:23:56,829 - INFO - Processed 6640 citations. Success rate: 95.8% (H:6224, M:135, F:281)
2025-07-22 09:23:56,987 - INFO - Processed 6650 citations. Success rate: 95.8% (H:6234, M:135, F:281)
2025-07-22 09:23:57,123 - INFO - Processed 6660 citations. Success rate: 95.8% (H:6244, M:135, F:281)
2025-07-22 09:23:57,287 - INFO - Processed 6670 citations. Success rate: 95.8% (H:6254, M:135, F:281)
2025-07-22 09:23:57,415 - INFO - Processed 6680 citations. Success rate: 95.8% (H:6263, M:136, F:281)
2025-07-22 09:23:57,555 - INFO - Processed 6690 citations. Success rate: 95.8% (H:6271, M:138, F:281)
2025-07-22 09:23:57,689 - INFO - Processed 6700 citations. Success rate: 95.8% (H:6281, M:138, F:281)
2025-07-22 09:23:57,835 - INFO - Processed 6710 citations. Success rate: 95.8% (H:6291, M:138, F:281)
2025-07-22 09:23:57,990 - INFO - Processed 6720 citations. Success rate: 95.8% (H:6300, M:139, F:281)
2025-07-22 09:23:58,135 - INFO - Processed 6730 citations. Success rate: 95.8% (H:6309, M:140, F:281)
2025-07-22 09:23:58,264 - INFO - Processed 6740 citations. Success rate: 95.8% (H:6318, M:140, F:282)
2025-07-22 09:23:58,450 - INFO - Processed 6750 citations. Success rate: 95.8% (H:6328, M:140, F:282)
2025-07-22 09:23:58,580 - INFO - Processed 6760 citations. Success rate: 95.8% (H:6338, M:140, F:282)
2025-07-22 09:23:58,725 - INFO - Processed 6770 citations. Success rate: 95.8% (H:6348, M:140, F:282)
2025-07-22 09:23:58,883 - INFO - Processed 6780 citations. Success rate: 95.8% (H:6358, M:140, F:282)
2025-07-22 09:23:58,989 - INFO - Processed 6790 citations. Success rate: 95.8% (H:6368, M:140, F:282)
2025-07-22 09:23:59,132 - INFO - Processed 6800 citations. Success rate: 95.9% (H:6378, M:140, F:282)
2025-07-22 09:23:59,304 - INFO - Processed 6810 citations. Success rate: 95.9% (H:6388, M:140, F:282)
2025-07-22 09:23:59,454 - INFO - Processed 6820 citations. Success rate: 95.9% (H:6398, M:140, F:282)
2025-07-22 09:23:59,577 - INFO - Processed 6830 citations. Success rate: 95.8% (H:6406, M:140, F:284)
2025-07-22 09:23:59,730 - INFO - Processed 6840 citations. Success rate: 95.8% (H:6413, M:140, F:287)
2025-07-22 09:23:59,877 - INFO - Processed 6850 citations. Success rate: 95.8% (H:6420, M:140, F:290)
2025-07-22 09:24:00,012 - INFO - Processed 6860 citations. Success rate: 95.7% (H:6428, M:140, F:292)
2025-07-22 09:24:00,163 - INFO - Processed 6870 citations. Success rate: 95.7% (H:6437, M:140, F:293)
2025-07-22 09:24:00,343 - INFO - Processed 6880 citations. Success rate: 95.7% (H:6447, M:140, F:293)
2025-07-22 09:24:00,466 - INFO - Processed 6890 citations. Success rate: 95.7% (H:6455, M:140, F:295)
2025-07-22 09:24:00,613 - INFO - Processed 6900 citations. Success rate: 95.7% (H:6463, M:140, F:297)
2025-07-22 09:24:00,766 - INFO - Processed 6910 citations. Success rate: 95.7% (H:6472, M:140, F:298)
2025-07-22 09:24:00,875 - INFO - Processed 6920 citations. Success rate: 95.7% (H:6481, M:140, F:299)
2025-07-22 09:24:01,010 - INFO - Processed 6930 citations. Success rate: 95.7% (H:6491, M:140, F:299)
2025-07-22 09:24:01,176 - INFO - Processed 6940 citations. Success rate: 95.7% (H:6500, M:141, F:299)
2025-07-22 09:24:01,312 - INFO - Processed 6950 citations. Success rate: 95.7% (H:6509, M:141, F:300)
2025-07-22 09:24:01,438 - INFO - Processed 6960 citations. Success rate: 95.7% (H:6519, M:141, F:300)
2025-07-22 09:24:01,589 - INFO - Processed 6970 citations. Success rate: 95.7% (H:6529, M:141, F:300)
2025-07-22 09:24:01,735 - INFO - Processed 6980 citations. Success rate: 95.7% (H:6538, M:141, F:301)
2025-07-22 09:24:01,865 - INFO - Processed 6990 citations. Success rate: 95.7% (H:6545, M:141, F:304)
2025-07-22 09:24:02,127 - INFO - Processed 7000 citations. Success rate: 95.7% (H:6555, M:141, F:304)
2025-07-22 09:24:02,128 - INFO - Batch completed: 955/1000 success (95.5%)
2025-07-22 09:24:02,128 - INFO - Processing batch 8: citations 7001-8000 of 495303
2025-07-22 09:24:02,647 - INFO - Processed 7010 citations. Success rate: 95.6% (H:6564, M:141, F:305)
2025-07-22 09:24:02,777 - INFO - Processed 7020 citations. Success rate: 95.7% (H:6574, M:141, F:305)
2025-07-22 09:24:02,881 - INFO - Processed 7030 citations. Success rate: 95.7% (H:6584, M:141, F:305)
2025-07-22 09:24:03,101 - INFO - Processed 7040 citations. Success rate: 95.7% (H:6594, M:141, F:305)
2025-07-22 09:24:03,201 - INFO - Processed 7050 citations. Success rate: 95.7% (H:6604, M:141, F:305)
2025-07-22 09:24:03,368 - INFO - Processed 7060 citations. Success rate: 95.7% (H:6613, M:141, F:306)
2025-07-22 09:24:03,513 - INFO - Processed 7070 citations. Success rate: 95.7% (H:6622, M:141, F:307)
2025-07-22 09:24:03,634 - INFO - Processed 7080 citations. Success rate: 95.7% (H:6632, M:141, F:307)
2025-07-22 09:24:03,799 - INFO - Processed 7090 citations. Success rate: 95.7% (H:6642, M:141, F:307)
2025-07-22 09:24:03,931 - INFO - Processed 7100 citations. Success rate: 95.7% (H:6652, M:141, F:307)
2025-07-22 09:24:04,062 - INFO - Processed 7110 citations. Success rate: 95.7% (H:6662, M:141, F:307)
2025-07-22 09:24:04,208 - INFO - Processed 7120 citations. Success rate: 95.7% (H:6672, M:141, F:307)
2025-07-22 09:24:04,380 - INFO - Processed 7130 citations. Success rate: 95.7% (H:6682, M:141, F:307)
2025-07-22 09:24:04,488 - INFO - Processed 7140 citations. Success rate: 95.7% (H:6692, M:141, F:307)
2025-07-22 09:24:04,615 - INFO - Processed 7150 citations. Success rate: 95.7% (H:6702, M:141, F:307)
2025-07-22 09:24:04,798 - INFO - Processed 7160 citations. Success rate: 95.7% (H:6712, M:141, F:307)
2025-07-22 09:24:04,953 - INFO - Processed 7170 citations. Success rate: 95.7% (H:6722, M:141, F:307)
2025-07-22 09:24:05,060 - INFO - Processed 7180 citations. Success rate: 95.7% (H:6732, M:141, F:307)
2025-07-22 09:24:05,212 - INFO - Processed 7190 citations. Success rate: 95.7% (H:6742, M:141, F:307)
2025-07-22 09:24:05,361 - INFO - Processed 7200 citations. Success rate: 95.7% (H:6752, M:141, F:307)
2025-07-22 09:24:05,508 - INFO - Processed 7210 citations. Success rate: 95.7% (H:6762, M:141, F:307)
2025-07-22 09:24:05,645 - INFO - Processed 7220 citations. Success rate: 95.7% (H:6772, M:141, F:307)
2025-07-22 09:24:05,773 - INFO - Processed 7230 citations. Success rate: 95.8% (H:6782, M:141, F:307)
2025-07-22 09:24:05,917 - INFO - Processed 7240 citations. Success rate: 95.8% (H:6792, M:141, F:307)
2025-07-22 09:24:06,064 - INFO - Processed 7250 citations. Success rate: 95.8% (H:6802, M:141, F:307)
2025-07-22 09:24:06,190 - INFO - Processed 7260 citations. Success rate: 95.8% (H:6812, M:141, F:307)
2025-07-22 09:24:06,360 - INFO - Processed 7270 citations. Success rate: 95.8% (H:6822, M:141, F:307)
2025-07-22 09:24:06,479 - INFO - Processed 7280 citations. Success rate: 95.8% (H:6832, M:141, F:307)
2025-07-22 09:24:06,625 - INFO - Processed 7290 citations. Success rate: 95.8% (H:6842, M:141, F:307)
2025-07-22 09:24:06,789 - INFO - Processed 7300 citations. Success rate: 95.8% (H:6852, M:141, F:307)
2025-07-22 09:24:06,897 - INFO - Processed 7310 citations. Success rate: 95.8% (H:6862, M:141, F:307)
2025-07-22 09:24:07,050 - INFO - Processed 7320 citations. Success rate: 95.8% (H:6872, M:141, F:307)
2025-07-22 09:24:07,220 - INFO - Processed 7330 citations. Success rate: 95.8% (H:6882, M:141, F:307)
2025-07-22 09:24:07,346 - INFO - Processed 7340 citations. Success rate: 95.8% (H:6892, M:141, F:307)
2025-07-22 09:24:07,466 - INFO - Processed 7350 citations. Success rate: 95.8% (H:6902, M:141, F:307)
2025-07-22 09:24:07,643 - INFO - Processed 7360 citations. Success rate: 95.8% (H:6912, M:141, F:307)
2025-07-22 09:24:07,767 - INFO - Processed 7370 citations. Success rate: 95.8% (H:6922, M:141, F:307)
2025-07-22 09:24:07,903 - INFO - Processed 7380 citations. Success rate: 95.8% (H:6932, M:141, F:307)
2025-07-22 09:24:08,069 - INFO - Processed 7390 citations. Success rate: 95.8% (H:6942, M:141, F:307)
2025-07-22 09:24:08,187 - INFO - Processed 7400 citations. Success rate: 95.9% (H:6952, M:141, F:307)
2025-07-22 09:24:08,326 - INFO - Processed 7410 citations. Success rate: 95.9% (H:6962, M:141, F:307)
2025-07-22 09:24:08,517 - INFO - Processed 7420 citations. Success rate: 95.9% (H:6972, M:141, F:307)
2025-07-22 09:24:08,599 - INFO - Processed 7430 citations. Success rate: 95.9% (H:6982, M:141, F:307)
2025-07-22 09:24:08,740 - INFO - Processed 7440 citations. Success rate: 95.9% (H:6992, M:141, F:307)
2025-07-22 09:24:08,947 - INFO - Processed 7450 citations. Success rate: 95.9% (H:7002, M:141, F:307)
2025-07-22 09:24:09,053 - INFO - Processed 7460 citations. Success rate: 95.9% (H:7011, M:142, F:307)
2025-07-22 09:24:09,158 - INFO - Processed 7470 citations. Success rate: 95.9% (H:7020, M:143, F:307)
2025-07-22 09:24:09,344 - INFO - Processed 7480 citations. Success rate: 95.9% (H:7030, M:143, F:307)
2025-07-22 09:24:09,468 - INFO - Processed 7490 citations. Success rate: 95.9% (H:7040, M:143, F:307)
2025-07-22 09:24:09,588 - INFO - Processed 7500 citations. Success rate: 95.9% (H:7050, M:143, F:307)
2025-07-22 09:24:09,775 - INFO - Processed 7510 citations. Success rate: 95.9% (H:7060, M:143, F:307)
2025-07-22 09:24:09,918 - INFO - Processed 7520 citations. Success rate: 95.9% (H:7070, M:143, F:307)
2025-07-22 09:24:10,041 - INFO - Processed 7530 citations. Success rate: 95.9% (H:7080, M:143, F:307)
2025-07-22 09:24:10,175 - INFO - Processed 7540 citations. Success rate: 95.9% (H:7090, M:143, F:307)
2025-07-22 09:24:10,351 - INFO - Processed 7550 citations. Success rate: 95.9% (H:7100, M:143, F:307)
2025-07-22 09:24:10,487 - INFO - Processed 7560 citations. Success rate: 95.9% (H:7110, M:143, F:307)
2025-07-22 09:24:10,612 - INFO - Processed 7570 citations. Success rate: 95.9% (H:7119, M:143, F:308)
2025-07-22 09:24:10,755 - INFO - Processed 7580 citations. Success rate: 95.9% (H:7128, M:143, F:309)
2025-07-22 09:24:10,913 - INFO - Processed 7590 citations. Success rate: 95.9% (H:7137, M:143, F:310)
2025-07-22 09:24:11,020 - INFO - Processed 7600 citations. Success rate: 95.9% (H:7147, M:143, F:310)
2025-07-22 09:24:11,197 - INFO - Processed 7610 citations. Success rate: 95.9% (H:7157, M:143, F:310)
2025-07-22 09:24:11,343 - INFO - Processed 7620 citations. Success rate: 95.9% (H:7166, M:143, F:311)
2025-07-22 09:24:11,458 - INFO - Processed 7630 citations. Success rate: 95.9% (H:7176, M:143, F:311)
2025-07-22 09:24:11,630 - INFO - Processed 7640 citations. Success rate: 95.9% (H:7186, M:143, F:311)
2025-07-22 09:24:11,792 - INFO - Processed 7650 citations. Success rate: 95.9% (H:7196, M:143, F:311)
2025-07-22 09:24:11,903 - INFO - Processed 7660 citations. Success rate: 95.9% (H:7205, M:143, F:312)
2025-07-22 09:24:12,042 - INFO - Processed 7670 citations. Success rate: 95.9% (H:7214, M:143, F:313)
2025-07-22 09:24:12,187 - INFO - Processed 7680 citations. Success rate: 95.9% (H:7223, M:144, F:313)
2025-07-22 09:24:12,329 - INFO - Processed 7690 citations. Success rate: 95.9% (H:7232, M:145, F:313)
2025-07-22 09:24:12,472 - INFO - Processed 7700 citations. Success rate: 95.9% (H:7242, M:145, F:313)
2025-07-22 09:24:12,621 - INFO - Processed 7710 citations. Success rate: 95.9% (H:7252, M:145, F:313)
2025-07-22 09:24:12,793 - INFO - Processed 7720 citations. Success rate: 95.9% (H:7262, M:145, F:313)
2025-07-22 09:24:12,907 - INFO - Processed 7730 citations. Success rate: 96.0% (H:7272, M:145, F:313)
2025-07-22 09:24:13,027 - INFO - Processed 7740 citations. Success rate: 96.0% (H:7282, M:145, F:313)
2025-07-22 09:24:13,232 - INFO - Processed 7750 citations. Success rate: 96.0% (H:7292, M:145, F:313)
2025-07-22 09:24:13,346 - INFO - Processed 7760 citations. Success rate: 96.0% (H:7302, M:145, F:313)
2025-07-22 09:24:13,462 - INFO - Processed 7770 citations. Success rate: 96.0% (H:7312, M:145, F:313)
2025-07-22 09:24:13,636 - INFO - Processed 7780 citations. Success rate: 96.0% (H:7322, M:145, F:313)
2025-07-22 09:24:13,781 - INFO - Processed 7790 citations. Success rate: 96.0% (H:7332, M:145, F:313)
2025-07-22 09:24:13,903 - INFO - Processed 7800 citations. Success rate: 96.0% (H:7342, M:145, F:313)
2025-07-22 09:24:14,079 - INFO - Processed 7810 citations. Success rate: 96.0% (H:7352, M:145, F:313)
2025-07-22 09:24:14,219 - INFO - Processed 7820 citations. Success rate: 96.0% (H:7362, M:145, F:313)
2025-07-22 09:24:14,330 - INFO - Processed 7830 citations. Success rate: 96.0% (H:7372, M:145, F:313)
2025-07-22 09:24:14,508 - INFO - Processed 7840 citations. Success rate: 96.0% (H:7380, M:145, F:315)
2025-07-22 09:24:14,633 - INFO - Processed 7850 citations. Success rate: 96.0% (H:7389, M:145, F:316)
2025-07-22 09:24:14,749 - INFO - Processed 7860 citations. Success rate: 96.0% (H:7399, M:145, F:316)
2025-07-22 09:24:14,944 - INFO - Processed 7870 citations. Success rate: 96.0% (H:7408, M:146, F:316)
2025-07-22 09:24:15,069 - INFO - Processed 7880 citations. Success rate: 96.0% (H:7418, M:146, F:316)
2025-07-22 09:24:15,192 - INFO - Processed 7890 citations. Success rate: 96.0% (H:7428, M:146, F:316)
2025-07-22 09:24:15,385 - INFO - Processed 7900 citations. Success rate: 96.0% (H:7438, M:146, F:316)
2025-07-22 09:24:15,499 - INFO - Processed 7910 citations. Success rate: 96.0% (H:7446, M:146, F:318)
2025-07-22 09:24:15,635 - INFO - Processed 7920 citations. Success rate: 96.0% (H:7456, M:146, F:318)
2025-07-22 09:24:15,779 - INFO - Processed 7930 citations. Success rate: 96.0% (H:7466, M:146, F:318)
2025-07-22 09:24:15,933 - INFO - Processed 7940 citations. Success rate: 96.0% (H:7475, M:146, F:319)
2025-07-22 09:24:16,063 - INFO - Processed 7950 citations. Success rate: 96.0% (H:7485, M:146, F:319)
2025-07-22 09:24:16,205 - INFO - Processed 7960 citations. Success rate: 96.0% (H:7493, M:147, F:320)
2025-07-22 09:24:16,363 - INFO - Processed 7970 citations. Success rate: 96.0% (H:7503, M:147, F:320)
2025-07-22 09:24:16,487 - INFO - Processed 7980 citations. Success rate: 96.0% (H:7513, M:147, F:320)
2025-07-22 09:24:16,622 - INFO - Processed 7990 citations. Success rate: 96.0% (H:7520, M:147, F:323)
2025-07-22 09:24:16,790 - INFO - Processed 8000 citations. Success rate: 96.0% (H:7530, M:147, F:323)
2025-07-22 09:24:16,791 - INFO - Batch completed: 981/1000 success (98.1%)
2025-07-22 09:24:16,791 - INFO - Processing batch 9: citations 8001-9000 of 495303
2025-07-22 09:24:17,346 - INFO - Processed 8010 citations. Success rate: 96.0% (H:7540, M:147, F:323)
2025-07-22 09:24:17,446 - INFO - Processed 8020 citations. Success rate: 96.0% (H:7549, M:147, F:324)
2025-07-22 09:24:17,544 - INFO - Processed 8030 citations. Success rate: 96.0% (H:7559, M:147, F:324)
2025-07-22 09:24:17,800 - INFO - Processed 8040 citations. Success rate: 96.0% (H:7569, M:147, F:324)
2025-07-22 09:24:17,884 - INFO - Processed 8050 citations. Success rate: 96.0% (H:7579, M:147, F:324)
2025-07-22 09:24:18,020 - INFO - Processed 8060 citations. Success rate: 96.0% (H:7587, M:147, F:326)
2025-07-22 09:24:18,202 - INFO - Processed 8070 citations. Success rate: 96.0% (H:7597, M:147, F:326)
2025-07-22 09:24:18,342 - INFO - Processed 8080 citations. Success rate: 96.0% (H:7607, M:147, F:326)
2025-07-22 09:24:18,452 - INFO - Processed 8090 citations. Success rate: 96.0% (H:7617, M:147, F:326)
2025-07-22 09:24:18,602 - INFO - Processed 8100 citations. Success rate: 96.0% (H:7626, M:148, F:326)
2025-07-22 09:24:18,766 - INFO - Processed 8110 citations. Success rate: 95.9% (H:7632, M:148, F:330)
2025-07-22 09:24:18,902 - INFO - Processed 8120 citations. Success rate: 95.9% (H:7642, M:148, F:330)
2025-07-22 09:24:19,046 - INFO - Processed 8130 citations. Success rate: 95.9% (H:7651, M:148, F:331)
2025-07-22 09:24:19,209 - INFO - Processed 8140 citations. Success rate: 95.9% (H:7661, M:148, F:331)
2025-07-22 09:24:19,333 - INFO - Processed 8150 citations. Success rate: 95.9% (H:7668, M:149, F:333)
2025-07-22 09:24:19,476 - INFO - Processed 8160 citations. Success rate: 95.9% (H:7674, M:150, F:336)
2025-07-22 09:24:19,656 - INFO - Processed 8170 citations. Success rate: 95.8% (H:7680, M:150, F:340)
2025-07-22 09:24:19,765 - INFO - Processed 8180 citations. Success rate: 95.8% (H:7687, M:151, F:342)
2025-07-22 09:24:19,888 - INFO - Processed 8190 citations. Success rate: 95.8% (H:7697, M:151, F:342)
2025-07-22 09:24:20,071 - INFO - Processed 8200 citations. Success rate: 95.8% (H:7707, M:151, F:342)
2025-07-22 09:24:20,197 - INFO - Processed 8210 citations. Success rate: 95.8% (H:7715, M:152, F:343)
2025-07-22 09:24:20,310 - INFO - Processed 8220 citations. Success rate: 95.8% (H:7721, M:156, F:343)
2025-07-22 09:24:20,511 - INFO - Processed 8230 citations. Success rate: 95.8% (H:7731, M:156, F:343)
2025-07-22 09:24:20,633 - INFO - Processed 8240 citations. Success rate: 95.8% (H:7741, M:156, F:343)
2025-07-22 09:24:20,740 - INFO - Processed 8250 citations. Success rate: 95.8% (H:7751, M:156, F:343)
2025-07-22 09:24:20,930 - INFO - Processed 8260 citations. Success rate: 95.8% (H:7761, M:156, F:343)
2025-07-22 09:24:21,069 - INFO - Processed 8270 citations. Success rate: 95.9% (H:7771, M:156, F:343)
2025-07-22 09:24:21,176 - INFO - Processed 8280 citations. Success rate: 95.9% (H:7781, M:156, F:343)
2025-07-22 09:24:21,356 - INFO - Processed 8290 citations. Success rate: 95.9% (H:7791, M:156, F:343)
2025-07-22 09:24:21,480 - INFO - Processed 8300 citations. Success rate: 95.9% (H:7801, M:156, F:343)
2025-07-22 09:24:21,651 - INFO - Processed 8310 citations. Success rate: 95.8% (H:7806, M:156, F:348)
2025-07-22 09:24:21,792 - INFO - Processed 8320 citations. Success rate: 95.7% (H:7810, M:156, F:354)
2025-07-22 09:24:21,931 - INFO - Processed 8330 citations. Success rate: 95.7% (H:7815, M:156, F:359)
2025-07-22 09:24:22,074 - INFO - Processed 8340 citations. Success rate: 95.7% (H:7822, M:156, F:362)
2025-07-22 09:24:22,233 - INFO - Processed 8350 citations. Success rate: 95.7% (H:7832, M:156, F:362)
2025-07-22 09:24:22,370 - INFO - Processed 8360 citations. Success rate: 95.7% (H:7842, M:156, F:362)
2025-07-22 09:24:22,492 - INFO - Processed 8370 citations. Success rate: 95.7% (H:7852, M:156, F:362)
2025-07-22 09:24:22,643 - INFO - Processed 8380 citations. Success rate: 95.7% (H:7862, M:156, F:362)
2025-07-22 09:24:22,789 - INFO - Processed 8390 citations. Success rate: 95.7% (H:7872, M:156, F:362)
2025-07-22 09:24:22,928 - INFO - Processed 8400 citations. Success rate: 95.7% (H:7882, M:156, F:362)
2025-07-22 09:24:23,069 - INFO - Processed 8410 citations. Success rate: 95.7% (H:7889, M:157, F:364)
2025-07-22 09:24:23,221 - INFO - Processed 8420 citations. Success rate: 95.6% (H:7894, M:159, F:367)
2025-07-22 09:24:23,357 - INFO - Processed 8430 citations. Success rate: 95.6% (H:7904, M:159, F:367)
2025-07-22 09:24:23,510 - INFO - Processed 8440 citations. Success rate: 95.7% (H:7913, M:160, F:367)
2025-07-22 09:24:23,642 - INFO - Processed 8450 citations. Success rate: 95.7% (H:7919, M:164, F:367)
2025-07-22 09:24:23,787 - INFO - Processed 8460 citations. Success rate: 95.7% (H:7929, M:164, F:367)
2025-07-22 09:24:23,932 - INFO - Processed 8470 citations. Success rate: 95.7% (H:7938, M:165, F:367)
2025-07-22 09:24:24,060 - INFO - Processed 8480 citations. Success rate: 95.7% (H:7948, M:165, F:367)
2025-07-22 09:24:24,211 - INFO - Processed 8490 citations. Success rate: 95.7% (H:7958, M:165, F:367)
2025-07-22 09:24:24,334 - INFO - Processed 8500 citations. Success rate: 95.7% (H:7968, M:165, F:367)
2025-07-22 09:24:24,474 - INFO - Processed 8510 citations. Success rate: 95.7% (H:7978, M:165, F:367)
2025-07-22 09:24:24,626 - INFO - Processed 8520 citations. Success rate: 95.7% (H:7988, M:165, F:367)
2025-07-22 09:24:24,775 - INFO - Processed 8530 citations. Success rate: 95.7% (H:7998, M:165, F:367)
2025-07-22 09:24:24,906 - INFO - Processed 8540 citations. Success rate: 95.7% (H:8008, M:165, F:367)
2025-07-22 09:24:25,056 - INFO - Processed 8550 citations. Success rate: 95.7% (H:8015, M:165, F:370)
2025-07-22 09:24:25,189 - INFO - Processed 8560 citations. Success rate: 95.6% (H:8022, M:165, F:373)
2025-07-22 09:24:25,325 - INFO - Processed 8570 citations. Success rate: 95.6% (H:8028, M:165, F:377)
2025-07-22 09:24:25,515 - INFO - Processed 8580 citations. Success rate: 95.6% (H:8037, M:165, F:378)
2025-07-22 09:24:25,612 - INFO - Processed 8590 citations. Success rate: 95.6% (H:8047, M:165, F:378)
2025-07-22 09:24:25,774 - INFO - Processed 8600 citations. Success rate: 95.6% (H:8057, M:165, F:378)
2025-07-22 09:24:25,936 - INFO - Processed 8610 citations. Success rate: 95.6% (H:8066, M:166, F:378)
2025-07-22 09:24:26,050 - INFO - Processed 8620 citations. Success rate: 95.6% (H:8075, M:167, F:378)
2025-07-22 09:24:26,188 - INFO - Processed 8630 citations. Success rate: 95.6% (H:8080, M:172, F:378)
2025-07-22 09:24:26,333 - INFO - Processed 8640 citations. Success rate: 95.6% (H:8087, M:173, F:380)
2025-07-22 09:24:26,504 - INFO - Processed 8650 citations. Success rate: 95.6% (H:8096, M:174, F:380)
2025-07-22 09:24:26,637 - INFO - Processed 8660 citations. Success rate: 95.6% (H:8106, M:174, F:380)
2025-07-22 09:24:26,753 - INFO - Processed 8670 citations. Success rate: 95.6% (H:8116, M:174, F:380)
2025-07-22 09:24:26,914 - INFO - Processed 8680 citations. Success rate: 95.6% (H:8126, M:174, F:380)
2025-07-22 09:24:27,062 - INFO - Processed 8690 citations. Success rate: 95.6% (H:8136, M:174, F:380)
2025-07-22 09:24:27,178 - INFO - Processed 8700 citations. Success rate: 95.6% (H:8146, M:174, F:380)
2025-07-22 09:24:27,321 - INFO - Processed 8710 citations. Success rate: 95.6% (H:8152, M:178, F:380)
2025-07-22 09:24:27,491 - INFO - Processed 8720 citations. Success rate: 95.6% (H:8160, M:180, F:380)
2025-07-22 09:24:27,645 - INFO - Processed 8730 citations. Success rate: 95.6% (H:8170, M:180, F:380)
2025-07-22 09:24:27,757 - INFO - Processed 8740 citations. Success rate: 95.7% (H:8180, M:180, F:380)
2025-07-22 09:24:27,888 - INFO - Processed 8750 citations. Success rate: 95.7% (H:8190, M:180, F:380)
2025-07-22 09:24:28,068 - INFO - Processed 8760 citations. Success rate: 95.7% (H:8200, M:180, F:380)
2025-07-22 09:24:28,202 - INFO - Processed 8770 citations. Success rate: 95.7% (H:8210, M:180, F:380)
2025-07-22 09:24:28,338 - INFO - Processed 8780 citations. Success rate: 95.7% (H:8220, M:180, F:380)
2025-07-22 09:24:28,468 - INFO - Processed 8790 citations. Success rate: 95.7% (H:8230, M:180, F:380)
2025-07-22 09:24:28,625 - INFO - Processed 8800 citations. Success rate: 95.7% (H:8240, M:180, F:380)
2025-07-22 09:24:28,774 - INFO - Processed 8810 citations. Success rate: 95.7% (H:8250, M:180, F:380)
2025-07-22 09:24:28,873 - INFO - Processed 8820 citations. Success rate: 95.7% (H:8260, M:180, F:380)
2025-07-22 09:24:29,036 - INFO - Processed 8830 citations. Success rate: 95.7% (H:8270, M:180, F:380)
2025-07-22 09:24:29,199 - INFO - Processed 8840 citations. Success rate: 95.7% (H:8280, M:180, F:380)
2025-07-22 09:24:29,334 - INFO - Processed 8850 citations. Success rate: 95.7% (H:8290, M:180, F:380)
2025-07-22 09:24:29,499 - INFO - Processed 8860 citations. Success rate: 95.7% (H:8300, M:180, F:380)
2025-07-22 09:24:29,630 - INFO - Processed 8870 citations. Success rate: 95.7% (H:8310, M:180, F:380)
2025-07-22 09:24:29,764 - INFO - Processed 8880 citations. Success rate: 95.7% (H:8320, M:180, F:380)
2025-07-22 09:24:29,912 - INFO - Processed 8890 citations. Success rate: 95.7% (H:8330, M:180, F:380)
2025-07-22 09:24:30,055 - INFO - Processed 8900 citations. Success rate: 95.7% (H:8340, M:180, F:380)
2025-07-22 09:24:30,195 - INFO - Processed 8910 citations. Success rate: 95.7% (H:8349, M:180, F:381)
2025-07-22 09:24:30,358 - INFO - Processed 8920 citations. Success rate: 95.7% (H:8359, M:180, F:381)
2025-07-22 09:24:30,490 - INFO - Processed 8930 citations. Success rate: 95.7% (H:8369, M:180, F:381)
2025-07-22 09:24:30,622 - INFO - Processed 8940 citations. Success rate: 95.7% (H:8379, M:180, F:381)
2025-07-22 09:24:30,766 - INFO - Processed 8950 citations. Success rate: 95.7% (H:8389, M:180, F:381)
2025-07-22 09:24:30,894 - INFO - Processed 8960 citations. Success rate: 95.7% (H:8399, M:180, F:381)
2025-07-22 09:24:31,045 - INFO - Processed 8970 citations. Success rate: 95.8% (H:8409, M:180, F:381)
2025-07-22 09:24:31,194 - INFO - Processed 8980 citations. Success rate: 95.8% (H:8419, M:180, F:381)
2025-07-22 09:24:31,317 - INFO - Processed 8990 citations. Success rate: 95.8% (H:8428, M:180, F:382)
2025-07-22 09:24:31,473 - INFO - Processed 9000 citations. Success rate: 95.8% (H:8438, M:180, F:382)
2025-07-22 09:24:31,474 - INFO - Batch completed: 941/1000 success (94.1%)
2025-07-22 09:24:31,474 - INFO - Processing batch 10: citations 9001-10000 of 495303
2025-07-22 09:24:32,031 - INFO - Processed 9010 citations. Success rate: 95.8% (H:8448, M:180, F:382)
2025-07-22 09:24:32,158 - INFO - Processed 9020 citations. Success rate: 95.8% (H:8458, M:180, F:382)
2025-07-22 09:24:32,285 - INFO - Processed 9030 citations. Success rate: 95.8% (H:8465, M:183, F:382)
2025-07-22 09:24:32,469 - INFO - Processed 9040 citations. Success rate: 95.7% (H:8466, M:189, F:385)
2025-07-22 09:24:32,607 - INFO - Processed 9050 citations. Success rate: 95.7% (H:8474, M:189, F:387)
2025-07-22 09:24:32,750 - INFO - Processed 9060 citations. Success rate: 95.7% (H:8478, M:190, F:392)
2025-07-22 09:24:32,924 - INFO - Processed 9070 citations. Success rate: 95.6% (H:8483, M:190, F:397)
2025-07-22 09:24:33,071 - INFO - Processed 9080 citations. Success rate: 95.6% (H:8489, M:190, F:401)
2025-07-22 09:24:33,250 - INFO - Processed 9090 citations. Success rate: 95.6% (H:8499, M:190, F:401)
2025-07-22 09:24:33,376 - INFO - Processed 9100 citations. Success rate: 95.6% (H:8507, M:190, F:403)
2025-07-22 09:24:33,488 - INFO - Processed 9110 citations. Success rate: 95.5% (H:8514, M:190, F:406)
2025-07-22 09:24:33,663 - INFO - Processed 9120 citations. Success rate: 95.5% (H:8518, M:190, F:412)
2025-07-22 09:24:33,813 - INFO - Processed 9130 citations. Success rate: 95.5% (H:8528, M:190, F:412)
2025-07-22 09:24:33,925 - INFO - Processed 9140 citations. Success rate: 95.4% (H:8534, M:190, F:416)
2025-07-22 09:24:34,094 - INFO - Processed 9150 citations. Success rate: 95.4% (H:8542, M:190, F:418)
2025-07-22 09:24:34,240 - INFO - Processed 9160 citations. Success rate: 95.4% (H:8550, M:190, F:420)
2025-07-22 09:24:34,366 - INFO - Processed 9170 citations. Success rate: 95.4% (H:8560, M:190, F:420)
2025-07-22 09:24:34,522 - INFO - Processed 9180 citations. Success rate: 95.4% (H:8570, M:190, F:420)
2025-07-22 09:24:34,670 - INFO - Processed 9190 citations. Success rate: 95.4% (H:8580, M:190, F:420)
2025-07-22 09:24:34,780 - INFO - Processed 9200 citations. Success rate: 95.4% (H:8590, M:190, F:420)
2025-07-22 09:24:34,946 - INFO - Processed 9210 citations. Success rate: 95.4% (H:8600, M:190, F:420)
2025-07-22 09:24:35,094 - INFO - Processed 9220 citations. Success rate: 95.4% (H:8610, M:190, F:420)
2025-07-22 09:24:35,225 - INFO - Processed 9230 citations. Success rate: 95.4% (H:8620, M:190, F:420)
2025-07-22 09:24:35,349 - INFO - Processed 9240 citations. Success rate: 95.5% (H:8630, M:190, F:420)
2025-07-22 09:24:35,512 - INFO - Processed 9250 citations. Success rate: 95.5% (H:8640, M:190, F:420)
2025-07-22 09:24:35,631 - INFO - Processed 9260 citations. Success rate: 95.5% (H:8650, M:190, F:420)
2025-07-22 09:24:35,770 - INFO - Processed 9270 citations. Success rate: 95.5% (H:8660, M:190, F:420)
2025-07-22 09:24:35,924 - INFO - Processed 9280 citations. Success rate: 95.5% (H:8669, M:190, F:421)
2025-07-22 09:24:36,040 - INFO - Processed 9290 citations. Success rate: 95.5% (H:8679, M:190, F:421)
2025-07-22 09:24:36,195 - INFO - Processed 9300 citations. Success rate: 95.5% (H:8689, M:190, F:421)
2025-07-22 09:24:36,338 - INFO - Processed 9310 citations. Success rate: 95.5% (H:8699, M:190, F:421)
2025-07-22 09:24:36,467 - INFO - Processed 9320 citations. Success rate: 95.5% (H:8709, M:190, F:421)
2025-07-22 09:24:36,623 - INFO - Processed 9330 citations. Success rate: 95.5% (H:8718, M:190, F:422)
2025-07-22 09:24:36,773 - INFO - Processed 9340 citations. Success rate: 95.5% (H:8728, M:190, F:422)
2025-07-22 09:24:36,886 - INFO - Processed 9350 citations. Success rate: 95.5% (H:8738, M:190, F:422)
2025-07-22 09:24:37,030 - INFO - Processed 9360 citations. Success rate: 95.5% (H:8748, M:190, F:422)
2025-07-22 09:24:37,182 - INFO - Processed 9370 citations. Success rate: 95.5% (H:8757, M:190, F:423)
2025-07-22 09:24:37,321 - INFO - Processed 9380 citations. Success rate: 95.5% (H:8767, M:190, F:423)
2025-07-22 09:24:37,459 - INFO - Processed 9390 citations. Success rate: 95.5% (H:8777, M:190, F:423)
2025-07-22 09:24:37,628 - INFO - Processed 9400 citations. Success rate: 95.5% (H:8787, M:190, F:423)
2025-07-22 09:24:37,738 - INFO - Processed 9410 citations. Success rate: 95.5% (H:8797, M:190, F:423)
2025-07-22 09:24:37,879 - INFO - Processed 9420 citations. Success rate: 95.5% (H:8807, M:190, F:423)
2025-07-22 09:24:38,037 - INFO - Processed 9430 citations. Success rate: 95.5% (H:8817, M:190, F:423)
2025-07-22 09:24:38,216 - INFO - Processed 9440 citations. Success rate: 95.5% (H:8827, M:190, F:423)
2025-07-22 09:24:38,325 - INFO - Processed 9450 citations. Success rate: 95.5% (H:8837, M:190, F:423)
2025-07-22 09:24:38,469 - INFO - Processed 9460 citations. Success rate: 95.5% (H:8847, M:190, F:423)
2025-07-22 09:24:38,630 - INFO - Processed 9470 citations. Success rate: 95.5% (H:8857, M:190, F:423)
2025-07-22 09:24:38,807 - INFO - Processed 9480 citations. Success rate: 95.5% (H:8867, M:190, F:423)
2025-07-22 09:24:38,914 - INFO - Processed 9490 citations. Success rate: 95.5% (H:8877, M:190, F:423)
2025-07-22 09:24:39,044 - INFO - Processed 9500 citations. Success rate: 95.5% (H:8886, M:190, F:424)
2025-07-22 09:24:39,208 - INFO - Processed 9510 citations. Success rate: 95.5% (H:8896, M:190, F:424)
2025-07-22 09:24:39,346 - INFO - Processed 9520 citations. Success rate: 95.5% (H:8906, M:190, F:424)
2025-07-22 09:24:39,498 - INFO - Processed 9530 citations. Success rate: 95.6% (H:8916, M:190, F:424)
2025-07-22 09:24:39,671 - INFO - Processed 9540 citations. Success rate: 95.6% (H:8926, M:190, F:424)
2025-07-22 09:24:39,762 - INFO - Processed 9550 citations. Success rate: 95.6% (H:8936, M:190, F:424)
2025-07-22 09:24:39,934 - INFO - Processed 9560 citations. Success rate: 95.6% (H:8946, M:190, F:424)
