/Users/zshor/Library/Python/3.9/lib/python/site-packages/urllib3/__init__.py:35: NotOpenSSLWarning: urllib3 v2 only supports OpenSSL 1.1.1+, currently the 'ssl' module is compiled with 'LibreSSL 2.8.3'. See: https://github.com/urllib3/urllib3/issues/3020
  warnings.warn(
2025-07-22 21:41:41,396 - INFO - 🚀 Starting Day-Specific Production Citation-Schedule Matching
2025-07-22 21:41:41,396 - INFO - ======================================================================
2025-07-22 21:41:41,396 - INFO - Loading citation data from ../output/pipeline_results/20250721_223722/citations_geocoded_20250721_223722.csv
2025-07-22 21:41:41,770 - INFO - Loaded 468,527 citations
2025-07-22 21:41:41,772 - INFO - Loading day-specific schedule data from ../output/pipeline_results/20250721_223722/schedule_day_specific_fixed.csv
2025-07-22 21:41:41,847 - INFO - Loaded 34,306 day-specific schedules
2025-07-22 21:41:41,847 - INFO - Building day-specific hybrid index...
2025-07-22 21:41:41,847 - INFO - Parsing coordinates and normalizing street names...
2025-07-22 21:41:42,371 - INFO - Building spatial grid index...
2025-07-22 21:41:42,808 - INFO - Day-specific hybrid index built:
2025-07-22 21:41:42,808 - INFO -   - 34284 day-specific schedules with coordinates
2025-07-22 21:41:42,808 - INFO -   - 5225 grid cells
2025-07-22 21:41:42,808 - INFO -   - Avg 6.6 schedules/cell
2025-07-22 21:41:42,808 - INFO -   - Max 88 schedules/cell
2025-07-22 21:41:42,810 - INFO - Processing 468527 citations with day-specific hybrid matching...
2025-07-22 21:41:42,860 - INFO - Processing citation 0/468,527 (0.0/sec, 0.0min remaining)
2025-07-22 21:42:16,358 - INFO - Processing citation 25,000/468,527 (745.2/sec, 9.9min remaining)
2025-07-22 21:42:47,983 - INFO - Processing citation 50,000/468,527 (767.2/sec, 9.1min remaining)
2025-07-22 21:43:19,382 - INFO - Processing citation 75,000/468,527 (776.6/sec, 8.4min remaining)
2025-07-22 21:43:50,099 - INFO - Processing citation 100,000/468,527 (785.6/sec, 7.8min remaining)
2025-07-22 21:44:20,985 - INFO - Processing citation 125,000/468,527 (790.3/sec, 7.2min remaining)
2025-07-22 21:44:52,480 - INFO - Processing citation 150,000/468,527 (790.8/sec, 6.7min remaining)
2025-07-22 21:45:21,720 - INFO - Processing citation 175,000/468,527 (799.4/sec, 6.1min remaining)
2025-07-22 21:45:52,876 - INFO - Processing citation 200,000/468,527 (799.8/sec, 5.6min remaining)
2025-07-22 21:46:23,906 - INFO - Processing citation 225,000/468,527 (800.4/sec, 5.1min remaining)
2025-07-22 21:46:53,211 - INFO - Processing citation 250,000/468,527 (805.4/sec, 4.5min remaining)
2025-07-22 21:47:23,214 - INFO - Processing citation 275,000/468,527 (807.9/sec, 4.0min remaining)
2025-07-22 21:47:54,211 - INFO - Processing citation 300,000/468,527 (807.8/sec, 3.5min remaining)
2025-07-22 21:48:32,557 - INFO - Processing citation 325,000/468,527 (793.2/sec, 3.0min remaining)
2025-07-22 21:49:05,687 - INFO - Processing citation 350,000/468,527 (790.3/sec, 2.5min remaining)
2025-07-22 21:49:38,098 - INFO - Processing citation 375,000/468,527 (789.0/sec, 2.0min remaining)
2025-07-22 21:50:08,925 - INFO - Processing citation 400,000/468,527 (790.3/sec, 1.4min remaining)
2025-07-22 21:50:40,678 - INFO - Processing citation 425,000/468,527 (790.2/sec, 0.9min remaining)
2025-07-22 21:51:12,524 - INFO - Processing citation 450,000/468,527 (789.9/sec, 0.4min remaining)
2025-07-22 21:51:36,723 - INFO - Found 1,132,356 citation-schedule matches
2025-07-22 21:51:38,300 - INFO - Generating day-specific schedule estimates...
2025-07-22 21:51:40,562 - INFO - Generated 34284 day-specific schedule estimates
2025-07-22 21:51:42,963 - INFO - Exported 1,132,356 matches to ../output/pipeline_results/20250721_223722/day_specific_production_complete_left_join_matches_20250722_215140.csv
2025-07-22 21:51:43,053 - INFO - Exported 34284 day-specific schedule estimates to ../output/pipeline_results/20250721_223722/day_specific_production_complete_left_join_schedules_20250722_215140.csv
2025-07-22 21:51:43,063 - INFO - 🎉 Day-specific production processing completed!
2025-07-22 21:51:43,063 - INFO - ⏱️  Total processing time: 10.0 minutes
2025-07-22 21:51:43,063 - INFO - 📊 Citations processed: 468,527
2025-07-22 21:51:43,063 - INFO - 🎯 Valid matches found: 1,132,356 from 438,933 citations
2025-07-22 21:51:43,063 - INFO - 📈 Day-specific schedule estimates: 34,284
2025-07-22 21:51:43,063 - INFO - 📁 Results: ../output/pipeline_results/20250721_223722/day_specific_production_complete_left_join_matches_20250722_215140.csv, ../output/pipeline_results/20250721_223722/day_specific_production_complete_left_join_schedules_20250722_215140.csv
