/Users/zshor/Library/Python/3.9/lib/python/site-packages/urllib3/__init__.py:35: NotOpenSSLWarning: urllib3 v2 only supports OpenSSL 1.1.1+, currently the 'ssl' module is compiled with 'LibreSSL 2.8.3'. See: https://github.com/urllib3/urllib3/issues/3020
  warnings.warn(
2025-07-22 21:28:24,794 - INFO - 🚀 Starting Day-Specific Production Citation-Schedule Matching
2025-07-22 21:28:24,794 - INFO - ======================================================================
2025-07-22 21:28:24,794 - INFO - Loading citation data from ../output/pipeline_results/20250721_223722/citations_geocoded_20250721_223722.csv
2025-07-22 21:28:25,156 - INFO - Loaded 468,527 citations
2025-07-22 21:28:25,156 - INFO - Loading day-specific schedule data from ../output/pipeline_results/20250721_223722/schedule_day_specific_fixed.csv
2025-07-22 21:28:25,200 - INFO - Loaded 34,306 day-specific schedules
2025-07-22 21:28:25,200 - INFO - Building day-specific hybrid index...
2025-07-22 21:28:25,200 - INFO - Parsing coordinates and normalizing street names...
2025-07-22 21:28:25,732 - INFO - Building spatial grid index...
2025-07-22 21:28:26,159 - INFO - Day-specific hybrid index built:
2025-07-22 21:28:26,159 - INFO -   - 34284 day-specific schedules with coordinates
2025-07-22 21:28:26,159 - INFO -   - 5225 grid cells
2025-07-22 21:28:26,160 - INFO -   - Avg 6.6 schedules/cell
2025-07-22 21:28:26,160 - INFO -   - Max 88 schedules/cell
2025-07-22 21:28:26,162 - INFO - Processing 468527 citations with day-specific hybrid matching...
2025-07-22 21:28:26,215 - INFO - Processing citation 0/468,527 (0.0/sec, 0.0min remaining)
2025-07-22 21:28:59,517 - INFO - Processing citation 25,000/468,527 (749.5/sec, 9.9min remaining)
2025-07-22 21:29:31,074 - INFO - Processing citation 50,000/468,527 (770.3/sec, 9.1min remaining)
2025-07-22 21:30:02,574 - INFO - Processing citation 75,000/468,527 (777.9/sec, 8.4min remaining)
2025-07-22 21:30:33,016 - INFO - Processing citation 100,000/468,527 (788.3/sec, 7.8min remaining)
2025-07-22 21:31:03,976 - INFO - Processing citation 125,000/468,527 (792.1/sec, 7.2min remaining)
2025-07-22 21:31:35,689 - INFO - Processing citation 150,000/468,527 (791.4/sec, 6.7min remaining)
2025-07-22 21:32:05,334 - INFO - Processing citation 175,000/468,527 (798.5/sec, 6.1min remaining)
2025-07-22 21:32:36,700 - INFO - Processing citation 200,000/468,527 (798.3/sec, 5.6min remaining)
2025-07-22 21:33:07,640 - INFO - Processing citation 225,000/468,527 (799.4/sec, 5.1min remaining)
2025-07-22 21:33:37,265 - INFO - Processing citation 250,000/468,527 (803.6/sec, 4.5min remaining)
2025-07-22 21:34:08,764 - INFO - Processing citation 275,000/468,527 (802.7/sec, 4.0min remaining)
2025-07-22 21:34:40,584 - INFO - Processing citation 300,000/468,527 (801.2/sec, 3.5min remaining)
2025-07-22 21:35:10,892 - INFO - Processing citation 325,000/468,527 (803.0/sec, 3.0min remaining)
2025-07-22 21:35:44,065 - INFO - Processing citation 350,000/468,527 (799.3/sec, 2.5min remaining)
2025-07-22 21:36:16,684 - INFO - Processing citation 375,000/468,527 (797.0/sec, 2.0min remaining)
2025-07-22 21:36:47,648 - INFO - Processing citation 400,000/468,527 (797.6/sec, 1.4min remaining)
2025-07-22 21:37:19,800 - INFO - Processing citation 425,000/468,527 (796.4/sec, 0.9min remaining)
2025-07-22 21:37:50,837 - INFO - Processing citation 450,000/468,527 (796.9/sec, 0.4min remaining)
2025-07-22 21:38:15,158 - INFO - Found 1,132,356 citation-schedule matches
2025-07-22 21:38:16,677 - INFO - Generating day-specific schedule estimates...
2025-07-22 21:38:21,220 - INFO - Generated 26810 day-specific schedule estimates
2025-07-22 21:38:23,671 - INFO - Exported 1,132,356 matches to ../output/pipeline_results/20250721_223722/day_specific_production_final_with_weeks_matches_20250722_213821.csv
2025-07-22 21:38:23,764 - INFO - Exported 26810 day-specific schedule estimates to ../output/pipeline_results/20250721_223722/day_specific_production_final_with_weeks_schedules_20250722_213821.csv
2025-07-22 21:38:23,775 - INFO - 🎉 Day-specific production processing completed!
2025-07-22 21:38:23,775 - INFO - ⏱️  Total processing time: 10.0 minutes
2025-07-22 21:38:23,775 - INFO - 📊 Citations processed: 468,527
2025-07-22 21:38:23,775 - INFO - 🎯 Valid matches found: 1,132,356 from 438,933 citations
2025-07-22 21:38:23,775 - INFO - 📈 Day-specific schedule estimates: 26,810
2025-07-22 21:38:23,775 - INFO - 📁 Results: ../output/pipeline_results/20250721_223722/day_specific_production_final_with_weeks_matches_20250722_213821.csv, ../output/pipeline_results/20250721_223722/day_specific_production_final_with_weeks_schedules_20250722_213821.csv
