/Users/zshor/Library/Python/3.9/lib/python/site-packages/urllib3/__init__.py:35: NotOpenSSLWarning: urllib3 v2 only supports OpenSSL 1.1.1+, currently the 'ssl' module is compiled with 'LibreSSL 2.8.3'. See: https://github.com/urllib3/urllib3/issues/3020
  warnings.warn(
2025-07-22 21:03:01,396 - INFO - 🚀 Starting Day-Specific Production Citation-Schedule Matching
2025-07-22 21:03:01,396 - INFO - ======================================================================
2025-07-22 21:03:01,396 - INFO - Loading citation data from ../output/pipeline_results/20250721_223722/citations_geocoded_20250721_223722.csv
2025-07-22 21:03:01,794 - INFO - Loaded 468,527 citations
2025-07-22 21:03:01,794 - INFO - Loading day-specific schedule data from ../output/pipeline_results/20250721_223722/schedule_day_specific_fixed.csv
2025-07-22 21:03:01,854 - INFO - Loaded 34,306 day-specific schedules
2025-07-22 21:03:01,854 - INFO - Building day-specific hybrid index...
2025-07-22 21:03:01,854 - INFO - Parsing coordinates and normalizing street names...
2025-07-22 21:03:02,377 - INFO - Building spatial grid index...
2025-07-22 21:03:02,816 - INFO - Day-specific hybrid index built:
2025-07-22 21:03:02,817 - INFO -   - 34284 day-specific schedules with coordinates
2025-07-22 21:03:02,817 - INFO -   - 5225 grid cells
2025-07-22 21:03:02,817 - INFO -   - Avg 6.6 schedules/cell
2025-07-22 21:03:02,817 - INFO -   - Max 88 schedules/cell
2025-07-22 21:03:02,819 - INFO - Processing 468527 citations with day-specific hybrid matching...
2025-07-22 21:03:02,863 - INFO - Processing citation 0/468,527 (0.0/sec, 0.0min remaining)
2025-07-22 21:03:37,176 - INFO - Processing citation 25,000/468,527 (727.7/sec, 10.2min remaining)
2025-07-22 21:04:09,150 - INFO - Processing citation 50,000/468,527 (753.8/sec, 9.3min remaining)
2025-07-22 21:04:43,637 - INFO - Processing citation 75,000/468,527 (743.9/sec, 8.8min remaining)
2025-07-22 21:05:15,050 - INFO - Processing citation 100,000/468,527 (756.3/sec, 8.1min remaining)
2025-07-22 21:05:46,075 - INFO - Processing citation 125,000/468,527 (765.7/sec, 7.5min remaining)
2025-07-22 21:06:17,919 - INFO - Processing citation 150,000/468,527 (768.8/sec, 6.9min remaining)
2025-07-22 21:06:47,680 - INFO - Processing citation 175,000/468,527 (778.3/sec, 6.3min remaining)
2025-07-22 21:07:19,611 - INFO - Processing citation 200,000/468,527 (778.8/sec, 5.7min remaining)
2025-07-22 21:07:51,321 - INFO - Processing citation 225,000/468,527 (779.9/sec, 5.2min remaining)
2025-07-22 21:08:21,564 - INFO - Processing citation 250,000/468,527 (784.3/sec, 4.6min remaining)
2025-07-22 21:08:51,933 - INFO - Processing citation 275,000/468,527 (787.7/sec, 4.1min remaining)
2025-07-22 21:09:23,501 - INFO - Processing citation 300,000/468,527 (788.1/sec, 3.6min remaining)
2025-07-22 21:09:54,214 - INFO - Processing citation 325,000/468,527 (790.0/sec, 3.0min remaining)
2025-07-22 21:10:27,292 - INFO - Processing citation 350,000/468,527 (787.4/sec, 2.5min remaining)
2025-07-22 21:11:00,449 - INFO - Processing citation 375,000/468,527 (785.1/sec, 2.0min remaining)
2025-07-22 21:11:31,113 - INFO - Processing citation 400,000/468,527 (786.9/sec, 1.5min remaining)
2025-07-22 21:12:03,504 - INFO - Processing citation 425,000/468,527 (786.0/sec, 0.9min remaining)
2025-07-22 21:12:35,022 - INFO - Processing citation 450,000/468,527 (786.4/sec, 0.4min remaining)
2025-07-22 21:13:00,454 - INFO - Found 1,132,356 citation-schedule matches
2025-07-22 21:13:01,985 - INFO - Generating day-specific schedule estimates...
2025-07-22 21:13:03,717 - INFO - Generated 26810 day-specific schedule estimates
2025-07-22 21:13:06,151 - INFO - Exported 1,132,356 matches to ../output/pipeline_results/20250721_223722/day_specific_production_final_matches_20250722_211303.csv
2025-07-22 21:13:06,217 - INFO - Exported 26810 day-specific schedule estimates to ../output/pipeline_results/20250721_223722/day_specific_production_final_schedules_20250722_211303.csv
2025-07-22 21:13:06,227 - INFO - 🎉 Day-specific production processing completed!
2025-07-22 21:13:06,227 - INFO - ⏱️  Total processing time: 10.1 minutes
2025-07-22 21:13:06,227 - INFO - 📊 Citations processed: 468,527
2025-07-22 21:13:06,227 - INFO - 🎯 Valid matches found: 1,132,356 from 438,933 citations
2025-07-22 21:13:06,227 - INFO - 📈 Day-specific schedule estimates: 26,810
2025-07-22 21:13:06,227 - INFO - 📁 Results: ../output/pipeline_results/20250721_223722/day_specific_production_final_matches_20250722_211303.csv, ../output/pipeline_results/20250721_223722/day_specific_production_final_schedules_20250722_211303.csv
