2025-07-22 22:49:51,300 - INFO - 🚀 Starting Day-Specific Production Citation-Schedule Matching
2025-07-22 22:49:51,301 - INFO - ======================================================================
2025-07-22 22:49:51,301 - INFO - Loading citation data from ../output/pipeline_results/citations_geocoded_20250722_224943.csv
2025-07-22 22:49:51,671 - INFO - Loaded 468,527 citations
2025-07-22 22:49:51,671 - INFO - Loading day-specific schedule data from ../output/pipeline_results/schedule_cleaned_20250722_224943.csv
2025-07-22 22:49:51,716 - INFO - Loaded 34,306 day-specific schedules
2025-07-22 22:49:51,716 - INFO - Building day-specific hybrid index...
2025-07-22 22:49:51,716 - INFO - Parsing coordinates and normalizing street names...
2025-07-22 22:49:52,207 - INFO - Building spatial grid index...
2025-07-22 22:49:52,606 - INFO - Day-specific hybrid index built:
2025-07-22 22:49:52,606 - INFO -   - 34284 day-specific schedules with coordinates
2025-07-22 22:49:52,606 - INFO -   - 5225 grid cells
2025-07-22 22:49:52,606 - INFO -   - Avg 6.6 schedules/cell
2025-07-22 22:49:52,606 - INFO -   - Max 88 schedules/cell
2025-07-22 22:49:52,608 - INFO - Processing 468527 citations with day-specific hybrid matching...
2025-07-22 22:49:52,657 - INFO - Processing citation 0/468,527 (0.0/sec, 0.0min remaining)
2025-07-22 22:50:26,448 - INFO - Processing citation 25,000/468,527 (738.8/sec, 10.0min remaining)
2025-07-22 22:50:58,472 - INFO - Processing citation 50,000/468,527 (759.1/sec, 9.2min remaining)
2025-07-22 22:51:30,096 - INFO - Processing citation 75,000/468,527 (769.3/sec, 8.5min remaining)
2025-07-22 22:53:51,307 - INFO - 🚀 Starting Day-Specific Production Citation-Schedule Matching
2025-07-22 22:53:51,307 - INFO - ======================================================================
2025-07-22 22:53:51,307 - INFO - Loading citation data from ../output/pipeline_results/20250722_225343/citations_geocoded_20250722_225343.csv
2025-07-22 22:53:51,654 - INFO - Loaded 468,527 citations
2025-07-22 22:53:51,655 - INFO - Loading day-specific schedule data from ../output/pipeline_results/20250722_225343/schedule_cleaned_20250722_225343.csv
2025-07-22 22:53:51,698 - INFO - Loaded 34,306 day-specific schedules
2025-07-22 22:53:51,698 - INFO - Building day-specific hybrid index...
2025-07-22 22:53:51,698 - INFO - Parsing coordinates and normalizing street names...
2025-07-22 22:53:52,215 - INFO - Building spatial grid index...
2025-07-22 22:53:52,681 - INFO - Day-specific hybrid index built:
2025-07-22 22:53:52,681 - INFO -   - 34284 day-specific schedules with coordinates
2025-07-22 22:53:52,681 - INFO -   - 5225 grid cells
2025-07-22 22:53:52,681 - INFO -   - Avg 6.6 schedules/cell
2025-07-22 22:53:52,681 - INFO -   - Max 88 schedules/cell
2025-07-22 22:53:52,684 - INFO - Processing 468527 citations with day-specific hybrid matching...
2025-07-22 22:53:52,733 - INFO - Processing citation 0/468,527 (0.0/sec, 0.0min remaining)
2025-07-22 22:54:26,812 - INFO - Processing citation 25,000/468,527 (732.5/sec, 10.1min remaining)
2025-07-22 22:54:58,768 - INFO - Processing citation 50,000/468,527 (756.6/sec, 9.2min remaining)
2025-07-22 22:55:30,566 - INFO - Processing citation 75,000/468,527 (766.2/sec, 8.6min remaining)
2025-07-22 22:56:01,574 - INFO - Processing citation 100,000/468,527 (775.9/sec, 7.9min remaining)
2025-07-22 22:56:32,616 - INFO - Processing citation 125,000/468,527 (781.6/sec, 7.3min remaining)
2025-07-22 22:57:04,492 - INFO - Processing citation 150,000/468,527 (782.0/sec, 6.8min remaining)
2025-07-22 22:57:34,449 - INFO - Processing citation 175,000/468,527 (789.1/sec, 6.2min remaining)
2025-07-22 22:58:05,936 - INFO - Processing citation 200,000/468,527 (789.7/sec, 5.7min remaining)
2025-07-22 22:58:37,564 - INFO - Processing citation 225,000/468,527 (789.8/sec, 5.1min remaining)
2025-07-22 22:59:07,494 - INFO - Processing citation 250,000/468,527 (794.1/sec, 4.6min remaining)
2025-07-22 22:59:38,029 - INFO - Processing citation 275,000/468,527 (796.3/sec, 4.1min remaining)
2025-07-22 23:00:09,662 - INFO - Processing citation 300,000/468,527 (795.8/sec, 3.5min remaining)
2025-07-22 23:00:40,305 - INFO - Processing citation 325,000/468,527 (797.3/sec, 3.0min remaining)
2025-07-22 23:01:13,597 - INFO - Processing citation 350,000/468,527 (793.8/sec, 2.5min remaining)
2025-07-22 23:01:46,569 - INFO - Processing citation 375,000/468,527 (791.3/sec, 2.0min remaining)
2025-07-22 23:02:17,375 - INFO - Processing citation 400,000/468,527 (792.6/sec, 1.4min remaining)
2025-07-22 23:02:50,097 - INFO - Processing citation 425,000/468,527 (790.8/sec, 0.9min remaining)
2025-07-22 23:03:21,816 - INFO - Processing citation 450,000/468,527 (790.7/sec, 0.4min remaining)
2025-07-22 23:03:46,556 - INFO - Found 1,132,356 citation-schedule matches
2025-07-22 23:03:48,125 - INFO - Generating day-specific schedule estimates...
2025-07-22 23:03:50,435 - INFO - Generated 34284 day-specific schedule estimates
2025-07-22 23:03:52,882 - INFO - Exported 1,132,356 matches to ../output/pipeline_results/20250722_225343/final_analysis_20250722_225343_matches_20250722_230350.csv
2025-07-22 23:03:52,988 - INFO - Exported 34284 day-specific schedule estimates to ../output/pipeline_results/20250722_225343/final_analysis_20250722_225343_schedules_20250722_230350.csv
2025-07-22 23:03:52,998 - INFO - 🎉 Day-specific production processing completed!
2025-07-22 23:03:52,999 - INFO - ⏱️  Total processing time: 10.0 minutes
2025-07-22 23:03:52,999 - INFO - 📊 Citations processed: 468,527
2025-07-22 23:03:52,999 - INFO - 🎯 Valid matches found: 1,132,356 from 438,933 citations
2025-07-22 23:03:52,999 - INFO - 📈 Day-specific schedule estimates: 34,284
2025-07-22 23:03:52,999 - INFO - 📁 Results: ../output/pipeline_results/20250722_225343/final_analysis_20250722_225343_matches_20250722_230350.csv, ../output/pipeline_results/20250722_225343/final_analysis_20250722_225343_schedules_20250722_230350.csv
